[0.028s] Invoking command in '/home/robot_ws/build/ambula_bringup': CMAKE_PREFIX_PATH=${CMAKE_PREFIX_PATH}:/opt/ros/jazzy /usr/bin/cmake --build /home/robot_ws/build/ambula_bringup -- -j16 -l16
[0.233s] Invoked command in '/home/robot_ws/build/ambula_bringup' returned '0': CMAKE_PREFIX_PATH=${CMAKE_PREFIX_PATH}:/opt/ros/jazzy /usr/bin/cmake --build /home/robot_ws/build/ambula_bringup -- -j16 -l16
[0.289s] Invoking command in '/home/robot_ws/build/ambula_bringup': CMAKE_PREFIX_PATH=${CMAKE_PREFIX_PATH}:/opt/ros/jazzy /usr/bin/cmake --install /home/robot_ws/build/ambula_bringup
[0.328s] -- Install configuration: ""
[0.331s] -- Up-to-date: /home/robot_ws/install/ambula_bringup/share/ambula_bringup//launch
[0.338s] -- Up-to-date: /home/robot_ws/install/ambula_bringup/share/ambula_bringup//launch/simulation_bringup.launch.py
[0.339s] -- Up-to-date: /home/robot_ws/install/ambula_bringup/share/ambula_bringup//launch/description.launch.py
[0.339s] -- Up-to-date: /home/robot_ws/install/ambula_bringup/share/ambula_bringup//launch/summon_ambula.launch.py
[0.340s] -- Up-to-date: /home/robot_ws/install/ambula_bringup/share/ament_index/resource_index/package_run_dependencies/ambula_bringup
[0.341s] -- Up-to-date: /home/robot_ws/install/ambula_bringup/share/ament_index/resource_index/parent_prefix_path/ambula_bringup
[0.342s] -- Up-to-date: /home/robot_ws/install/ambula_bringup/share/ambula_bringup/environment/ament_prefix_path.sh
[0.342s] -- Up-to-date: /home/robot_ws/install/ambula_bringup/share/ambula_bringup/environment/ament_prefix_path.dsv
[0.343s] -- Up-to-date: /home/robot_ws/install/ambula_bringup/share/ambula_bringup/environment/path.sh
[0.343s] -- Up-to-date: /home/robot_ws/install/ambula_bringup/share/ambula_bringup/environment/path.dsv
[0.344s] -- Up-to-date: /home/robot_ws/install/ambula_bringup/share/ambula_bringup/local_setup.bash
[0.354s] -- Up-to-date: /home/robot_ws/install/ambula_bringup/share/ambula_bringup/local_setup.sh
[0.359s] -- Up-to-date: /home/robot_ws/install/ambula_bringup/share/ambula_bringup/local_setup.zsh
[0.360s] -- Up-to-date: /home/robot_ws/install/ambula_bringup/share/ambula_bringup/local_setup.dsv
[0.361s] -- Installing: /home/robot_ws/install/ambula_bringup/share/ambula_bringup/package.dsv
[0.362s] -- Up-to-date: /home/robot_ws/install/ambula_bringup/share/ament_index/resource_index/packages/ambula_bringup
[0.363s] -- Up-to-date: /home/robot_ws/install/ambula_bringup/share/ambula_bringup/cmake/ambula_bringupConfig.cmake
[0.364s] -- Up-to-date: /home/robot_ws/install/ambula_bringup/share/ambula_bringup/cmake/ambula_bringupConfig-version.cmake
[0.364s] -- Up-to-date: /home/robot_ws/install/ambula_bringup/share/ambula_bringup/package.xml
[0.395s] Invoked command in '/home/robot_ws/build/ambula_bringup' returned '0': CMAKE_PREFIX_PATH=${CMAKE_PREFIX_PATH}:/opt/ros/jazzy /usr/bin/cmake --install /home/robot_ws/build/ambula_bringup
