[0.008s] Invoking command in '/home/robot_ws/build/ambula_hw': CMAKE_PREFIX_PATH=${CMAKE_PREFIX_PATH}:/opt/ros/jazzy /usr/bin/cmake /home/robot_ws/src/ambula_hw -DCMAKE_INSTALL_PREFIX=/home/robot_ws/install/ambula_hw
[0.234s] -- The C compiler identification is GNU 13.3.0
[0.360s] -- The CXX compiler identification is GNU 13.3.0
[0.378s] -- Detecting C compiler ABI info
[0.458s] -- Detecting C compiler ABI info - done
[0.465s] -- Check for working C compiler: /usr/bin/cc - skipped
[0.465s] -- Detecting C compile features
[0.466s] -- Detecting C compile features - done
[0.474s] -- Detecting CXX compiler ABI info
[0.566s] -- Detecting CXX compiler ABI info - done
[0.575s] -- Check for working CXX compiler: /usr/bin/c++ - skipped
[0.575s] -- Detecting CXX compile features
[0.576s] -- Detecting CXX compile features - done
[0.584s] -- Found ament_cmake: 2.5.4 (/opt/ros/jazzy/share/ament_cmake/cmake)
[0.718s] -- Found Python3: /usr/bin/python3 (found version "3.12.3") found components: Interpreter 
[0.854s] -- Found ament_lint_auto: 0.17.2 (/opt/ros/jazzy/share/ament_lint_auto/cmake)
[0.958s] -- Added test 'cppcheck' to perform static code analysis on C / C++ code
[0.958s] -- Configured cppcheck include dirs: 
[0.958s] -- Configured cppcheck exclude dirs and/or files: 
[0.959s] -- Added test 'lint_cmake' to check CMake code style
[0.961s] -- Added test 'uncrustify' to check C / C++ code style
[0.961s] -- Configured uncrustify additional arguments: 
[0.962s] -- Added test 'xmllint' to check XML markup files
[0.963s] -- Configuring done (0.9s)
[0.965s] -- Generating done (0.0s)
[0.967s] -- Build files have been written to: /home/robot_ws/build/ambula_hw
[0.971s] Invoked command in '/home/robot_ws/build/ambula_hw' returned '0': CMAKE_PREFIX_PATH=${CMAKE_PREFIX_PATH}:/opt/ros/jazzy /usr/bin/cmake /home/robot_ws/src/ambula_hw -DCMAKE_INSTALL_PREFIX=/home/robot_ws/install/ambula_hw
[0.973s] Invoking command in '/home/robot_ws/build/ambula_hw': CMAKE_PREFIX_PATH=${CMAKE_PREFIX_PATH}:/opt/ros/jazzy /usr/bin/cmake --build /home/robot_ws/build/ambula_hw -- -j16 -l16
[1.007s] Invoked command in '/home/robot_ws/build/ambula_hw' returned '0': CMAKE_PREFIX_PATH=${CMAKE_PREFIX_PATH}:/opt/ros/jazzy /usr/bin/cmake --build /home/robot_ws/build/ambula_hw -- -j16 -l16
[1.017s] Invoking command in '/home/robot_ws/build/ambula_hw': CMAKE_PREFIX_PATH=${CMAKE_PREFIX_PATH}:/opt/ros/jazzy /usr/bin/cmake --install /home/robot_ws/build/ambula_hw
[1.023s] -- Install configuration: ""
[1.023s] -- Installing: /home/robot_ws/install/ambula_hw/share/ament_index/resource_index/package_run_dependencies/ambula_hw
[1.024s] -- Installing: /home/robot_ws/install/ambula_hw/share/ament_index/resource_index/parent_prefix_path/ambula_hw
[1.024s] -- Installing: /home/robot_ws/install/ambula_hw/share/ambula_hw/environment/ament_prefix_path.sh
[1.024s] -- Installing: /home/robot_ws/install/ambula_hw/share/ambula_hw/environment/ament_prefix_path.dsv
[1.024s] -- Installing: /home/robot_ws/install/ambula_hw/share/ambula_hw/environment/path.sh
[1.024s] -- Installing: /home/robot_ws/install/ambula_hw/share/ambula_hw/environment/path.dsv
[1.024s] -- Installing: /home/robot_ws/install/ambula_hw/share/ambula_hw/local_setup.bash
[1.024s] -- Installing: /home/robot_ws/install/ambula_hw/share/ambula_hw/local_setup.sh
[1.024s] -- Installing: /home/robot_ws/install/ambula_hw/share/ambula_hw/local_setup.zsh
[1.024s] -- Installing: /home/robot_ws/install/ambula_hw/share/ambula_hw/local_setup.dsv
[1.024s] -- Installing: /home/robot_ws/install/ambula_hw/share/ambula_hw/package.dsv
[1.025s] -- Installing: /home/robot_ws/install/ambula_hw/share/ament_index/resource_index/packages/ambula_hw
[1.025s] -- Installing: /home/robot_ws/install/ambula_hw/share/ambula_hw/cmake/ambula_hwConfig.cmake
[1.025s] -- Installing: /home/robot_ws/install/ambula_hw/share/ambula_hw/cmake/ambula_hwConfig-version.cmake
[1.025s] -- Installing: /home/robot_ws/install/ambula_hw/share/ambula_hw/package.xml
[1.026s] Invoked command in '/home/robot_ws/build/ambula_hw' returned '0': CMAKE_PREFIX_PATH=${CMAKE_PREFIX_PATH}:/opt/ros/jazzy /usr/bin/cmake --install /home/robot_ws/build/ambula_hw
