[0.000000] (-) TimerEvent: {}
[0.000412] (ambula_bringup) JobQueued: {'identifier': 'ambula_bringup', 'dependencies': OrderedDict()}
[0.000454] (ambula_description) JobQueued: {'identifier': 'ambula_description', 'dependencies': OrderedDict()}
[0.000475] (ambula_hw) JobQueued: {'identifier': 'ambula_hw', 'dependencies': OrderedDict()}
[0.000493] (ambula_world) JobQueued: {'identifier': 'ambula_world', 'dependencies': OrderedDict()}
[0.000509] (ambula_bringup) JobStarted: {'identifier': 'ambula_bringup'}
[0.004796] (ambula_description) JobStarted: {'identifier': 'ambula_description'}
[0.006953] (ambula_hw) JobStarted: {'identifier': 'ambula_hw'}
[0.008901] (ambula_world) JobStarted: {'identifier': 'ambula_world'}
[0.011529] (ambula_bringup) JobProgress: {'identifier': 'ambula_bringup', 'progress': 'cmake'}
[0.011652] (ambula_bringup) JobProgress: {'identifier': 'ambula_bringup', 'progress': 'build'}
[0.012065] (ambula_bringup) Command: {'cmd': ['/usr/bin/cmake', '--build', '/home/robot_ws/build/ambula_bringup', '--', '-j16', '-l16'], 'cwd': '/home/robot_ws/build/ambula_bringup', 'env': OrderedDict({'GZ_CONFIG_PATH': '/opt/ros/jazzy/opt/gz_sim_vendor/share/gz:/opt/ros/jazzy/opt/sdformat_vendor/share/gz:/opt/ros/jazzy/opt/gz_gui_vendor/share/gz:/opt/ros/jazzy/opt/gz_transport_vendor/share/gz:/opt/ros/jazzy/opt/gz_rendering_vendor/share/gz:/opt/ros/jazzy/opt/gz_plugin_vendor/share/gz:/opt/ros/jazzy/opt/gz_fuel_tools_vendor/share/gz:/opt/ros/jazzy/opt/gz_msgs_vendor/share/gz:/opt/ros/jazzy/opt/gz_common_vendor/share/gz', 'HOSTNAME': 'xero-main', 'SHLVL': '1', 'LD_LIBRARY_PATH': '/opt/ros/jazzy/opt/gz_sim_vendor/lib:/opt/ros/jazzy/opt/gz_sensors_vendor/lib:/opt/ros/jazzy/opt/gz_physics_vendor/lib:/opt/ros/jazzy/opt/sdformat_vendor/lib:/opt/ros/jazzy/opt/rviz_ogre_vendor/lib:/opt/ros/jazzy/lib/x86_64-linux-gnu:/opt/ros/jazzy/opt/gz_gui_vendor/lib:/opt/ros/jazzy/opt/gz_transport_vendor/lib:/opt/ros/jazzy/opt/gz_rendering_vendor/lib:/opt/ros/jazzy/opt/gz_plugin_vendor/lib:/opt/ros/jazzy/opt/gz_fuel_tools_vendor/lib:/opt/ros/jazzy/opt/gz_msgs_vendor/lib:/opt/ros/jazzy/opt/gz_common_vendor/lib:/opt/ros/jazzy/opt/gz_math_vendor/lib:/opt/ros/jazzy/opt/gz_utils_vendor/lib:/opt/ros/jazzy/opt/gz_tools_vendor/lib:/opt/ros/jazzy/opt/gz_ogre_next_vendor/lib:/opt/ros/jazzy/opt/gz_dartsim_vendor/lib:/opt/ros/jazzy/opt/gz_cmake_vendor/lib:/opt/ros/jazzy/lib', 'HOME': '/home', 'ROS_PYTHON_VERSION': '3', 'ROS_DISTRO': 'jazzy', '_': '/usr/bin/colcon', 'ROS_VERSION': '2', 'NVIDIA_DRIVER_CAPABILITIES': 'all', 'TERM': 'xterm', 'QT_X11_NO_MITSHM': '1', 'PATH': '/opt/ros/jazzy/opt/gz_msgs_vendor/bin:/opt/ros/jazzy/opt/gz_tools_vendor/bin:/opt/ros/jazzy/opt/gz_ogre_next_vendor/bin:/opt/ros/jazzy/bin:/usr/local/sbin:/usr/local/bin:/usr/sbin:/usr/bin:/sbin:/bin', 'XDG_RUNTIME_DIR': '/tmp/runtime-root', 'DISPLAY': ':0', 'LANG': 'C.UTF-8', 'RMW_IMPLEMENTATION': 'rmw_cyclonedds_cpp', 'ROS_DOMAIN_ID': '15', 'AMENT_PREFIX_PATH': '/opt/ros/jazzy', 'DEBIAN_FRONTEND': 'noninteractive', 'NO_AT_BRIDGE': '1', 'ROS_AUTOMATIC_DISCOVERY_RANGE': 'SUBNET', 'PWD': '/home/robot_ws/build/ambula_bringup', 'LC_ALL': 'C.UTF-8', 'PYTHONPATH': '/opt/ros/jazzy/lib/python3.12/site-packages', 'COLCON': '1', 'CMAKE_PREFIX_PATH': '/opt/ros/jazzy/opt/gz_sim_vendor:/opt/ros/jazzy/opt/gz_sensors_vendor:/opt/ros/jazzy/opt/gz_physics_vendor:/opt/ros/jazzy/opt/sdformat_vendor:/opt/ros/jazzy/opt/gz_gui_vendor:/opt/ros/jazzy/opt/gz_transport_vendor:/opt/ros/jazzy/opt/gz_rendering_vendor:/opt/ros/jazzy/opt/gz_plugin_vendor:/opt/ros/jazzy/opt/gz_fuel_tools_vendor:/opt/ros/jazzy/opt/gz_msgs_vendor:/opt/ros/jazzy/opt/gz_common_vendor:/opt/ros/jazzy/opt/gz_math_vendor:/opt/ros/jazzy/opt/gz_utils_vendor:/opt/ros/jazzy/opt/gz_tools_vendor:/opt/ros/jazzy/opt/gz_ogre_next_vendor:/opt/ros/jazzy/opt/gz_dartsim_vendor:/opt/ros/jazzy/opt/gz_cmake_vendor:/opt/ros/jazzy'}), 'shell': False}
[0.013187] (ambula_description) JobProgress: {'identifier': 'ambula_description', 'progress': 'cmake'}
[0.013496] (ambula_description) JobProgress: {'identifier': 'ambula_description', 'progress': 'build'}
[0.013681] (ambula_description) Command: {'cmd': ['/usr/bin/cmake', '--build', '/home/robot_ws/build/ambula_description', '--', '-j16', '-l16'], 'cwd': '/home/robot_ws/build/ambula_description', 'env': OrderedDict({'GZ_CONFIG_PATH': '/opt/ros/jazzy/opt/gz_sim_vendor/share/gz:/opt/ros/jazzy/opt/sdformat_vendor/share/gz:/opt/ros/jazzy/opt/gz_gui_vendor/share/gz:/opt/ros/jazzy/opt/gz_transport_vendor/share/gz:/opt/ros/jazzy/opt/gz_rendering_vendor/share/gz:/opt/ros/jazzy/opt/gz_plugin_vendor/share/gz:/opt/ros/jazzy/opt/gz_fuel_tools_vendor/share/gz:/opt/ros/jazzy/opt/gz_msgs_vendor/share/gz:/opt/ros/jazzy/opt/gz_common_vendor/share/gz', 'HOSTNAME': 'xero-main', 'SHLVL': '1', 'LD_LIBRARY_PATH': '/opt/ros/jazzy/opt/gz_sim_vendor/lib:/opt/ros/jazzy/opt/gz_sensors_vendor/lib:/opt/ros/jazzy/opt/gz_physics_vendor/lib:/opt/ros/jazzy/opt/sdformat_vendor/lib:/opt/ros/jazzy/opt/rviz_ogre_vendor/lib:/opt/ros/jazzy/lib/x86_64-linux-gnu:/opt/ros/jazzy/opt/gz_gui_vendor/lib:/opt/ros/jazzy/opt/gz_transport_vendor/lib:/opt/ros/jazzy/opt/gz_rendering_vendor/lib:/opt/ros/jazzy/opt/gz_plugin_vendor/lib:/opt/ros/jazzy/opt/gz_fuel_tools_vendor/lib:/opt/ros/jazzy/opt/gz_msgs_vendor/lib:/opt/ros/jazzy/opt/gz_common_vendor/lib:/opt/ros/jazzy/opt/gz_math_vendor/lib:/opt/ros/jazzy/opt/gz_utils_vendor/lib:/opt/ros/jazzy/opt/gz_tools_vendor/lib:/opt/ros/jazzy/opt/gz_ogre_next_vendor/lib:/opt/ros/jazzy/opt/gz_dartsim_vendor/lib:/opt/ros/jazzy/opt/gz_cmake_vendor/lib:/opt/ros/jazzy/lib', 'HOME': '/home', 'ROS_PYTHON_VERSION': '3', 'ROS_DISTRO': 'jazzy', '_': '/usr/bin/colcon', 'ROS_VERSION': '2', 'NVIDIA_DRIVER_CAPABILITIES': 'all', 'TERM': 'xterm', 'QT_X11_NO_MITSHM': '1', 'PATH': '/opt/ros/jazzy/opt/gz_msgs_vendor/bin:/opt/ros/jazzy/opt/gz_tools_vendor/bin:/opt/ros/jazzy/opt/gz_ogre_next_vendor/bin:/opt/ros/jazzy/bin:/usr/local/sbin:/usr/local/bin:/usr/sbin:/usr/bin:/sbin:/bin', 'XDG_RUNTIME_DIR': '/tmp/runtime-root', 'DISPLAY': ':0', 'LANG': 'C.UTF-8', 'RMW_IMPLEMENTATION': 'rmw_cyclonedds_cpp', 'ROS_DOMAIN_ID': '15', 'AMENT_PREFIX_PATH': '/opt/ros/jazzy', 'DEBIAN_FRONTEND': 'noninteractive', 'NO_AT_BRIDGE': '1', 'ROS_AUTOMATIC_DISCOVERY_RANGE': 'SUBNET', 'PWD': '/home/robot_ws/build/ambula_description', 'LC_ALL': 'C.UTF-8', 'PYTHONPATH': '/opt/ros/jazzy/lib/python3.12/site-packages', 'COLCON': '1', 'CMAKE_PREFIX_PATH': '/opt/ros/jazzy/opt/gz_sim_vendor:/opt/ros/jazzy/opt/gz_sensors_vendor:/opt/ros/jazzy/opt/gz_physics_vendor:/opt/ros/jazzy/opt/sdformat_vendor:/opt/ros/jazzy/opt/gz_gui_vendor:/opt/ros/jazzy/opt/gz_transport_vendor:/opt/ros/jazzy/opt/gz_rendering_vendor:/opt/ros/jazzy/opt/gz_plugin_vendor:/opt/ros/jazzy/opt/gz_fuel_tools_vendor:/opt/ros/jazzy/opt/gz_msgs_vendor:/opt/ros/jazzy/opt/gz_common_vendor:/opt/ros/jazzy/opt/gz_math_vendor:/opt/ros/jazzy/opt/gz_utils_vendor:/opt/ros/jazzy/opt/gz_tools_vendor:/opt/ros/jazzy/opt/gz_ogre_next_vendor:/opt/ros/jazzy/opt/gz_dartsim_vendor:/opt/ros/jazzy/opt/gz_cmake_vendor:/opt/ros/jazzy'}), 'shell': False}
[0.014782] (ambula_hw) JobProgress: {'identifier': 'ambula_hw', 'progress': 'cmake'}
[0.015095] (ambula_hw) JobProgress: {'identifier': 'ambula_hw', 'progress': 'build'}
[0.015327] (ambula_hw) Command: {'cmd': ['/usr/bin/cmake', '--build', '/home/robot_ws/build/ambula_hw', '--', '-j16', '-l16'], 'cwd': '/home/robot_ws/build/ambula_hw', 'env': OrderedDict({'GZ_CONFIG_PATH': '/opt/ros/jazzy/opt/gz_sim_vendor/share/gz:/opt/ros/jazzy/opt/sdformat_vendor/share/gz:/opt/ros/jazzy/opt/gz_gui_vendor/share/gz:/opt/ros/jazzy/opt/gz_transport_vendor/share/gz:/opt/ros/jazzy/opt/gz_rendering_vendor/share/gz:/opt/ros/jazzy/opt/gz_plugin_vendor/share/gz:/opt/ros/jazzy/opt/gz_fuel_tools_vendor/share/gz:/opt/ros/jazzy/opt/gz_msgs_vendor/share/gz:/opt/ros/jazzy/opt/gz_common_vendor/share/gz', 'HOSTNAME': 'xero-main', 'SHLVL': '1', 'LD_LIBRARY_PATH': '/opt/ros/jazzy/opt/gz_sim_vendor/lib:/opt/ros/jazzy/opt/gz_sensors_vendor/lib:/opt/ros/jazzy/opt/gz_physics_vendor/lib:/opt/ros/jazzy/opt/sdformat_vendor/lib:/opt/ros/jazzy/opt/rviz_ogre_vendor/lib:/opt/ros/jazzy/lib/x86_64-linux-gnu:/opt/ros/jazzy/opt/gz_gui_vendor/lib:/opt/ros/jazzy/opt/gz_transport_vendor/lib:/opt/ros/jazzy/opt/gz_rendering_vendor/lib:/opt/ros/jazzy/opt/gz_plugin_vendor/lib:/opt/ros/jazzy/opt/gz_fuel_tools_vendor/lib:/opt/ros/jazzy/opt/gz_msgs_vendor/lib:/opt/ros/jazzy/opt/gz_common_vendor/lib:/opt/ros/jazzy/opt/gz_math_vendor/lib:/opt/ros/jazzy/opt/gz_utils_vendor/lib:/opt/ros/jazzy/opt/gz_tools_vendor/lib:/opt/ros/jazzy/opt/gz_ogre_next_vendor/lib:/opt/ros/jazzy/opt/gz_dartsim_vendor/lib:/opt/ros/jazzy/opt/gz_cmake_vendor/lib:/opt/ros/jazzy/lib', 'HOME': '/home', 'ROS_PYTHON_VERSION': '3', 'ROS_DISTRO': 'jazzy', '_': '/usr/bin/colcon', 'ROS_VERSION': '2', 'NVIDIA_DRIVER_CAPABILITIES': 'all', 'TERM': 'xterm', 'QT_X11_NO_MITSHM': '1', 'PATH': '/opt/ros/jazzy/opt/gz_msgs_vendor/bin:/opt/ros/jazzy/opt/gz_tools_vendor/bin:/opt/ros/jazzy/opt/gz_ogre_next_vendor/bin:/opt/ros/jazzy/bin:/usr/local/sbin:/usr/local/bin:/usr/sbin:/usr/bin:/sbin:/bin', 'XDG_RUNTIME_DIR': '/tmp/runtime-root', 'DISPLAY': ':0', 'LANG': 'C.UTF-8', 'RMW_IMPLEMENTATION': 'rmw_cyclonedds_cpp', 'ROS_DOMAIN_ID': '15', 'AMENT_PREFIX_PATH': '/opt/ros/jazzy', 'DEBIAN_FRONTEND': 'noninteractive', 'NO_AT_BRIDGE': '1', 'ROS_AUTOMATIC_DISCOVERY_RANGE': 'SUBNET', 'PWD': '/home/robot_ws/build/ambula_hw', 'LC_ALL': 'C.UTF-8', 'PYTHONPATH': '/opt/ros/jazzy/lib/python3.12/site-packages', 'COLCON': '1', 'CMAKE_PREFIX_PATH': '/opt/ros/jazzy/opt/gz_sim_vendor:/opt/ros/jazzy/opt/gz_sensors_vendor:/opt/ros/jazzy/opt/gz_physics_vendor:/opt/ros/jazzy/opt/sdformat_vendor:/opt/ros/jazzy/opt/gz_gui_vendor:/opt/ros/jazzy/opt/gz_transport_vendor:/opt/ros/jazzy/opt/gz_rendering_vendor:/opt/ros/jazzy/opt/gz_plugin_vendor:/opt/ros/jazzy/opt/gz_fuel_tools_vendor:/opt/ros/jazzy/opt/gz_msgs_vendor:/opt/ros/jazzy/opt/gz_common_vendor:/opt/ros/jazzy/opt/gz_math_vendor:/opt/ros/jazzy/opt/gz_utils_vendor:/opt/ros/jazzy/opt/gz_tools_vendor:/opt/ros/jazzy/opt/gz_ogre_next_vendor:/opt/ros/jazzy/opt/gz_dartsim_vendor:/opt/ros/jazzy/opt/gz_cmake_vendor:/opt/ros/jazzy'}), 'shell': False}
[0.017926] (ambula_world) JobProgress: {'identifier': 'ambula_world', 'progress': 'cmake'}
[0.018235] (ambula_world) JobProgress: {'identifier': 'ambula_world', 'progress': 'build'}
[0.018485] (ambula_world) Command: {'cmd': ['/usr/bin/cmake', '--build', '/home/robot_ws/build/ambula_world', '--', '-j16', '-l16'], 'cwd': '/home/robot_ws/build/ambula_world', 'env': OrderedDict({'GZ_CONFIG_PATH': '/opt/ros/jazzy/opt/gz_sim_vendor/share/gz:/opt/ros/jazzy/opt/sdformat_vendor/share/gz:/opt/ros/jazzy/opt/gz_gui_vendor/share/gz:/opt/ros/jazzy/opt/gz_transport_vendor/share/gz:/opt/ros/jazzy/opt/gz_rendering_vendor/share/gz:/opt/ros/jazzy/opt/gz_plugin_vendor/share/gz:/opt/ros/jazzy/opt/gz_fuel_tools_vendor/share/gz:/opt/ros/jazzy/opt/gz_msgs_vendor/share/gz:/opt/ros/jazzy/opt/gz_common_vendor/share/gz', 'HOSTNAME': 'xero-main', 'SHLVL': '1', 'LD_LIBRARY_PATH': '/opt/ros/jazzy/opt/gz_sim_vendor/lib:/opt/ros/jazzy/opt/gz_sensors_vendor/lib:/opt/ros/jazzy/opt/gz_physics_vendor/lib:/opt/ros/jazzy/opt/sdformat_vendor/lib:/opt/ros/jazzy/opt/rviz_ogre_vendor/lib:/opt/ros/jazzy/lib/x86_64-linux-gnu:/opt/ros/jazzy/opt/gz_gui_vendor/lib:/opt/ros/jazzy/opt/gz_transport_vendor/lib:/opt/ros/jazzy/opt/gz_rendering_vendor/lib:/opt/ros/jazzy/opt/gz_plugin_vendor/lib:/opt/ros/jazzy/opt/gz_fuel_tools_vendor/lib:/opt/ros/jazzy/opt/gz_msgs_vendor/lib:/opt/ros/jazzy/opt/gz_common_vendor/lib:/opt/ros/jazzy/opt/gz_math_vendor/lib:/opt/ros/jazzy/opt/gz_utils_vendor/lib:/opt/ros/jazzy/opt/gz_tools_vendor/lib:/opt/ros/jazzy/opt/gz_ogre_next_vendor/lib:/opt/ros/jazzy/opt/gz_dartsim_vendor/lib:/opt/ros/jazzy/opt/gz_cmake_vendor/lib:/opt/ros/jazzy/lib', 'HOME': '/home', 'ROS_PYTHON_VERSION': '3', 'ROS_DISTRO': 'jazzy', '_': '/usr/bin/colcon', 'ROS_VERSION': '2', 'NVIDIA_DRIVER_CAPABILITIES': 'all', 'TERM': 'xterm', 'QT_X11_NO_MITSHM': '1', 'PATH': '/opt/ros/jazzy/opt/gz_msgs_vendor/bin:/opt/ros/jazzy/opt/gz_tools_vendor/bin:/opt/ros/jazzy/opt/gz_ogre_next_vendor/bin:/opt/ros/jazzy/bin:/usr/local/sbin:/usr/local/bin:/usr/sbin:/usr/bin:/sbin:/bin', 'XDG_RUNTIME_DIR': '/tmp/runtime-root', 'DISPLAY': ':0', 'LANG': 'C.UTF-8', 'RMW_IMPLEMENTATION': 'rmw_cyclonedds_cpp', 'ROS_DOMAIN_ID': '15', 'AMENT_PREFIX_PATH': '/opt/ros/jazzy', 'DEBIAN_FRONTEND': 'noninteractive', 'NO_AT_BRIDGE': '1', 'ROS_AUTOMATIC_DISCOVERY_RANGE': 'SUBNET', 'PWD': '/home/robot_ws/build/ambula_world', 'LC_ALL': 'C.UTF-8', 'PYTHONPATH': '/opt/ros/jazzy/lib/python3.12/site-packages', 'COLCON': '1', 'CMAKE_PREFIX_PATH': '/opt/ros/jazzy/opt/gz_sim_vendor:/opt/ros/jazzy/opt/gz_sensors_vendor:/opt/ros/jazzy/opt/gz_physics_vendor:/opt/ros/jazzy/opt/sdformat_vendor:/opt/ros/jazzy/opt/gz_gui_vendor:/opt/ros/jazzy/opt/gz_transport_vendor:/opt/ros/jazzy/opt/gz_rendering_vendor:/opt/ros/jazzy/opt/gz_plugin_vendor:/opt/ros/jazzy/opt/gz_fuel_tools_vendor:/opt/ros/jazzy/opt/gz_msgs_vendor:/opt/ros/jazzy/opt/gz_common_vendor:/opt/ros/jazzy/opt/gz_math_vendor:/opt/ros/jazzy/opt/gz_utils_vendor:/opt/ros/jazzy/opt/gz_tools_vendor:/opt/ros/jazzy/opt/gz_ogre_next_vendor:/opt/ros/jazzy/opt/gz_dartsim_vendor:/opt/ros/jazzy/opt/gz_cmake_vendor:/opt/ros/jazzy'}), 'shell': False}
[0.036520] (ambula_description) StdoutLine: {'line': b'-- Found ament_cmake: 2.5.4 (/opt/ros/jazzy/share/ament_cmake/cmake)\n'}
[0.044646] (ambula_bringup) CommandEnded: {'returncode': 0}
[0.045214] (ambula_bringup) JobProgress: {'identifier': 'ambula_bringup', 'progress': 'install'}
[0.054138] (ambula_bringup) Command: {'cmd': ['/usr/bin/cmake', '--install', '/home/robot_ws/build/ambula_bringup'], 'cwd': '/home/robot_ws/build/ambula_bringup', 'env': OrderedDict({'GZ_CONFIG_PATH': '/opt/ros/jazzy/opt/gz_sim_vendor/share/gz:/opt/ros/jazzy/opt/sdformat_vendor/share/gz:/opt/ros/jazzy/opt/gz_gui_vendor/share/gz:/opt/ros/jazzy/opt/gz_transport_vendor/share/gz:/opt/ros/jazzy/opt/gz_rendering_vendor/share/gz:/opt/ros/jazzy/opt/gz_plugin_vendor/share/gz:/opt/ros/jazzy/opt/gz_fuel_tools_vendor/share/gz:/opt/ros/jazzy/opt/gz_msgs_vendor/share/gz:/opt/ros/jazzy/opt/gz_common_vendor/share/gz', 'HOSTNAME': 'xero-main', 'SHLVL': '1', 'LD_LIBRARY_PATH': '/opt/ros/jazzy/opt/gz_sim_vendor/lib:/opt/ros/jazzy/opt/gz_sensors_vendor/lib:/opt/ros/jazzy/opt/gz_physics_vendor/lib:/opt/ros/jazzy/opt/sdformat_vendor/lib:/opt/ros/jazzy/opt/rviz_ogre_vendor/lib:/opt/ros/jazzy/lib/x86_64-linux-gnu:/opt/ros/jazzy/opt/gz_gui_vendor/lib:/opt/ros/jazzy/opt/gz_transport_vendor/lib:/opt/ros/jazzy/opt/gz_rendering_vendor/lib:/opt/ros/jazzy/opt/gz_plugin_vendor/lib:/opt/ros/jazzy/opt/gz_fuel_tools_vendor/lib:/opt/ros/jazzy/opt/gz_msgs_vendor/lib:/opt/ros/jazzy/opt/gz_common_vendor/lib:/opt/ros/jazzy/opt/gz_math_vendor/lib:/opt/ros/jazzy/opt/gz_utils_vendor/lib:/opt/ros/jazzy/opt/gz_tools_vendor/lib:/opt/ros/jazzy/opt/gz_ogre_next_vendor/lib:/opt/ros/jazzy/opt/gz_dartsim_vendor/lib:/opt/ros/jazzy/opt/gz_cmake_vendor/lib:/opt/ros/jazzy/lib', 'HOME': '/home', 'ROS_PYTHON_VERSION': '3', 'ROS_DISTRO': 'jazzy', '_': '/usr/bin/colcon', 'ROS_VERSION': '2', 'NVIDIA_DRIVER_CAPABILITIES': 'all', 'TERM': 'xterm', 'QT_X11_NO_MITSHM': '1', 'PATH': '/opt/ros/jazzy/opt/gz_msgs_vendor/bin:/opt/ros/jazzy/opt/gz_tools_vendor/bin:/opt/ros/jazzy/opt/gz_ogre_next_vendor/bin:/opt/ros/jazzy/bin:/usr/local/sbin:/usr/local/bin:/usr/sbin:/usr/bin:/sbin:/bin', 'XDG_RUNTIME_DIR': '/tmp/runtime-root', 'DISPLAY': ':0', 'LANG': 'C.UTF-8', 'RMW_IMPLEMENTATION': 'rmw_cyclonedds_cpp', 'ROS_DOMAIN_ID': '15', 'AMENT_PREFIX_PATH': '/opt/ros/jazzy', 'DEBIAN_FRONTEND': 'noninteractive', 'NO_AT_BRIDGE': '1', 'ROS_AUTOMATIC_DISCOVERY_RANGE': 'SUBNET', 'PWD': '/home/robot_ws/build/ambula_bringup', 'LC_ALL': 'C.UTF-8', 'PYTHONPATH': '/opt/ros/jazzy/lib/python3.12/site-packages', 'COLCON': '1', 'CMAKE_PREFIX_PATH': '/opt/ros/jazzy/opt/gz_sim_vendor:/opt/ros/jazzy/opt/gz_sensors_vendor:/opt/ros/jazzy/opt/gz_physics_vendor:/opt/ros/jazzy/opt/sdformat_vendor:/opt/ros/jazzy/opt/gz_gui_vendor:/opt/ros/jazzy/opt/gz_transport_vendor:/opt/ros/jazzy/opt/gz_rendering_vendor:/opt/ros/jazzy/opt/gz_plugin_vendor:/opt/ros/jazzy/opt/gz_fuel_tools_vendor:/opt/ros/jazzy/opt/gz_msgs_vendor:/opt/ros/jazzy/opt/gz_common_vendor:/opt/ros/jazzy/opt/gz_math_vendor:/opt/ros/jazzy/opt/gz_utils_vendor:/opt/ros/jazzy/opt/gz_tools_vendor:/opt/ros/jazzy/opt/gz_ogre_next_vendor:/opt/ros/jazzy/opt/gz_dartsim_vendor:/opt/ros/jazzy/opt/gz_cmake_vendor:/opt/ros/jazzy'}), 'shell': False}
[0.055372] (ambula_world) CommandEnded: {'returncode': 0}
[0.055854] (ambula_world) JobProgress: {'identifier': 'ambula_world', 'progress': 'install'}
[0.056163] (ambula_world) Command: {'cmd': ['/usr/bin/cmake', '--install', '/home/robot_ws/build/ambula_world'], 'cwd': '/home/robot_ws/build/ambula_world', 'env': OrderedDict({'GZ_CONFIG_PATH': '/opt/ros/jazzy/opt/gz_sim_vendor/share/gz:/opt/ros/jazzy/opt/sdformat_vendor/share/gz:/opt/ros/jazzy/opt/gz_gui_vendor/share/gz:/opt/ros/jazzy/opt/gz_transport_vendor/share/gz:/opt/ros/jazzy/opt/gz_rendering_vendor/share/gz:/opt/ros/jazzy/opt/gz_plugin_vendor/share/gz:/opt/ros/jazzy/opt/gz_fuel_tools_vendor/share/gz:/opt/ros/jazzy/opt/gz_msgs_vendor/share/gz:/opt/ros/jazzy/opt/gz_common_vendor/share/gz', 'HOSTNAME': 'xero-main', 'SHLVL': '1', 'LD_LIBRARY_PATH': '/opt/ros/jazzy/opt/gz_sim_vendor/lib:/opt/ros/jazzy/opt/gz_sensors_vendor/lib:/opt/ros/jazzy/opt/gz_physics_vendor/lib:/opt/ros/jazzy/opt/sdformat_vendor/lib:/opt/ros/jazzy/opt/rviz_ogre_vendor/lib:/opt/ros/jazzy/lib/x86_64-linux-gnu:/opt/ros/jazzy/opt/gz_gui_vendor/lib:/opt/ros/jazzy/opt/gz_transport_vendor/lib:/opt/ros/jazzy/opt/gz_rendering_vendor/lib:/opt/ros/jazzy/opt/gz_plugin_vendor/lib:/opt/ros/jazzy/opt/gz_fuel_tools_vendor/lib:/opt/ros/jazzy/opt/gz_msgs_vendor/lib:/opt/ros/jazzy/opt/gz_common_vendor/lib:/opt/ros/jazzy/opt/gz_math_vendor/lib:/opt/ros/jazzy/opt/gz_utils_vendor/lib:/opt/ros/jazzy/opt/gz_tools_vendor/lib:/opt/ros/jazzy/opt/gz_ogre_next_vendor/lib:/opt/ros/jazzy/opt/gz_dartsim_vendor/lib:/opt/ros/jazzy/opt/gz_cmake_vendor/lib:/opt/ros/jazzy/lib', 'HOME': '/home', 'ROS_PYTHON_VERSION': '3', 'ROS_DISTRO': 'jazzy', '_': '/usr/bin/colcon', 'ROS_VERSION': '2', 'NVIDIA_DRIVER_CAPABILITIES': 'all', 'TERM': 'xterm', 'QT_X11_NO_MITSHM': '1', 'PATH': '/opt/ros/jazzy/opt/gz_msgs_vendor/bin:/opt/ros/jazzy/opt/gz_tools_vendor/bin:/opt/ros/jazzy/opt/gz_ogre_next_vendor/bin:/opt/ros/jazzy/bin:/usr/local/sbin:/usr/local/bin:/usr/sbin:/usr/bin:/sbin:/bin', 'XDG_RUNTIME_DIR': '/tmp/runtime-root', 'DISPLAY': ':0', 'LANG': 'C.UTF-8', 'RMW_IMPLEMENTATION': 'rmw_cyclonedds_cpp', 'ROS_DOMAIN_ID': '15', 'AMENT_PREFIX_PATH': '/opt/ros/jazzy', 'DEBIAN_FRONTEND': 'noninteractive', 'NO_AT_BRIDGE': '1', 'ROS_AUTOMATIC_DISCOVERY_RANGE': 'SUBNET', 'PWD': '/home/robot_ws/build/ambula_world', 'LC_ALL': 'C.UTF-8', 'PYTHONPATH': '/opt/ros/jazzy/lib/python3.12/site-packages', 'COLCON': '1', 'CMAKE_PREFIX_PATH': '/opt/ros/jazzy/opt/gz_sim_vendor:/opt/ros/jazzy/opt/gz_sensors_vendor:/opt/ros/jazzy/opt/gz_physics_vendor:/opt/ros/jazzy/opt/sdformat_vendor:/opt/ros/jazzy/opt/gz_gui_vendor:/opt/ros/jazzy/opt/gz_transport_vendor:/opt/ros/jazzy/opt/gz_rendering_vendor:/opt/ros/jazzy/opt/gz_plugin_vendor:/opt/ros/jazzy/opt/gz_fuel_tools_vendor:/opt/ros/jazzy/opt/gz_msgs_vendor:/opt/ros/jazzy/opt/gz_common_vendor:/opt/ros/jazzy/opt/gz_math_vendor:/opt/ros/jazzy/opt/gz_utils_vendor:/opt/ros/jazzy/opt/gz_tools_vendor:/opt/ros/jazzy/opt/gz_ogre_next_vendor:/opt/ros/jazzy/opt/gz_dartsim_vendor:/opt/ros/jazzy/opt/gz_cmake_vendor:/opt/ros/jazzy'}), 'shell': False}
[0.056579] (ambula_hw) CommandEnded: {'returncode': 0}
[0.056947] (ambula_hw) JobProgress: {'identifier': 'ambula_hw', 'progress': 'install'}
[0.057213] (ambula_hw) Command: {'cmd': ['/usr/bin/cmake', '--install', '/home/robot_ws/build/ambula_hw'], 'cwd': '/home/robot_ws/build/ambula_hw', 'env': OrderedDict({'GZ_CONFIG_PATH': '/opt/ros/jazzy/opt/gz_sim_vendor/share/gz:/opt/ros/jazzy/opt/sdformat_vendor/share/gz:/opt/ros/jazzy/opt/gz_gui_vendor/share/gz:/opt/ros/jazzy/opt/gz_transport_vendor/share/gz:/opt/ros/jazzy/opt/gz_rendering_vendor/share/gz:/opt/ros/jazzy/opt/gz_plugin_vendor/share/gz:/opt/ros/jazzy/opt/gz_fuel_tools_vendor/share/gz:/opt/ros/jazzy/opt/gz_msgs_vendor/share/gz:/opt/ros/jazzy/opt/gz_common_vendor/share/gz', 'HOSTNAME': 'xero-main', 'SHLVL': '1', 'LD_LIBRARY_PATH': '/opt/ros/jazzy/opt/gz_sim_vendor/lib:/opt/ros/jazzy/opt/gz_sensors_vendor/lib:/opt/ros/jazzy/opt/gz_physics_vendor/lib:/opt/ros/jazzy/opt/sdformat_vendor/lib:/opt/ros/jazzy/opt/rviz_ogre_vendor/lib:/opt/ros/jazzy/lib/x86_64-linux-gnu:/opt/ros/jazzy/opt/gz_gui_vendor/lib:/opt/ros/jazzy/opt/gz_transport_vendor/lib:/opt/ros/jazzy/opt/gz_rendering_vendor/lib:/opt/ros/jazzy/opt/gz_plugin_vendor/lib:/opt/ros/jazzy/opt/gz_fuel_tools_vendor/lib:/opt/ros/jazzy/opt/gz_msgs_vendor/lib:/opt/ros/jazzy/opt/gz_common_vendor/lib:/opt/ros/jazzy/opt/gz_math_vendor/lib:/opt/ros/jazzy/opt/gz_utils_vendor/lib:/opt/ros/jazzy/opt/gz_tools_vendor/lib:/opt/ros/jazzy/opt/gz_ogre_next_vendor/lib:/opt/ros/jazzy/opt/gz_dartsim_vendor/lib:/opt/ros/jazzy/opt/gz_cmake_vendor/lib:/opt/ros/jazzy/lib', 'HOME': '/home', 'ROS_PYTHON_VERSION': '3', 'ROS_DISTRO': 'jazzy', '_': '/usr/bin/colcon', 'ROS_VERSION': '2', 'NVIDIA_DRIVER_CAPABILITIES': 'all', 'TERM': 'xterm', 'QT_X11_NO_MITSHM': '1', 'PATH': '/opt/ros/jazzy/opt/gz_msgs_vendor/bin:/opt/ros/jazzy/opt/gz_tools_vendor/bin:/opt/ros/jazzy/opt/gz_ogre_next_vendor/bin:/opt/ros/jazzy/bin:/usr/local/sbin:/usr/local/bin:/usr/sbin:/usr/bin:/sbin:/bin', 'XDG_RUNTIME_DIR': '/tmp/runtime-root', 'DISPLAY': ':0', 'LANG': 'C.UTF-8', 'RMW_IMPLEMENTATION': 'rmw_cyclonedds_cpp', 'ROS_DOMAIN_ID': '15', 'AMENT_PREFIX_PATH': '/opt/ros/jazzy', 'DEBIAN_FRONTEND': 'noninteractive', 'NO_AT_BRIDGE': '1', 'ROS_AUTOMATIC_DISCOVERY_RANGE': 'SUBNET', 'PWD': '/home/robot_ws/build/ambula_hw', 'LC_ALL': 'C.UTF-8', 'PYTHONPATH': '/opt/ros/jazzy/lib/python3.12/site-packages', 'COLCON': '1', 'CMAKE_PREFIX_PATH': '/opt/ros/jazzy/opt/gz_sim_vendor:/opt/ros/jazzy/opt/gz_sensors_vendor:/opt/ros/jazzy/opt/gz_physics_vendor:/opt/ros/jazzy/opt/sdformat_vendor:/opt/ros/jazzy/opt/gz_gui_vendor:/opt/ros/jazzy/opt/gz_transport_vendor:/opt/ros/jazzy/opt/gz_rendering_vendor:/opt/ros/jazzy/opt/gz_plugin_vendor:/opt/ros/jazzy/opt/gz_fuel_tools_vendor:/opt/ros/jazzy/opt/gz_msgs_vendor:/opt/ros/jazzy/opt/gz_common_vendor:/opt/ros/jazzy/opt/gz_math_vendor:/opt/ros/jazzy/opt/gz_utils_vendor:/opt/ros/jazzy/opt/gz_tools_vendor:/opt/ros/jazzy/opt/gz_ogre_next_vendor:/opt/ros/jazzy/opt/gz_dartsim_vendor:/opt/ros/jazzy/opt/gz_cmake_vendor:/opt/ros/jazzy'}), 'shell': False}
[0.059291] (ambula_bringup) StdoutLine: {'line': b'-- Install configuration: ""\n'}
[0.059554] (ambula_bringup) StdoutLine: {'line': b'-- Up-to-date: /home/robot_ws/install/ambula_bringup/share/ambula_bringup//launch\n'}
[0.059676] (ambula_bringup) StdoutLine: {'line': b'-- Up-to-date: /home/robot_ws/install/ambula_bringup/share/ambula_bringup//launch/ambula_bringup.launch.py\n'}
[0.059761] (ambula_bringup) StdoutLine: {'line': b'-- Up-to-date: /home/robot_ws/install/ambula_bringup/share/ambula_bringup//launch/description.launch.py\n'}
[0.059842] (ambula_bringup) StdoutLine: {'line': b'-- Up-to-date: /home/robot_ws/install/ambula_bringup/share/ament_index/resource_index/package_run_dependencies/ambula_bringup\n'}
[0.059922] (ambula_bringup) StdoutLine: {'line': b'-- Up-to-date: /home/robot_ws/install/ambula_bringup/share/ament_index/resource_index/parent_prefix_path/ambula_bringup\n'}
[0.060001] (ambula_bringup) StdoutLine: {'line': b'-- Up-to-date: /home/robot_ws/install/ambula_bringup/share/ambula_bringup/environment/ament_prefix_path.sh\n'}
[0.060079] (ambula_bringup) StdoutLine: {'line': b'-- Up-to-date: /home/robot_ws/install/ambula_bringup/share/ambula_bringup/environment/ament_prefix_path.dsv\n'}
[0.060158] (ambula_bringup) StdoutLine: {'line': b'-- Up-to-date: /home/robot_ws/install/ambula_bringup/share/ambula_bringup/environment/path.sh\n'}
[0.060266] (ambula_bringup) StdoutLine: {'line': b'-- Up-to-date: /home/robot_ws/install/ambula_bringup/share/ambula_bringup/environment/path.dsv\n'}
[0.060354] (ambula_bringup) StdoutLine: {'line': b'-- Up-to-date: /home/robot_ws/install/ambula_bringup/share/ambula_bringup/local_setup.bash\n'}
[0.060445] (ambula_bringup) StdoutLine: {'line': b'-- Up-to-date: /home/robot_ws/install/ambula_bringup/share/ambula_bringup/local_setup.sh\n'}
[0.060621] (ambula_bringup) StdoutLine: {'line': b'-- Up-to-date: /home/robot_ws/install/ambula_bringup/share/ambula_bringup/local_setup.zsh\n'}
[0.061021] (ambula_bringup) StdoutLine: {'line': b'-- Up-to-date: /home/robot_ws/install/ambula_bringup/share/ambula_bringup/local_setup.dsv\n'}
[0.061250] (ambula_bringup) StdoutLine: {'line': b'-- Up-to-date: /home/robot_ws/install/ambula_bringup/share/ambula_bringup/package.dsv\n'}
[0.061384] (ambula_bringup) StdoutLine: {'line': b'-- Up-to-date: /home/robot_ws/install/ambula_bringup/share/ament_index/resource_index/packages/ambula_bringup\n'}
[0.061491] (ambula_bringup) StdoutLine: {'line': b'-- Up-to-date: /home/robot_ws/install/ambula_bringup/share/ambula_bringup/cmake/ambula_bringupConfig.cmake\n'}
[0.061685] (ambula_bringup) StdoutLine: {'line': b'-- Up-to-date: /home/robot_ws/install/ambula_bringup/share/ambula_bringup/cmake/ambula_bringupConfig-version.cmake\n'}
[0.061795] (ambula_bringup) StdoutLine: {'line': b'-- Up-to-date: /home/robot_ws/install/ambula_bringup/share/ambula_bringup/package.xml\n'}
[0.061882] (ambula_bringup) CommandEnded: {'returncode': 0}
[0.064587] (ambula_world) StdoutLine: {'line': b'-- Install configuration: ""\n'}
[0.065040] (ambula_world) StdoutLine: {'line': b'-- Up-to-date: /home/robot_ws/install/ambula_world/share/ambula_world//models\n'}
[0.065232] (ambula_world) StdoutLine: {'line': b'-- Up-to-date: /home/robot_ws/install/ambula_world/share/ambula_world//models/map1.stl\n'}
[0.065327] (ambula_world) StdoutLine: {'line': b'-- Up-to-date: /home/robot_ws/install/ambula_world/share/ambula_world//models/stair\n'}
[0.065443] (ambula_world) StdoutLine: {'line': b'-- Up-to-date: /home/robot_ws/install/ambula_world/share/ambula_world//models/stair/stair.dae\n'}
[0.065865] (ambula_world) StdoutLine: {'line': b'-- Up-to-date: /home/robot_ws/install/ambula_world/share/ambula_world//models/stair/model.sdf\n'}
[0.065974] (ambula_world) StdoutLine: {'line': b'-- Up-to-date: /home/robot_ws/install/ambula_world/share/ambula_world//models/stair/model.config\n'}
[0.066086] (ambula_world) StdoutLine: {'line': b'-- Up-to-date: /home/robot_ws/install/ambula_world/share/ambula_world//worlds\n'}
[0.066176] (ambula_world) StdoutLine: {'line': b'-- Up-to-date: /home/robot_ws/install/ambula_world/share/ambula_world//worlds/my_world.sdf\n'}
[0.066261] (ambula_world) StdoutLine: {'line': b'-- Up-to-date: /home/robot_ws/install/ambula_world/share/ament_index/resource_index/package_run_dependencies/ambula_world\n'}
[0.066361] (ambula_world) StdoutLine: {'line': b'-- Up-to-date: /home/robot_ws/install/ambula_world/share/ament_index/resource_index/parent_prefix_path/ambula_world\n'}
[0.066453] (ambula_world) StdoutLine: {'line': b'-- Up-to-date: /home/robot_ws/install/ambula_world/share/ambula_world/environment/ament_prefix_path.sh\n'}
[0.066545] (ambula_world) StdoutLine: {'line': b'-- Up-to-date: /home/robot_ws/install/ambula_world/share/ambula_world/environment/ament_prefix_path.dsv\n'}
[0.066670] (ambula_world) StdoutLine: {'line': b'-- Up-to-date: /home/robot_ws/install/ambula_world/share/ambula_world/environment/path.sh\n'}
[0.066755] (ambula_world) StdoutLine: {'line': b'-- Up-to-date: /home/robot_ws/install/ambula_world/share/ambula_world/environment/path.dsv\n'}
[0.066839] (ambula_world) StdoutLine: {'line': b'-- Up-to-date: /home/robot_ws/install/ambula_world/share/ambula_world/local_setup.bash\n'}
[0.066922] (ambula_world) StdoutLine: {'line': b'-- Up-to-date: /home/robot_ws/install/ambula_world/share/ambula_world/local_setup.sh\n'}
[0.067005] (ambula_world) StdoutLine: {'line': b'-- Up-to-date: /home/robot_ws/install/ambula_world/share/ambula_world/local_setup.zsh\n'}
[0.067089] (ambula_world) StdoutLine: {'line': b'-- Up-to-date: /home/robot_ws/install/ambula_world/share/ambula_world/local_setup.dsv\n'}
[0.067173] (ambula_world) StdoutLine: {'line': b'-- Up-to-date: /home/robot_ws/install/ambula_world/share/ambula_world/package.dsv\n'}
[0.067257] (ambula_world) StdoutLine: {'line': b'-- Up-to-date: /home/robot_ws/install/ambula_world/share/ament_index/resource_index/packages/ambula_world\n'}
[0.067352] (ambula_world) StdoutLine: {'line': b'-- Up-to-date: /home/robot_ws/install/ambula_world/share/ambula_world/cmake/ambula_worldConfig.cmake\n'}
[0.067483] (ambula_world) StdoutLine: {'line': b'-- Up-to-date: /home/robot_ws/install/ambula_world/share/ambula_world/cmake/ambula_worldConfig-version.cmake\n'}
[0.067854] (ambula_world) StdoutLine: {'line': b'-- Up-to-date: /home/robot_ws/install/ambula_world/share/ambula_world/package.xml\n'}
[0.067943] (ambula_hw) StdoutLine: {'line': b'-- Install configuration: ""\n'}
[0.068170] (ambula_hw) StdoutLine: {'line': b'-- Up-to-date: /home/robot_ws/install/ambula_hw/share/ament_index/resource_index/package_run_dependencies/ambula_hw\n'}
[0.068258] (ambula_hw) StdoutLine: {'line': b'-- Up-to-date: /home/robot_ws/install/ambula_hw/share/ament_index/resource_index/parent_prefix_path/ambula_hw\n'}
[0.068341] (ambula_hw) StdoutLine: {'line': b'-- Up-to-date: /home/robot_ws/install/ambula_hw/share/ambula_hw/environment/ament_prefix_path.sh\n'}
[0.068429] (ambula_hw) StdoutLine: {'line': b'-- Up-to-date: /home/robot_ws/install/ambula_hw/share/ambula_hw/environment/ament_prefix_path.dsv\n'}
[0.068817] (ambula_hw) StdoutLine: {'line': b'-- Up-to-date: /home/robot_ws/install/ambula_hw/share/ambula_hw/environment/path.sh\n'}
[0.068929] (ambula_hw) StdoutLine: {'line': b'-- Up-to-date: /home/robot_ws/install/ambula_hw/share/ambula_hw/environment/path.dsv\n'}
[0.069012] (ambula_hw) StdoutLine: {'line': b'-- Up-to-date: /home/robot_ws/install/ambula_hw/share/ambula_hw/local_setup.bash\n'}
[0.069094] (ambula_hw) StdoutLine: {'line': b'-- Up-to-date: /home/robot_ws/install/ambula_hw/share/ambula_hw/local_setup.sh\n'}
[0.069186] (ambula_hw) StdoutLine: {'line': b'-- Up-to-date: /home/robot_ws/install/ambula_hw/share/ambula_hw/local_setup.zsh\n'}
[0.069267] (ambula_hw) StdoutLine: {'line': b'-- Up-to-date: /home/robot_ws/install/ambula_hw/share/ambula_hw/local_setup.dsv\n'}
[0.069370] (ambula_hw) StdoutLine: {'line': b'-- Up-to-date: /home/robot_ws/install/ambula_hw/share/ambula_hw/package.dsv\n'}
[0.069459] (ambula_hw) StdoutLine: {'line': b'-- Up-to-date: /home/robot_ws/install/ambula_hw/share/ament_index/resource_index/packages/ambula_hw\n'}
[0.069574] (ambula_hw) StdoutLine: {'line': b'-- Up-to-date: /home/robot_ws/install/ambula_hw/share/ambula_hw/cmake/ambula_hwConfig.cmake\n'}
[0.069747] (ambula_hw) StdoutLine: {'line': b'-- Up-to-date: /home/robot_ws/install/ambula_hw/share/ambula_hw/cmake/ambula_hwConfig-version.cmake\n'}
[0.069898] (ambula_hw) StdoutLine: {'line': b'-- Up-to-date: /home/robot_ws/install/ambula_hw/share/ambula_hw/package.xml\n'}
[0.077389] (ambula_bringup) JobEnded: {'identifier': 'ambula_bringup', 'rc': 0}
[0.078357] (ambula_hw) CommandEnded: {'returncode': 0}
[0.085799] (ambula_hw) JobEnded: {'identifier': 'ambula_hw', 'rc': 0}
[0.086511] (ambula_world) CommandEnded: {'returncode': 0}
[0.096985] (ambula_world) JobEnded: {'identifier': 'ambula_world', 'rc': 0}
[0.099893] (-) TimerEvent: {}
[0.191992] (ambula_description) StdoutLine: {'line': b'-- Found rclcpp: 28.1.10 (/opt/ros/jazzy/share/rclcpp/cmake)\n'}
[0.200116] (-) TimerEvent: {}
[0.209314] (ambula_description) StdoutLine: {'line': b'-- Found rosidl_generator_c: 4.6.5 (/opt/ros/jazzy/share/rosidl_generator_c/cmake)\n'}
[0.214755] (ambula_description) StdoutLine: {'line': b'-- Found rosidl_generator_cpp: 4.6.5 (/opt/ros/jazzy/share/rosidl_generator_cpp/cmake)\n'}
[0.221533] (ambula_description) StdoutLine: {'line': b'-- Using all available rosidl_typesupport_c: rosidl_typesupport_fastrtps_c;rosidl_typesupport_introspection_c\n'}
[0.229598] (ambula_description) StdoutLine: {'line': b'-- Using all available rosidl_typesupport_cpp: rosidl_typesupport_fastrtps_cpp;rosidl_typesupport_introspection_cpp\n'}
[0.268221] (ambula_description) StdoutLine: {'line': b'-- Found rmw_implementation_cmake: 7.3.2 (/opt/ros/jazzy/share/rmw_implementation_cmake/cmake)\n'}
[0.269184] (ambula_description) StdoutLine: {'line': b'-- Found rmw_cyclonedds_cpp: 2.2.3 (/opt/ros/jazzy/share/rmw_cyclonedds_cpp/cmake)\n'}
[0.282784] (ambula_description) StdoutLine: {'line': b"-- Using RMW implementation 'rmw_cyclonedds_cpp' as default\n"}
[0.300337] (-) TimerEvent: {}
[0.320273] (ambula_description) StdoutLine: {'line': b'-- Found rclcpp_action: 28.1.10 (/opt/ros/jazzy/share/rclcpp_action/cmake)\n'}
[0.345970] (ambula_description) StdoutLine: {'line': b'-- Found ament_lint_auto: 0.17.2 (/opt/ros/jazzy/share/ament_lint_auto/cmake)\n'}
[0.400531] (-) TimerEvent: {}
[0.408823] (ambula_description) StdoutLine: {'line': b"-- Added test 'lint_cmake' to check CMake code style\n"}
[0.409535] (ambula_description) StdoutLine: {'line': b"-- Added test 'xmllint' to check XML markup files\n"}
[0.410086] (ambula_description) StdoutLine: {'line': b'-- Configuring done (0.4s)\n'}
[0.412799] (ambula_description) StdoutLine: {'line': b'-- Generating done (0.0s)\n'}
[0.414241] (ambula_description) StdoutLine: {'line': b'-- Build files have been written to: /home/robot_ws/build/ambula_description\n'}
[0.434476] (ambula_description) CommandEnded: {'returncode': 0}
[0.435079] (ambula_description) JobProgress: {'identifier': 'ambula_description', 'progress': 'install'}
[0.435095] (ambula_description) Command: {'cmd': ['/usr/bin/cmake', '--install', '/home/robot_ws/build/ambula_description'], 'cwd': '/home/robot_ws/build/ambula_description', 'env': OrderedDict({'GZ_CONFIG_PATH': '/opt/ros/jazzy/opt/gz_sim_vendor/share/gz:/opt/ros/jazzy/opt/sdformat_vendor/share/gz:/opt/ros/jazzy/opt/gz_gui_vendor/share/gz:/opt/ros/jazzy/opt/gz_transport_vendor/share/gz:/opt/ros/jazzy/opt/gz_rendering_vendor/share/gz:/opt/ros/jazzy/opt/gz_plugin_vendor/share/gz:/opt/ros/jazzy/opt/gz_fuel_tools_vendor/share/gz:/opt/ros/jazzy/opt/gz_msgs_vendor/share/gz:/opt/ros/jazzy/opt/gz_common_vendor/share/gz', 'HOSTNAME': 'xero-main', 'SHLVL': '1', 'LD_LIBRARY_PATH': '/opt/ros/jazzy/opt/gz_sim_vendor/lib:/opt/ros/jazzy/opt/gz_sensors_vendor/lib:/opt/ros/jazzy/opt/gz_physics_vendor/lib:/opt/ros/jazzy/opt/sdformat_vendor/lib:/opt/ros/jazzy/opt/rviz_ogre_vendor/lib:/opt/ros/jazzy/lib/x86_64-linux-gnu:/opt/ros/jazzy/opt/gz_gui_vendor/lib:/opt/ros/jazzy/opt/gz_transport_vendor/lib:/opt/ros/jazzy/opt/gz_rendering_vendor/lib:/opt/ros/jazzy/opt/gz_plugin_vendor/lib:/opt/ros/jazzy/opt/gz_fuel_tools_vendor/lib:/opt/ros/jazzy/opt/gz_msgs_vendor/lib:/opt/ros/jazzy/opt/gz_common_vendor/lib:/opt/ros/jazzy/opt/gz_math_vendor/lib:/opt/ros/jazzy/opt/gz_utils_vendor/lib:/opt/ros/jazzy/opt/gz_tools_vendor/lib:/opt/ros/jazzy/opt/gz_ogre_next_vendor/lib:/opt/ros/jazzy/opt/gz_dartsim_vendor/lib:/opt/ros/jazzy/opt/gz_cmake_vendor/lib:/opt/ros/jazzy/lib', 'HOME': '/home', 'ROS_PYTHON_VERSION': '3', 'ROS_DISTRO': 'jazzy', '_': '/usr/bin/colcon', 'ROS_VERSION': '2', 'NVIDIA_DRIVER_CAPABILITIES': 'all', 'TERM': 'xterm', 'QT_X11_NO_MITSHM': '1', 'PATH': '/opt/ros/jazzy/opt/gz_msgs_vendor/bin:/opt/ros/jazzy/opt/gz_tools_vendor/bin:/opt/ros/jazzy/opt/gz_ogre_next_vendor/bin:/opt/ros/jazzy/bin:/usr/local/sbin:/usr/local/bin:/usr/sbin:/usr/bin:/sbin:/bin', 'XDG_RUNTIME_DIR': '/tmp/runtime-root', 'DISPLAY': ':0', 'LANG': 'C.UTF-8', 'RMW_IMPLEMENTATION': 'rmw_cyclonedds_cpp', 'ROS_DOMAIN_ID': '15', 'AMENT_PREFIX_PATH': '/opt/ros/jazzy', 'DEBIAN_FRONTEND': 'noninteractive', 'NO_AT_BRIDGE': '1', 'ROS_AUTOMATIC_DISCOVERY_RANGE': 'SUBNET', 'PWD': '/home/robot_ws/build/ambula_description', 'LC_ALL': 'C.UTF-8', 'PYTHONPATH': '/opt/ros/jazzy/lib/python3.12/site-packages', 'COLCON': '1', 'CMAKE_PREFIX_PATH': '/opt/ros/jazzy/opt/gz_sim_vendor:/opt/ros/jazzy/opt/gz_sensors_vendor:/opt/ros/jazzy/opt/gz_physics_vendor:/opt/ros/jazzy/opt/sdformat_vendor:/opt/ros/jazzy/opt/gz_gui_vendor:/opt/ros/jazzy/opt/gz_transport_vendor:/opt/ros/jazzy/opt/gz_rendering_vendor:/opt/ros/jazzy/opt/gz_plugin_vendor:/opt/ros/jazzy/opt/gz_fuel_tools_vendor:/opt/ros/jazzy/opt/gz_msgs_vendor:/opt/ros/jazzy/opt/gz_common_vendor:/opt/ros/jazzy/opt/gz_math_vendor:/opt/ros/jazzy/opt/gz_utils_vendor:/opt/ros/jazzy/opt/gz_tools_vendor:/opt/ros/jazzy/opt/gz_ogre_next_vendor:/opt/ros/jazzy/opt/gz_dartsim_vendor:/opt/ros/jazzy/opt/gz_cmake_vendor:/opt/ros/jazzy'}), 'shell': False}
[0.440124] (ambula_description) StdoutLine: {'line': b'-- Install configuration: ""\n'}
[0.440235] (ambula_description) StdoutLine: {'line': b'-- Installing: /home/robot_ws/install/ambula_description/share/ambula_description//meshes\n'}
[0.440279] (ambula_description) StdoutLine: {'line': b'-- Installing: /home/robot_ws/install/ambula_description/share/ambula_description//urdf\n'}
[0.440320] (ambula_description) StdoutLine: {'line': b'-- Installing: /home/robot_ws/install/ambula_description/share/ambula_description//urdf/ambula_oa\n'}
[0.440465] (ambula_description) StdoutLine: {'line': b'-- Installing: /home/robot_ws/install/ambula_description/share/ambula_description//urdf/ambula_oa/properties.urdf.xacro\n'}
[0.440551] (ambula_description) StdoutLine: {'line': b'-- Installing: /home/robot_ws/install/ambula_description/share/ambula_description//urdf/ambula_oa/ambula.urdf.xacro\n'}
[0.440594] (ambula_description) StdoutLine: {'line': b'-- Installing: /home/robot_ws/install/ambula_description/share/ambula_description//urdf/ambula_oa/robot\n'}
[0.440634] (ambula_description) StdoutLine: {'line': b'-- Installing: /home/robot_ws/install/ambula_description/share/ambula_description//urdf/ambula_oa/robot/base.urdf.xacro\n'}
[0.440673] (ambula_description) StdoutLine: {'line': b'-- Installing: /home/robot_ws/install/ambula_description/share/ambula_description//urdf/ambula_oa/plugin\n'}
[0.440711] (ambula_description) StdoutLine: {'line': b'-- Installing: /home/robot_ws/install/ambula_description/share/ambula_description//urdf/ambula_oa/sensor\n'}
[0.440748] (ambula_description) StdoutLine: {'line': b'-- Installing: /home/robot_ws/install/ambula_description/share/ambula_description//urdf/ambula_bot\n'}
[0.440784] (ambula_description) StdoutLine: {'line': b'-- Installing: /home/robot_ws/install/ambula_description/share/ambula_description//urdf/ambula_bot/properties.urdf.xacro\n'}
[0.440820] (ambula_description) StdoutLine: {'line': b'-- Installing: /home/robot_ws/install/ambula_description/share/ambula_description//urdf/ambula_bot/ambula.urdf.xacro\n'}
[0.440857] (ambula_description) StdoutLine: {'line': b'-- Installing: /home/robot_ws/install/ambula_description/share/ambula_description//urdf/ambula_bot/robot\n'}
[0.440894] (ambula_description) StdoutLine: {'line': b'-- Installing: /home/robot_ws/install/ambula_description/share/ambula_description//urdf/ambula_bot/plugin\n'}
[0.440930] (ambula_description) StdoutLine: {'line': b'-- Installing: /home/robot_ws/install/ambula_description/share/ambula_description//urdf/ambula_bot/sensor\n'}
[0.440996] (ambula_description) StdoutLine: {'line': b'-- Installing: /home/robot_ws/install/ambula_description/share/ament_index/resource_index/package_run_dependencies/ambula_description\n'}
[0.441083] (ambula_description) StdoutLine: {'line': b'-- Installing: /home/robot_ws/install/ambula_description/share/ament_index/resource_index/parent_prefix_path/ambula_description\n'}
[0.441123] (ambula_description) StdoutLine: {'line': b'-- Installing: /home/robot_ws/install/ambula_description/share/ambula_description/environment/ament_prefix_path.sh\n'}
[0.441159] (ambula_description) StdoutLine: {'line': b'-- Installing: /home/robot_ws/install/ambula_description/share/ambula_description/environment/ament_prefix_path.dsv\n'}
[0.441218] (ambula_description) StdoutLine: {'line': b'-- Installing: /home/robot_ws/install/ambula_description/share/ambula_description/environment/path.sh\n'}
[0.441251] (ambula_description) StdoutLine: {'line': b'-- Installing: /home/robot_ws/install/ambula_description/share/ambula_description/environment/path.dsv\n'}
[0.441282] (ambula_description) StdoutLine: {'line': b'-- Installing: /home/robot_ws/install/ambula_description/share/ambula_description/local_setup.bash\n'}
[0.441313] (ambula_description) StdoutLine: {'line': b'-- Installing: /home/robot_ws/install/ambula_description/share/ambula_description/local_setup.sh\n'}
[0.441342] (ambula_description) StdoutLine: {'line': b'-- Installing: /home/robot_ws/install/ambula_description/share/ambula_description/local_setup.zsh\n'}
[0.441372] (ambula_description) StdoutLine: {'line': b'-- Installing: /home/robot_ws/install/ambula_description/share/ambula_description/local_setup.dsv\n'}
[0.441405] (ambula_description) StdoutLine: {'line': b'-- Up-to-date: /home/robot_ws/install/ambula_description/share/ambula_description/package.dsv\n'}
[0.441449] (ambula_description) StdoutLine: {'line': b'-- Installing: /home/robot_ws/install/ambula_description/share/ament_index/resource_index/packages/ambula_description\n'}
[0.441481] (ambula_description) StdoutLine: {'line': b'-- Installing: /home/robot_ws/install/ambula_description/share/ambula_description/cmake/ambula_descriptionConfig.cmake\n'}
[0.441516] (ambula_description) StdoutLine: {'line': b'-- Installing: /home/robot_ws/install/ambula_description/share/ambula_description/cmake/ambula_descriptionConfig-version.cmake\n'}
[0.441546] (ambula_description) StdoutLine: {'line': b'-- Installing: /home/robot_ws/install/ambula_description/share/ambula_description/package.xml\n'}
[0.442181] (ambula_description) CommandEnded: {'returncode': 0}
[0.449591] (ambula_description) JobEnded: {'identifier': 'ambula_description', 'rc': 0}
[0.449992] (-) EventReactorShutdown: {}
