[0.056s] Invoking command in '/home/robot_ws/build/ambula_state_estimator': CMAKE_PREFIX_PATH=${CMAKE_PREFIX_PATH}:/opt/ros/jazzy /usr/bin/cmake --build /home/robot_ws/build/ambula_state_estimator -- -j16 -l16
[0.297s] Invoked command in '/home/robot_ws/build/ambula_state_estimator' returned '0': CMAKE_PREFIX_PATH=${CMAKE_PREFIX_PATH}:/opt/ros/jazzy /usr/bin/cmake --build /home/robot_ws/build/ambula_state_estimator -- -j16 -l16
[0.304s] Invoking command in '/home/robot_ws/build/ambula_state_estimator': CMAKE_PREFIX_PATH=${CMAKE_PREFIX_PATH}:/opt/ros/jazzy /usr/bin/cmake --install /home/robot_ws/build/ambula_state_estimator
[0.371s] -- Install configuration: ""
[0.371s] -- Up-to-date: /home/robot_ws/install/ambula_state_estimator/share/ament_index/resource_index/package_run_dependencies/ambula_state_estimator
[0.371s] -- Up-to-date: /home/robot_ws/install/ambula_state_estimator/share/ament_index/resource_index/parent_prefix_path/ambula_state_estimator
[0.371s] -- Up-to-date: /home/robot_ws/install/ambula_state_estimator/share/ambula_state_estimator/environment/ament_prefix_path.sh
[0.371s] -- Up-to-date: /home/robot_ws/install/ambula_state_estimator/share/ambula_state_estimator/environment/ament_prefix_path.dsv
[0.372s] -- Up-to-date: /home/robot_ws/install/ambula_state_estimator/share/ambula_state_estimator/environment/path.sh
[0.372s] -- Up-to-date: /home/robot_ws/install/ambula_state_estimator/share/ambula_state_estimator/environment/path.dsv
[0.372s] -- Up-to-date: /home/robot_ws/install/ambula_state_estimator/share/ambula_state_estimator/local_setup.bash
[0.372s] -- Up-to-date: /home/robot_ws/install/ambula_state_estimator/share/ambula_state_estimator/local_setup.sh
[0.372s] -- Up-to-date: /home/robot_ws/install/ambula_state_estimator/share/ambula_state_estimator/local_setup.zsh
[0.372s] -- Up-to-date: /home/robot_ws/install/ambula_state_estimator/share/ambula_state_estimator/local_setup.dsv
[0.372s] -- Installing: /home/robot_ws/install/ambula_state_estimator/share/ambula_state_estimator/package.dsv
[0.372s] -- Up-to-date: /home/robot_ws/install/ambula_state_estimator/share/ament_index/resource_index/packages/ambula_state_estimator
[0.372s] -- Up-to-date: /home/robot_ws/install/ambula_state_estimator/share/ambula_state_estimator/cmake/ambula_state_estimatorConfig.cmake
[0.372s] -- Up-to-date: /home/robot_ws/install/ambula_state_estimator/share/ambula_state_estimator/cmake/ambula_state_estimatorConfig-version.cmake
[0.372s] -- Up-to-date: /home/robot_ws/install/ambula_state_estimator/share/ambula_state_estimator/package.xml
[0.420s] Invoked command in '/home/robot_ws/build/ambula_state_estimator' returned '0': CMAKE_PREFIX_PATH=${CMAKE_PREFIX_PATH}:/opt/ros/jazzy /usr/bin/cmake --install /home/robot_ws/build/ambula_state_estimator
