[0.009s] Invoking command in '/home/robot_ws/build/ambula_description': CMAKE_PREFIX_PATH=${CMAKE_PREFIX_PATH}:/opt/ros/jazzy /usr/bin/cmake --build /home/robot_ws/build/ambula_description -- -j16 -l16
[0.032s] -- Found ament_cmake: 2.5.4 (/opt/ros/jazzy/share/ament_cmake/cmake)
[0.187s] -- Found rclcpp: 28.1.10 (/opt/ros/jazzy/share/rclcpp/cmake)
[0.205s] -- Found rosidl_generator_c: 4.6.5 (/opt/ros/jazzy/share/rosidl_generator_c/cmake)
[0.210s] -- Found rosidl_generator_cpp: 4.6.5 (/opt/ros/jazzy/share/rosidl_generator_cpp/cmake)
[0.217s] -- Using all available rosidl_typesupport_c: rosidl_typesupport_fastrtps_c;rosidl_typesupport_introspection_c
[0.225s] -- Using all available rosidl_typesupport_cpp: rosidl_typesupport_fastrtps_cpp;rosidl_typesupport_introspection_cpp
[0.264s] -- Found rmw_implementation_cmake: 7.3.2 (/opt/ros/jazzy/share/rmw_implementation_cmake/cmake)
[0.264s] -- Found rmw_cyclonedds_cpp: 2.2.3 (/opt/ros/jazzy/share/rmw_cyclonedds_cpp/cmake)
[0.278s] -- Using RMW implementation 'rmw_cyclonedds_cpp' as default
[0.316s] -- Found rclcpp_action: 28.1.10 (/opt/ros/jazzy/share/rclcpp_action/cmake)
[0.341s] -- Found ament_lint_auto: 0.17.2 (/opt/ros/jazzy/share/ament_lint_auto/cmake)
[0.404s] -- Added test 'lint_cmake' to check CMake code style
[0.405s] -- Added test 'xmllint' to check XML markup files
[0.405s] -- Configuring done (0.4s)
[0.408s] -- Generating done (0.0s)
[0.409s] -- Build files have been written to: /home/robot_ws/build/ambula_description
[0.430s] Invoked command in '/home/robot_ws/build/ambula_description' returned '0': CMAKE_PREFIX_PATH=${CMAKE_PREFIX_PATH}:/opt/ros/jazzy /usr/bin/cmake --build /home/robot_ws/build/ambula_description -- -j16 -l16
[0.430s] Invoking command in '/home/robot_ws/build/ambula_description': CMAKE_PREFIX_PATH=${CMAKE_PREFIX_PATH}:/opt/ros/jazzy /usr/bin/cmake --install /home/robot_ws/build/ambula_description
[0.435s] -- Install configuration: ""
[0.435s] -- Installing: /home/robot_ws/install/ambula_description/share/ambula_description//meshes
[0.435s] -- Installing: /home/robot_ws/install/ambula_description/share/ambula_description//urdf
[0.436s] -- Installing: /home/robot_ws/install/ambula_description/share/ambula_description//urdf/ambula_oa
[0.436s] -- Installing: /home/robot_ws/install/ambula_description/share/ambula_description//urdf/ambula_oa/properties.urdf.xacro
[0.436s] -- Installing: /home/robot_ws/install/ambula_description/share/ambula_description//urdf/ambula_oa/ambula.urdf.xacro
[0.436s] -- Installing: /home/robot_ws/install/ambula_description/share/ambula_description//urdf/ambula_oa/robot
[0.436s] -- Installing: /home/robot_ws/install/ambula_description/share/ambula_description//urdf/ambula_oa/robot/base.urdf.xacro
[0.436s] -- Installing: /home/robot_ws/install/ambula_description/share/ambula_description//urdf/ambula_oa/plugin
[0.436s] -- Installing: /home/robot_ws/install/ambula_description/share/ambula_description//urdf/ambula_oa/sensor
[0.436s] -- Installing: /home/robot_ws/install/ambula_description/share/ambula_description//urdf/ambula_bot
[0.436s] -- Installing: /home/robot_ws/install/ambula_description/share/ambula_description//urdf/ambula_bot/properties.urdf.xacro
[0.436s] -- Installing: /home/robot_ws/install/ambula_description/share/ambula_description//urdf/ambula_bot/ambula.urdf.xacro
[0.436s] -- Installing: /home/robot_ws/install/ambula_description/share/ambula_description//urdf/ambula_bot/robot
[0.436s] -- Installing: /home/robot_ws/install/ambula_description/share/ambula_description//urdf/ambula_bot/plugin
[0.436s] -- Installing: /home/robot_ws/install/ambula_description/share/ambula_description//urdf/ambula_bot/sensor
[0.436s] -- Installing: /home/robot_ws/install/ambula_description/share/ament_index/resource_index/package_run_dependencies/ambula_description
[0.436s] -- Installing: /home/robot_ws/install/ambula_description/share/ament_index/resource_index/parent_prefix_path/ambula_description
[0.436s] -- Installing: /home/robot_ws/install/ambula_description/share/ambula_description/environment/ament_prefix_path.sh
[0.436s] -- Installing: /home/robot_ws/install/ambula_description/share/ambula_description/environment/ament_prefix_path.dsv
[0.436s] -- Installing: /home/robot_ws/install/ambula_description/share/ambula_description/environment/path.sh
[0.436s] -- Installing: /home/robot_ws/install/ambula_description/share/ambula_description/environment/path.dsv
[0.436s] -- Installing: /home/robot_ws/install/ambula_description/share/ambula_description/local_setup.bash
[0.437s] -- Installing: /home/robot_ws/install/ambula_description/share/ambula_description/local_setup.sh
[0.437s] -- Installing: /home/robot_ws/install/ambula_description/share/ambula_description/local_setup.zsh
[0.437s] -- Installing: /home/robot_ws/install/ambula_description/share/ambula_description/local_setup.dsv
[0.437s] -- Up-to-date: /home/robot_ws/install/ambula_description/share/ambula_description/package.dsv
[0.437s] -- Installing: /home/robot_ws/install/ambula_description/share/ament_index/resource_index/packages/ambula_description
[0.437s] -- Installing: /home/robot_ws/install/ambula_description/share/ambula_description/cmake/ambula_descriptionConfig.cmake
[0.437s] -- Installing: /home/robot_ws/install/ambula_description/share/ambula_description/cmake/ambula_descriptionConfig-version.cmake
[0.437s] -- Installing: /home/robot_ws/install/ambula_description/share/ambula_description/package.xml
[0.437s] Invoked command in '/home/robot_ws/build/ambula_description' returned '0': CMAKE_PREFIX_PATH=${CMAKE_PREFIX_PATH}:/opt/ros/jazzy /usr/bin/cmake --install /home/robot_ws/build/ambula_description
