[0.027s] Invoking command in '/home/robot_ws/build/ambula_hw': CMAKE_PREFIX_PATH=${CMAKE_PREFIX_PATH}:/opt/ros/jazzy /usr/bin/cmake --build /home/robot_ws/build/ambula_hw -- -j16 -l16
[0.246s] Invoked command in '/home/robot_ws/build/ambula_hw' returned '0': CMAKE_PREFIX_PATH=${CMAKE_PREFIX_PATH}:/opt/ros/jazzy /usr/bin/cmake --build /home/robot_ws/build/ambula_hw -- -j16 -l16
[0.246s] Invoking command in '/home/robot_ws/build/ambula_hw': CMAKE_PREFIX_PATH=${CMAKE_PREFIX_PATH}:/opt/ros/jazzy /usr/bin/cmake --install /home/robot_ws/build/ambula_hw
[0.348s] -- Install configuration: ""
[0.349s] -- Up-to-date: /home/robot_ws/install/ambula_hw/share/ament_index/resource_index/package_run_dependencies/ambula_hw
[0.350s] -- Up-to-date: /home/robot_ws/install/ambula_hw/share/ament_index/resource_index/parent_prefix_path/ambula_hw
[0.351s] -- Up-to-date: /home/robot_ws/install/ambula_hw/share/ambula_hw/environment/ament_prefix_path.sh
[0.352s] -- Up-to-date: /home/robot_ws/install/ambula_hw/share/ambula_hw/environment/ament_prefix_path.dsv
[0.352s] -- Up-to-date: /home/robot_ws/install/ambula_hw/share/ambula_hw/environment/path.sh
[0.352s] -- Up-to-date: /home/robot_ws/install/ambula_hw/share/ambula_hw/environment/path.dsv
[0.352s] -- Up-to-date: /home/robot_ws/install/ambula_hw/share/ambula_hw/local_setup.bash
[0.353s] -- Up-to-date: /home/robot_ws/install/ambula_hw/share/ambula_hw/local_setup.sh
[0.354s] -- Up-to-date: /home/robot_ws/install/ambula_hw/share/ambula_hw/local_setup.zsh
[0.355s] -- Up-to-date: /home/robot_ws/install/ambula_hw/share/ambula_hw/local_setup.dsv
[0.356s] -- Installing: /home/robot_ws/install/ambula_hw/share/ambula_hw/package.dsv
[0.356s] -- Up-to-date: /home/robot_ws/install/ambula_hw/share/ament_index/resource_index/packages/ambula_hw
[0.357s] -- Up-to-date: /home/robot_ws/install/ambula_hw/share/ambula_hw/cmake/ambula_hwConfig.cmake
[0.357s] -- Up-to-date: /home/robot_ws/install/ambula_hw/share/ambula_hw/cmake/ambula_hwConfig-version.cmake
[0.357s] -- Up-to-date: /home/robot_ws/install/ambula_hw/share/ambula_hw/package.xml
[0.414s] Invoked command in '/home/robot_ws/build/ambula_hw' returned '0': CMAKE_PREFIX_PATH=${CMAKE_PREFIX_PATH}:/opt/ros/jazzy /usr/bin/cmake --install /home/robot_ws/build/ambula_hw
