[0.035s] Invoking command in '/home/robot_ws/build/ambula_bringup': CMAKE_PREFIX_PATH=${CMAKE_PREFIX_PATH}:/opt/ros/jazzy /usr/bin/cmake --build /home/robot_ws/build/ambula_bringup -- -j16 -l16
[0.186s] Invoked command in '/home/robot_ws/build/ambula_bringup' returned '0': CMAKE_PREFIX_PATH=${CMAKE_PREFIX_PATH}:/opt/ros/jazzy /usr/bin/cmake --build /home/robot_ws/build/ambula_bringup -- -j16 -l16
[0.243s] Invoking command in '/home/robot_ws/build/ambula_bringup': CMAKE_PREFIX_PATH=${CMAKE_PREFIX_PATH}:/opt/ros/jazzy /usr/bin/cmake --install /home/robot_ws/build/ambula_bringup
[0.278s] -- Install configuration: ""
[0.281s] -- Up-to-date: /home/robot_ws/install/ambula_bringup/share/ambula_bringup//launch
[0.283s] -- Up-to-date: /home/robot_ws/install/ambula_bringup/share/ambula_bringup//launch/simulation_bringup.launch.py
[0.284s] -- Up-to-date: /home/robot_ws/install/ambula_bringup/share/ambula_bringup//launch/description.launch.py
[0.285s] -- Up-to-date: /home/robot_ws/install/ambula_bringup/share/ambula_bringup//launch/summon_ambula.launch.py
[0.286s] -- Up-to-date: /home/robot_ws/install/ambula_bringup/share/ament_index/resource_index/package_run_dependencies/ambula_bringup
[0.287s] -- Up-to-date: /home/robot_ws/install/ambula_bringup/share/ament_index/resource_index/parent_prefix_path/ambula_bringup
[0.288s] -- Up-to-date: /home/robot_ws/install/ambula_bringup/share/ambula_bringup/environment/ament_prefix_path.sh
[0.288s] -- Up-to-date: /home/robot_ws/install/ambula_bringup/share/ambula_bringup/environment/ament_prefix_path.dsv
[0.289s] -- Up-to-date: /home/robot_ws/install/ambula_bringup/share/ambula_bringup/environment/path.sh
[0.289s] -- Up-to-date: /home/robot_ws/install/ambula_bringup/share/ambula_bringup/environment/path.dsv
[0.290s] -- Up-to-date: /home/robot_ws/install/ambula_bringup/share/ambula_bringup/local_setup.bash
[0.290s] -- Up-to-date: /home/robot_ws/install/ambula_bringup/share/ambula_bringup/local_setup.sh
[0.291s] -- Up-to-date: /home/robot_ws/install/ambula_bringup/share/ambula_bringup/local_setup.zsh
[0.291s] -- Up-to-date: /home/robot_ws/install/ambula_bringup/share/ambula_bringup/local_setup.dsv
[0.292s] -- Installing: /home/robot_ws/install/ambula_bringup/share/ambula_bringup/package.dsv
[0.295s] -- Up-to-date: /home/robot_ws/install/ambula_bringup/share/ament_index/resource_index/packages/ambula_bringup
[0.296s] -- Up-to-date: /home/robot_ws/install/ambula_bringup/share/ambula_bringup/cmake/ambula_bringupConfig.cmake
[0.297s] -- Up-to-date: /home/robot_ws/install/ambula_bringup/share/ambula_bringup/cmake/ambula_bringupConfig-version.cmake
[0.300s] -- Up-to-date: /home/robot_ws/install/ambula_bringup/share/ambula_bringup/package.xml
[0.388s] Invoked command in '/home/robot_ws/build/ambula_bringup' returned '0': CMAKE_PREFIX_PATH=${CMAKE_PREFIX_PATH}:/opt/ros/jazzy /usr/bin/cmake --install /home/robot_ws/build/ambula_bringup
