-- Install configuration: ""
-- Up-to-date: /home/robot_ws/install/ambula_bringup/share/ambula_bringup//launch
-- Up-to-date: /home/robot_ws/install/ambula_bringup/share/ambula_bringup//launch/simulation_bringup.launch.py
-- Up-to-date: /home/robot_ws/install/ambula_bringup/share/ambula_bringup//launch/description.launch.py
-- Up-to-date: /home/robot_ws/install/ambula_bringup/share/ambula_bringup//launch/summon_ambula.launch.py
-- Up-to-date: /home/robot_ws/install/ambula_bringup/share/ament_index/resource_index/package_run_dependencies/ambula_bringup
-- Up-to-date: /home/robot_ws/install/ambula_bringup/share/ament_index/resource_index/parent_prefix_path/ambula_bringup
-- Up-to-date: /home/robot_ws/install/ambula_bringup/share/ambula_bringup/environment/ament_prefix_path.sh
-- Up-to-date: /home/robot_ws/install/ambula_bringup/share/ambula_bringup/environment/ament_prefix_path.dsv
-- Up-to-date: /home/robot_ws/install/ambula_bringup/share/ambula_bringup/environment/path.sh
-- Up-to-date: /home/robot_ws/install/ambula_bringup/share/ambula_bringup/environment/path.dsv
-- Up-to-date: /home/robot_ws/install/ambula_bringup/share/ambula_bringup/local_setup.bash
-- Up-to-date: /home/robot_ws/install/ambula_bringup/share/ambula_bringup/local_setup.sh
-- Up-to-date: /home/robot_ws/install/ambula_bringup/share/ambula_bringup/local_setup.zsh
-- Up-to-date: /home/robot_ws/install/ambula_bringup/share/ambula_bringup/local_setup.dsv
-- Up-to-date: /home/robot_ws/install/ambula_bringup/share/ambula_bringup/package.dsv
-- Up-to-date: /home/robot_ws/install/ambula_bringup/share/ament_index/resource_index/packages/ambula_bringup
-- Up-to-date: /home/robot_ws/install/ambula_bringup/share/ambula_bringup/cmake/ambula_bringupConfig.cmake
-- Up-to-date: /home/robot_ws/install/ambula_bringup/share/ambula_bringup/cmake/ambula_bringupConfig-version.cmake
-- Up-to-date: /home/robot_ws/install/ambula_bringup/share/ambula_bringup/package.xml
