-- Install configuration: ""
-- Up-to-date: /home/robot_ws/install/ambula_world/share/ambula_world//models
-- Up-to-date: /home/robot_ws/install/ambula_world/share/ambula_world//models/map1.stl
-- Up-to-date: /home/robot_ws/install/ambula_world/share/ambula_world//models/stair
-- Up-to-date: /home/robot_ws/install/ambula_world/share/ambula_world//models/stair/stair.dae
-- Up-to-date: /home/robot_ws/install/ambula_world/share/ambula_world//models/stair/model.sdf
-- Up-to-date: /home/robot_ws/install/ambula_world/share/ambula_world//models/stair/model.config
-- Up-to-date: /home/robot_ws/install/ambula_world/share/ambula_world//worlds
-- Up-to-date: /home/robot_ws/install/ambula_world/share/ambula_world//worlds/oa_test.sdf
-- Up-to-date: /home/robot_ws/install/ambula_world/share/ambula_world//hooks
-- Up-to-date: /home/robot_ws/install/ambula_world/share/ambula_world//hooks/ambula_world.dsv.in
-- Up-to-date: /home/robot_ws/install/ambula_world/share/ambula_world/environment/ambula_world.dsv
-- Up-to-date: /home/robot_ws/install/ambula_world/share/ament_index/resource_index/package_run_dependencies/ambula_world
-- Up-to-date: /home/robot_ws/install/ambula_world/share/ament_index/resource_index/parent_prefix_path/ambula_world
-- Up-to-date: /home/robot_ws/install/ambula_world/share/ambula_world/environment/ament_prefix_path.sh
-- Up-to-date: /home/robot_ws/install/ambula_world/share/ambula_world/environment/ament_prefix_path.dsv
-- Up-to-date: /home/robot_ws/install/ambula_world/share/ambula_world/environment/path.sh
-- Up-to-date: /home/robot_ws/install/ambula_world/share/ambula_world/environment/path.dsv
-- Up-to-date: /home/robot_ws/install/ambula_world/share/ambula_world/local_setup.bash
-- Up-to-date: /home/robot_ws/install/ambula_world/share/ambula_world/local_setup.sh
-- Up-to-date: /home/robot_ws/install/ambula_world/share/ambula_world/local_setup.zsh
-- Up-to-date: /home/robot_ws/install/ambula_world/share/ambula_world/local_setup.dsv
-- Up-to-date: /home/robot_ws/install/ambula_world/share/ambula_world/package.dsv
-- Up-to-date: /home/robot_ws/install/ambula_world/share/ament_index/resource_index/packages/ambula_world
-- Up-to-date: /home/robot_ws/install/ambula_world/share/ambula_world/cmake/ambula_worldConfig.cmake
-- Up-to-date: /home/robot_ws/install/ambula_world/share/ambula_world/cmake/ambula_worldConfig-version.cmake
-- Up-to-date: /home/robot_ws/install/ambula_world/share/ambula_world/package.xml
