[0.011s] Invoking command in '/home/robot_ws/build/ambula_world': CMAKE_PREFIX_PATH=${CMAKE_PREFIX_PATH}:/opt/ros/jazzy /usr/bin/cmake --build /home/robot_ws/build/ambula_world -- -j16 -l16
[0.030s] -- Found ament_cmake: 2.5.4 (/opt/ros/jazzy/share/ament_cmake/cmake)
[0.187s] -- Found rclcpp: 28.1.10 (/opt/ros/jazzy/share/rclcpp/cmake)
[0.204s] -- Found rosidl_generator_c: 4.6.5 (/opt/ros/jazzy/share/rosidl_generator_c/cmake)
[0.209s] -- Found rosidl_generator_cpp: 4.6.5 (/opt/ros/jazzy/share/rosidl_generator_cpp/cmake)
[0.216s] -- Using all available rosidl_typesupport_c: rosidl_typesupport_fastrtps_c;rosidl_typesupport_introspection_c
[0.224s] -- Using all available rosidl_typesupport_cpp: rosidl_typesupport_fastrtps_cpp;rosidl_typesupport_introspection_cpp
[0.262s] -- Found rmw_implementation_cmake: 7.3.2 (/opt/ros/jazzy/share/rmw_implementation_cmake/cmake)
[0.263s] -- Found rmw_cyclonedds_cpp: 2.2.3 (/opt/ros/jazzy/share/rmw_cyclonedds_cpp/cmake)
[0.276s] -- Using RMW implementation 'rmw_cyclonedds_cpp' as default
[0.313s] -- Found rclcpp_action: 28.1.10 (/opt/ros/jazzy/share/rclcpp_action/cmake)
[0.338s] -- Found ament_lint_auto: 0.17.2 (/opt/ros/jazzy/share/ament_lint_auto/cmake)
[0.397s] -- Added test 'lint_cmake' to check CMake code style
[0.397s] -- Added test 'xmllint' to check XML markup files
[0.398s] -- Configuring done (0.4s)
[0.400s] -- Generating done (0.0s)
[0.401s] -- Build files have been written to: /home/robot_ws/build/ambula_world
[0.422s] Invoked command in '/home/robot_ws/build/ambula_world' returned '0': CMAKE_PREFIX_PATH=${CMAKE_PREFIX_PATH}:/opt/ros/jazzy /usr/bin/cmake --build /home/robot_ws/build/ambula_world -- -j16 -l16
[0.422s] Invoking command in '/home/robot_ws/build/ambula_world': CMAKE_PREFIX_PATH=${CMAKE_PREFIX_PATH}:/opt/ros/jazzy /usr/bin/cmake --install /home/robot_ws/build/ambula_world
[0.429s] -- Install configuration: ""
[0.429s] -- Up-to-date: /home/robot_ws/install/ambula_world/share/ambula_world//models
[0.429s] -- Up-to-date: /home/robot_ws/install/ambula_world/share/ambula_world//models/map1.stl
[0.429s] -- Up-to-date: /home/robot_ws/install/ambula_world/share/ambula_world//models/stair
[0.429s] -- Up-to-date: /home/robot_ws/install/ambula_world/share/ambula_world//models/stair/stair.dae
[0.430s] -- Up-to-date: /home/robot_ws/install/ambula_world/share/ambula_world//models/stair/model.sdf
[0.430s] -- Up-to-date: /home/robot_ws/install/ambula_world/share/ambula_world//models/stair/model.config
[0.430s] -- Up-to-date: /home/robot_ws/install/ambula_world/share/ambula_world//worlds
[0.430s] -- Up-to-date: /home/robot_ws/install/ambula_world/share/ambula_world//worlds/my_world.sdf
[0.430s] -- Up-to-date: /home/robot_ws/install/ambula_world/share/ambula_world//hooks
[0.431s] -- Up-to-date: /home/robot_ws/install/ambula_world/share/ambula_world//hooks/ambula_world.dsv.in
[0.431s] -- Installing: /home/robot_ws/install/ambula_world/share/ambula_world/environment/ambula_world.dsv
[0.431s] -- Up-to-date: /home/robot_ws/install/ambula_world/share/ament_index/resource_index/package_run_dependencies/ambula_world
[0.432s] -- Up-to-date: /home/robot_ws/install/ambula_world/share/ament_index/resource_index/parent_prefix_path/ambula_world
[0.432s] -- Up-to-date: /home/robot_ws/install/ambula_world/share/ambula_world/environment/ament_prefix_path.sh
[0.432s] -- Up-to-date: /home/robot_ws/install/ambula_world/share/ambula_world/environment/ament_prefix_path.dsv
[0.432s] -- Up-to-date: /home/robot_ws/install/ambula_world/share/ambula_world/environment/path.sh
[0.432s] -- Up-to-date: /home/robot_ws/install/ambula_world/share/ambula_world/environment/path.dsv
[0.432s] -- Up-to-date: /home/robot_ws/install/ambula_world/share/ambula_world/local_setup.bash
[0.433s] -- Up-to-date: /home/robot_ws/install/ambula_world/share/ambula_world/local_setup.sh
[0.433s] -- Up-to-date: /home/robot_ws/install/ambula_world/share/ambula_world/local_setup.zsh
[0.433s] -- Installing: /home/robot_ws/install/ambula_world/share/ambula_world/local_setup.dsv
[0.433s] -- Installing: /home/robot_ws/install/ambula_world/share/ambula_world/package.dsv
[0.433s] -- Up-to-date: /home/robot_ws/install/ambula_world/share/ament_index/resource_index/packages/ambula_world
[0.433s] -- Up-to-date: /home/robot_ws/install/ambula_world/share/ambula_world/cmake/ambula_worldConfig.cmake
[0.433s] -- Up-to-date: /home/robot_ws/install/ambula_world/share/ambula_world/cmake/ambula_worldConfig-version.cmake
[0.433s] -- Up-to-date: /home/robot_ws/install/ambula_world/share/ambula_world/package.xml
[0.433s] Invoked command in '/home/robot_ws/build/ambula_world' returned '0': CMAKE_PREFIX_PATH=${CMAKE_PREFIX_PATH}:/opt/ros/jazzy /usr/bin/cmake --install /home/robot_ws/build/ambula_world
