[0.016s] Invoking command in '/home/robot_ws/build/ambula_rl': CMAKE_PREFIX_PATH=${CMAKE_PREFIX_PATH}:/opt/ros/jazzy /usr/bin/cmake /home/robot_ws/src/ambula_rl -DCMAKE_INSTALL_PREFIX=/home/robot_ws/install/ambula_rl
[0.234s] -- The C compiler identification is GNU 13.3.0
[0.517s] -- The CXX compiler identification is GNU 13.3.0
[0.634s] -- Detecting C compiler ABI info
[1.132s] -- Detecting C compiler ABI info - done
[1.187s] -- Check for working C compiler: /usr/bin/cc - skipped
[1.187s] -- Detecting C compile features
[1.190s] -- Detecting C compile features - done
[1.250s] -- Detecting CXX compiler ABI info
[1.793s] -- Detecting CXX compiler ABI info - done
[1.859s] -- Check for working CXX compiler: /usr/bin/c++ - skipped
[1.859s] -- Detecting CXX compile features
[1.861s] -- Detecting CXX compile features - done
[1.900s] -- Found ament_cmake: 2.5.4 (/opt/ros/jazzy/share/ament_cmake/cmake)
[2.432s] -- Found Python3: /usr/bin/python3 (found version "3.12.3") found components: Interpreter 
[2.577s] -- Found ament_lint_auto: 0.17.3 (/opt/ros/jazzy/share/ament_lint_auto/cmake)
[2.690s] -- Added test 'lint_cmake' to check CMake code style
[2.691s] -- Added test 'xmllint' to check XML markup files
[2.693s] -- Configuring done (2.7s)
[2.695s] -- Generating done (0.0s)
[2.696s] -- Build files have been written to: /home/robot_ws/build/ambula_rl
[2.701s] Invoked command in '/home/robot_ws/build/ambula_rl' returned '0': CMAKE_PREFIX_PATH=${CMAKE_PREFIX_PATH}:/opt/ros/jazzy /usr/bin/cmake /home/robot_ws/src/ambula_rl -DCMAKE_INSTALL_PREFIX=/home/robot_ws/install/ambula_rl
[2.701s] Invoking command in '/home/robot_ws/build/ambula_rl': CMAKE_PREFIX_PATH=${CMAKE_PREFIX_PATH}:/opt/ros/jazzy /usr/bin/cmake --build /home/robot_ws/build/ambula_rl -- -j16 -l16
[2.742s] Invoked command in '/home/robot_ws/build/ambula_rl' returned '0': CMAKE_PREFIX_PATH=${CMAKE_PREFIX_PATH}:/opt/ros/jazzy /usr/bin/cmake --build /home/robot_ws/build/ambula_rl -- -j16 -l16
[2.755s] Invoking command in '/home/robot_ws/build/ambula_rl': CMAKE_PREFIX_PATH=${CMAKE_PREFIX_PATH}:/opt/ros/jazzy /usr/bin/cmake --install /home/robot_ws/build/ambula_rl
[2.766s] -- Install configuration: ""
[2.766s] -- Installing: /home/robot_ws/install/ambula_rl/share/ament_index/resource_index/package_run_dependencies/ambula_rl
[2.766s] -- Installing: /home/robot_ws/install/ambula_rl/share/ament_index/resource_index/parent_prefix_path/ambula_rl
[2.766s] -- Installing: /home/robot_ws/install/ambula_rl/share/ambula_rl/environment/ament_prefix_path.sh
[2.767s] -- Installing: /home/robot_ws/install/ambula_rl/share/ambula_rl/environment/ament_prefix_path.dsv
[2.767s] -- Installing: /home/robot_ws/install/ambula_rl/share/ambula_rl/environment/path.sh
[2.767s] -- Installing: /home/robot_ws/install/ambula_rl/share/ambula_rl/environment/path.dsv
[2.767s] -- Installing: /home/robot_ws/install/ambula_rl/share/ambula_rl/local_setup.bash
[2.767s] -- Installing: /home/robot_ws/install/ambula_rl/share/ambula_rl/local_setup.sh
[2.767s] -- Installing: /home/robot_ws/install/ambula_rl/share/ambula_rl/local_setup.zsh
[2.768s] -- Installing: /home/robot_ws/install/ambula_rl/share/ambula_rl/local_setup.dsv
[2.768s] -- Installing: /home/robot_ws/install/ambula_rl/share/ambula_rl/package.dsv
[2.768s] -- Installing: /home/robot_ws/install/ambula_rl/share/ament_index/resource_index/packages/ambula_rl
[2.768s] -- Installing: /home/robot_ws/install/ambula_rl/share/ambula_rl/cmake/ambula_rlConfig.cmake
[2.768s] -- Installing: /home/robot_ws/install/ambula_rl/share/ambula_rl/cmake/ambula_rlConfig-version.cmake
[2.768s] -- Installing: /home/robot_ws/install/ambula_rl/share/ambula_rl/package.xml
[2.770s] Invoked command in '/home/robot_ws/build/ambula_rl' returned '0': CMAKE_PREFIX_PATH=${CMAKE_PREFIX_PATH}:/opt/ros/jazzy /usr/bin/cmake --install /home/robot_ws/build/ambula_rl
