[0.062s] DEBUG:colcon:Command line arguments: ['/usr/bin/colcon', 'build']
[0.062s] DEBUG:colcon:Parsed command line arguments: Namespace(log_base=None, log_level=None, verb_name='build', build_base='build', install_base='install', merge_install=False, symlink_install=False, test_result_base=None, continue_on_error=False, executor='parallel', parallel_workers=16, event_handlers=None, ignore_user_meta=False, metas=['./colcon.meta'], base_paths=['.'], packages_ignore=None, packages_ignore_regex=None, paths=None, packages_up_to=None, packages_up_to_regex=None, packages_above=None, packages_above_and_dependencies=None, packages_above_depth=None, packages_select_by_dep=None, packages_skip_by_dep=None, packages_skip_up_to=None, packages_select_build_failed=False, packages_skip_build_finished=False, packages_select_test_failures=False, packages_skip_test_passed=False, packages_select=None, packages_skip=None, packages_select_regex=None, packages_skip_regex=None, packages_start=None, packages_end=None, cmake_args=None, cmake_target=None, cmake_target_skip_unavailable=False, cmake_clean_cache=False, cmake_clean_first=False, cmake_force_configure=False, ament_cmake_args=None, catkin_cmake_args=None, catkin_skip_building_tests=False, mixin_files=None, mixin=None, verb_parser=<colcon_mixin.mixin.mixin_argument.MixinArgumentDecorator object at 0x740c3b2ffda0>, verb_extension=<colcon_core.verb.build.BuildVerb object at 0x740c3b427ec0>, main=<bound method BuildVerb.main of <colcon_core.verb.build.BuildVerb object at 0x740c3b427ec0>>, mixin_verb=('build',))
[0.086s] Level 1:colcon.colcon_core.package_discovery:discover_packages(colcon_meta) check parameters
[0.086s] Level 1:colcon.colcon_core.package_discovery:discover_packages(recursive) check parameters
[0.086s] Level 1:colcon.colcon_core.package_discovery:discover_packages(ignore) check parameters
[0.086s] Level 1:colcon.colcon_core.package_discovery:discover_packages(path) check parameters
[0.086s] Level 1:colcon.colcon_core.package_discovery:discover_packages(colcon_meta) discover
[0.086s] Level 1:colcon.colcon_core.package_discovery:discover_packages(recursive) discover
[0.086s] INFO:colcon.colcon_core.package_discovery:Crawling recursively for packages in '/home/robot_ws'
[0.086s] Level 1:colcon.colcon_core.package_identification:_identify(.) by extensions ['ignore', 'ignore_ament_install']
[0.086s] Level 1:colcon.colcon_core.package_identification:_identify(.) by extension 'ignore'
[0.086s] Level 1:colcon.colcon_core.package_identification:_identify(.) by extension 'ignore_ament_install'
[0.086s] Level 1:colcon.colcon_core.package_identification:_identify(.) by extensions ['colcon_pkg']
[0.086s] Level 1:colcon.colcon_core.package_identification:_identify(.) by extension 'colcon_pkg'
[0.086s] Level 1:colcon.colcon_core.package_identification:_identify(.) by extensions ['colcon_meta']
[0.086s] Level 1:colcon.colcon_core.package_identification:_identify(.) by extension 'colcon_meta'
[0.086s] Level 1:colcon.colcon_core.package_identification:_identify(.) by extensions ['ros']
[0.086s] Level 1:colcon.colcon_core.package_identification:_identify(.) by extension 'ros'
[0.103s] Level 1:colcon.colcon_core.package_identification:_identify(.) by extensions ['cmake', 'python']
[0.104s] Level 1:colcon.colcon_core.package_identification:_identify(.) by extension 'cmake'
[0.104s] Level 1:colcon.colcon_core.package_identification:_identify(.) by extension 'python'
[0.104s] Level 1:colcon.colcon_core.package_identification:_identify(.) by extensions ['python_setup_py']
[0.104s] Level 1:colcon.colcon_core.package_identification:_identify(.) by extension 'python_setup_py'
[0.104s] Level 1:colcon.colcon_core.package_identification:_identify(build) by extensions ['ignore', 'ignore_ament_install']
[0.104s] Level 1:colcon.colcon_core.package_identification:_identify(build) by extension 'ignore'
[0.104s] Level 1:colcon.colcon_core.package_identification:_identify(build) ignored
[0.104s] Level 1:colcon.colcon_core.package_identification:_identify(install) by extensions ['ignore', 'ignore_ament_install']
[0.104s] Level 1:colcon.colcon_core.package_identification:_identify(install) by extension 'ignore'
[0.104s] Level 1:colcon.colcon_core.package_identification:_identify(install) ignored
[0.104s] Level 1:colcon.colcon_core.package_identification:_identify(log) by extensions ['ignore', 'ignore_ament_install']
[0.104s] Level 1:colcon.colcon_core.package_identification:_identify(log) by extension 'ignore'
[0.104s] Level 1:colcon.colcon_core.package_identification:_identify(log) ignored
[0.104s] Level 1:colcon.colcon_core.package_identification:_identify(src) by extensions ['ignore', 'ignore_ament_install']
[0.104s] Level 1:colcon.colcon_core.package_identification:_identify(src) by extension 'ignore'
[0.104s] Level 1:colcon.colcon_core.package_identification:_identify(src) by extension 'ignore_ament_install'
[0.104s] Level 1:colcon.colcon_core.package_identification:_identify(src) by extensions ['colcon_pkg']
[0.104s] Level 1:colcon.colcon_core.package_identification:_identify(src) by extension 'colcon_pkg'
[0.104s] Level 1:colcon.colcon_core.package_identification:_identify(src) by extensions ['colcon_meta']
[0.104s] Level 1:colcon.colcon_core.package_identification:_identify(src) by extension 'colcon_meta'
[0.104s] Level 1:colcon.colcon_core.package_identification:_identify(src) by extensions ['ros']
[0.104s] Level 1:colcon.colcon_core.package_identification:_identify(src) by extension 'ros'
[0.104s] Level 1:colcon.colcon_core.package_identification:_identify(src) by extensions ['cmake', 'python']
[0.104s] Level 1:colcon.colcon_core.package_identification:_identify(src) by extension 'cmake'
[0.104s] Level 1:colcon.colcon_core.package_identification:_identify(src) by extension 'python'
[0.104s] Level 1:colcon.colcon_core.package_identification:_identify(src) by extensions ['python_setup_py']
[0.104s] Level 1:colcon.colcon_core.package_identification:_identify(src) by extension 'python_setup_py'
[0.104s] Level 1:colcon.colcon_core.package_identification:_identify(src/ambula_bringup) by extensions ['ignore', 'ignore_ament_install']
[0.104s] Level 1:colcon.colcon_core.package_identification:_identify(src/ambula_bringup) by extension 'ignore'
[0.105s] Level 1:colcon.colcon_core.package_identification:_identify(src/ambula_bringup) by extension 'ignore_ament_install'
[0.105s] Level 1:colcon.colcon_core.package_identification:_identify(src/ambula_bringup) by extensions ['colcon_pkg']
[0.105s] Level 1:colcon.colcon_core.package_identification:_identify(src/ambula_bringup) by extension 'colcon_pkg'
[0.105s] Level 1:colcon.colcon_core.package_identification:_identify(src/ambula_bringup) by extensions ['colcon_meta']
[0.105s] Level 1:colcon.colcon_core.package_identification:_identify(src/ambula_bringup) by extension 'colcon_meta'
[0.105s] Level 1:colcon.colcon_core.package_identification:_identify(src/ambula_bringup) by extensions ['ros']
[0.105s] Level 1:colcon.colcon_core.package_identification:_identify(src/ambula_bringup) by extension 'ros'
[0.106s] DEBUG:colcon.colcon_core.package_identification:Package 'src/ambula_bringup' with type 'ros.ament_cmake' and name 'ambula_bringup'
[0.106s] Level 1:colcon.colcon_core.package_identification:_identify(src/ambula_controller) by extensions ['ignore', 'ignore_ament_install']
[0.106s] Level 1:colcon.colcon_core.package_identification:_identify(src/ambula_controller) by extension 'ignore'
[0.106s] Level 1:colcon.colcon_core.package_identification:_identify(src/ambula_controller) by extension 'ignore_ament_install'
[0.106s] Level 1:colcon.colcon_core.package_identification:_identify(src/ambula_controller) by extensions ['colcon_pkg']
[0.106s] Level 1:colcon.colcon_core.package_identification:_identify(src/ambula_controller) by extension 'colcon_pkg'
[0.106s] Level 1:colcon.colcon_core.package_identification:_identify(src/ambula_controller) by extensions ['colcon_meta']
[0.106s] Level 1:colcon.colcon_core.package_identification:_identify(src/ambula_controller) by extension 'colcon_meta'
[0.106s] Level 1:colcon.colcon_core.package_identification:_identify(src/ambula_controller) by extensions ['ros']
[0.107s] Level 1:colcon.colcon_core.package_identification:_identify(src/ambula_controller) by extension 'ros'
[0.107s] DEBUG:colcon.colcon_core.package_identification:Package 'src/ambula_controller' with type 'ros.ament_cmake' and name 'ambula_controller'
[0.107s] Level 1:colcon.colcon_core.package_identification:_identify(src/ambula_hw) by extensions ['ignore', 'ignore_ament_install']
[0.107s] Level 1:colcon.colcon_core.package_identification:_identify(src/ambula_hw) by extension 'ignore'
[0.107s] Level 1:colcon.colcon_core.package_identification:_identify(src/ambula_hw) by extension 'ignore_ament_install'
[0.107s] Level 1:colcon.colcon_core.package_identification:_identify(src/ambula_hw) by extensions ['colcon_pkg']
[0.107s] Level 1:colcon.colcon_core.package_identification:_identify(src/ambula_hw) by extension 'colcon_pkg'
[0.107s] Level 1:colcon.colcon_core.package_identification:_identify(src/ambula_hw) by extensions ['colcon_meta']
[0.107s] Level 1:colcon.colcon_core.package_identification:_identify(src/ambula_hw) by extension 'colcon_meta'
[0.107s] Level 1:colcon.colcon_core.package_identification:_identify(src/ambula_hw) by extensions ['ros']
[0.107s] Level 1:colcon.colcon_core.package_identification:_identify(src/ambula_hw) by extension 'ros'
[0.107s] DEBUG:colcon.colcon_core.package_identification:Package 'src/ambula_hw' with type 'ros.ament_cmake' and name 'ambula_hw'
[0.107s] Level 1:colcon.colcon_core.package_identification:_identify(src/ambula_perception) by extensions ['ignore', 'ignore_ament_install']
[0.107s] Level 1:colcon.colcon_core.package_identification:_identify(src/ambula_perception) by extension 'ignore'
[0.107s] Level 1:colcon.colcon_core.package_identification:_identify(src/ambula_perception) by extension 'ignore_ament_install'
[0.107s] Level 1:colcon.colcon_core.package_identification:_identify(src/ambula_perception) by extensions ['colcon_pkg']
[0.107s] Level 1:colcon.colcon_core.package_identification:_identify(src/ambula_perception) by extension 'colcon_pkg'
[0.107s] Level 1:colcon.colcon_core.package_identification:_identify(src/ambula_perception) by extensions ['colcon_meta']
[0.107s] Level 1:colcon.colcon_core.package_identification:_identify(src/ambula_perception) by extension 'colcon_meta'
[0.107s] Level 1:colcon.colcon_core.package_identification:_identify(src/ambula_perception) by extensions ['ros']
[0.107s] Level 1:colcon.colcon_core.package_identification:_identify(src/ambula_perception) by extension 'ros'
[0.108s] DEBUG:colcon.colcon_core.package_identification:Package 'src/ambula_perception' with type 'ros.ament_cmake' and name 'ambula_perception'
[0.108s] Level 1:colcon.colcon_core.package_identification:_identify(src/ambula_rl) by extensions ['ignore', 'ignore_ament_install']
[0.108s] Level 1:colcon.colcon_core.package_identification:_identify(src/ambula_rl) by extension 'ignore'
[0.108s] Level 1:colcon.colcon_core.package_identification:_identify(src/ambula_rl) by extension 'ignore_ament_install'
[0.108s] Level 1:colcon.colcon_core.package_identification:_identify(src/ambula_rl) by extensions ['colcon_pkg']
[0.108s] Level 1:colcon.colcon_core.package_identification:_identify(src/ambula_rl) by extension 'colcon_pkg'
[0.108s] Level 1:colcon.colcon_core.package_identification:_identify(src/ambula_rl) by extensions ['colcon_meta']
[0.108s] Level 1:colcon.colcon_core.package_identification:_identify(src/ambula_rl) by extension 'colcon_meta'
[0.108s] Level 1:colcon.colcon_core.package_identification:_identify(src/ambula_rl) by extensions ['ros']
[0.108s] Level 1:colcon.colcon_core.package_identification:_identify(src/ambula_rl) by extension 'ros'
[0.108s] DEBUG:colcon.colcon_core.package_identification:Package 'src/ambula_rl' with type 'ros.ament_cmake' and name 'ambula_rl'
[0.108s] Level 1:colcon.colcon_core.package_identification:_identify(src/ambula_safety) by extensions ['ignore', 'ignore_ament_install']
[0.108s] Level 1:colcon.colcon_core.package_identification:_identify(src/ambula_safety) by extension 'ignore'
[0.108s] Level 1:colcon.colcon_core.package_identification:_identify(src/ambula_safety) by extension 'ignore_ament_install'
[0.108s] Level 1:colcon.colcon_core.package_identification:_identify(src/ambula_safety) by extensions ['colcon_pkg']
[0.108s] Level 1:colcon.colcon_core.package_identification:_identify(src/ambula_safety) by extension 'colcon_pkg'
[0.109s] Level 1:colcon.colcon_core.package_identification:_identify(src/ambula_safety) by extensions ['colcon_meta']
[0.109s] Level 1:colcon.colcon_core.package_identification:_identify(src/ambula_safety) by extension 'colcon_meta'
[0.109s] Level 1:colcon.colcon_core.package_identification:_identify(src/ambula_safety) by extensions ['ros']
[0.109s] Level 1:colcon.colcon_core.package_identification:_identify(src/ambula_safety) by extension 'ros'
[0.109s] DEBUG:colcon.colcon_core.package_identification:Package 'src/ambula_safety' with type 'ros.ament_cmake' and name 'ambula_safety'
[0.109s] Level 1:colcon.colcon_core.package_identification:_identify(src/ambula_simulation) by extensions ['ignore', 'ignore_ament_install']
[0.109s] Level 1:colcon.colcon_core.package_identification:_identify(src/ambula_simulation) by extension 'ignore'
[0.109s] Level 1:colcon.colcon_core.package_identification:_identify(src/ambula_simulation) by extension 'ignore_ament_install'
[0.109s] Level 1:colcon.colcon_core.package_identification:_identify(src/ambula_simulation) by extensions ['colcon_pkg']
[0.109s] Level 1:colcon.colcon_core.package_identification:_identify(src/ambula_simulation) by extension 'colcon_pkg'
[0.109s] Level 1:colcon.colcon_core.package_identification:_identify(src/ambula_simulation) by extensions ['colcon_meta']
[0.109s] Level 1:colcon.colcon_core.package_identification:_identify(src/ambula_simulation) by extension 'colcon_meta'
[0.109s] Level 1:colcon.colcon_core.package_identification:_identify(src/ambula_simulation) by extensions ['ros']
[0.109s] Level 1:colcon.colcon_core.package_identification:_identify(src/ambula_simulation) by extension 'ros'
[0.109s] Level 1:colcon.colcon_core.package_identification:_identify(src/ambula_simulation) by extensions ['cmake', 'python']
[0.109s] Level 1:colcon.colcon_core.package_identification:_identify(src/ambula_simulation) by extension 'cmake'
[0.109s] Level 1:colcon.colcon_core.package_identification:_identify(src/ambula_simulation) by extension 'python'
[0.109s] Level 1:colcon.colcon_core.package_identification:_identify(src/ambula_simulation) by extensions ['python_setup_py']
[0.109s] Level 1:colcon.colcon_core.package_identification:_identify(src/ambula_simulation) by extension 'python_setup_py'
[0.109s] Level 1:colcon.colcon_core.package_identification:_identify(src/ambula_simulation/ambula_description) by extensions ['ignore', 'ignore_ament_install']
[0.109s] Level 1:colcon.colcon_core.package_identification:_identify(src/ambula_simulation/ambula_description) by extension 'ignore'
[0.109s] Level 1:colcon.colcon_core.package_identification:_identify(src/ambula_simulation/ambula_description) by extension 'ignore_ament_install'
[0.109s] Level 1:colcon.colcon_core.package_identification:_identify(src/ambula_simulation/ambula_description) by extensions ['colcon_pkg']
[0.109s] Level 1:colcon.colcon_core.package_identification:_identify(src/ambula_simulation/ambula_description) by extension 'colcon_pkg'
[0.109s] Level 1:colcon.colcon_core.package_identification:_identify(src/ambula_simulation/ambula_description) by extensions ['colcon_meta']
[0.109s] Level 1:colcon.colcon_core.package_identification:_identify(src/ambula_simulation/ambula_description) by extension 'colcon_meta'
[0.109s] Level 1:colcon.colcon_core.package_identification:_identify(src/ambula_simulation/ambula_description) by extensions ['ros']
[0.109s] Level 1:colcon.colcon_core.package_identification:_identify(src/ambula_simulation/ambula_description) by extension 'ros'
[0.110s] DEBUG:colcon.colcon_core.package_identification:Package 'src/ambula_simulation/ambula_description' with type 'ros.ament_cmake' and name 'ambula_description'
[0.110s] Level 1:colcon.colcon_core.package_identification:_identify(src/ambula_simulation/ambula_world) by extensions ['ignore', 'ignore_ament_install']
[0.110s] Level 1:colcon.colcon_core.package_identification:_identify(src/ambula_simulation/ambula_world) by extension 'ignore'
[0.110s] Level 1:colcon.colcon_core.package_identification:_identify(src/ambula_simulation/ambula_world) by extension 'ignore_ament_install'
[0.110s] Level 1:colcon.colcon_core.package_identification:_identify(src/ambula_simulation/ambula_world) by extensions ['colcon_pkg']
[0.110s] Level 1:colcon.colcon_core.package_identification:_identify(src/ambula_simulation/ambula_world) by extension 'colcon_pkg'
[0.110s] Level 1:colcon.colcon_core.package_identification:_identify(src/ambula_simulation/ambula_world) by extensions ['colcon_meta']
[0.110s] Level 1:colcon.colcon_core.package_identification:_identify(src/ambula_simulation/ambula_world) by extension 'colcon_meta'
[0.110s] Level 1:colcon.colcon_core.package_identification:_identify(src/ambula_simulation/ambula_world) by extensions ['ros']
[0.110s] Level 1:colcon.colcon_core.package_identification:_identify(src/ambula_simulation/ambula_world) by extension 'ros'
[0.110s] DEBUG:colcon.colcon_core.package_identification:Package 'src/ambula_simulation/ambula_world' with type 'ros.ament_cmake' and name 'ambula_world'
[0.110s] Level 1:colcon.colcon_core.package_identification:_identify(src/ambula_state_estimator) by extensions ['ignore', 'ignore_ament_install']
[0.110s] Level 1:colcon.colcon_core.package_identification:_identify(src/ambula_state_estimator) by extension 'ignore'
[0.110s] Level 1:colcon.colcon_core.package_identification:_identify(src/ambula_state_estimator) by extension 'ignore_ament_install'
[0.110s] Level 1:colcon.colcon_core.package_identification:_identify(src/ambula_state_estimator) by extensions ['colcon_pkg']
[0.110s] Level 1:colcon.colcon_core.package_identification:_identify(src/ambula_state_estimator) by extension 'colcon_pkg'
[0.110s] Level 1:colcon.colcon_core.package_identification:_identify(src/ambula_state_estimator) by extensions ['colcon_meta']
[0.110s] Level 1:colcon.colcon_core.package_identification:_identify(src/ambula_state_estimator) by extension 'colcon_meta'
[0.110s] Level 1:colcon.colcon_core.package_identification:_identify(src/ambula_state_estimator) by extensions ['ros']
[0.110s] Level 1:colcon.colcon_core.package_identification:_identify(src/ambula_state_estimator) by extension 'ros'
[0.110s] DEBUG:colcon.colcon_core.package_identification:Package 'src/ambula_state_estimator' with type 'ros.ament_cmake' and name 'ambula_state_estimator'
[0.110s] Level 1:colcon.colcon_core.package_discovery:discover_packages(recursive) using defaults
[0.111s] Level 1:colcon.colcon_core.package_discovery:discover_packages(ignore) discover
[0.111s] Level 1:colcon.colcon_core.package_discovery:discover_packages(ignore) using defaults
[0.111s] Level 1:colcon.colcon_core.package_discovery:discover_packages(path) discover
[0.111s] Level 1:colcon.colcon_core.package_discovery:discover_packages(path) using defaults
[0.122s] Level 5:colcon.colcon_core.verb:set package 'ambula_bringup' build argument 'cmake_args' from command line to 'None'
[0.122s] Level 5:colcon.colcon_core.verb:set package 'ambula_bringup' build argument 'cmake_target' from command line to 'None'
[0.122s] Level 5:colcon.colcon_core.verb:set package 'ambula_bringup' build argument 'cmake_target_skip_unavailable' from command line to 'False'
[0.122s] Level 5:colcon.colcon_core.verb:set package 'ambula_bringup' build argument 'cmake_clean_cache' from command line to 'False'
[0.122s] Level 5:colcon.colcon_core.verb:set package 'ambula_bringup' build argument 'cmake_clean_first' from command line to 'False'
[0.122s] Level 5:colcon.colcon_core.verb:set package 'ambula_bringup' build argument 'cmake_force_configure' from command line to 'False'
[0.122s] Level 5:colcon.colcon_core.verb:set package 'ambula_bringup' build argument 'ament_cmake_args' from command line to 'None'
[0.122s] Level 5:colcon.colcon_core.verb:set package 'ambula_bringup' build argument 'catkin_cmake_args' from command line to 'None'
[0.122s] Level 5:colcon.colcon_core.verb:set package 'ambula_bringup' build argument 'catkin_skip_building_tests' from command line to 'False'
[0.122s] DEBUG:colcon.colcon_core.verb:Building package 'ambula_bringup' with the following arguments: {'ament_cmake_args': None, 'build_base': '/home/robot_ws/build/ambula_bringup', 'catkin_cmake_args': None, 'catkin_skip_building_tests': False, 'cmake_args': None, 'cmake_clean_cache': False, 'cmake_clean_first': False, 'cmake_force_configure': False, 'cmake_target': None, 'cmake_target_skip_unavailable': False, 'install_base': '/home/robot_ws/install/ambula_bringup', 'merge_install': False, 'path': '/home/robot_ws/src/ambula_bringup', 'symlink_install': False, 'test_result_base': None}
[0.123s] Level 5:colcon.colcon_core.verb:set package 'ambula_controller' build argument 'cmake_args' from command line to 'None'
[0.123s] Level 5:colcon.colcon_core.verb:set package 'ambula_controller' build argument 'cmake_target' from command line to 'None'
[0.123s] Level 5:colcon.colcon_core.verb:set package 'ambula_controller' build argument 'cmake_target_skip_unavailable' from command line to 'False'
[0.123s] Level 5:colcon.colcon_core.verb:set package 'ambula_controller' build argument 'cmake_clean_cache' from command line to 'False'
[0.123s] Level 5:colcon.colcon_core.verb:set package 'ambula_controller' build argument 'cmake_clean_first' from command line to 'False'
[0.123s] Level 5:colcon.colcon_core.verb:set package 'ambula_controller' build argument 'cmake_force_configure' from command line to 'False'
[0.123s] Level 5:colcon.colcon_core.verb:set package 'ambula_controller' build argument 'ament_cmake_args' from command line to 'None'
[0.123s] Level 5:colcon.colcon_core.verb:set package 'ambula_controller' build argument 'catkin_cmake_args' from command line to 'None'
[0.123s] Level 5:colcon.colcon_core.verb:set package 'ambula_controller' build argument 'catkin_skip_building_tests' from command line to 'False'
[0.123s] DEBUG:colcon.colcon_core.verb:Building package 'ambula_controller' with the following arguments: {'ament_cmake_args': None, 'build_base': '/home/robot_ws/build/ambula_controller', 'catkin_cmake_args': None, 'catkin_skip_building_tests': False, 'cmake_args': None, 'cmake_clean_cache': False, 'cmake_clean_first': False, 'cmake_force_configure': False, 'cmake_target': None, 'cmake_target_skip_unavailable': False, 'install_base': '/home/robot_ws/install/ambula_controller', 'merge_install': False, 'path': '/home/robot_ws/src/ambula_controller', 'symlink_install': False, 'test_result_base': None}
[0.123s] Level 5:colcon.colcon_core.verb:set package 'ambula_description' build argument 'cmake_args' from command line to 'None'
[0.123s] Level 5:colcon.colcon_core.verb:set package 'ambula_description' build argument 'cmake_target' from command line to 'None'
[0.123s] Level 5:colcon.colcon_core.verb:set package 'ambula_description' build argument 'cmake_target_skip_unavailable' from command line to 'False'
[0.123s] Level 5:colcon.colcon_core.verb:set package 'ambula_description' build argument 'cmake_clean_cache' from command line to 'False'
[0.123s] Level 5:colcon.colcon_core.verb:set package 'ambula_description' build argument 'cmake_clean_first' from command line to 'False'
[0.123s] Level 5:colcon.colcon_core.verb:set package 'ambula_description' build argument 'cmake_force_configure' from command line to 'False'
[0.123s] Level 5:colcon.colcon_core.verb:set package 'ambula_description' build argument 'ament_cmake_args' from command line to 'None'
[0.123s] Level 5:colcon.colcon_core.verb:set package 'ambula_description' build argument 'catkin_cmake_args' from command line to 'None'
[0.123s] Level 5:colcon.colcon_core.verb:set package 'ambula_description' build argument 'catkin_skip_building_tests' from command line to 'False'
[0.123s] DEBUG:colcon.colcon_core.verb:Building package 'ambula_description' with the following arguments: {'ament_cmake_args': None, 'build_base': '/home/robot_ws/build/ambula_description', 'catkin_cmake_args': None, 'catkin_skip_building_tests': False, 'cmake_args': None, 'cmake_clean_cache': False, 'cmake_clean_first': False, 'cmake_force_configure': False, 'cmake_target': None, 'cmake_target_skip_unavailable': False, 'install_base': '/home/robot_ws/install/ambula_description', 'merge_install': False, 'path': '/home/robot_ws/src/ambula_simulation/ambula_description', 'symlink_install': False, 'test_result_base': None}
[0.123s] Level 5:colcon.colcon_core.verb:set package 'ambula_hw' build argument 'cmake_args' from command line to 'None'
[0.123s] Level 5:colcon.colcon_core.verb:set package 'ambula_hw' build argument 'cmake_target' from command line to 'None'
[0.123s] Level 5:colcon.colcon_core.verb:set package 'ambula_hw' build argument 'cmake_target_skip_unavailable' from command line to 'False'
[0.123s] Level 5:colcon.colcon_core.verb:set package 'ambula_hw' build argument 'cmake_clean_cache' from command line to 'False'
[0.123s] Level 5:colcon.colcon_core.verb:set package 'ambula_hw' build argument 'cmake_clean_first' from command line to 'False'
[0.123s] Level 5:colcon.colcon_core.verb:set package 'ambula_hw' build argument 'cmake_force_configure' from command line to 'False'
[0.123s] Level 5:colcon.colcon_core.verb:set package 'ambula_hw' build argument 'ament_cmake_args' from command line to 'None'
[0.123s] Level 5:colcon.colcon_core.verb:set package 'ambula_hw' build argument 'catkin_cmake_args' from command line to 'None'
[0.123s] Level 5:colcon.colcon_core.verb:set package 'ambula_hw' build argument 'catkin_skip_building_tests' from command line to 'False'
[0.123s] DEBUG:colcon.colcon_core.verb:Building package 'ambula_hw' with the following arguments: {'ament_cmake_args': None, 'build_base': '/home/robot_ws/build/ambula_hw', 'catkin_cmake_args': None, 'catkin_skip_building_tests': False, 'cmake_args': None, 'cmake_clean_cache': False, 'cmake_clean_first': False, 'cmake_force_configure': False, 'cmake_target': None, 'cmake_target_skip_unavailable': False, 'install_base': '/home/robot_ws/install/ambula_hw', 'merge_install': False, 'path': '/home/robot_ws/src/ambula_hw', 'symlink_install': False, 'test_result_base': None}
[0.123s] Level 5:colcon.colcon_core.verb:set package 'ambula_perception' build argument 'cmake_args' from command line to 'None'
[0.123s] Level 5:colcon.colcon_core.verb:set package 'ambula_perception' build argument 'cmake_target' from command line to 'None'
[0.123s] Level 5:colcon.colcon_core.verb:set package 'ambula_perception' build argument 'cmake_target_skip_unavailable' from command line to 'False'
[0.123s] Level 5:colcon.colcon_core.verb:set package 'ambula_perception' build argument 'cmake_clean_cache' from command line to 'False'
[0.123s] Level 5:colcon.colcon_core.verb:set package 'ambula_perception' build argument 'cmake_clean_first' from command line to 'False'
[0.123s] Level 5:colcon.colcon_core.verb:set package 'ambula_perception' build argument 'cmake_force_configure' from command line to 'False'
[0.123s] Level 5:colcon.colcon_core.verb:set package 'ambula_perception' build argument 'ament_cmake_args' from command line to 'None'
[0.123s] Level 5:colcon.colcon_core.verb:set package 'ambula_perception' build argument 'catkin_cmake_args' from command line to 'None'
[0.123s] Level 5:colcon.colcon_core.verb:set package 'ambula_perception' build argument 'catkin_skip_building_tests' from command line to 'False'
[0.123s] DEBUG:colcon.colcon_core.verb:Building package 'ambula_perception' with the following arguments: {'ament_cmake_args': None, 'build_base': '/home/robot_ws/build/ambula_perception', 'catkin_cmake_args': None, 'catkin_skip_building_tests': False, 'cmake_args': None, 'cmake_clean_cache': False, 'cmake_clean_first': False, 'cmake_force_configure': False, 'cmake_target': None, 'cmake_target_skip_unavailable': False, 'install_base': '/home/robot_ws/install/ambula_perception', 'merge_install': False, 'path': '/home/robot_ws/src/ambula_perception', 'symlink_install': False, 'test_result_base': None}
[0.123s] Level 5:colcon.colcon_core.verb:set package 'ambula_rl' build argument 'cmake_args' from command line to 'None'
[0.123s] Level 5:colcon.colcon_core.verb:set package 'ambula_rl' build argument 'cmake_target' from command line to 'None'
[0.123s] Level 5:colcon.colcon_core.verb:set package 'ambula_rl' build argument 'cmake_target_skip_unavailable' from command line to 'False'
[0.123s] Level 5:colcon.colcon_core.verb:set package 'ambula_rl' build argument 'cmake_clean_cache' from command line to 'False'
[0.123s] Level 5:colcon.colcon_core.verb:set package 'ambula_rl' build argument 'cmake_clean_first' from command line to 'False'
[0.124s] Level 5:colcon.colcon_core.verb:set package 'ambula_rl' build argument 'cmake_force_configure' from command line to 'False'
[0.124s] Level 5:colcon.colcon_core.verb:set package 'ambula_rl' build argument 'ament_cmake_args' from command line to 'None'
[0.124s] Level 5:colcon.colcon_core.verb:set package 'ambula_rl' build argument 'catkin_cmake_args' from command line to 'None'
[0.124s] Level 5:colcon.colcon_core.verb:set package 'ambula_rl' build argument 'catkin_skip_building_tests' from command line to 'False'
[0.124s] DEBUG:colcon.colcon_core.verb:Building package 'ambula_rl' with the following arguments: {'ament_cmake_args': None, 'build_base': '/home/robot_ws/build/ambula_rl', 'catkin_cmake_args': None, 'catkin_skip_building_tests': False, 'cmake_args': None, 'cmake_clean_cache': False, 'cmake_clean_first': False, 'cmake_force_configure': False, 'cmake_target': None, 'cmake_target_skip_unavailable': False, 'install_base': '/home/robot_ws/install/ambula_rl', 'merge_install': False, 'path': '/home/robot_ws/src/ambula_rl', 'symlink_install': False, 'test_result_base': None}
[0.124s] Level 5:colcon.colcon_core.verb:set package 'ambula_safety' build argument 'cmake_args' from command line to 'None'
[0.124s] Level 5:colcon.colcon_core.verb:set package 'ambula_safety' build argument 'cmake_target' from command line to 'None'
[0.124s] Level 5:colcon.colcon_core.verb:set package 'ambula_safety' build argument 'cmake_target_skip_unavailable' from command line to 'False'
[0.124s] Level 5:colcon.colcon_core.verb:set package 'ambula_safety' build argument 'cmake_clean_cache' from command line to 'False'
[0.124s] Level 5:colcon.colcon_core.verb:set package 'ambula_safety' build argument 'cmake_clean_first' from command line to 'False'
[0.124s] Level 5:colcon.colcon_core.verb:set package 'ambula_safety' build argument 'cmake_force_configure' from command line to 'False'
[0.124s] Level 5:colcon.colcon_core.verb:set package 'ambula_safety' build argument 'ament_cmake_args' from command line to 'None'
[0.124s] Level 5:colcon.colcon_core.verb:set package 'ambula_safety' build argument 'catkin_cmake_args' from command line to 'None'
[0.124s] Level 5:colcon.colcon_core.verb:set package 'ambula_safety' build argument 'catkin_skip_building_tests' from command line to 'False'
[0.124s] DEBUG:colcon.colcon_core.verb:Building package 'ambula_safety' with the following arguments: {'ament_cmake_args': None, 'build_base': '/home/robot_ws/build/ambula_safety', 'catkin_cmake_args': None, 'catkin_skip_building_tests': False, 'cmake_args': None, 'cmake_clean_cache': False, 'cmake_clean_first': False, 'cmake_force_configure': False, 'cmake_target': None, 'cmake_target_skip_unavailable': False, 'install_base': '/home/robot_ws/install/ambula_safety', 'merge_install': False, 'path': '/home/robot_ws/src/ambula_safety', 'symlink_install': False, 'test_result_base': None}
[0.124s] Level 5:colcon.colcon_core.verb:set package 'ambula_state_estimator' build argument 'cmake_args' from command line to 'None'
[0.124s] Level 5:colcon.colcon_core.verb:set package 'ambula_state_estimator' build argument 'cmake_target' from command line to 'None'
[0.124s] Level 5:colcon.colcon_core.verb:set package 'ambula_state_estimator' build argument 'cmake_target_skip_unavailable' from command line to 'False'
[0.124s] Level 5:colcon.colcon_core.verb:set package 'ambula_state_estimator' build argument 'cmake_clean_cache' from command line to 'False'
[0.124s] Level 5:colcon.colcon_core.verb:set package 'ambula_state_estimator' build argument 'cmake_clean_first' from command line to 'False'
[0.124s] Level 5:colcon.colcon_core.verb:set package 'ambula_state_estimator' build argument 'cmake_force_configure' from command line to 'False'
[0.124s] Level 5:colcon.colcon_core.verb:set package 'ambula_state_estimator' build argument 'ament_cmake_args' from command line to 'None'
[0.124s] Level 5:colcon.colcon_core.verb:set package 'ambula_state_estimator' build argument 'catkin_cmake_args' from command line to 'None'
[0.124s] Level 5:colcon.colcon_core.verb:set package 'ambula_state_estimator' build argument 'catkin_skip_building_tests' from command line to 'False'
[0.124s] DEBUG:colcon.colcon_core.verb:Building package 'ambula_state_estimator' with the following arguments: {'ament_cmake_args': None, 'build_base': '/home/robot_ws/build/ambula_state_estimator', 'catkin_cmake_args': None, 'catkin_skip_building_tests': False, 'cmake_args': None, 'cmake_clean_cache': False, 'cmake_clean_first': False, 'cmake_force_configure': False, 'cmake_target': None, 'cmake_target_skip_unavailable': False, 'install_base': '/home/robot_ws/install/ambula_state_estimator', 'merge_install': False, 'path': '/home/robot_ws/src/ambula_state_estimator', 'symlink_install': False, 'test_result_base': None}
[0.124s] Level 5:colcon.colcon_core.verb:set package 'ambula_world' build argument 'cmake_args' from command line to 'None'
[0.124s] Level 5:colcon.colcon_core.verb:set package 'ambula_world' build argument 'cmake_target' from command line to 'None'
[0.124s] Level 5:colcon.colcon_core.verb:set package 'ambula_world' build argument 'cmake_target_skip_unavailable' from command line to 'False'
[0.124s] Level 5:colcon.colcon_core.verb:set package 'ambula_world' build argument 'cmake_clean_cache' from command line to 'False'
[0.124s] Level 5:colcon.colcon_core.verb:set package 'ambula_world' build argument 'cmake_clean_first' from command line to 'False'
[0.124s] Level 5:colcon.colcon_core.verb:set package 'ambula_world' build argument 'cmake_force_configure' from command line to 'False'
[0.124s] Level 5:colcon.colcon_core.verb:set package 'ambula_world' build argument 'ament_cmake_args' from command line to 'None'
[0.124s] Level 5:colcon.colcon_core.verb:set package 'ambula_world' build argument 'catkin_cmake_args' from command line to 'None'
[0.124s] Level 5:colcon.colcon_core.verb:set package 'ambula_world' build argument 'catkin_skip_building_tests' from command line to 'False'
[0.124s] DEBUG:colcon.colcon_core.verb:Building package 'ambula_world' with the following arguments: {'ament_cmake_args': None, 'build_base': '/home/robot_ws/build/ambula_world', 'catkin_cmake_args': None, 'catkin_skip_building_tests': False, 'cmake_args': None, 'cmake_clean_cache': False, 'cmake_clean_first': False, 'cmake_force_configure': False, 'cmake_target': None, 'cmake_target_skip_unavailable': False, 'install_base': '/home/robot_ws/install/ambula_world', 'merge_install': False, 'path': '/home/robot_ws/src/ambula_simulation/ambula_world', 'symlink_install': False, 'test_result_base': None}
[0.124s] INFO:colcon.colcon_core.executor:Executing jobs using 'parallel' executor
[0.125s] DEBUG:colcon.colcon_parallel_executor.executor.parallel:run_until_complete
[0.125s] INFO:colcon.colcon_ros.task.ament_cmake.build:Building ROS package in '/home/robot_ws/src/ambula_bringup' with build type 'ament_cmake'
[0.125s] INFO:colcon.colcon_cmake.task.cmake.build:Building CMake package in '/home/robot_ws/src/ambula_bringup'
[0.127s] INFO:colcon.colcon_core.plugin_system:Skipping extension 'colcon_core.shell.bat': Not used on non-Windows systems
[0.127s] INFO:colcon.colcon_core.shell:Skip shell extension 'powershell' for command environment: Not usable outside of PowerShell
[0.127s] DEBUG:colcon.colcon_core.shell:Skip shell extension 'dsv' for command environment
[0.130s] INFO:colcon.colcon_ros.task.ament_cmake.build:Building ROS package in '/home/robot_ws/src/ambula_controller' with build type 'ament_cmake'
[0.130s] INFO:colcon.colcon_cmake.task.cmake.build:Building CMake package in '/home/robot_ws/src/ambula_controller'
[0.130s] INFO:colcon.colcon_core.shell:Skip shell extension 'powershell' for command environment: Not usable outside of PowerShell
[0.130s] DEBUG:colcon.colcon_core.shell:Skip shell extension 'dsv' for command environment
[0.133s] INFO:colcon.colcon_ros.task.ament_cmake.build:Building ROS package in '/home/robot_ws/src/ambula_simulation/ambula_description' with build type 'ament_cmake'
[0.133s] INFO:colcon.colcon_cmake.task.cmake.build:Building CMake package in '/home/robot_ws/src/ambula_simulation/ambula_description'
[0.133s] INFO:colcon.colcon_core.shell:Skip shell extension 'powershell' for command environment: Not usable outside of PowerShell
[0.133s] DEBUG:colcon.colcon_core.shell:Skip shell extension 'dsv' for command environment
[0.135s] INFO:colcon.colcon_ros.task.ament_cmake.build:Building ROS package in '/home/robot_ws/src/ambula_hw' with build type 'ament_cmake'
[0.135s] INFO:colcon.colcon_cmake.task.cmake.build:Building CMake package in '/home/robot_ws/src/ambula_hw'
[0.136s] INFO:colcon.colcon_core.shell:Skip shell extension 'powershell' for command environment: Not usable outside of PowerShell
[0.136s] DEBUG:colcon.colcon_core.shell:Skip shell extension 'dsv' for command environment
[0.138s] INFO:colcon.colcon_ros.task.ament_cmake.build:Building ROS package in '/home/robot_ws/src/ambula_perception' with build type 'ament_cmake'
[0.138s] INFO:colcon.colcon_cmake.task.cmake.build:Building CMake package in '/home/robot_ws/src/ambula_perception'
[0.138s] INFO:colcon.colcon_core.shell:Skip shell extension 'powershell' for command environment: Not usable outside of PowerShell
[0.138s] DEBUG:colcon.colcon_core.shell:Skip shell extension 'dsv' for command environment
[0.141s] INFO:colcon.colcon_ros.task.ament_cmake.build:Building ROS package in '/home/robot_ws/src/ambula_rl' with build type 'ament_cmake'
[0.141s] INFO:colcon.colcon_cmake.task.cmake.build:Building CMake package in '/home/robot_ws/src/ambula_rl'
[0.141s] INFO:colcon.colcon_core.shell:Skip shell extension 'powershell' for command environment: Not usable outside of PowerShell
[0.141s] DEBUG:colcon.colcon_core.shell:Skip shell extension 'dsv' for command environment
[0.144s] INFO:colcon.colcon_ros.task.ament_cmake.build:Building ROS package in '/home/robot_ws/src/ambula_safety' with build type 'ament_cmake'
[0.144s] INFO:colcon.colcon_cmake.task.cmake.build:Building CMake package in '/home/robot_ws/src/ambula_safety'
[0.144s] INFO:colcon.colcon_core.shell:Skip shell extension 'powershell' for command environment: Not usable outside of PowerShell
[0.144s] DEBUG:colcon.colcon_core.shell:Skip shell extension 'dsv' for command environment
[0.146s] INFO:colcon.colcon_ros.task.ament_cmake.build:Building ROS package in '/home/robot_ws/src/ambula_state_estimator' with build type 'ament_cmake'
[0.146s] INFO:colcon.colcon_cmake.task.cmake.build:Building CMake package in '/home/robot_ws/src/ambula_state_estimator'
[0.146s] INFO:colcon.colcon_core.shell:Skip shell extension 'powershell' for command environment: Not usable outside of PowerShell
[0.146s] DEBUG:colcon.colcon_core.shell:Skip shell extension 'dsv' for command environment
[0.149s] INFO:colcon.colcon_ros.task.ament_cmake.build:Building ROS package in '/home/robot_ws/src/ambula_simulation/ambula_world' with build type 'ament_cmake'
[0.149s] INFO:colcon.colcon_cmake.task.cmake.build:Building CMake package in '/home/robot_ws/src/ambula_simulation/ambula_world'
[0.149s] INFO:colcon.colcon_core.shell:Skip shell extension 'powershell' for command environment: Not usable outside of PowerShell
[0.149s] DEBUG:colcon.colcon_core.shell:Skip shell extension 'dsv' for command environment
[0.155s] DEBUG:colcon.colcon_core.event_handler.log_command:Invoking command in '/home/robot_ws/build/ambula_bringup': CMAKE_PREFIX_PATH=${CMAKE_PREFIX_PATH}:/opt/ros/jazzy /usr/bin/cmake --build /home/robot_ws/build/ambula_bringup -- -j16 -l16
[0.156s] DEBUG:colcon.colcon_core.event_handler.log_command:Invoking command in '/home/robot_ws/build/ambula_controller': CMAKE_PREFIX_PATH=${CMAKE_PREFIX_PATH}:/opt/ros/jazzy /usr/bin/cmake --build /home/robot_ws/build/ambula_controller -- -j16 -l16
[0.157s] DEBUG:colcon.colcon_core.event_handler.log_command:Invoking command in '/home/robot_ws/build/ambula_description': CMAKE_PREFIX_PATH=${CMAKE_PREFIX_PATH}:/opt/ros/jazzy /usr/bin/cmake --build /home/robot_ws/build/ambula_description -- -j16 -l16
[0.158s] DEBUG:colcon.colcon_core.event_handler.log_command:Invoking command in '/home/robot_ws/build/ambula_hw': CMAKE_PREFIX_PATH=${CMAKE_PREFIX_PATH}:/opt/ros/jazzy /usr/bin/cmake --build /home/robot_ws/build/ambula_hw -- -j16 -l16
[0.160s] DEBUG:colcon.colcon_core.event_handler.log_command:Invoking command in '/home/robot_ws/build/ambula_perception': CMAKE_PREFIX_PATH=${CMAKE_PREFIX_PATH}:/opt/ros/jazzy /usr/bin/cmake --build /home/robot_ws/build/ambula_perception -- -j16 -l16
[0.168s] DEBUG:colcon.colcon_core.event_handler.log_command:Invoking command in '/home/robot_ws/build/ambula_rl': CMAKE_PREFIX_PATH=${CMAKE_PREFIX_PATH}:/opt/ros/jazzy /usr/bin/cmake --build /home/robot_ws/build/ambula_rl -- -j16 -l16
[0.182s] DEBUG:colcon.colcon_core.event_handler.log_command:Invoking command in '/home/robot_ws/build/ambula_safety': CMAKE_PREFIX_PATH=${CMAKE_PREFIX_PATH}:/opt/ros/jazzy /usr/bin/cmake --build /home/robot_ws/build/ambula_safety -- -j16 -l16
[0.201s] DEBUG:colcon.colcon_core.event_handler.log_command:Invoking command in '/home/robot_ws/build/ambula_state_estimator': CMAKE_PREFIX_PATH=${CMAKE_PREFIX_PATH}:/opt/ros/jazzy /usr/bin/cmake --build /home/robot_ws/build/ambula_state_estimator -- -j16 -l16
[0.250s] DEBUG:colcon.colcon_core.event_handler.log_command:Invoking command in '/home/robot_ws/build/ambula_world': CMAKE_PREFIX_PATH=${CMAKE_PREFIX_PATH}:/opt/ros/jazzy /usr/bin/cmake --build /home/robot_ws/build/ambula_world -- -j16 -l16
[0.406s] DEBUG:colcon.colcon_core.event_handler.log_command:Invoked command in '/home/robot_ws/build/ambula_description' returned '0': CMAKE_PREFIX_PATH=${CMAKE_PREFIX_PATH}:/opt/ros/jazzy /usr/bin/cmake --build /home/robot_ws/build/ambula_description -- -j16 -l16
[0.451s] DEBUG:colcon.colcon_core.event_handler.log_command:Invoking command in '/home/robot_ws/build/ambula_description': CMAKE_PREFIX_PATH=${CMAKE_PREFIX_PATH}:/opt/ros/jazzy /usr/bin/cmake --install /home/robot_ws/build/ambula_description
[0.460s] DEBUG:colcon.colcon_core.event_handler.log_command:Invoked command in '/home/robot_ws/build/ambula_hw' returned '0': CMAKE_PREFIX_PATH=${CMAKE_PREFIX_PATH}:/opt/ros/jazzy /usr/bin/cmake --build /home/robot_ws/build/ambula_hw -- -j16 -l16
[0.468s] DEBUG:colcon.colcon_core.event_handler.log_command:Invoking command in '/home/robot_ws/build/ambula_hw': CMAKE_PREFIX_PATH=${CMAKE_PREFIX_PATH}:/opt/ros/jazzy /usr/bin/cmake --install /home/robot_ws/build/ambula_hw
[0.469s] DEBUG:colcon.colcon_core.event_handler.log_command:Invoked command in '/home/robot_ws/build/ambula_bringup' returned '0': CMAKE_PREFIX_PATH=${CMAKE_PREFIX_PATH}:/opt/ros/jazzy /usr/bin/cmake --build /home/robot_ws/build/ambula_bringup -- -j16 -l16
[0.470s] DEBUG:colcon.colcon_core.event_handler.log_command:Invoking command in '/home/robot_ws/build/ambula_bringup': CMAKE_PREFIX_PATH=${CMAKE_PREFIX_PATH}:/opt/ros/jazzy /usr/bin/cmake --install /home/robot_ws/build/ambula_bringup
[0.473s] DEBUG:colcon.colcon_core.event_handler.log_command:Invoked command in '/home/robot_ws/build/ambula_state_estimator' returned '0': CMAKE_PREFIX_PATH=${CMAKE_PREFIX_PATH}:/opt/ros/jazzy /usr/bin/cmake --build /home/robot_ws/build/ambula_state_estimator -- -j16 -l16
[0.480s] DEBUG:colcon.colcon_core.event_handler.log_command:Invoking command in '/home/robot_ws/build/ambula_state_estimator': CMAKE_PREFIX_PATH=${CMAKE_PREFIX_PATH}:/opt/ros/jazzy /usr/bin/cmake --install /home/robot_ws/build/ambula_state_estimator
[0.483s] DEBUG:colcon.colcon_core.event_handler.log_command:Invoked command in '/home/robot_ws/build/ambula_rl' returned '0': CMAKE_PREFIX_PATH=${CMAKE_PREFIX_PATH}:/opt/ros/jazzy /usr/bin/cmake --build /home/robot_ws/build/ambula_rl -- -j16 -l16
[0.536s] DEBUG:colcon.colcon_core.event_handler.log_command:Invoking command in '/home/robot_ws/build/ambula_rl': CMAKE_PREFIX_PATH=${CMAKE_PREFIX_PATH}:/opt/ros/jazzy /usr/bin/cmake --install /home/robot_ws/build/ambula_rl
[0.539s] DEBUG:colcon.colcon_core.event_handler.log_command:Invoked command in '/home/robot_ws/build/ambula_safety' returned '0': CMAKE_PREFIX_PATH=${CMAKE_PREFIX_PATH}:/opt/ros/jazzy /usr/bin/cmake --build /home/robot_ws/build/ambula_safety -- -j16 -l16
[0.546s] Level 1:colcon.colcon_core.environment:create_environment_scripts_only(ambula_description)
[0.573s] DEBUG:colcon.colcon_core.event_handler.log_command:Invoking command in '/home/robot_ws/build/ambula_safety': CMAKE_PREFIX_PATH=${CMAKE_PREFIX_PATH}:/opt/ros/jazzy /usr/bin/cmake --install /home/robot_ws/build/ambula_safety
[0.574s] DEBUG:colcon.colcon_core.event_handler.log_command:Invoked command in '/home/robot_ws/build/ambula_world' returned '0': CMAKE_PREFIX_PATH=${CMAKE_PREFIX_PATH}:/opt/ros/jazzy /usr/bin/cmake --build /home/robot_ws/build/ambula_world -- -j16 -l16
[0.583s] DEBUG:colcon.colcon_core.event_handler.log_command:Invoking command in '/home/robot_ws/build/ambula_world': CMAKE_PREFIX_PATH=${CMAKE_PREFIX_PATH}:/opt/ros/jazzy /usr/bin/cmake --install /home/robot_ws/build/ambula_world
[0.602s] DEBUG:colcon.colcon_core.event_handler.log_command:Invoked command in '/home/robot_ws/build/ambula_description' returned '0': CMAKE_PREFIX_PATH=${CMAKE_PREFIX_PATH}:/opt/ros/jazzy /usr/bin/cmake --install /home/robot_ws/build/ambula_description
[0.603s] Level 1:colcon.colcon_core.environment:checking '/home/robot_ws/install/ambula_description' for CMake module files
[0.605s] Level 1:colcon.colcon_core.environment:checking '/home/robot_ws/install/ambula_description' for CMake config files
[0.606s] Level 1:colcon.colcon_core.shell:create_environment_hook('ambula_description', 'cmake_prefix_path')
[0.607s] INFO:colcon.colcon_core.shell:Creating environment hook '/home/robot_ws/install/ambula_description/share/ambula_description/hook/cmake_prefix_path.ps1'
[0.608s] INFO:colcon.colcon_core.shell:Creating environment descriptor '/home/robot_ws/install/ambula_description/share/ambula_description/hook/cmake_prefix_path.dsv'
[0.609s] INFO:colcon.colcon_core.shell:Creating environment hook '/home/robot_ws/install/ambula_description/share/ambula_description/hook/cmake_prefix_path.sh'
[0.612s] Level 1:colcon.colcon_core.environment:checking '/home/robot_ws/install/ambula_description/bin'
[0.612s] Level 1:colcon.colcon_core.environment:checking '/home/robot_ws/install/ambula_description/lib/pkgconfig/ambula_description.pc'
[0.614s] Level 1:colcon.colcon_core.environment:checking '/home/robot_ws/install/ambula_description/lib/python3.12/site-packages'
[0.614s] Level 1:colcon.colcon_core.environment:checking '/home/robot_ws/install/ambula_description/bin'
[0.615s] INFO:colcon.colcon_core.shell:Creating package script '/home/robot_ws/install/ambula_description/share/ambula_description/package.ps1'
[0.615s] INFO:colcon.colcon_core.shell:Creating package descriptor '/home/robot_ws/install/ambula_description/share/ambula_description/package.dsv'
[0.616s] INFO:colcon.colcon_core.shell:Creating package script '/home/robot_ws/install/ambula_description/share/ambula_description/package.sh'
[0.617s] INFO:colcon.colcon_core.shell:Creating package script '/home/robot_ws/install/ambula_description/share/ambula_description/package.bash'
[0.617s] INFO:colcon.colcon_core.shell:Creating package script '/home/robot_ws/install/ambula_description/share/ambula_description/package.zsh'
[0.618s] Level 1:colcon.colcon_core.environment:create_file_with_runtime_dependencies(/home/robot_ws/install/ambula_description/share/colcon-core/packages/ambula_description)
[0.619s] Level 1:colcon.colcon_core.environment:create_environment_scripts_only(ambula_description)
[0.619s] Level 1:colcon.colcon_core.environment:checking '/home/robot_ws/install/ambula_description' for CMake module files
[0.619s] Level 1:colcon.colcon_core.environment:checking '/home/robot_ws/install/ambula_description' for CMake config files
[0.619s] Level 1:colcon.colcon_core.shell:create_environment_hook('ambula_description', 'cmake_prefix_path')
[0.620s] INFO:colcon.colcon_core.shell:Creating environment hook '/home/robot_ws/install/ambula_description/share/ambula_description/hook/cmake_prefix_path.ps1'
[0.620s] INFO:colcon.colcon_core.shell:Creating environment descriptor '/home/robot_ws/install/ambula_description/share/ambula_description/hook/cmake_prefix_path.dsv'
[0.620s] INFO:colcon.colcon_core.shell:Creating environment hook '/home/robot_ws/install/ambula_description/share/ambula_description/hook/cmake_prefix_path.sh'
[0.620s] Level 1:colcon.colcon_core.environment:checking '/home/robot_ws/install/ambula_description/bin'
[0.620s] Level 1:colcon.colcon_core.environment:checking '/home/robot_ws/install/ambula_description/lib/pkgconfig/ambula_description.pc'
[0.621s] Level 1:colcon.colcon_core.environment:checking '/home/robot_ws/install/ambula_description/lib/python3.12/site-packages'
[0.621s] Level 1:colcon.colcon_core.environment:checking '/home/robot_ws/install/ambula_description/bin'
[0.621s] INFO:colcon.colcon_core.shell:Creating package script '/home/robot_ws/install/ambula_description/share/ambula_description/package.ps1'
[0.621s] INFO:colcon.colcon_core.shell:Creating package descriptor '/home/robot_ws/install/ambula_description/share/ambula_description/package.dsv'
[0.621s] INFO:colcon.colcon_core.shell:Creating package script '/home/robot_ws/install/ambula_description/share/ambula_description/package.sh'
[0.622s] INFO:colcon.colcon_core.shell:Creating package script '/home/robot_ws/install/ambula_description/share/ambula_description/package.bash'
[0.622s] INFO:colcon.colcon_core.shell:Creating package script '/home/robot_ws/install/ambula_description/share/ambula_description/package.zsh'
[0.622s] Level 1:colcon.colcon_core.environment:create_file_with_runtime_dependencies(/home/robot_ws/install/ambula_description/share/colcon-core/packages/ambula_description)
[0.623s] Level 1:colcon.colcon_core.environment:create_environment_scripts_only(ambula_hw)
[0.623s] Level 1:colcon.colcon_core.environment:checking '/home/robot_ws/install/ambula_hw' for CMake module files
[0.623s] DEBUG:colcon.colcon_core.event_handler.log_command:Invoked command in '/home/robot_ws/build/ambula_hw' returned '0': CMAKE_PREFIX_PATH=${CMAKE_PREFIX_PATH}:/opt/ros/jazzy /usr/bin/cmake --install /home/robot_ws/build/ambula_hw
[0.623s] Level 1:colcon.colcon_core.environment:checking '/home/robot_ws/install/ambula_hw' for CMake config files
[0.623s] Level 1:colcon.colcon_core.shell:create_environment_hook('ambula_hw', 'cmake_prefix_path')
[0.623s] INFO:colcon.colcon_core.shell:Creating environment hook '/home/robot_ws/install/ambula_hw/share/ambula_hw/hook/cmake_prefix_path.ps1'
[0.624s] INFO:colcon.colcon_core.shell:Creating environment descriptor '/home/robot_ws/install/ambula_hw/share/ambula_hw/hook/cmake_prefix_path.dsv'
[0.624s] INFO:colcon.colcon_core.shell:Creating environment hook '/home/robot_ws/install/ambula_hw/share/ambula_hw/hook/cmake_prefix_path.sh'
[0.624s] Level 1:colcon.colcon_core.environment:checking '/home/robot_ws/install/ambula_hw/bin'
[0.624s] Level 1:colcon.colcon_core.environment:checking '/home/robot_ws/install/ambula_hw/lib/pkgconfig/ambula_hw.pc'
[0.624s] Level 1:colcon.colcon_core.environment:checking '/home/robot_ws/install/ambula_hw/lib/python3.12/site-packages'
[0.624s] Level 1:colcon.colcon_core.environment:checking '/home/robot_ws/install/ambula_hw/bin'
[0.625s] INFO:colcon.colcon_core.shell:Creating package script '/home/robot_ws/install/ambula_hw/share/ambula_hw/package.ps1'
[0.625s] INFO:colcon.colcon_core.shell:Creating package descriptor '/home/robot_ws/install/ambula_hw/share/ambula_hw/package.dsv'
[0.625s] INFO:colcon.colcon_core.shell:Creating package script '/home/robot_ws/install/ambula_hw/share/ambula_hw/package.sh'
[0.625s] INFO:colcon.colcon_core.shell:Creating package script '/home/robot_ws/install/ambula_hw/share/ambula_hw/package.bash'
[0.625s] INFO:colcon.colcon_core.shell:Creating package script '/home/robot_ws/install/ambula_hw/share/ambula_hw/package.zsh'
[0.625s] Level 1:colcon.colcon_core.environment:create_file_with_runtime_dependencies(/home/robot_ws/install/ambula_hw/share/colcon-core/packages/ambula_hw)
[0.626s] Level 1:colcon.colcon_core.environment:create_environment_scripts_only(ambula_hw)
[0.626s] Level 1:colcon.colcon_core.environment:checking '/home/robot_ws/install/ambula_hw' for CMake module files
[0.626s] Level 1:colcon.colcon_core.environment:checking '/home/robot_ws/install/ambula_hw' for CMake config files
[0.626s] Level 1:colcon.colcon_core.shell:create_environment_hook('ambula_hw', 'cmake_prefix_path')
[0.626s] INFO:colcon.colcon_core.shell:Creating environment hook '/home/robot_ws/install/ambula_hw/share/ambula_hw/hook/cmake_prefix_path.ps1'
[0.626s] INFO:colcon.colcon_core.shell:Creating environment descriptor '/home/robot_ws/install/ambula_hw/share/ambula_hw/hook/cmake_prefix_path.dsv'
[0.627s] INFO:colcon.colcon_core.shell:Creating environment hook '/home/robot_ws/install/ambula_hw/share/ambula_hw/hook/cmake_prefix_path.sh'
[0.627s] Level 1:colcon.colcon_core.environment:checking '/home/robot_ws/install/ambula_hw/bin'
[0.627s] Level 1:colcon.colcon_core.environment:checking '/home/robot_ws/install/ambula_hw/lib/pkgconfig/ambula_hw.pc'
[0.627s] Level 1:colcon.colcon_core.environment:checking '/home/robot_ws/install/ambula_hw/lib/python3.12/site-packages'
[0.627s] Level 1:colcon.colcon_core.environment:checking '/home/robot_ws/install/ambula_hw/bin'
[0.627s] INFO:colcon.colcon_core.shell:Creating package script '/home/robot_ws/install/ambula_hw/share/ambula_hw/package.ps1'
[0.628s] INFO:colcon.colcon_core.shell:Creating package descriptor '/home/robot_ws/install/ambula_hw/share/ambula_hw/package.dsv'
[0.628s] INFO:colcon.colcon_core.shell:Creating package script '/home/robot_ws/install/ambula_hw/share/ambula_hw/package.sh'
[0.628s] INFO:colcon.colcon_core.shell:Creating package script '/home/robot_ws/install/ambula_hw/share/ambula_hw/package.bash'
[0.628s] INFO:colcon.colcon_core.shell:Creating package script '/home/robot_ws/install/ambula_hw/share/ambula_hw/package.zsh'
[0.628s] Level 1:colcon.colcon_core.environment:create_file_with_runtime_dependencies(/home/robot_ws/install/ambula_hw/share/colcon-core/packages/ambula_hw)
[0.629s] Level 1:colcon.colcon_core.environment:create_environment_scripts_only(ambula_bringup)
[0.630s] Level 1:colcon.colcon_core.environment:checking '/home/robot_ws/install/ambula_bringup' for CMake module files
[0.630s] DEBUG:colcon.colcon_core.event_handler.log_command:Invoked command in '/home/robot_ws/build/ambula_bringup' returned '0': CMAKE_PREFIX_PATH=${CMAKE_PREFIX_PATH}:/opt/ros/jazzy /usr/bin/cmake --install /home/robot_ws/build/ambula_bringup
[0.630s] Level 1:colcon.colcon_core.environment:checking '/home/robot_ws/install/ambula_bringup' for CMake config files
[0.630s] Level 1:colcon.colcon_core.shell:create_environment_hook('ambula_bringup', 'cmake_prefix_path')
[0.630s] INFO:colcon.colcon_core.shell:Creating environment hook '/home/robot_ws/install/ambula_bringup/share/ambula_bringup/hook/cmake_prefix_path.ps1'
[0.630s] INFO:colcon.colcon_core.shell:Creating environment descriptor '/home/robot_ws/install/ambula_bringup/share/ambula_bringup/hook/cmake_prefix_path.dsv'
[0.631s] INFO:colcon.colcon_core.shell:Creating environment hook '/home/robot_ws/install/ambula_bringup/share/ambula_bringup/hook/cmake_prefix_path.sh'
[0.631s] Level 1:colcon.colcon_core.environment:checking '/home/robot_ws/install/ambula_bringup/bin'
[0.631s] Level 1:colcon.colcon_core.environment:checking '/home/robot_ws/install/ambula_bringup/lib/pkgconfig/ambula_bringup.pc'
[0.631s] Level 1:colcon.colcon_core.environment:checking '/home/robot_ws/install/ambula_bringup/lib/python3.12/site-packages'
[0.631s] Level 1:colcon.colcon_core.environment:checking '/home/robot_ws/install/ambula_bringup/bin'
[0.631s] INFO:colcon.colcon_core.shell:Creating package script '/home/robot_ws/install/ambula_bringup/share/ambula_bringup/package.ps1'
[0.632s] INFO:colcon.colcon_core.shell:Creating package descriptor '/home/robot_ws/install/ambula_bringup/share/ambula_bringup/package.dsv'
[0.632s] INFO:colcon.colcon_core.shell:Creating package script '/home/robot_ws/install/ambula_bringup/share/ambula_bringup/package.sh'
[0.632s] INFO:colcon.colcon_core.shell:Creating package script '/home/robot_ws/install/ambula_bringup/share/ambula_bringup/package.bash'
[0.632s] INFO:colcon.colcon_core.shell:Creating package script '/home/robot_ws/install/ambula_bringup/share/ambula_bringup/package.zsh'
[0.632s] Level 1:colcon.colcon_core.environment:create_file_with_runtime_dependencies(/home/robot_ws/install/ambula_bringup/share/colcon-core/packages/ambula_bringup)
[0.632s] Level 1:colcon.colcon_core.environment:create_environment_scripts_only(ambula_bringup)
[0.633s] Level 1:colcon.colcon_core.environment:checking '/home/robot_ws/install/ambula_bringup' for CMake module files
[0.633s] Level 1:colcon.colcon_core.environment:checking '/home/robot_ws/install/ambula_bringup' for CMake config files
[0.633s] Level 1:colcon.colcon_core.shell:create_environment_hook('ambula_bringup', 'cmake_prefix_path')
[0.633s] INFO:colcon.colcon_core.shell:Creating environment hook '/home/robot_ws/install/ambula_bringup/share/ambula_bringup/hook/cmake_prefix_path.ps1'
[0.633s] INFO:colcon.colcon_core.shell:Creating environment descriptor '/home/robot_ws/install/ambula_bringup/share/ambula_bringup/hook/cmake_prefix_path.dsv'
[0.633s] INFO:colcon.colcon_core.shell:Creating environment hook '/home/robot_ws/install/ambula_bringup/share/ambula_bringup/hook/cmake_prefix_path.sh'
[0.634s] Level 1:colcon.colcon_core.environment:checking '/home/robot_ws/install/ambula_bringup/bin'
[0.634s] Level 1:colcon.colcon_core.environment:checking '/home/robot_ws/install/ambula_bringup/lib/pkgconfig/ambula_bringup.pc'
[0.634s] Level 1:colcon.colcon_core.environment:checking '/home/robot_ws/install/ambula_bringup/lib/python3.12/site-packages'
[0.634s] Level 1:colcon.colcon_core.environment:checking '/home/robot_ws/install/ambula_bringup/bin'
[0.634s] INFO:colcon.colcon_core.shell:Creating package script '/home/robot_ws/install/ambula_bringup/share/ambula_bringup/package.ps1'
[0.635s] INFO:colcon.colcon_core.shell:Creating package descriptor '/home/robot_ws/install/ambula_bringup/share/ambula_bringup/package.dsv'
[0.635s] INFO:colcon.colcon_core.shell:Creating package script '/home/robot_ws/install/ambula_bringup/share/ambula_bringup/package.sh'
[0.635s] INFO:colcon.colcon_core.shell:Creating package script '/home/robot_ws/install/ambula_bringup/share/ambula_bringup/package.bash'
[0.635s] INFO:colcon.colcon_core.shell:Creating package script '/home/robot_ws/install/ambula_bringup/share/ambula_bringup/package.zsh'
[0.635s] Level 1:colcon.colcon_core.environment:create_file_with_runtime_dependencies(/home/robot_ws/install/ambula_bringup/share/colcon-core/packages/ambula_bringup)
[0.636s] Level 1:colcon.colcon_core.environment:create_environment_scripts_only(ambula_state_estimator)
[0.636s] Level 1:colcon.colcon_core.environment:checking '/home/robot_ws/install/ambula_state_estimator' for CMake module files
[0.636s] Level 1:colcon.colcon_core.environment:checking '/home/robot_ws/install/ambula_state_estimator' for CMake config files
[0.636s] DEBUG:colcon.colcon_core.event_handler.log_command:Invoked command in '/home/robot_ws/build/ambula_state_estimator' returned '0': CMAKE_PREFIX_PATH=${CMAKE_PREFIX_PATH}:/opt/ros/jazzy /usr/bin/cmake --install /home/robot_ws/build/ambula_state_estimator
[0.636s] Level 1:colcon.colcon_core.shell:create_environment_hook('ambula_state_estimator', 'cmake_prefix_path')
[0.637s] INFO:colcon.colcon_core.shell:Creating environment hook '/home/robot_ws/install/ambula_state_estimator/share/ambula_state_estimator/hook/cmake_prefix_path.ps1'
[0.637s] INFO:colcon.colcon_core.shell:Creating environment descriptor '/home/robot_ws/install/ambula_state_estimator/share/ambula_state_estimator/hook/cmake_prefix_path.dsv'
[0.637s] INFO:colcon.colcon_core.shell:Creating environment hook '/home/robot_ws/install/ambula_state_estimator/share/ambula_state_estimator/hook/cmake_prefix_path.sh'
[0.637s] Level 1:colcon.colcon_core.environment:checking '/home/robot_ws/install/ambula_state_estimator/bin'
[0.637s] Level 1:colcon.colcon_core.environment:checking '/home/robot_ws/install/ambula_state_estimator/lib/pkgconfig/ambula_state_estimator.pc'
[0.637s] Level 1:colcon.colcon_core.environment:checking '/home/robot_ws/install/ambula_state_estimator/lib/python3.12/site-packages'
[0.638s] Level 1:colcon.colcon_core.environment:checking '/home/robot_ws/install/ambula_state_estimator/bin'
[0.638s] INFO:colcon.colcon_core.shell:Creating package script '/home/robot_ws/install/ambula_state_estimator/share/ambula_state_estimator/package.ps1'
[0.638s] INFO:colcon.colcon_core.shell:Creating package descriptor '/home/robot_ws/install/ambula_state_estimator/share/ambula_state_estimator/package.dsv'
[0.638s] INFO:colcon.colcon_core.shell:Creating package script '/home/robot_ws/install/ambula_state_estimator/share/ambula_state_estimator/package.sh'
[0.638s] INFO:colcon.colcon_core.shell:Creating package script '/home/robot_ws/install/ambula_state_estimator/share/ambula_state_estimator/package.bash'
[0.638s] INFO:colcon.colcon_core.shell:Creating package script '/home/robot_ws/install/ambula_state_estimator/share/ambula_state_estimator/package.zsh'
[0.639s] Level 1:colcon.colcon_core.environment:create_file_with_runtime_dependencies(/home/robot_ws/install/ambula_state_estimator/share/colcon-core/packages/ambula_state_estimator)
[0.639s] Level 1:colcon.colcon_core.environment:create_environment_scripts_only(ambula_state_estimator)
[0.639s] Level 1:colcon.colcon_core.environment:checking '/home/robot_ws/install/ambula_state_estimator' for CMake module files
[0.639s] Level 1:colcon.colcon_core.environment:checking '/home/robot_ws/install/ambula_state_estimator' for CMake config files
[0.639s] Level 1:colcon.colcon_core.shell:create_environment_hook('ambula_state_estimator', 'cmake_prefix_path')
[0.639s] INFO:colcon.colcon_core.shell:Creating environment hook '/home/robot_ws/install/ambula_state_estimator/share/ambula_state_estimator/hook/cmake_prefix_path.ps1'
[0.640s] INFO:colcon.colcon_core.shell:Creating environment descriptor '/home/robot_ws/install/ambula_state_estimator/share/ambula_state_estimator/hook/cmake_prefix_path.dsv'
[0.640s] INFO:colcon.colcon_core.shell:Creating environment hook '/home/robot_ws/install/ambula_state_estimator/share/ambula_state_estimator/hook/cmake_prefix_path.sh'
[0.640s] Level 1:colcon.colcon_core.environment:checking '/home/robot_ws/install/ambula_state_estimator/bin'
[0.640s] Level 1:colcon.colcon_core.environment:checking '/home/robot_ws/install/ambula_state_estimator/lib/pkgconfig/ambula_state_estimator.pc'
[0.640s] Level 1:colcon.colcon_core.environment:checking '/home/robot_ws/install/ambula_state_estimator/lib/python3.12/site-packages'
[0.640s] Level 1:colcon.colcon_core.environment:checking '/home/robot_ws/install/ambula_state_estimator/bin'
[0.640s] INFO:colcon.colcon_core.shell:Creating package script '/home/robot_ws/install/ambula_state_estimator/share/ambula_state_estimator/package.ps1'
[0.641s] INFO:colcon.colcon_core.shell:Creating package descriptor '/home/robot_ws/install/ambula_state_estimator/share/ambula_state_estimator/package.dsv'
[0.641s] INFO:colcon.colcon_core.shell:Creating package script '/home/robot_ws/install/ambula_state_estimator/share/ambula_state_estimator/package.sh'
[0.641s] INFO:colcon.colcon_core.shell:Creating package script '/home/robot_ws/install/ambula_state_estimator/share/ambula_state_estimator/package.bash'
[0.641s] INFO:colcon.colcon_core.shell:Creating package script '/home/robot_ws/install/ambula_state_estimator/share/ambula_state_estimator/package.zsh'
[0.642s] Level 1:colcon.colcon_core.environment:create_file_with_runtime_dependencies(/home/robot_ws/install/ambula_state_estimator/share/colcon-core/packages/ambula_state_estimator)
[0.642s] Level 1:colcon.colcon_core.environment:create_environment_scripts_only(ambula_world)
[0.642s] Level 1:colcon.colcon_core.environment:checking '/home/robot_ws/install/ambula_world' for CMake module files
[0.642s] Level 1:colcon.colcon_core.environment:checking '/home/robot_ws/install/ambula_world' for CMake config files
[0.642s] DEBUG:colcon.colcon_core.event_handler.log_command:Invoked command in '/home/robot_ws/build/ambula_world' returned '0': CMAKE_PREFIX_PATH=${CMAKE_PREFIX_PATH}:/opt/ros/jazzy /usr/bin/cmake --install /home/robot_ws/build/ambula_world
[0.643s] Level 1:colcon.colcon_core.shell:create_environment_hook('ambula_world', 'cmake_prefix_path')
[0.643s] INFO:colcon.colcon_core.shell:Creating environment hook '/home/robot_ws/install/ambula_world/share/ambula_world/hook/cmake_prefix_path.ps1'
[0.643s] INFO:colcon.colcon_core.shell:Creating environment descriptor '/home/robot_ws/install/ambula_world/share/ambula_world/hook/cmake_prefix_path.dsv'
[0.643s] INFO:colcon.colcon_core.shell:Creating environment hook '/home/robot_ws/install/ambula_world/share/ambula_world/hook/cmake_prefix_path.sh'
[0.643s] Level 1:colcon.colcon_core.environment:checking '/home/robot_ws/install/ambula_world/bin'
[0.643s] Level 1:colcon.colcon_core.environment:checking '/home/robot_ws/install/ambula_world/lib/pkgconfig/ambula_world.pc'
[0.644s] Level 1:colcon.colcon_core.environment:checking '/home/robot_ws/install/ambula_world/lib/python3.12/site-packages'
[0.644s] Level 1:colcon.colcon_core.environment:checking '/home/robot_ws/install/ambula_world/bin'
[0.644s] INFO:colcon.colcon_core.shell:Creating package script '/home/robot_ws/install/ambula_world/share/ambula_world/package.ps1'
[0.644s] INFO:colcon.colcon_core.shell:Creating package descriptor '/home/robot_ws/install/ambula_world/share/ambula_world/package.dsv'
[0.644s] INFO:colcon.colcon_core.shell:Creating package script '/home/robot_ws/install/ambula_world/share/ambula_world/package.sh'
[0.644s] INFO:colcon.colcon_core.shell:Creating package script '/home/robot_ws/install/ambula_world/share/ambula_world/package.bash'
[0.645s] INFO:colcon.colcon_core.shell:Creating package script '/home/robot_ws/install/ambula_world/share/ambula_world/package.zsh'
[0.645s] Level 1:colcon.colcon_core.environment:create_file_with_runtime_dependencies(/home/robot_ws/install/ambula_world/share/colcon-core/packages/ambula_world)
[0.645s] Level 1:colcon.colcon_core.environment:create_environment_scripts_only(ambula_world)
[0.645s] Level 1:colcon.colcon_core.environment:checking '/home/robot_ws/install/ambula_world' for CMake module files
[0.645s] Level 1:colcon.colcon_core.environment:checking '/home/robot_ws/install/ambula_world' for CMake config files
[0.645s] Level 1:colcon.colcon_core.shell:create_environment_hook('ambula_world', 'cmake_prefix_path')
[0.645s] INFO:colcon.colcon_core.shell:Creating environment hook '/home/robot_ws/install/ambula_world/share/ambula_world/hook/cmake_prefix_path.ps1'
[0.646s] INFO:colcon.colcon_core.shell:Creating environment descriptor '/home/robot_ws/install/ambula_world/share/ambula_world/hook/cmake_prefix_path.dsv'
[0.646s] INFO:colcon.colcon_core.shell:Creating environment hook '/home/robot_ws/install/ambula_world/share/ambula_world/hook/cmake_prefix_path.sh'
[0.646s] Level 1:colcon.colcon_core.environment:checking '/home/robot_ws/install/ambula_world/bin'
[0.646s] Level 1:colcon.colcon_core.environment:checking '/home/robot_ws/install/ambula_world/lib/pkgconfig/ambula_world.pc'
[0.646s] Level 1:colcon.colcon_core.environment:checking '/home/robot_ws/install/ambula_world/lib/python3.12/site-packages'
[0.646s] Level 1:colcon.colcon_core.environment:checking '/home/robot_ws/install/ambula_world/bin'
[0.647s] INFO:colcon.colcon_core.shell:Creating package script '/home/robot_ws/install/ambula_world/share/ambula_world/package.ps1'
[0.647s] INFO:colcon.colcon_core.shell:Creating package descriptor '/home/robot_ws/install/ambula_world/share/ambula_world/package.dsv'
[0.647s] INFO:colcon.colcon_core.shell:Creating package script '/home/robot_ws/install/ambula_world/share/ambula_world/package.sh'
[0.647s] INFO:colcon.colcon_core.shell:Creating package script '/home/robot_ws/install/ambula_world/share/ambula_world/package.bash'
[0.648s] INFO:colcon.colcon_core.shell:Creating package script '/home/robot_ws/install/ambula_world/share/ambula_world/package.zsh'
[0.648s] Level 1:colcon.colcon_core.environment:create_file_with_runtime_dependencies(/home/robot_ws/install/ambula_world/share/colcon-core/packages/ambula_world)
[0.648s] Level 1:colcon.colcon_core.environment:create_environment_scripts_only(ambula_safety)
[0.648s] Level 1:colcon.colcon_core.environment:checking '/home/robot_ws/install/ambula_safety' for CMake module files
[0.648s] Level 1:colcon.colcon_core.environment:checking '/home/robot_ws/install/ambula_safety' for CMake config files
[0.649s] Level 1:colcon.colcon_core.shell:create_environment_hook('ambula_safety', 'cmake_prefix_path')
[0.649s] INFO:colcon.colcon_core.shell:Creating environment hook '/home/robot_ws/install/ambula_safety/share/ambula_safety/hook/cmake_prefix_path.ps1'
[0.654s] DEBUG:colcon.colcon_core.event_handler.log_command:Invoked command in '/home/robot_ws/build/ambula_safety' returned '0': CMAKE_PREFIX_PATH=${CMAKE_PREFIX_PATH}:/opt/ros/jazzy /usr/bin/cmake --install /home/robot_ws/build/ambula_safety
[0.656s] INFO:colcon.colcon_core.shell:Creating environment descriptor '/home/robot_ws/install/ambula_safety/share/ambula_safety/hook/cmake_prefix_path.dsv'
[0.659s] INFO:colcon.colcon_core.shell:Creating environment hook '/home/robot_ws/install/ambula_safety/share/ambula_safety/hook/cmake_prefix_path.sh'
[0.662s] Level 1:colcon.colcon_core.environment:checking '/home/robot_ws/install/ambula_safety/bin'
[0.662s] Level 1:colcon.colcon_core.environment:checking '/home/robot_ws/install/ambula_safety/lib/pkgconfig/ambula_safety.pc'
[0.662s] Level 1:colcon.colcon_core.environment:checking '/home/robot_ws/install/ambula_safety/lib/python3.12/site-packages'
[0.663s] Level 1:colcon.colcon_core.environment:checking '/home/robot_ws/install/ambula_safety/bin'
[0.663s] INFO:colcon.colcon_core.shell:Creating package script '/home/robot_ws/install/ambula_safety/share/ambula_safety/package.ps1'
[0.663s] INFO:colcon.colcon_core.shell:Creating package descriptor '/home/robot_ws/install/ambula_safety/share/ambula_safety/package.dsv'
[0.664s] INFO:colcon.colcon_core.shell:Creating package script '/home/robot_ws/install/ambula_safety/share/ambula_safety/package.sh'
[0.664s] INFO:colcon.colcon_core.shell:Creating package script '/home/robot_ws/install/ambula_safety/share/ambula_safety/package.bash'
[0.664s] INFO:colcon.colcon_core.shell:Creating package script '/home/robot_ws/install/ambula_safety/share/ambula_safety/package.zsh'
[0.665s] Level 1:colcon.colcon_core.environment:create_file_with_runtime_dependencies(/home/robot_ws/install/ambula_safety/share/colcon-core/packages/ambula_safety)
[0.665s] Level 1:colcon.colcon_core.environment:create_environment_scripts_only(ambula_safety)
[0.665s] Level 1:colcon.colcon_core.environment:checking '/home/robot_ws/install/ambula_safety' for CMake module files
[0.666s] Level 1:colcon.colcon_core.environment:checking '/home/robot_ws/install/ambula_safety' for CMake config files
[0.666s] Level 1:colcon.colcon_core.shell:create_environment_hook('ambula_safety', 'cmake_prefix_path')
[0.666s] INFO:colcon.colcon_core.shell:Creating environment hook '/home/robot_ws/install/ambula_safety/share/ambula_safety/hook/cmake_prefix_path.ps1'
[0.667s] INFO:colcon.colcon_core.shell:Creating environment descriptor '/home/robot_ws/install/ambula_safety/share/ambula_safety/hook/cmake_prefix_path.dsv'
[0.667s] INFO:colcon.colcon_core.shell:Creating environment hook '/home/robot_ws/install/ambula_safety/share/ambula_safety/hook/cmake_prefix_path.sh'
[0.668s] Level 1:colcon.colcon_core.environment:checking '/home/robot_ws/install/ambula_safety/bin'
[0.668s] Level 1:colcon.colcon_core.environment:checking '/home/robot_ws/install/ambula_safety/lib/pkgconfig/ambula_safety.pc'
[0.668s] Level 1:colcon.colcon_core.environment:checking '/home/robot_ws/install/ambula_safety/lib/python3.12/site-packages'
[0.668s] Level 1:colcon.colcon_core.environment:checking '/home/robot_ws/install/ambula_safety/bin'
[0.669s] INFO:colcon.colcon_core.shell:Creating package script '/home/robot_ws/install/ambula_safety/share/ambula_safety/package.ps1'
[0.669s] INFO:colcon.colcon_core.shell:Creating package descriptor '/home/robot_ws/install/ambula_safety/share/ambula_safety/package.dsv'
[0.670s] INFO:colcon.colcon_core.shell:Creating package script '/home/robot_ws/install/ambula_safety/share/ambula_safety/package.sh'
[0.670s] INFO:colcon.colcon_core.shell:Creating package script '/home/robot_ws/install/ambula_safety/share/ambula_safety/package.bash'
[0.671s] INFO:colcon.colcon_core.shell:Creating package script '/home/robot_ws/install/ambula_safety/share/ambula_safety/package.zsh'
[0.671s] Level 1:colcon.colcon_core.environment:create_file_with_runtime_dependencies(/home/robot_ws/install/ambula_safety/share/colcon-core/packages/ambula_safety)
[0.673s] DEBUG:colcon.colcon_core.event_handler.log_command:Invoked command in '/home/robot_ws/build/ambula_perception' returned '0': CMAKE_PREFIX_PATH=${CMAKE_PREFIX_PATH}:/opt/ros/jazzy /usr/bin/cmake --build /home/robot_ws/build/ambula_perception -- -j16 -l16
[0.673s] Level 1:colcon.colcon_core.environment:create_environment_scripts_only(ambula_rl)
[0.673s] Level 1:colcon.colcon_core.environment:checking '/home/robot_ws/install/ambula_rl' for CMake module files
[0.673s] DEBUG:colcon.colcon_core.event_handler.log_command:Invoking command in '/home/robot_ws/build/ambula_perception': CMAKE_PREFIX_PATH=${CMAKE_PREFIX_PATH}:/opt/ros/jazzy /usr/bin/cmake --install /home/robot_ws/build/ambula_perception
[0.674s] DEBUG:colcon.colcon_core.event_handler.log_command:Invoked command in '/home/robot_ws/build/ambula_rl' returned '0': CMAKE_PREFIX_PATH=${CMAKE_PREFIX_PATH}:/opt/ros/jazzy /usr/bin/cmake --install /home/robot_ws/build/ambula_rl
[0.674s] Level 1:colcon.colcon_core.environment:checking '/home/robot_ws/install/ambula_rl' for CMake config files
[0.674s] Level 1:colcon.colcon_core.shell:create_environment_hook('ambula_rl', 'cmake_prefix_path')
[0.674s] INFO:colcon.colcon_core.shell:Creating environment hook '/home/robot_ws/install/ambula_rl/share/ambula_rl/hook/cmake_prefix_path.ps1'
[0.675s] INFO:colcon.colcon_core.shell:Creating environment descriptor '/home/robot_ws/install/ambula_rl/share/ambula_rl/hook/cmake_prefix_path.dsv'
[0.675s] INFO:colcon.colcon_core.shell:Creating environment hook '/home/robot_ws/install/ambula_rl/share/ambula_rl/hook/cmake_prefix_path.sh'
[0.675s] Level 1:colcon.colcon_core.environment:checking '/home/robot_ws/install/ambula_rl/bin'
[0.675s] Level 1:colcon.colcon_core.environment:checking '/home/robot_ws/install/ambula_rl/lib/pkgconfig/ambula_rl.pc'
[0.676s] Level 1:colcon.colcon_core.environment:checking '/home/robot_ws/install/ambula_rl/lib/python3.12/site-packages'
[0.676s] Level 1:colcon.colcon_core.environment:checking '/home/robot_ws/install/ambula_rl/bin'
[0.676s] INFO:colcon.colcon_core.shell:Creating package script '/home/robot_ws/install/ambula_rl/share/ambula_rl/package.ps1'
[0.676s] INFO:colcon.colcon_core.shell:Creating package descriptor '/home/robot_ws/install/ambula_rl/share/ambula_rl/package.dsv'
[0.677s] INFO:colcon.colcon_core.shell:Creating package script '/home/robot_ws/install/ambula_rl/share/ambula_rl/package.sh'
[0.677s] INFO:colcon.colcon_core.shell:Creating package script '/home/robot_ws/install/ambula_rl/share/ambula_rl/package.bash'
[0.677s] INFO:colcon.colcon_core.shell:Creating package script '/home/robot_ws/install/ambula_rl/share/ambula_rl/package.zsh'
[0.677s] Level 1:colcon.colcon_core.environment:create_file_with_runtime_dependencies(/home/robot_ws/install/ambula_rl/share/colcon-core/packages/ambula_rl)
[0.678s] Level 1:colcon.colcon_core.environment:create_environment_scripts_only(ambula_rl)
[0.678s] Level 1:colcon.colcon_core.environment:checking '/home/robot_ws/install/ambula_rl' for CMake module files
[0.678s] Level 1:colcon.colcon_core.environment:checking '/home/robot_ws/install/ambula_rl' for CMake config files
[0.678s] Level 1:colcon.colcon_core.shell:create_environment_hook('ambula_rl', 'cmake_prefix_path')
[0.678s] INFO:colcon.colcon_core.shell:Creating environment hook '/home/robot_ws/install/ambula_rl/share/ambula_rl/hook/cmake_prefix_path.ps1'
[0.678s] INFO:colcon.colcon_core.shell:Creating environment descriptor '/home/robot_ws/install/ambula_rl/share/ambula_rl/hook/cmake_prefix_path.dsv'
[0.679s] INFO:colcon.colcon_core.shell:Creating environment hook '/home/robot_ws/install/ambula_rl/share/ambula_rl/hook/cmake_prefix_path.sh'
[0.679s] Level 1:colcon.colcon_core.environment:checking '/home/robot_ws/install/ambula_rl/bin'
[0.679s] Level 1:colcon.colcon_core.environment:checking '/home/robot_ws/install/ambula_rl/lib/pkgconfig/ambula_rl.pc'
[0.679s] Level 1:colcon.colcon_core.environment:checking '/home/robot_ws/install/ambula_rl/lib/python3.12/site-packages'
[0.679s] Level 1:colcon.colcon_core.environment:checking '/home/robot_ws/install/ambula_rl/bin'
[0.679s] INFO:colcon.colcon_core.shell:Creating package script '/home/robot_ws/install/ambula_rl/share/ambula_rl/package.ps1'
[0.680s] INFO:colcon.colcon_core.shell:Creating package descriptor '/home/robot_ws/install/ambula_rl/share/ambula_rl/package.dsv'
[0.680s] INFO:colcon.colcon_core.shell:Creating package script '/home/robot_ws/install/ambula_rl/share/ambula_rl/package.sh'
[0.680s] INFO:colcon.colcon_core.shell:Creating package script '/home/robot_ws/install/ambula_rl/share/ambula_rl/package.bash'
[0.681s] INFO:colcon.colcon_core.shell:Creating package script '/home/robot_ws/install/ambula_rl/share/ambula_rl/package.zsh'
[0.681s] Level 1:colcon.colcon_core.environment:create_file_with_runtime_dependencies(/home/robot_ws/install/ambula_rl/share/colcon-core/packages/ambula_rl)
[0.694s] Level 1:colcon.colcon_core.environment:create_environment_scripts_only(ambula_perception)
[0.695s] Level 1:colcon.colcon_core.environment:checking '/home/robot_ws/install/ambula_perception' for CMake module files
[0.695s] DEBUG:colcon.colcon_core.event_handler.log_command:Invoked command in '/home/robot_ws/build/ambula_perception' returned '0': CMAKE_PREFIX_PATH=${CMAKE_PREFIX_PATH}:/opt/ros/jazzy /usr/bin/cmake --install /home/robot_ws/build/ambula_perception
[0.695s] Level 1:colcon.colcon_core.environment:checking '/home/robot_ws/install/ambula_perception' for CMake config files
[0.695s] Level 1:colcon.colcon_core.shell:create_environment_hook('ambula_perception', 'cmake_prefix_path')
[0.695s] INFO:colcon.colcon_core.shell:Creating environment hook '/home/robot_ws/install/ambula_perception/share/ambula_perception/hook/cmake_prefix_path.ps1'
[0.696s] INFO:colcon.colcon_core.shell:Creating environment descriptor '/home/robot_ws/install/ambula_perception/share/ambula_perception/hook/cmake_prefix_path.dsv'
[0.696s] INFO:colcon.colcon_core.shell:Creating environment hook '/home/robot_ws/install/ambula_perception/share/ambula_perception/hook/cmake_prefix_path.sh'
[0.696s] Level 1:colcon.colcon_core.environment:checking '/home/robot_ws/install/ambula_perception/lib'
[0.697s] Level 1:colcon.colcon_core.environment:checking '/home/robot_ws/install/ambula_perception/bin'
[0.697s] Level 1:colcon.colcon_core.environment:checking '/home/robot_ws/install/ambula_perception/lib/pkgconfig/ambula_perception.pc'
[0.697s] Level 1:colcon.colcon_core.environment:checking '/home/robot_ws/install/ambula_perception/lib/python3.12/site-packages'
[0.697s] Level 1:colcon.colcon_core.environment:checking '/home/robot_ws/install/ambula_perception/bin'
[0.697s] INFO:colcon.colcon_core.shell:Creating package script '/home/robot_ws/install/ambula_perception/share/ambula_perception/package.ps1'
[0.697s] INFO:colcon.colcon_core.shell:Creating package descriptor '/home/robot_ws/install/ambula_perception/share/ambula_perception/package.dsv'
[0.698s] INFO:colcon.colcon_core.shell:Creating package script '/home/robot_ws/install/ambula_perception/share/ambula_perception/package.sh'
[0.698s] INFO:colcon.colcon_core.shell:Creating package script '/home/robot_ws/install/ambula_perception/share/ambula_perception/package.bash'
[0.698s] INFO:colcon.colcon_core.shell:Creating package script '/home/robot_ws/install/ambula_perception/share/ambula_perception/package.zsh'
[0.698s] Level 1:colcon.colcon_core.environment:create_file_with_runtime_dependencies(/home/robot_ws/install/ambula_perception/share/colcon-core/packages/ambula_perception)
[0.698s] Level 1:colcon.colcon_core.environment:create_environment_scripts_only(ambula_perception)
[0.699s] Level 1:colcon.colcon_core.environment:checking '/home/robot_ws/install/ambula_perception' for CMake module files
[0.699s] Level 1:colcon.colcon_core.environment:checking '/home/robot_ws/install/ambula_perception' for CMake config files
[0.699s] Level 1:colcon.colcon_core.shell:create_environment_hook('ambula_perception', 'cmake_prefix_path')
[0.699s] INFO:colcon.colcon_core.shell:Creating environment hook '/home/robot_ws/install/ambula_perception/share/ambula_perception/hook/cmake_prefix_path.ps1'
[0.699s] INFO:colcon.colcon_core.shell:Creating environment descriptor '/home/robot_ws/install/ambula_perception/share/ambula_perception/hook/cmake_prefix_path.dsv'
[0.699s] INFO:colcon.colcon_core.shell:Creating environment hook '/home/robot_ws/install/ambula_perception/share/ambula_perception/hook/cmake_prefix_path.sh'
[0.700s] Level 1:colcon.colcon_core.environment:checking '/home/robot_ws/install/ambula_perception/lib'
[0.700s] Level 1:colcon.colcon_core.environment:checking '/home/robot_ws/install/ambula_perception/bin'
[0.700s] Level 1:colcon.colcon_core.environment:checking '/home/robot_ws/install/ambula_perception/lib/pkgconfig/ambula_perception.pc'
[0.700s] Level 1:colcon.colcon_core.environment:checking '/home/robot_ws/install/ambula_perception/lib/python3.12/site-packages'
[0.700s] Level 1:colcon.colcon_core.environment:checking '/home/robot_ws/install/ambula_perception/bin'
[0.700s] INFO:colcon.colcon_core.shell:Creating package script '/home/robot_ws/install/ambula_perception/share/ambula_perception/package.ps1'
[0.701s] INFO:colcon.colcon_core.shell:Creating package descriptor '/home/robot_ws/install/ambula_perception/share/ambula_perception/package.dsv'
[0.701s] INFO:colcon.colcon_core.shell:Creating package script '/home/robot_ws/install/ambula_perception/share/ambula_perception/package.sh'
[0.701s] INFO:colcon.colcon_core.shell:Creating package script '/home/robot_ws/install/ambula_perception/share/ambula_perception/package.bash'
[0.701s] INFO:colcon.colcon_core.shell:Creating package script '/home/robot_ws/install/ambula_perception/share/ambula_perception/package.zsh'
[0.702s] Level 1:colcon.colcon_core.environment:create_file_with_runtime_dependencies(/home/robot_ws/install/ambula_perception/share/colcon-core/packages/ambula_perception)
[0.825s] DEBUG:colcon.colcon_core.event_handler.log_command:Invoked command in '/home/robot_ws/build/ambula_controller' returned '0': CMAKE_PREFIX_PATH=${CMAKE_PREFIX_PATH}:/opt/ros/jazzy /usr/bin/cmake --build /home/robot_ws/build/ambula_controller -- -j16 -l16
[0.826s] DEBUG:colcon.colcon_core.event_handler.log_command:Invoking command in '/home/robot_ws/build/ambula_controller': CMAKE_PREFIX_PATH=${CMAKE_PREFIX_PATH}:/opt/ros/jazzy /usr/bin/cmake --install /home/robot_ws/build/ambula_controller
[0.864s] Level 1:colcon.colcon_core.environment:create_environment_scripts_only(ambula_controller)
[0.864s] Level 1:colcon.colcon_core.environment:checking '/home/robot_ws/install/ambula_controller' for CMake module files
[0.865s] DEBUG:colcon.colcon_core.event_handler.log_command:Invoked command in '/home/robot_ws/build/ambula_controller' returned '0': CMAKE_PREFIX_PATH=${CMAKE_PREFIX_PATH}:/opt/ros/jazzy /usr/bin/cmake --install /home/robot_ws/build/ambula_controller
[0.865s] Level 1:colcon.colcon_core.environment:checking '/home/robot_ws/install/ambula_controller' for CMake config files
[0.865s] Level 1:colcon.colcon_core.shell:create_environment_hook('ambula_controller', 'cmake_prefix_path')
[0.865s] INFO:colcon.colcon_core.shell:Creating environment hook '/home/robot_ws/install/ambula_controller/share/ambula_controller/hook/cmake_prefix_path.ps1'
[0.865s] INFO:colcon.colcon_core.shell:Creating environment descriptor '/home/robot_ws/install/ambula_controller/share/ambula_controller/hook/cmake_prefix_path.dsv'
[0.866s] INFO:colcon.colcon_core.shell:Creating environment hook '/home/robot_ws/install/ambula_controller/share/ambula_controller/hook/cmake_prefix_path.sh'
[0.866s] Level 1:colcon.colcon_core.environment:checking '/home/robot_ws/install/ambula_controller/lib'
[0.866s] Level 1:colcon.colcon_core.environment:checking '/home/robot_ws/install/ambula_controller/bin'
[0.866s] Level 1:colcon.colcon_core.environment:checking '/home/robot_ws/install/ambula_controller/lib/pkgconfig/ambula_controller.pc'
[0.866s] Level 1:colcon.colcon_core.environment:checking '/home/robot_ws/install/ambula_controller/lib/python3.12/site-packages'
[0.866s] Level 1:colcon.colcon_core.shell:create_environment_hook('ambula_controller', 'pythonpath')
[0.866s] INFO:colcon.colcon_core.shell:Creating environment hook '/home/robot_ws/install/ambula_controller/share/ambula_controller/hook/pythonpath.ps1'
[0.867s] INFO:colcon.colcon_core.shell:Creating environment descriptor '/home/robot_ws/install/ambula_controller/share/ambula_controller/hook/pythonpath.dsv'
[0.867s] INFO:colcon.colcon_core.shell:Creating environment hook '/home/robot_ws/install/ambula_controller/share/ambula_controller/hook/pythonpath.sh'
[0.867s] Level 1:colcon.colcon_core.environment:checking '/home/robot_ws/install/ambula_controller/bin'
[0.867s] INFO:colcon.colcon_core.shell:Creating package script '/home/robot_ws/install/ambula_controller/share/ambula_controller/package.ps1'
[0.868s] INFO:colcon.colcon_core.shell:Creating package descriptor '/home/robot_ws/install/ambula_controller/share/ambula_controller/package.dsv'
[0.868s] INFO:colcon.colcon_core.shell:Creating package script '/home/robot_ws/install/ambula_controller/share/ambula_controller/package.sh'
[0.869s] INFO:colcon.colcon_core.shell:Creating package script '/home/robot_ws/install/ambula_controller/share/ambula_controller/package.bash'
[0.869s] INFO:colcon.colcon_core.shell:Creating package script '/home/robot_ws/install/ambula_controller/share/ambula_controller/package.zsh'
[0.869s] Level 1:colcon.colcon_core.environment:create_file_with_runtime_dependencies(/home/robot_ws/install/ambula_controller/share/colcon-core/packages/ambula_controller)
[0.870s] Level 1:colcon.colcon_core.environment:create_environment_scripts_only(ambula_controller)
[0.870s] Level 1:colcon.colcon_core.environment:checking '/home/robot_ws/install/ambula_controller' for CMake module files
[0.870s] Level 1:colcon.colcon_core.environment:checking '/home/robot_ws/install/ambula_controller' for CMake config files
[0.870s] Level 1:colcon.colcon_core.shell:create_environment_hook('ambula_controller', 'cmake_prefix_path')
[0.870s] INFO:colcon.colcon_core.shell:Creating environment hook '/home/robot_ws/install/ambula_controller/share/ambula_controller/hook/cmake_prefix_path.ps1'
[0.870s] INFO:colcon.colcon_core.shell:Creating environment descriptor '/home/robot_ws/install/ambula_controller/share/ambula_controller/hook/cmake_prefix_path.dsv'
[0.871s] INFO:colcon.colcon_core.shell:Creating environment hook '/home/robot_ws/install/ambula_controller/share/ambula_controller/hook/cmake_prefix_path.sh'
[0.871s] Level 1:colcon.colcon_core.environment:checking '/home/robot_ws/install/ambula_controller/lib'
[0.871s] Level 1:colcon.colcon_core.environment:checking '/home/robot_ws/install/ambula_controller/bin'
[0.871s] Level 1:colcon.colcon_core.environment:checking '/home/robot_ws/install/ambula_controller/lib/pkgconfig/ambula_controller.pc'
[0.871s] Level 1:colcon.colcon_core.environment:checking '/home/robot_ws/install/ambula_controller/lib/python3.12/site-packages'
[0.871s] Level 1:colcon.colcon_core.shell:create_environment_hook('ambula_controller', 'pythonpath')
[0.871s] INFO:colcon.colcon_core.shell:Creating environment hook '/home/robot_ws/install/ambula_controller/share/ambula_controller/hook/pythonpath.ps1'
[0.872s] INFO:colcon.colcon_core.shell:Creating environment descriptor '/home/robot_ws/install/ambula_controller/share/ambula_controller/hook/pythonpath.dsv'
[0.872s] INFO:colcon.colcon_core.shell:Creating environment hook '/home/robot_ws/install/ambula_controller/share/ambula_controller/hook/pythonpath.sh'
[0.872s] Level 1:colcon.colcon_core.environment:checking '/home/robot_ws/install/ambula_controller/bin'
[0.872s] INFO:colcon.colcon_core.shell:Creating package script '/home/robot_ws/install/ambula_controller/share/ambula_controller/package.ps1'
[0.873s] INFO:colcon.colcon_core.shell:Creating package descriptor '/home/robot_ws/install/ambula_controller/share/ambula_controller/package.dsv'
[0.873s] INFO:colcon.colcon_core.shell:Creating package script '/home/robot_ws/install/ambula_controller/share/ambula_controller/package.sh'
[0.873s] INFO:colcon.colcon_core.shell:Creating package script '/home/robot_ws/install/ambula_controller/share/ambula_controller/package.bash'
[0.873s] INFO:colcon.colcon_core.shell:Creating package script '/home/robot_ws/install/ambula_controller/share/ambula_controller/package.zsh'
[0.874s] Level 1:colcon.colcon_core.environment:create_file_with_runtime_dependencies(/home/robot_ws/install/ambula_controller/share/colcon-core/packages/ambula_controller)
[0.874s] DEBUG:colcon.colcon_parallel_executor.executor.parallel:closing loop
[0.874s] DEBUG:colcon.colcon_parallel_executor.executor.parallel:loop closed
[0.874s] DEBUG:colcon.colcon_parallel_executor.executor.parallel:run_until_complete finished with '0'
[0.874s] DEBUG:colcon.colcon_core.event_reactor:joining thread
[0.878s] INFO:colcon.colcon_core.plugin_system:Skipping extension 'colcon_notification.desktop_notification.notify_send': Could not find 'notify-send'
[0.878s] INFO:colcon.colcon_core.plugin_system:Skipping extension 'colcon_notification.desktop_notification.terminal_notifier': Not used on non-Darwin systems
[0.878s] INFO:colcon.colcon_core.plugin_system:Skipping extension 'colcon_notification.desktop_notification.win32': Not used on non-Windows systems
[0.878s] INFO:colcon.colcon_notification.desktop_notification:Sending desktop notification using 'notify2'
[0.880s] DEBUG:colcon.colcon_notification.desktop_notification.notify2:Failed to initialize notify2: org.freedesktop.DBus.Error.Spawn.ExecFailed: /usr/bin/dbus-launch terminated abnormally without any error message
[0.880s] DEBUG:colcon.colcon_core.event_reactor:joined thread
[0.881s] INFO:colcon.colcon_core.shell:Creating prefix script '/home/robot_ws/install/local_setup.ps1'
[0.881s] INFO:colcon.colcon_core.shell:Creating prefix util module '/home/robot_ws/install/_local_setup_util_ps1.py'
[0.882s] INFO:colcon.colcon_core.shell:Creating prefix chain script '/home/robot_ws/install/setup.ps1'
[0.883s] INFO:colcon.colcon_core.shell:Creating prefix script '/home/robot_ws/install/local_setup.sh'
[0.883s] INFO:colcon.colcon_core.shell:Creating prefix util module '/home/robot_ws/install/_local_setup_util_sh.py'
[0.883s] INFO:colcon.colcon_core.shell:Creating prefix chain script '/home/robot_ws/install/setup.sh'
[0.884s] INFO:colcon.colcon_core.shell:Creating prefix script '/home/robot_ws/install/local_setup.bash'
[0.884s] INFO:colcon.colcon_core.shell:Creating prefix chain script '/home/robot_ws/install/setup.bash'
[0.885s] INFO:colcon.colcon_core.shell:Creating prefix script '/home/robot_ws/install/local_setup.zsh'
[0.885s] INFO:colcon.colcon_core.shell:Creating prefix chain script '/home/robot_ws/install/setup.zsh'
