[0.033s] Invoking command in '/home/robot_ws/build/ambula_safety': CMAKE_PREFIX_PATH=${CMAKE_PREFIX_PATH}:/opt/ros/jazzy /usr/bin/cmake --build /home/robot_ws/build/ambula_safety -- -j16 -l16
[0.313s] Invoked command in '/home/robot_ws/build/ambula_safety' returned '0': CMAKE_PREFIX_PATH=${CMAKE_PREFIX_PATH}:/opt/ros/jazzy /usr/bin/cmake --build /home/robot_ws/build/ambula_safety -- -j16 -l16
[0.321s] Invoking command in '/home/robot_ws/build/ambula_safety': CMAKE_PREFIX_PATH=${CMAKE_PREFIX_PATH}:/opt/ros/jazzy /usr/bin/cmake --install /home/robot_ws/build/ambula_safety
[0.375s] -- Install configuration: ""
[0.375s] -- Up-to-date: /home/robot_ws/install/ambula_safety/share/ament_index/resource_index/package_run_dependencies/ambula_safety
[0.375s] -- Up-to-date: /home/robot_ws/install/ambula_safety/share/ament_index/resource_index/parent_prefix_path/ambula_safety
[0.375s] -- Up-to-date: /home/robot_ws/install/ambula_safety/share/ambula_safety/environment/ament_prefix_path.sh
[0.375s] -- Up-to-date: /home/robot_ws/install/ambula_safety/share/ambula_safety/environment/ament_prefix_path.dsv
[0.375s] -- Up-to-date: /home/robot_ws/install/ambula_safety/share/ambula_safety/environment/path.sh
[0.375s] -- Up-to-date: /home/robot_ws/install/ambula_safety/share/ambula_safety/environment/path.dsv
[0.375s] -- Up-to-date: /home/robot_ws/install/ambula_safety/share/ambula_safety/local_setup.bash
[0.375s] -- Up-to-date: /home/robot_ws/install/ambula_safety/share/ambula_safety/local_setup.sh
[0.375s] -- Up-to-date: /home/robot_ws/install/ambula_safety/share/ambula_safety/local_setup.zsh
[0.375s] -- Up-to-date: /home/robot_ws/install/ambula_safety/share/ambula_safety/local_setup.dsv
[0.375s] -- Installing: /home/robot_ws/install/ambula_safety/share/ambula_safety/package.dsv
[0.375s] -- Up-to-date: /home/robot_ws/install/ambula_safety/share/ament_index/resource_index/packages/ambula_safety
[0.375s] -- Up-to-date: /home/robot_ws/install/ambula_safety/share/ambula_safety/cmake/ambula_safetyConfig.cmake
[0.375s] -- Up-to-date: /home/robot_ws/install/ambula_safety/share/ambula_safety/cmake/ambula_safetyConfig-version.cmake
[0.375s] -- Up-to-date: /home/robot_ws/install/ambula_safety/share/ambula_safety/package.xml
[0.429s] Invoked command in '/home/robot_ws/build/ambula_safety' returned '0': CMAKE_PREFIX_PATH=${CMAKE_PREFIX_PATH}:/opt/ros/jazzy /usr/bin/cmake --install /home/robot_ws/build/ambula_safety
