[0.107s] DEBUG:colcon:Command line arguments: ['/usr/bin/colcon', 'build']
[0.108s] DEBUG:colcon:Parsed command line arguments: Namespace(log_base=None, log_level=None, verb_name='build', build_base='build', install_base='install', merge_install=False, symlink_install=False, test_result_base=None, continue_on_error=False, executor='parallel', parallel_workers=16, event_handlers=None, ignore_user_meta=False, metas=['./colcon.meta'], base_paths=['.'], packages_ignore=None, packages_ignore_regex=None, paths=None, packages_up_to=None, packages_up_to_regex=None, packages_above=None, packages_above_and_dependencies=None, packages_above_depth=None, packages_select_by_dep=None, packages_skip_by_dep=None, packages_skip_up_to=None, packages_select_build_failed=False, packages_skip_build_finished=False, packages_select_test_failures=False, packages_skip_test_passed=False, packages_select=None, packages_skip=None, packages_select_regex=None, packages_skip_regex=None, packages_start=None, packages_end=None, cmake_args=None, cmake_target=None, cmake_target_skip_unavailable=False, cmake_clean_cache=False, cmake_clean_first=False, cmake_force_configure=False, ament_cmake_args=None, catkin_cmake_args=None, catkin_skip_building_tests=False, mixin_files=None, mixin=None, verb_parser=<colcon_mixin.mixin.mixin_argument.MixinArgumentDecorator object at 0x7a8fa22749b0>, verb_extension=<colcon_core.verb.build.BuildVerb object at 0x7a8fa22746b0>, main=<bound method BuildVerb.main of <colcon_core.verb.build.BuildVerb object at 0x7a8fa22746b0>>, mixin_verb=('build',))
[0.147s] Level 1:colcon.colcon_core.package_discovery:discover_packages(colcon_meta) check parameters
[0.147s] Level 1:colcon.colcon_core.package_discovery:discover_packages(recursive) check parameters
[0.147s] Level 1:colcon.colcon_core.package_discovery:discover_packages(ignore) check parameters
[0.147s] Level 1:colcon.colcon_core.package_discovery:discover_packages(path) check parameters
[0.147s] Level 1:colcon.colcon_core.package_discovery:discover_packages(colcon_meta) discover
[0.147s] Level 1:colcon.colcon_core.package_discovery:discover_packages(recursive) discover
[0.147s] INFO:colcon.colcon_core.package_discovery:Crawling recursively for packages in '/home/robot_ws'
[0.147s] Level 1:colcon.colcon_core.package_identification:_identify(.) by extensions ['ignore', 'ignore_ament_install']
[0.147s] Level 1:colcon.colcon_core.package_identification:_identify(.) by extension 'ignore'
[0.147s] Level 1:colcon.colcon_core.package_identification:_identify(.) by extension 'ignore_ament_install'
[0.147s] Level 1:colcon.colcon_core.package_identification:_identify(.) by extensions ['colcon_pkg']
[0.147s] Level 1:colcon.colcon_core.package_identification:_identify(.) by extension 'colcon_pkg'
[0.147s] Level 1:colcon.colcon_core.package_identification:_identify(.) by extensions ['colcon_meta']
[0.148s] Level 1:colcon.colcon_core.package_identification:_identify(.) by extension 'colcon_meta'
[0.148s] Level 1:colcon.colcon_core.package_identification:_identify(.) by extensions ['ros']
[0.148s] Level 1:colcon.colcon_core.package_identification:_identify(.) by extension 'ros'
[0.176s] Level 1:colcon.colcon_core.package_identification:_identify(.) by extensions ['cmake', 'python']
[0.176s] Level 1:colcon.colcon_core.package_identification:_identify(.) by extension 'cmake'
[0.176s] Level 1:colcon.colcon_core.package_identification:_identify(.) by extension 'python'
[0.176s] Level 1:colcon.colcon_core.package_identification:_identify(.) by extensions ['python_setup_py']
[0.176s] Level 1:colcon.colcon_core.package_identification:_identify(.) by extension 'python_setup_py'
[0.176s] Level 1:colcon.colcon_core.package_identification:_identify(build) by extensions ['ignore', 'ignore_ament_install']
[0.176s] Level 1:colcon.colcon_core.package_identification:_identify(build) by extension 'ignore'
[0.177s] Level 1:colcon.colcon_core.package_identification:_identify(build) ignored
[0.177s] Level 1:colcon.colcon_core.package_identification:_identify(install) by extensions ['ignore', 'ignore_ament_install']
[0.177s] Level 1:colcon.colcon_core.package_identification:_identify(install) by extension 'ignore'
[0.177s] Level 1:colcon.colcon_core.package_identification:_identify(install) ignored
[0.177s] Level 1:colcon.colcon_core.package_identification:_identify(log) by extensions ['ignore', 'ignore_ament_install']
[0.177s] Level 1:colcon.colcon_core.package_identification:_identify(log) by extension 'ignore'
[0.177s] Level 1:colcon.colcon_core.package_identification:_identify(log) ignored
[0.177s] Level 1:colcon.colcon_core.package_identification:_identify(src) by extensions ['ignore', 'ignore_ament_install']
[0.177s] Level 1:colcon.colcon_core.package_identification:_identify(src) by extension 'ignore'
[0.177s] Level 1:colcon.colcon_core.package_identification:_identify(src) by extension 'ignore_ament_install'
[0.177s] Level 1:colcon.colcon_core.package_identification:_identify(src) by extensions ['colcon_pkg']
[0.177s] Level 1:colcon.colcon_core.package_identification:_identify(src) by extension 'colcon_pkg'
[0.177s] Level 1:colcon.colcon_core.package_identification:_identify(src) by extensions ['colcon_meta']
[0.177s] Level 1:colcon.colcon_core.package_identification:_identify(src) by extension 'colcon_meta'
[0.177s] Level 1:colcon.colcon_core.package_identification:_identify(src) by extensions ['ros']
[0.177s] Level 1:colcon.colcon_core.package_identification:_identify(src) by extension 'ros'
[0.177s] Level 1:colcon.colcon_core.package_identification:_identify(src) by extensions ['cmake', 'python']
[0.177s] Level 1:colcon.colcon_core.package_identification:_identify(src) by extension 'cmake'
[0.177s] Level 1:colcon.colcon_core.package_identification:_identify(src) by extension 'python'
[0.178s] Level 1:colcon.colcon_core.package_identification:_identify(src) by extensions ['python_setup_py']
[0.178s] Level 1:colcon.colcon_core.package_identification:_identify(src) by extension 'python_setup_py'
[0.178s] Level 1:colcon.colcon_core.package_identification:_identify(src/ambula_bringup) by extensions ['ignore', 'ignore_ament_install']
[0.178s] Level 1:colcon.colcon_core.package_identification:_identify(src/ambula_bringup) by extension 'ignore'
[0.178s] Level 1:colcon.colcon_core.package_identification:_identify(src/ambula_bringup) by extension 'ignore_ament_install'
[0.178s] Level 1:colcon.colcon_core.package_identification:_identify(src/ambula_bringup) by extensions ['colcon_pkg']
[0.178s] Level 1:colcon.colcon_core.package_identification:_identify(src/ambula_bringup) by extension 'colcon_pkg'
[0.178s] Level 1:colcon.colcon_core.package_identification:_identify(src/ambula_bringup) by extensions ['colcon_meta']
[0.178s] Level 1:colcon.colcon_core.package_identification:_identify(src/ambula_bringup) by extension 'colcon_meta'
[0.178s] Level 1:colcon.colcon_core.package_identification:_identify(src/ambula_bringup) by extensions ['ros']
[0.178s] Level 1:colcon.colcon_core.package_identification:_identify(src/ambula_bringup) by extension 'ros'
[0.180s] DEBUG:colcon.colcon_core.package_identification:Package 'src/ambula_bringup' with type 'ros.ament_cmake' and name 'ambula_bringup'
[0.180s] Level 1:colcon.colcon_core.package_identification:_identify(src/ambula_hw) by extensions ['ignore', 'ignore_ament_install']
[0.181s] Level 1:colcon.colcon_core.package_identification:_identify(src/ambula_hw) by extension 'ignore'
[0.181s] Level 1:colcon.colcon_core.package_identification:_identify(src/ambula_hw) by extension 'ignore_ament_install'
[0.181s] Level 1:colcon.colcon_core.package_identification:_identify(src/ambula_hw) by extensions ['colcon_pkg']
[0.181s] Level 1:colcon.colcon_core.package_identification:_identify(src/ambula_hw) by extension 'colcon_pkg'
[0.181s] Level 1:colcon.colcon_core.package_identification:_identify(src/ambula_hw) by extensions ['colcon_meta']
[0.181s] Level 1:colcon.colcon_core.package_identification:_identify(src/ambula_hw) by extension 'colcon_meta'
[0.181s] Level 1:colcon.colcon_core.package_identification:_identify(src/ambula_hw) by extensions ['ros']
[0.181s] Level 1:colcon.colcon_core.package_identification:_identify(src/ambula_hw) by extension 'ros'
[0.181s] DEBUG:colcon.colcon_core.package_identification:Package 'src/ambula_hw' with type 'ros.ament_cmake' and name 'ambula_hw'
[0.181s] Level 1:colcon.colcon_core.package_identification:_identify(src/ambula_simulation) by extensions ['ignore', 'ignore_ament_install']
[0.181s] Level 1:colcon.colcon_core.package_identification:_identify(src/ambula_simulation) by extension 'ignore'
[0.181s] Level 1:colcon.colcon_core.package_identification:_identify(src/ambula_simulation) by extension 'ignore_ament_install'
[0.182s] Level 1:colcon.colcon_core.package_identification:_identify(src/ambula_simulation) by extensions ['colcon_pkg']
[0.182s] Level 1:colcon.colcon_core.package_identification:_identify(src/ambula_simulation) by extension 'colcon_pkg'
[0.182s] Level 1:colcon.colcon_core.package_identification:_identify(src/ambula_simulation) by extensions ['colcon_meta']
[0.182s] Level 1:colcon.colcon_core.package_identification:_identify(src/ambula_simulation) by extension 'colcon_meta'
[0.182s] Level 1:colcon.colcon_core.package_identification:_identify(src/ambula_simulation) by extensions ['ros']
[0.182s] Level 1:colcon.colcon_core.package_identification:_identify(src/ambula_simulation) by extension 'ros'
[0.182s] Level 1:colcon.colcon_core.package_identification:_identify(src/ambula_simulation) by extensions ['cmake', 'python']
[0.182s] Level 1:colcon.colcon_core.package_identification:_identify(src/ambula_simulation) by extension 'cmake'
[0.182s] Level 1:colcon.colcon_core.package_identification:_identify(src/ambula_simulation) by extension 'python'
[0.182s] Level 1:colcon.colcon_core.package_identification:_identify(src/ambula_simulation) by extensions ['python_setup_py']
[0.182s] Level 1:colcon.colcon_core.package_identification:_identify(src/ambula_simulation) by extension 'python_setup_py'
[0.182s] Level 1:colcon.colcon_core.package_identification:_identify(src/ambula_simulation/ambula_description) by extensions ['ignore', 'ignore_ament_install']
[0.182s] Level 1:colcon.colcon_core.package_identification:_identify(src/ambula_simulation/ambula_description) by extension 'ignore'
[0.182s] Level 1:colcon.colcon_core.package_identification:_identify(src/ambula_simulation/ambula_description) by extension 'ignore_ament_install'
[0.182s] Level 1:colcon.colcon_core.package_identification:_identify(src/ambula_simulation/ambula_description) by extensions ['colcon_pkg']
[0.182s] Level 1:colcon.colcon_core.package_identification:_identify(src/ambula_simulation/ambula_description) by extension 'colcon_pkg'
[0.182s] Level 1:colcon.colcon_core.package_identification:_identify(src/ambula_simulation/ambula_description) by extensions ['colcon_meta']
[0.182s] Level 1:colcon.colcon_core.package_identification:_identify(src/ambula_simulation/ambula_description) by extension 'colcon_meta'
[0.182s] Level 1:colcon.colcon_core.package_identification:_identify(src/ambula_simulation/ambula_description) by extensions ['ros']
[0.182s] Level 1:colcon.colcon_core.package_identification:_identify(src/ambula_simulation/ambula_description) by extension 'ros'
[0.183s] DEBUG:colcon.colcon_core.package_identification:Package 'src/ambula_simulation/ambula_description' with type 'ros.ament_cmake' and name 'ambula_description'
[0.183s] Level 1:colcon.colcon_core.package_identification:_identify(src/ambula_simulation/ambula_world) by extensions ['ignore', 'ignore_ament_install']
[0.183s] Level 1:colcon.colcon_core.package_identification:_identify(src/ambula_simulation/ambula_world) by extension 'ignore'
[0.183s] Level 1:colcon.colcon_core.package_identification:_identify(src/ambula_simulation/ambula_world) by extension 'ignore_ament_install'
[0.183s] Level 1:colcon.colcon_core.package_identification:_identify(src/ambula_simulation/ambula_world) by extensions ['colcon_pkg']
[0.183s] Level 1:colcon.colcon_core.package_identification:_identify(src/ambula_simulation/ambula_world) by extension 'colcon_pkg'
[0.183s] Level 1:colcon.colcon_core.package_identification:_identify(src/ambula_simulation/ambula_world) by extensions ['colcon_meta']
[0.183s] Level 1:colcon.colcon_core.package_identification:_identify(src/ambula_simulation/ambula_world) by extension 'colcon_meta'
[0.183s] Level 1:colcon.colcon_core.package_identification:_identify(src/ambula_simulation/ambula_world) by extensions ['ros']
[0.183s] Level 1:colcon.colcon_core.package_identification:_identify(src/ambula_simulation/ambula_world) by extension 'ros'
[0.183s] DEBUG:colcon.colcon_core.package_identification:Package 'src/ambula_simulation/ambula_world' with type 'ros.ament_cmake' and name 'ambula_world'
[0.183s] Level 1:colcon.colcon_core.package_discovery:discover_packages(recursive) using defaults
[0.184s] Level 1:colcon.colcon_core.package_discovery:discover_packages(ignore) discover
[0.184s] Level 1:colcon.colcon_core.package_discovery:discover_packages(ignore) using defaults
[0.184s] Level 1:colcon.colcon_core.package_discovery:discover_packages(path) discover
[0.184s] Level 1:colcon.colcon_core.package_discovery:discover_packages(path) using defaults
[0.201s] Level 5:colcon.colcon_core.verb:set package 'ambula_bringup' build argument 'cmake_args' from command line to 'None'
[0.202s] Level 5:colcon.colcon_core.verb:set package 'ambula_bringup' build argument 'cmake_target' from command line to 'None'
[0.202s] Level 5:colcon.colcon_core.verb:set package 'ambula_bringup' build argument 'cmake_target_skip_unavailable' from command line to 'False'
[0.202s] Level 5:colcon.colcon_core.verb:set package 'ambula_bringup' build argument 'cmake_clean_cache' from command line to 'False'
[0.202s] Level 5:colcon.colcon_core.verb:set package 'ambula_bringup' build argument 'cmake_clean_first' from command line to 'False'
[0.202s] Level 5:colcon.colcon_core.verb:set package 'ambula_bringup' build argument 'cmake_force_configure' from command line to 'False'
[0.202s] Level 5:colcon.colcon_core.verb:set package 'ambula_bringup' build argument 'ament_cmake_args' from command line to 'None'
[0.202s] Level 5:colcon.colcon_core.verb:set package 'ambula_bringup' build argument 'catkin_cmake_args' from command line to 'None'
[0.202s] Level 5:colcon.colcon_core.verb:set package 'ambula_bringup' build argument 'catkin_skip_building_tests' from command line to 'False'
[0.202s] DEBUG:colcon.colcon_core.verb:Building package 'ambula_bringup' with the following arguments: {'ament_cmake_args': None, 'build_base': '/home/robot_ws/build/ambula_bringup', 'catkin_cmake_args': None, 'catkin_skip_building_tests': False, 'cmake_args': None, 'cmake_clean_cache': False, 'cmake_clean_first': False, 'cmake_force_configure': False, 'cmake_target': None, 'cmake_target_skip_unavailable': False, 'install_base': '/home/robot_ws/install/ambula_bringup', 'merge_install': False, 'path': '/home/robot_ws/src/ambula_bringup', 'symlink_install': False, 'test_result_base': None}
[0.202s] Level 5:colcon.colcon_core.verb:set package 'ambula_description' build argument 'cmake_args' from command line to 'None'
[0.202s] Level 5:colcon.colcon_core.verb:set package 'ambula_description' build argument 'cmake_target' from command line to 'None'
[0.202s] Level 5:colcon.colcon_core.verb:set package 'ambula_description' build argument 'cmake_target_skip_unavailable' from command line to 'False'
[0.202s] Level 5:colcon.colcon_core.verb:set package 'ambula_description' build argument 'cmake_clean_cache' from command line to 'False'
[0.202s] Level 5:colcon.colcon_core.verb:set package 'ambula_description' build argument 'cmake_clean_first' from command line to 'False'
[0.202s] Level 5:colcon.colcon_core.verb:set package 'ambula_description' build argument 'cmake_force_configure' from command line to 'False'
[0.202s] Level 5:colcon.colcon_core.verb:set package 'ambula_description' build argument 'ament_cmake_args' from command line to 'None'
[0.202s] Level 5:colcon.colcon_core.verb:set package 'ambula_description' build argument 'catkin_cmake_args' from command line to 'None'
[0.202s] Level 5:colcon.colcon_core.verb:set package 'ambula_description' build argument 'catkin_skip_building_tests' from command line to 'False'
[0.202s] DEBUG:colcon.colcon_core.verb:Building package 'ambula_description' with the following arguments: {'ament_cmake_args': None, 'build_base': '/home/robot_ws/build/ambula_description', 'catkin_cmake_args': None, 'catkin_skip_building_tests': False, 'cmake_args': None, 'cmake_clean_cache': False, 'cmake_clean_first': False, 'cmake_force_configure': False, 'cmake_target': None, 'cmake_target_skip_unavailable': False, 'install_base': '/home/robot_ws/install/ambula_description', 'merge_install': False, 'path': '/home/robot_ws/src/ambula_simulation/ambula_description', 'symlink_install': False, 'test_result_base': None}
[0.202s] Level 5:colcon.colcon_core.verb:set package 'ambula_hw' build argument 'cmake_args' from command line to 'None'
[0.202s] Level 5:colcon.colcon_core.verb:set package 'ambula_hw' build argument 'cmake_target' from command line to 'None'
[0.202s] Level 5:colcon.colcon_core.verb:set package 'ambula_hw' build argument 'cmake_target_skip_unavailable' from command line to 'False'
[0.202s] Level 5:colcon.colcon_core.verb:set package 'ambula_hw' build argument 'cmake_clean_cache' from command line to 'False'
[0.203s] Level 5:colcon.colcon_core.verb:set package 'ambula_hw' build argument 'cmake_clean_first' from command line to 'False'
[0.203s] Level 5:colcon.colcon_core.verb:set package 'ambula_hw' build argument 'cmake_force_configure' from command line to 'False'
[0.203s] Level 5:colcon.colcon_core.verb:set package 'ambula_hw' build argument 'ament_cmake_args' from command line to 'None'
[0.203s] Level 5:colcon.colcon_core.verb:set package 'ambula_hw' build argument 'catkin_cmake_args' from command line to 'None'
[0.203s] Level 5:colcon.colcon_core.verb:set package 'ambula_hw' build argument 'catkin_skip_building_tests' from command line to 'False'
[0.203s] DEBUG:colcon.colcon_core.verb:Building package 'ambula_hw' with the following arguments: {'ament_cmake_args': None, 'build_base': '/home/robot_ws/build/ambula_hw', 'catkin_cmake_args': None, 'catkin_skip_building_tests': False, 'cmake_args': None, 'cmake_clean_cache': False, 'cmake_clean_first': False, 'cmake_force_configure': False, 'cmake_target': None, 'cmake_target_skip_unavailable': False, 'install_base': '/home/robot_ws/install/ambula_hw', 'merge_install': False, 'path': '/home/robot_ws/src/ambula_hw', 'symlink_install': False, 'test_result_base': None}
[0.203s] Level 5:colcon.colcon_core.verb:set package 'ambula_world' build argument 'cmake_args' from command line to 'None'
[0.203s] Level 5:colcon.colcon_core.verb:set package 'ambula_world' build argument 'cmake_target' from command line to 'None'
[0.203s] Level 5:colcon.colcon_core.verb:set package 'ambula_world' build argument 'cmake_target_skip_unavailable' from command line to 'False'
[0.203s] Level 5:colcon.colcon_core.verb:set package 'ambula_world' build argument 'cmake_clean_cache' from command line to 'False'
[0.203s] Level 5:colcon.colcon_core.verb:set package 'ambula_world' build argument 'cmake_clean_first' from command line to 'False'
[0.203s] Level 5:colcon.colcon_core.verb:set package 'ambula_world' build argument 'cmake_force_configure' from command line to 'False'
[0.203s] Level 5:colcon.colcon_core.verb:set package 'ambula_world' build argument 'ament_cmake_args' from command line to 'None'
[0.203s] Level 5:colcon.colcon_core.verb:set package 'ambula_world' build argument 'catkin_cmake_args' from command line to 'None'
[0.203s] Level 5:colcon.colcon_core.verb:set package 'ambula_world' build argument 'catkin_skip_building_tests' from command line to 'False'
[0.203s] DEBUG:colcon.colcon_core.verb:Building package 'ambula_world' with the following arguments: {'ament_cmake_args': None, 'build_base': '/home/robot_ws/build/ambula_world', 'catkin_cmake_args': None, 'catkin_skip_building_tests': False, 'cmake_args': None, 'cmake_clean_cache': False, 'cmake_clean_first': False, 'cmake_force_configure': False, 'cmake_target': None, 'cmake_target_skip_unavailable': False, 'install_base': '/home/robot_ws/install/ambula_world', 'merge_install': False, 'path': '/home/robot_ws/src/ambula_simulation/ambula_world', 'symlink_install': False, 'test_result_base': None}
[0.203s] INFO:colcon.colcon_core.executor:Executing jobs using 'parallel' executor
[0.204s] DEBUG:colcon.colcon_parallel_executor.executor.parallel:run_until_complete
[0.205s] INFO:colcon.colcon_ros.task.ament_cmake.build:Building ROS package in '/home/robot_ws/src/ambula_bringup' with build type 'ament_cmake'
[0.205s] INFO:colcon.colcon_cmake.task.cmake.build:Building CMake package in '/home/robot_ws/src/ambula_bringup'
[0.207s] INFO:colcon.colcon_core.plugin_system:Skipping extension 'colcon_core.shell.bat': Not used on non-Windows systems
[0.207s] INFO:colcon.colcon_core.shell:Skip shell extension 'powershell' for command environment: Not usable outside of PowerShell
[0.207s] DEBUG:colcon.colcon_core.shell:Skip shell extension 'dsv' for command environment
[0.212s] INFO:colcon.colcon_ros.task.ament_cmake.build:Building ROS package in '/home/robot_ws/src/ambula_simulation/ambula_description' with build type 'ament_cmake'
[0.212s] INFO:colcon.colcon_cmake.task.cmake.build:Building CMake package in '/home/robot_ws/src/ambula_simulation/ambula_description'
[0.212s] INFO:colcon.colcon_core.shell:Skip shell extension 'powershell' for command environment: Not usable outside of PowerShell
[0.212s] DEBUG:colcon.colcon_core.shell:Skip shell extension 'dsv' for command environment
[0.216s] INFO:colcon.colcon_ros.task.ament_cmake.build:Building ROS package in '/home/robot_ws/src/ambula_hw' with build type 'ament_cmake'
[0.216s] INFO:colcon.colcon_cmake.task.cmake.build:Building CMake package in '/home/robot_ws/src/ambula_hw'
[0.216s] INFO:colcon.colcon_core.shell:Skip shell extension 'powershell' for command environment: Not usable outside of PowerShell
[0.216s] DEBUG:colcon.colcon_core.shell:Skip shell extension 'dsv' for command environment
[0.220s] INFO:colcon.colcon_ros.task.ament_cmake.build:Building ROS package in '/home/robot_ws/src/ambula_simulation/ambula_world' with build type 'ament_cmake'
[0.220s] INFO:colcon.colcon_cmake.task.cmake.build:Building CMake package in '/home/robot_ws/src/ambula_simulation/ambula_world'
[0.220s] INFO:colcon.colcon_core.shell:Skip shell extension 'powershell' for command environment: Not usable outside of PowerShell
[0.220s] DEBUG:colcon.colcon_core.shell:Skip shell extension 'dsv' for command environment
[0.228s] DEBUG:colcon.colcon_core.event_handler.log_command:Invoking command in '/home/robot_ws/build/ambula_bringup': CMAKE_PREFIX_PATH=${CMAKE_PREFIX_PATH}:/opt/ros/jazzy /usr/bin/cmake --build /home/robot_ws/build/ambula_bringup -- -j16 -l16
[0.229s] DEBUG:colcon.colcon_core.event_handler.log_command:Invoking command in '/home/robot_ws/build/ambula_description': CMAKE_PREFIX_PATH=${CMAKE_PREFIX_PATH}:/opt/ros/jazzy /usr/bin/cmake --build /home/robot_ws/build/ambula_description -- -j16 -l16
[0.231s] DEBUG:colcon.colcon_core.event_handler.log_command:Invoking command in '/home/robot_ws/build/ambula_hw': CMAKE_PREFIX_PATH=${CMAKE_PREFIX_PATH}:/opt/ros/jazzy /usr/bin/cmake --build /home/robot_ws/build/ambula_hw -- -j16 -l16
[0.237s] DEBUG:colcon.colcon_core.event_handler.log_command:Invoking command in '/home/robot_ws/build/ambula_world': CMAKE_PREFIX_PATH=${CMAKE_PREFIX_PATH}:/opt/ros/jazzy /usr/bin/cmake --build /home/robot_ws/build/ambula_world -- -j16 -l16
[0.275s] DEBUG:colcon.colcon_core.event_handler.log_command:Invoked command in '/home/robot_ws/build/ambula_hw' returned '0': CMAKE_PREFIX_PATH=${CMAKE_PREFIX_PATH}:/opt/ros/jazzy /usr/bin/cmake --build /home/robot_ws/build/ambula_hw -- -j16 -l16
[0.285s] DEBUG:colcon.colcon_core.event_handler.log_command:Invoking command in '/home/robot_ws/build/ambula_hw': CMAKE_PREFIX_PATH=${CMAKE_PREFIX_PATH}:/opt/ros/jazzy /usr/bin/cmake --install /home/robot_ws/build/ambula_hw
[0.285s] DEBUG:colcon.colcon_core.event_handler.log_command:Invoked command in '/home/robot_ws/build/ambula_description' returned '0': CMAKE_PREFIX_PATH=${CMAKE_PREFIX_PATH}:/opt/ros/jazzy /usr/bin/cmake --build /home/robot_ws/build/ambula_description -- -j16 -l16
[0.286s] DEBUG:colcon.colcon_core.event_handler.log_command:Invoking command in '/home/robot_ws/build/ambula_description': CMAKE_PREFIX_PATH=${CMAKE_PREFIX_PATH}:/opt/ros/jazzy /usr/bin/cmake --install /home/robot_ws/build/ambula_description
[0.286s] DEBUG:colcon.colcon_core.event_handler.log_command:Invoked command in '/home/robot_ws/build/ambula_world' returned '0': CMAKE_PREFIX_PATH=${CMAKE_PREFIX_PATH}:/opt/ros/jazzy /usr/bin/cmake --build /home/robot_ws/build/ambula_world -- -j16 -l16
[0.287s] DEBUG:colcon.colcon_core.event_handler.log_command:Invoking command in '/home/robot_ws/build/ambula_world': CMAKE_PREFIX_PATH=${CMAKE_PREFIX_PATH}:/opt/ros/jazzy /usr/bin/cmake --install /home/robot_ws/build/ambula_world
[0.287s] DEBUG:colcon.colcon_core.event_handler.log_command:Invoked command in '/home/robot_ws/build/ambula_bringup' returned '0': CMAKE_PREFIX_PATH=${CMAKE_PREFIX_PATH}:/opt/ros/jazzy /usr/bin/cmake --build /home/robot_ws/build/ambula_bringup -- -j16 -l16
[0.288s] DEBUG:colcon.colcon_core.event_handler.log_command:Invoking command in '/home/robot_ws/build/ambula_bringup': CMAKE_PREFIX_PATH=${CMAKE_PREFIX_PATH}:/opt/ros/jazzy /usr/bin/cmake --install /home/robot_ws/build/ambula_bringup
[0.298s] Level 1:colcon.colcon_core.environment:create_environment_scripts_only(ambula_hw)
[0.300s] DEBUG:colcon.colcon_core.event_handler.log_command:Invoked command in '/home/robot_ws/build/ambula_hw' returned '0': CMAKE_PREFIX_PATH=${CMAKE_PREFIX_PATH}:/opt/ros/jazzy /usr/bin/cmake --install /home/robot_ws/build/ambula_hw
[0.302s] Level 1:colcon.colcon_core.environment:checking '/home/robot_ws/install/ambula_hw' for CMake module files
[0.302s] Level 1:colcon.colcon_core.environment:checking '/home/robot_ws/install/ambula_hw' for CMake config files
[0.303s] Level 1:colcon.colcon_core.shell:create_environment_hook('ambula_hw', 'cmake_prefix_path')
[0.303s] INFO:colcon.colcon_core.shell:Creating environment hook '/home/robot_ws/install/ambula_hw/share/ambula_hw/hook/cmake_prefix_path.ps1'
[0.304s] INFO:colcon.colcon_core.shell:Creating environment descriptor '/home/robot_ws/install/ambula_hw/share/ambula_hw/hook/cmake_prefix_path.dsv'
[0.305s] INFO:colcon.colcon_core.shell:Creating environment hook '/home/robot_ws/install/ambula_hw/share/ambula_hw/hook/cmake_prefix_path.sh'
[0.306s] Level 1:colcon.colcon_core.environment:checking '/home/robot_ws/install/ambula_hw/bin'
[0.306s] Level 1:colcon.colcon_core.environment:checking '/home/robot_ws/install/ambula_hw/lib/pkgconfig/ambula_hw.pc'
[0.307s] Level 1:colcon.colcon_core.environment:checking '/home/robot_ws/install/ambula_hw/lib/python3.12/site-packages'
[0.308s] Level 1:colcon.colcon_core.environment:checking '/home/robot_ws/install/ambula_hw/bin'
[0.308s] INFO:colcon.colcon_core.shell:Creating package script '/home/robot_ws/install/ambula_hw/share/ambula_hw/package.ps1'
[0.308s] INFO:colcon.colcon_core.shell:Creating package descriptor '/home/robot_ws/install/ambula_hw/share/ambula_hw/package.dsv'
[0.309s] INFO:colcon.colcon_core.shell:Creating package script '/home/robot_ws/install/ambula_hw/share/ambula_hw/package.sh'
[0.309s] INFO:colcon.colcon_core.shell:Creating package script '/home/robot_ws/install/ambula_hw/share/ambula_hw/package.bash'
[0.310s] INFO:colcon.colcon_core.shell:Creating package script '/home/robot_ws/install/ambula_hw/share/ambula_hw/package.zsh'
[0.310s] Level 1:colcon.colcon_core.environment:create_file_with_runtime_dependencies(/home/robot_ws/install/ambula_hw/share/colcon-core/packages/ambula_hw)
[0.311s] Level 1:colcon.colcon_core.environment:create_environment_scripts_only(ambula_hw)
[0.311s] Level 1:colcon.colcon_core.environment:checking '/home/robot_ws/install/ambula_hw' for CMake module files
[0.311s] Level 1:colcon.colcon_core.environment:checking '/home/robot_ws/install/ambula_hw' for CMake config files
[0.311s] Level 1:colcon.colcon_core.shell:create_environment_hook('ambula_hw', 'cmake_prefix_path')
[0.311s] INFO:colcon.colcon_core.shell:Creating environment hook '/home/robot_ws/install/ambula_hw/share/ambula_hw/hook/cmake_prefix_path.ps1'
[0.312s] INFO:colcon.colcon_core.shell:Creating environment descriptor '/home/robot_ws/install/ambula_hw/share/ambula_hw/hook/cmake_prefix_path.dsv'
[0.312s] INFO:colcon.colcon_core.shell:Creating environment hook '/home/robot_ws/install/ambula_hw/share/ambula_hw/hook/cmake_prefix_path.sh'
[0.312s] Level 1:colcon.colcon_core.environment:checking '/home/robot_ws/install/ambula_hw/bin'
[0.313s] Level 1:colcon.colcon_core.environment:checking '/home/robot_ws/install/ambula_hw/lib/pkgconfig/ambula_hw.pc'
[0.313s] Level 1:colcon.colcon_core.environment:checking '/home/robot_ws/install/ambula_hw/lib/python3.12/site-packages'
[0.313s] Level 1:colcon.colcon_core.environment:checking '/home/robot_ws/install/ambula_hw/bin'
[0.313s] INFO:colcon.colcon_core.shell:Creating package script '/home/robot_ws/install/ambula_hw/share/ambula_hw/package.ps1'
[0.314s] INFO:colcon.colcon_core.shell:Creating package descriptor '/home/robot_ws/install/ambula_hw/share/ambula_hw/package.dsv'
[0.314s] INFO:colcon.colcon_core.shell:Creating package script '/home/robot_ws/install/ambula_hw/share/ambula_hw/package.sh'
[0.314s] INFO:colcon.colcon_core.shell:Creating package script '/home/robot_ws/install/ambula_hw/share/ambula_hw/package.bash'
[0.315s] INFO:colcon.colcon_core.shell:Creating package script '/home/robot_ws/install/ambula_hw/share/ambula_hw/package.zsh'
[0.315s] Level 1:colcon.colcon_core.environment:create_file_with_runtime_dependencies(/home/robot_ws/install/ambula_hw/share/colcon-core/packages/ambula_hw)
[0.315s] Level 1:colcon.colcon_core.environment:create_environment_scripts_only(ambula_description)
[0.316s] Level 1:colcon.colcon_core.environment:checking '/home/robot_ws/install/ambula_description' for CMake module files
[0.317s] Level 1:colcon.colcon_core.environment:checking '/home/robot_ws/install/ambula_description' for CMake config files
[0.317s] DEBUG:colcon.colcon_core.event_handler.log_command:Invoked command in '/home/robot_ws/build/ambula_description' returned '0': CMAKE_PREFIX_PATH=${CMAKE_PREFIX_PATH}:/opt/ros/jazzy /usr/bin/cmake --install /home/robot_ws/build/ambula_description
[0.317s] Level 1:colcon.colcon_core.shell:create_environment_hook('ambula_description', 'cmake_prefix_path')
[0.317s] INFO:colcon.colcon_core.shell:Creating environment hook '/home/robot_ws/install/ambula_description/share/ambula_description/hook/cmake_prefix_path.ps1'
[0.318s] INFO:colcon.colcon_core.shell:Creating environment descriptor '/home/robot_ws/install/ambula_description/share/ambula_description/hook/cmake_prefix_path.dsv'
[0.318s] INFO:colcon.colcon_core.shell:Creating environment hook '/home/robot_ws/install/ambula_description/share/ambula_description/hook/cmake_prefix_path.sh'
[0.318s] Level 1:colcon.colcon_core.environment:checking '/home/robot_ws/install/ambula_description/bin'
[0.318s] Level 1:colcon.colcon_core.environment:checking '/home/robot_ws/install/ambula_description/lib/pkgconfig/ambula_description.pc'
[0.318s] Level 1:colcon.colcon_core.environment:checking '/home/robot_ws/install/ambula_description/lib/python3.12/site-packages'
[0.319s] Level 1:colcon.colcon_core.environment:checking '/home/robot_ws/install/ambula_description/bin'
[0.319s] INFO:colcon.colcon_core.shell:Creating package script '/home/robot_ws/install/ambula_description/share/ambula_description/package.ps1'
[0.319s] INFO:colcon.colcon_core.shell:Creating package descriptor '/home/robot_ws/install/ambula_description/share/ambula_description/package.dsv'
[0.319s] INFO:colcon.colcon_core.shell:Creating package script '/home/robot_ws/install/ambula_description/share/ambula_description/package.sh'
[0.320s] INFO:colcon.colcon_core.shell:Creating package script '/home/robot_ws/install/ambula_description/share/ambula_description/package.bash'
[0.320s] INFO:colcon.colcon_core.shell:Creating package script '/home/robot_ws/install/ambula_description/share/ambula_description/package.zsh'
[0.320s] Level 1:colcon.colcon_core.environment:create_file_with_runtime_dependencies(/home/robot_ws/install/ambula_description/share/colcon-core/packages/ambula_description)
[0.321s] Level 1:colcon.colcon_core.environment:create_environment_scripts_only(ambula_description)
[0.321s] Level 1:colcon.colcon_core.environment:checking '/home/robot_ws/install/ambula_description' for CMake module files
[0.321s] Level 1:colcon.colcon_core.environment:checking '/home/robot_ws/install/ambula_description' for CMake config files
[0.321s] Level 1:colcon.colcon_core.shell:create_environment_hook('ambula_description', 'cmake_prefix_path')
[0.321s] INFO:colcon.colcon_core.shell:Creating environment hook '/home/robot_ws/install/ambula_description/share/ambula_description/hook/cmake_prefix_path.ps1'
[0.321s] INFO:colcon.colcon_core.shell:Creating environment descriptor '/home/robot_ws/install/ambula_description/share/ambula_description/hook/cmake_prefix_path.dsv'
[0.322s] INFO:colcon.colcon_core.shell:Creating environment hook '/home/robot_ws/install/ambula_description/share/ambula_description/hook/cmake_prefix_path.sh'
[0.322s] Level 1:colcon.colcon_core.environment:checking '/home/robot_ws/install/ambula_description/bin'
[0.322s] Level 1:colcon.colcon_core.environment:checking '/home/robot_ws/install/ambula_description/lib/pkgconfig/ambula_description.pc'
[0.322s] Level 1:colcon.colcon_core.environment:checking '/home/robot_ws/install/ambula_description/lib/python3.12/site-packages'
[0.322s] Level 1:colcon.colcon_core.environment:checking '/home/robot_ws/install/ambula_description/bin'
[0.323s] INFO:colcon.colcon_core.shell:Creating package script '/home/robot_ws/install/ambula_description/share/ambula_description/package.ps1'
[0.323s] INFO:colcon.colcon_core.shell:Creating package descriptor '/home/robot_ws/install/ambula_description/share/ambula_description/package.dsv'
[0.323s] INFO:colcon.colcon_core.shell:Creating package script '/home/robot_ws/install/ambula_description/share/ambula_description/package.sh'
[0.324s] INFO:colcon.colcon_core.shell:Creating package script '/home/robot_ws/install/ambula_description/share/ambula_description/package.bash'
[0.324s] INFO:colcon.colcon_core.shell:Creating package script '/home/robot_ws/install/ambula_description/share/ambula_description/package.zsh'
[0.324s] Level 1:colcon.colcon_core.environment:create_file_with_runtime_dependencies(/home/robot_ws/install/ambula_description/share/colcon-core/packages/ambula_description)
[0.324s] Level 1:colcon.colcon_core.environment:create_environment_scripts_only(ambula_world)
[0.324s] Level 1:colcon.colcon_core.environment:checking '/home/robot_ws/install/ambula_world' for CMake module files
[0.325s] Level 1:colcon.colcon_core.environment:checking '/home/robot_ws/install/ambula_world' for CMake config files
[0.325s] DEBUG:colcon.colcon_core.event_handler.log_command:Invoked command in '/home/robot_ws/build/ambula_world' returned '0': CMAKE_PREFIX_PATH=${CMAKE_PREFIX_PATH}:/opt/ros/jazzy /usr/bin/cmake --install /home/robot_ws/build/ambula_world
[0.325s] Level 1:colcon.colcon_core.shell:create_environment_hook('ambula_world', 'cmake_prefix_path')
[0.325s] INFO:colcon.colcon_core.shell:Creating environment hook '/home/robot_ws/install/ambula_world/share/ambula_world/hook/cmake_prefix_path.ps1'
[0.326s] INFO:colcon.colcon_core.shell:Creating environment descriptor '/home/robot_ws/install/ambula_world/share/ambula_world/hook/cmake_prefix_path.dsv'
[0.326s] INFO:colcon.colcon_core.shell:Creating environment hook '/home/robot_ws/install/ambula_world/share/ambula_world/hook/cmake_prefix_path.sh'
[0.326s] Level 1:colcon.colcon_core.environment:checking '/home/robot_ws/install/ambula_world/bin'
[0.326s] Level 1:colcon.colcon_core.environment:checking '/home/robot_ws/install/ambula_world/lib/pkgconfig/ambula_world.pc'
[0.327s] Level 1:colcon.colcon_core.environment:checking '/home/robot_ws/install/ambula_world/lib/python3.12/site-packages'
[0.327s] Level 1:colcon.colcon_core.environment:checking '/home/robot_ws/install/ambula_world/bin'
[0.327s] INFO:colcon.colcon_core.shell:Creating package script '/home/robot_ws/install/ambula_world/share/ambula_world/package.ps1'
[0.327s] INFO:colcon.colcon_core.shell:Creating package descriptor '/home/robot_ws/install/ambula_world/share/ambula_world/package.dsv'
[0.327s] INFO:colcon.colcon_core.shell:Creating package script '/home/robot_ws/install/ambula_world/share/ambula_world/package.sh'
[0.328s] INFO:colcon.colcon_core.shell:Creating package script '/home/robot_ws/install/ambula_world/share/ambula_world/package.bash'
[0.328s] INFO:colcon.colcon_core.shell:Creating package script '/home/robot_ws/install/ambula_world/share/ambula_world/package.zsh'
[0.328s] Level 1:colcon.colcon_core.environment:create_file_with_runtime_dependencies(/home/robot_ws/install/ambula_world/share/colcon-core/packages/ambula_world)
[0.328s] Level 1:colcon.colcon_core.environment:create_environment_scripts_only(ambula_world)
[0.328s] Level 1:colcon.colcon_core.environment:checking '/home/robot_ws/install/ambula_world' for CMake module files
[0.329s] Level 1:colcon.colcon_core.environment:checking '/home/robot_ws/install/ambula_world' for CMake config files
[0.329s] Level 1:colcon.colcon_core.shell:create_environment_hook('ambula_world', 'cmake_prefix_path')
[0.329s] INFO:colcon.colcon_core.shell:Creating environment hook '/home/robot_ws/install/ambula_world/share/ambula_world/hook/cmake_prefix_path.ps1'
[0.329s] INFO:colcon.colcon_core.shell:Creating environment descriptor '/home/robot_ws/install/ambula_world/share/ambula_world/hook/cmake_prefix_path.dsv'
[0.329s] INFO:colcon.colcon_core.shell:Creating environment hook '/home/robot_ws/install/ambula_world/share/ambula_world/hook/cmake_prefix_path.sh'
[0.330s] Level 1:colcon.colcon_core.environment:checking '/home/robot_ws/install/ambula_world/bin'
[0.330s] Level 1:colcon.colcon_core.environment:checking '/home/robot_ws/install/ambula_world/lib/pkgconfig/ambula_world.pc'
[0.330s] Level 1:colcon.colcon_core.environment:checking '/home/robot_ws/install/ambula_world/lib/python3.12/site-packages'
[0.330s] Level 1:colcon.colcon_core.environment:checking '/home/robot_ws/install/ambula_world/bin'
[0.330s] INFO:colcon.colcon_core.shell:Creating package script '/home/robot_ws/install/ambula_world/share/ambula_world/package.ps1'
[0.330s] INFO:colcon.colcon_core.shell:Creating package descriptor '/home/robot_ws/install/ambula_world/share/ambula_world/package.dsv'
[0.331s] INFO:colcon.colcon_core.shell:Creating package script '/home/robot_ws/install/ambula_world/share/ambula_world/package.sh'
[0.331s] INFO:colcon.colcon_core.shell:Creating package script '/home/robot_ws/install/ambula_world/share/ambula_world/package.bash'
[0.331s] INFO:colcon.colcon_core.shell:Creating package script '/home/robot_ws/install/ambula_world/share/ambula_world/package.zsh'
[0.332s] Level 1:colcon.colcon_core.environment:create_file_with_runtime_dependencies(/home/robot_ws/install/ambula_world/share/colcon-core/packages/ambula_world)
[0.332s] Level 1:colcon.colcon_core.environment:create_environment_scripts_only(ambula_bringup)
[0.332s] Level 1:colcon.colcon_core.environment:checking '/home/robot_ws/install/ambula_bringup' for CMake module files
[0.333s] Level 1:colcon.colcon_core.environment:checking '/home/robot_ws/install/ambula_bringup' for CMake config files
[0.333s] Level 1:colcon.colcon_core.shell:create_environment_hook('ambula_bringup', 'cmake_prefix_path')
[0.333s] INFO:colcon.colcon_core.shell:Creating environment hook '/home/robot_ws/install/ambula_bringup/share/ambula_bringup/hook/cmake_prefix_path.ps1'
[0.334s] DEBUG:colcon.colcon_core.event_handler.log_command:Invoked command in '/home/robot_ws/build/ambula_bringup' returned '0': CMAKE_PREFIX_PATH=${CMAKE_PREFIX_PATH}:/opt/ros/jazzy /usr/bin/cmake --install /home/robot_ws/build/ambula_bringup
[0.334s] INFO:colcon.colcon_core.shell:Creating environment descriptor '/home/robot_ws/install/ambula_bringup/share/ambula_bringup/hook/cmake_prefix_path.dsv'
[0.334s] INFO:colcon.colcon_core.shell:Creating environment hook '/home/robot_ws/install/ambula_bringup/share/ambula_bringup/hook/cmake_prefix_path.sh'
[0.335s] Level 1:colcon.colcon_core.environment:checking '/home/robot_ws/install/ambula_bringup/bin'
[0.335s] Level 1:colcon.colcon_core.environment:checking '/home/robot_ws/install/ambula_bringup/lib/pkgconfig/ambula_bringup.pc'
[0.335s] Level 1:colcon.colcon_core.environment:checking '/home/robot_ws/install/ambula_bringup/lib/python3.12/site-packages'
[0.335s] Level 1:colcon.colcon_core.environment:checking '/home/robot_ws/install/ambula_bringup/bin'
[0.335s] INFO:colcon.colcon_core.shell:Creating package script '/home/robot_ws/install/ambula_bringup/share/ambula_bringup/package.ps1'
[0.335s] INFO:colcon.colcon_core.shell:Creating package descriptor '/home/robot_ws/install/ambula_bringup/share/ambula_bringup/package.dsv'
[0.336s] INFO:colcon.colcon_core.shell:Creating package script '/home/robot_ws/install/ambula_bringup/share/ambula_bringup/package.sh'
[0.336s] INFO:colcon.colcon_core.shell:Creating package script '/home/robot_ws/install/ambula_bringup/share/ambula_bringup/package.bash'
[0.336s] INFO:colcon.colcon_core.shell:Creating package script '/home/robot_ws/install/ambula_bringup/share/ambula_bringup/package.zsh'
[0.336s] Level 1:colcon.colcon_core.environment:create_file_with_runtime_dependencies(/home/robot_ws/install/ambula_bringup/share/colcon-core/packages/ambula_bringup)
[0.337s] Level 1:colcon.colcon_core.environment:create_environment_scripts_only(ambula_bringup)
[0.337s] Level 1:colcon.colcon_core.environment:checking '/home/robot_ws/install/ambula_bringup' for CMake module files
[0.337s] Level 1:colcon.colcon_core.environment:checking '/home/robot_ws/install/ambula_bringup' for CMake config files
[0.337s] Level 1:colcon.colcon_core.shell:create_environment_hook('ambula_bringup', 'cmake_prefix_path')
[0.337s] INFO:colcon.colcon_core.shell:Creating environment hook '/home/robot_ws/install/ambula_bringup/share/ambula_bringup/hook/cmake_prefix_path.ps1'
[0.338s] INFO:colcon.colcon_core.shell:Creating environment descriptor '/home/robot_ws/install/ambula_bringup/share/ambula_bringup/hook/cmake_prefix_path.dsv'
[0.338s] INFO:colcon.colcon_core.shell:Creating environment hook '/home/robot_ws/install/ambula_bringup/share/ambula_bringup/hook/cmake_prefix_path.sh'
[0.338s] Level 1:colcon.colcon_core.environment:checking '/home/robot_ws/install/ambula_bringup/bin'
[0.338s] Level 1:colcon.colcon_core.environment:checking '/home/robot_ws/install/ambula_bringup/lib/pkgconfig/ambula_bringup.pc'
[0.338s] Level 1:colcon.colcon_core.environment:checking '/home/robot_ws/install/ambula_bringup/lib/python3.12/site-packages'
[0.338s] Level 1:colcon.colcon_core.environment:checking '/home/robot_ws/install/ambula_bringup/bin'
[0.339s] INFO:colcon.colcon_core.shell:Creating package script '/home/robot_ws/install/ambula_bringup/share/ambula_bringup/package.ps1'
[0.339s] INFO:colcon.colcon_core.shell:Creating package descriptor '/home/robot_ws/install/ambula_bringup/share/ambula_bringup/package.dsv'
[0.339s] INFO:colcon.colcon_core.shell:Creating package script '/home/robot_ws/install/ambula_bringup/share/ambula_bringup/package.sh'
[0.340s] INFO:colcon.colcon_core.shell:Creating package script '/home/robot_ws/install/ambula_bringup/share/ambula_bringup/package.bash'
[0.340s] INFO:colcon.colcon_core.shell:Creating package script '/home/robot_ws/install/ambula_bringup/share/ambula_bringup/package.zsh'
[0.340s] Level 1:colcon.colcon_core.environment:create_file_with_runtime_dependencies(/home/robot_ws/install/ambula_bringup/share/colcon-core/packages/ambula_bringup)
[0.340s] DEBUG:colcon.colcon_parallel_executor.executor.parallel:closing loop
[0.341s] DEBUG:colcon.colcon_parallel_executor.executor.parallel:loop closed
[0.341s] DEBUG:colcon.colcon_parallel_executor.executor.parallel:run_until_complete finished with '0'
[0.341s] DEBUG:colcon.colcon_core.event_reactor:joining thread
[0.346s] INFO:colcon.colcon_core.plugin_system:Skipping extension 'colcon_notification.desktop_notification.notify_send': Could not find 'notify-send'
[0.346s] INFO:colcon.colcon_core.plugin_system:Skipping extension 'colcon_notification.desktop_notification.terminal_notifier': Not used on non-Darwin systems
[0.346s] INFO:colcon.colcon_core.plugin_system:Skipping extension 'colcon_notification.desktop_notification.win32': Not used on non-Windows systems
[0.346s] INFO:colcon.colcon_notification.desktop_notification:Sending desktop notification using 'notify2'
[0.348s] DEBUG:colcon.colcon_notification.desktop_notification.notify2:Failed to initialize notify2: org.freedesktop.DBus.Error.Spawn.ExecFailed: /usr/bin/dbus-launch terminated abnormally without any error message
[0.348s] DEBUG:colcon.colcon_core.event_reactor:joined thread
[0.348s] INFO:colcon.colcon_core.shell:Creating prefix script '/home/robot_ws/install/local_setup.ps1'
[0.349s] INFO:colcon.colcon_core.shell:Creating prefix util module '/home/robot_ws/install/_local_setup_util_ps1.py'
[0.350s] INFO:colcon.colcon_core.shell:Creating prefix chain script '/home/robot_ws/install/setup.ps1'
[0.351s] INFO:colcon.colcon_core.shell:Creating prefix script '/home/robot_ws/install/local_setup.sh'
[0.351s] INFO:colcon.colcon_core.shell:Creating prefix util module '/home/robot_ws/install/_local_setup_util_sh.py'
[0.351s] INFO:colcon.colcon_core.shell:Creating prefix chain script '/home/robot_ws/install/setup.sh'
[0.352s] INFO:colcon.colcon_core.shell:Creating prefix script '/home/robot_ws/install/local_setup.bash'
[0.352s] INFO:colcon.colcon_core.shell:Creating prefix chain script '/home/robot_ws/install/setup.bash'
[0.353s] INFO:colcon.colcon_core.shell:Creating prefix script '/home/robot_ws/install/local_setup.zsh'
[0.353s] INFO:colcon.colcon_core.shell:Creating prefix chain script '/home/robot_ws/install/setup.zsh'
