-- Install configuration: ""
-- Up-to-date: /home/robot_ws/install/ambula_description/share/ambula_description//config
-- Up-to-date: /home/robot_ws/install/ambula_description/share/ambula_description//config/ambula_control.yaml
-- Up-to-date: /home/robot_ws/install/ambula_description/share/ambula_description//config/gazebo_bridge.yaml
-- Up-to-date: /home/robot_ws/install/ambula_description/share/ambula_description//meshes
-- Up-to-date: /home/robot_ws/install/ambula_description/share/ambula_description//urdf
-- Up-to-date: /home/robot_ws/install/ambula_description/share/ambula_description//urdf/ambula_oa
-- Up-to-date: /home/robot_ws/install/ambula_description/share/ambula_description//urdf/ambula_oa/properties.urdf.xacro
-- Up-to-date: /home/robot_ws/install/ambula_description/share/ambula_description//urdf/ambula_oa/ambula.urdf.xacro
-- Up-to-date: /home/robot_ws/install/ambula_description/share/ambula_description//urdf/ambula_oa/robot
-- Up-to-date: /home/robot_ws/install/ambula_description/share/ambula_description//urdf/ambula_oa/robot/base.urdf.xacro
-- Up-to-date: /home/robot_ws/install/ambula_description/share/ambula_description//urdf/ambula_oa/plugin
-- Up-to-date: /home/robot_ws/install/ambula_description/share/ambula_description//urdf/ambula_oa/plugin/gazebo_control.urdf.xacro
-- Up-to-date: /home/robot_ws/install/ambula_description/share/ambula_description//urdf/ambula_oa/plugin/ros2_control.urdf.xacro
-- Up-to-date: /home/robot_ws/install/ambula_description/share/ambula_description//urdf/ambula_oa/plugin/gazebo_position.urdf.xacro
-- Up-to-date: /home/robot_ws/install/ambula_description/share/ambula_description//urdf/ambula_oa/sensor
-- Up-to-date: /home/robot_ws/install/ambula_description/share/ambula_description//urdf/ambula_oa/sensor/depth_camera.urdf.xacro
-- Up-to-date: /home/robot_ws/install/ambula_description/share/ambula_description//urdf/ambula_bot
-- Up-to-date: /home/robot_ws/install/ambula_description/share/ambula_description//urdf/ambula_bot/properties.urdf.xacro
-- Up-to-date: /home/robot_ws/install/ambula_description/share/ambula_description//urdf/ambula_bot/ambula.urdf.xacro
-- Up-to-date: /home/robot_ws/install/ambula_description/share/ambula_description//urdf/ambula_bot/robot
-- Up-to-date: /home/robot_ws/install/ambula_description/share/ambula_description//urdf/ambula_bot/plugin
-- Up-to-date: /home/robot_ws/install/ambula_description/share/ambula_description//urdf/ambula_bot/sensor
-- Up-to-date: /home/robot_ws/install/ambula_description/share/ament_index/resource_index/package_run_dependencies/ambula_description
-- Up-to-date: /home/robot_ws/install/ambula_description/share/ament_index/resource_index/parent_prefix_path/ambula_description
-- Up-to-date: /home/robot_ws/install/ambula_description/share/ambula_description/environment/ament_prefix_path.sh
-- Up-to-date: /home/robot_ws/install/ambula_description/share/ambula_description/environment/ament_prefix_path.dsv
-- Up-to-date: /home/robot_ws/install/ambula_description/share/ambula_description/environment/path.sh
-- Up-to-date: /home/robot_ws/install/ambula_description/share/ambula_description/environment/path.dsv
-- Up-to-date: /home/robot_ws/install/ambula_description/share/ambula_description/local_setup.bash
-- Up-to-date: /home/robot_ws/install/ambula_description/share/ambula_description/local_setup.sh
-- Up-to-date: /home/robot_ws/install/ambula_description/share/ambula_description/local_setup.zsh
-- Up-to-date: /home/robot_ws/install/ambula_description/share/ambula_description/local_setup.dsv
-- Installing: /home/robot_ws/install/ambula_description/share/ambula_description/package.dsv
-- Up-to-date: /home/robot_ws/install/ambula_description/share/ament_index/resource_index/packages/ambula_description
-- Up-to-date: /home/robot_ws/install/ambula_description/share/ambula_description/cmake/ambula_descriptionConfig.cmake
-- Up-to-date: /home/robot_ws/install/ambula_description/share/ambula_description/cmake/ambula_descriptionConfig-version.cmake
-- Up-to-date: /home/robot_ws/install/ambula_description/share/ambula_description/package.xml
