[0.023s] Invoking command in '/home/robot_ws/build/ambula_hw': CMAKE_PREFIX_PATH=${CMAKE_PREFIX_PATH}:/opt/ros/jazzy /usr/bin/cmake --build /home/robot_ws/build/ambula_hw -- -j16 -l16
[0.324s] Invoked command in '/home/robot_ws/build/ambula_hw' returned '0': CMAKE_PREFIX_PATH=${CMAKE_PREFIX_PATH}:/opt/ros/jazzy /usr/bin/cmake --build /home/robot_ws/build/ambula_hw -- -j16 -l16
[0.332s] Invoking command in '/home/robot_ws/build/ambula_hw': CMAKE_PREFIX_PATH=${CMAKE_PREFIX_PATH}:/opt/ros/jazzy /usr/bin/cmake --install /home/robot_ws/build/ambula_hw
[0.405s] -- Install configuration: ""
[0.415s] -- Up-to-date: /home/robot_ws/install/ambula_hw/share/ament_index/resource_index/package_run_dependencies/ambula_hw
[0.416s] -- Up-to-date: /home/robot_ws/install/ambula_hw/share/ament_index/resource_index/parent_prefix_path/ambula_hw
[0.416s] -- Up-to-date: /home/robot_ws/install/ambula_hw/share/ambula_hw/environment/ament_prefix_path.sh
[0.418s] -- Up-to-date: /home/robot_ws/install/ambula_hw/share/ambula_hw/environment/ament_prefix_path.dsv
[0.422s] -- Up-to-date: /home/robot_ws/install/ambula_hw/share/ambula_hw/environment/path.sh
[0.423s] -- Up-to-date: /home/robot_ws/install/ambula_hw/share/ambula_hw/environment/path.dsv
[0.426s] -- Up-to-date: /home/robot_ws/install/ambula_hw/share/ambula_hw/local_setup.bash
[0.427s] -- Up-to-date: /home/robot_ws/install/ambula_hw/share/ambula_hw/local_setup.sh
[0.428s] -- Up-to-date: /home/robot_ws/install/ambula_hw/share/ambula_hw/local_setup.zsh
[0.428s] -- Up-to-date: /home/robot_ws/install/ambula_hw/share/ambula_hw/local_setup.dsv
[0.429s] -- Installing: /home/robot_ws/install/ambula_hw/share/ambula_hw/package.dsv
[0.433s] -- Up-to-date: /home/robot_ws/install/ambula_hw/share/ament_index/resource_index/packages/ambula_hw
[0.434s] -- Up-to-date: /home/robot_ws/install/ambula_hw/share/ambula_hw/cmake/ambula_hwConfig.cmake
[0.434s] -- Up-to-date: /home/robot_ws/install/ambula_hw/share/ambula_hw/cmake/ambula_hwConfig-version.cmake
[0.436s] -- Up-to-date: /home/robot_ws/install/ambula_hw/share/ambula_hw/package.xml
[0.487s] Invoked command in '/home/robot_ws/build/ambula_hw' returned '0': CMAKE_PREFIX_PATH=${CMAKE_PREFIX_PATH}:/opt/ros/jazzy /usr/bin/cmake --install /home/robot_ws/build/ambula_hw
