[0.016s] Invoking command in '/home/robot_ws/build/ambula_bringup': CMAKE_PREFIX_PATH=${CMAKE_PREFIX_PATH}:/opt/ros/jazzy /usr/bin/cmake /home/robot_ws/src/ambula_bringup -DCMAKE_INSTALL_PREFIX=/home/robot_ws/install/ambula_bringup
[0.245s] -- The C compiler identification is GNU 13.3.0
[0.372s] -- The CXX compiler identification is GNU 13.3.0
[0.389s] -- Detecting C compiler ABI info
[0.474s] -- Detecting C compiler ABI info - done
[0.485s] -- Check for working C compiler: /usr/bin/cc - skipped
[0.485s] -- Detecting C compile features
[0.486s] -- Detecting C compile features - done
[0.492s] -- Detecting CXX compiler ABI info
[0.574s] -- Detecting CXX compiler ABI info - done
[0.581s] -- Check for working CXX compiler: /usr/bin/c++ - skipped
[0.581s] -- Detecting CXX compile features
[0.581s] -- Detecting CXX compile features - done
[0.595s] -- Found ament_cmake: 2.5.4 (/opt/ros/jazzy/share/ament_cmake/cmake)
[0.732s] -- Found Python3: /usr/bin/python3 (found version "3.12.3") found components: Interpreter 
[0.862s] -- Found rclcpp: 28.1.10 (/opt/ros/jazzy/share/rclcpp/cmake)
[0.939s] -- Found rosidl_generator_c: 4.6.5 (/opt/ros/jazzy/share/rosidl_generator_c/cmake)
[0.959s] -- Found rosidl_generator_cpp: 4.6.5 (/opt/ros/jazzy/share/rosidl_generator_cpp/cmake)
[0.985s] -- Using all available rosidl_typesupport_c: rosidl_typesupport_fastrtps_c;rosidl_typesupport_introspection_c
[1.012s] -- Using all available rosidl_typesupport_cpp: rosidl_typesupport_fastrtps_cpp;rosidl_typesupport_introspection_cpp
[1.116s] -- Found rmw_implementation_cmake: 7.3.2 (/opt/ros/jazzy/share/rmw_implementation_cmake/cmake)
[1.121s] -- Found rmw_cyclonedds_cpp: 2.2.3 (/opt/ros/jazzy/share/rmw_cyclonedds_cpp/cmake)
[1.160s] -- Using RMW implementation 'rmw_cyclonedds_cpp' as default
[1.238s] -- Found rclcpp_action: 28.1.10 (/opt/ros/jazzy/share/rclcpp_action/cmake)
[1.291s] -- Found ament_lint_auto: 0.17.2 (/opt/ros/jazzy/share/ament_lint_auto/cmake)
[1.387s] -- Added test 'flake8' to check Python code syntax and style conventions
[1.387s] -- Configured 'flake8' exclude dirs and/or files: 
[1.388s] -- Added test 'lint_cmake' to check CMake code style
[1.388s] -- Added test 'pep257' to check Python code against some of the docstring style conventions in PEP 257
[1.389s] -- Added test 'xmllint' to check XML markup files
[1.390s] -- Configuring done (1.3s)
[1.393s] -- Generating done (0.0s)
[1.395s] -- Build files have been written to: /home/robot_ws/build/ambula_bringup
[1.400s] Invoked command in '/home/robot_ws/build/ambula_bringup' returned '0': CMAKE_PREFIX_PATH=${CMAKE_PREFIX_PATH}:/opt/ros/jazzy /usr/bin/cmake /home/robot_ws/src/ambula_bringup -DCMAKE_INSTALL_PREFIX=/home/robot_ws/install/ambula_bringup
[1.401s] Invoking command in '/home/robot_ws/build/ambula_bringup': CMAKE_PREFIX_PATH=${CMAKE_PREFIX_PATH}:/opt/ros/jazzy /usr/bin/cmake --build /home/robot_ws/build/ambula_bringup -- -j16 -l16
[1.442s] Invoked command in '/home/robot_ws/build/ambula_bringup' returned '0': CMAKE_PREFIX_PATH=${CMAKE_PREFIX_PATH}:/opt/ros/jazzy /usr/bin/cmake --build /home/robot_ws/build/ambula_bringup -- -j16 -l16
[1.443s] Invoking command in '/home/robot_ws/build/ambula_bringup': CMAKE_PREFIX_PATH=${CMAKE_PREFIX_PATH}:/opt/ros/jazzy /usr/bin/cmake --install /home/robot_ws/build/ambula_bringup
[1.453s] -- Install configuration: ""
[1.453s] -- Installing: /home/robot_ws/install/ambula_bringup/share/ambula_bringup//launch
[1.453s] -- Installing: /home/robot_ws/install/ambula_bringup/share/ambula_bringup//launch/ambula_bringup.launch.py
[1.453s] -- Installing: /home/robot_ws/install/ambula_bringup/share/ambula_bringup//launch/description.launch.py
[1.453s] -- Installing: /home/robot_ws/install/ambula_bringup/share/ament_index/resource_index/package_run_dependencies/ambula_bringup
[1.454s] -- Installing: /home/robot_ws/install/ambula_bringup/share/ament_index/resource_index/parent_prefix_path/ambula_bringup
[1.454s] -- Installing: /home/robot_ws/install/ambula_bringup/share/ambula_bringup/environment/ament_prefix_path.sh
[1.454s] -- Installing: /home/robot_ws/install/ambula_bringup/share/ambula_bringup/environment/ament_prefix_path.dsv
[1.454s] -- Installing: /home/robot_ws/install/ambula_bringup/share/ambula_bringup/environment/path.sh
[1.454s] -- Installing: /home/robot_ws/install/ambula_bringup/share/ambula_bringup/environment/path.dsv
[1.455s] -- Installing: /home/robot_ws/install/ambula_bringup/share/ambula_bringup/local_setup.bash
[1.455s] -- Installing: /home/robot_ws/install/ambula_bringup/share/ambula_bringup/local_setup.sh
[1.455s] -- Installing: /home/robot_ws/install/ambula_bringup/share/ambula_bringup/local_setup.zsh
[1.455s] -- Installing: /home/robot_ws/install/ambula_bringup/share/ambula_bringup/local_setup.dsv
[1.455s] -- Installing: /home/robot_ws/install/ambula_bringup/share/ambula_bringup/package.dsv
[1.455s] -- Installing: /home/robot_ws/install/ambula_bringup/share/ament_index/resource_index/packages/ambula_bringup
[1.455s] -- Installing: /home/robot_ws/install/ambula_bringup/share/ambula_bringup/cmake/ambula_bringupConfig.cmake
[1.455s] -- Installing: /home/robot_ws/install/ambula_bringup/share/ambula_bringup/cmake/ambula_bringupConfig-version.cmake
[1.456s] -- Installing: /home/robot_ws/install/ambula_bringup/share/ambula_bringup/package.xml
