[0.029s] Invoking command in '/home/robot_ws/build/ambula_hw': CMAKE_PREFIX_PATH=${CMAKE_PREFIX_PATH}:/opt/ros/jazzy /usr/bin/cmake --build /home/robot_ws/build/ambula_hw -- -j16 -l16
[0.214s] Invoked command in '/home/robot_ws/build/ambula_hw' returned '0': CMAKE_PREFIX_PATH=${CMAKE_PREFIX_PATH}:/opt/ros/jazzy /usr/bin/cmake --build /home/robot_ws/build/ambula_hw -- -j16 -l16
[0.257s] Invoking command in '/home/robot_ws/build/ambula_hw': CMAKE_PREFIX_PATH=${CMAKE_PREFIX_PATH}:/opt/ros/jazzy /usr/bin/cmake --install /home/robot_ws/build/ambula_hw
[0.275s] -- Install configuration: ""
[0.276s] -- Up-to-date: /home/robot_ws/install/ambula_hw/share/ament_index/resource_index/package_run_dependencies/ambula_hw
[0.276s] -- Up-to-date: /home/robot_ws/install/ambula_hw/share/ament_index/resource_index/parent_prefix_path/ambula_hw
[0.277s] -- Up-to-date: /home/robot_ws/install/ambula_hw/share/ambula_hw/environment/ament_prefix_path.sh
[0.278s] -- Up-to-date: /home/robot_ws/install/ambula_hw/share/ambula_hw/environment/ament_prefix_path.dsv
[0.279s] -- Up-to-date: /home/robot_ws/install/ambula_hw/share/ambula_hw/environment/path.sh
[0.280s] -- Up-to-date: /home/robot_ws/install/ambula_hw/share/ambula_hw/environment/path.dsv
[0.283s] -- Up-to-date: /home/robot_ws/install/ambula_hw/share/ambula_hw/local_setup.bash
[0.283s] -- Up-to-date: /home/robot_ws/install/ambula_hw/share/ambula_hw/local_setup.sh
[0.284s] -- Up-to-date: /home/robot_ws/install/ambula_hw/share/ambula_hw/local_setup.zsh
[0.285s] -- Up-to-date: /home/robot_ws/install/ambula_hw/share/ambula_hw/local_setup.dsv
[0.287s] -- Up-to-date: /home/robot_ws/install/ambula_hw/share/ambula_hw/package.dsv
[0.293s] -- Up-to-date: /home/robot_ws/install/ambula_hw/share/ament_index/resource_index/packages/ambula_hw
[0.294s] -- Up-to-date: /home/robot_ws/install/ambula_hw/share/ambula_hw/cmake/ambula_hwConfig.cmake
[0.294s] -- Up-to-date: /home/robot_ws/install/ambula_hw/share/ambula_hw/cmake/ambula_hwConfig-version.cmake
[0.294s] -- Up-to-date: /home/robot_ws/install/ambula_hw/share/ambula_hw/package.xml
[0.314s] Invoked command in '/home/robot_ws/build/ambula_hw' returned '0': CMAKE_PREFIX_PATH=${CMAKE_PREFIX_PATH}:/opt/ros/jazzy /usr/bin/cmake --install /home/robot_ws/build/ambula_hw
