[0.018s] Invoking command in '/home/robot_ws/build/ambula_perception': CMAKE_PREFIX_PATH=${CMAKE_PREFIX_PATH}:/opt/ros/jazzy /usr/bin/cmake /home/robot_ws/src/ambula_perception -DCMAKE_INSTALL_PREFIX=/home/robot_ws/install/ambula_perception
[0.238s] -- The C compiler identification is GNU 13.3.0
[0.599s] -- The CXX compiler identification is GNU 13.3.0
[0.701s] -- Detecting C compiler ABI info
[1.258s] -- Detecting C compiler ABI info - done
[1.333s] -- Check for working C compiler: /usr/bin/cc - skipped
[1.336s] -- Detecting C compile features
[1.340s] -- Detecting C compile features - done
[1.399s] -- Detecting CXX compiler ABI info
[1.982s] -- Detecting CXX compiler ABI info - done
[1.993s] -- Check for working CXX compiler: /usr/bin/c++ - skipped
[1.994s] -- Detecting CXX compile features
[1.994s] -- Detecting CXX compile features - done
[2.003s] -- Found ament_cmake: 2.5.4 (/opt/ros/jazzy/share/ament_cmake/cmake)
[2.509s] -- Found Python3: /usr/bin/python3 (found version "3.12.3") found components: Interpreter 
[2.649s] -- Found rclcpp: 28.1.11 (/opt/ros/jazzy/share/rclcpp/cmake)
[2.706s] -- Found rosidl_generator_c: 4.6.6 (/opt/ros/jazzy/share/rosidl_generator_c/cmake)
[2.724s] -- Found rosidl_generator_cpp: 4.6.6 (/opt/ros/jazzy/share/rosidl_generator_cpp/cmake)
[2.745s] -- Using all available rosidl_typesupport_c: rosidl_typesupport_fastrtps_c;rosidl_typesupport_introspection_c
[2.767s] -- Using all available rosidl_typesupport_cpp: rosidl_typesupport_fastrtps_cpp;rosidl_typesupport_introspection_cpp
[2.857s] -- Found rmw_implementation_cmake: 7.3.2 (/opt/ros/jazzy/share/rmw_implementation_cmake/cmake)
[2.861s] -- Found rmw_cyclonedds_cpp: 2.2.3 (/opt/ros/jazzy/share/rmw_cyclonedds_cpp/cmake)
[2.892s] -- Using RMW implementation 'rmw_cyclonedds_cpp' as default
[2.961s] -- Found sensor_msgs: 5.3.6 (/opt/ros/jazzy/share/sensor_msgs/cmake)
[3.021s] -- Found pcl_conversions: 2.6.2 (/opt/ros/jazzy/share/pcl_conversions/cmake)
[3.116s] [33mCMake Warning (dev) at /usr/lib/x86_64-linux-gnu/cmake/pcl/Modules/FindFLANN.cmake:45 (find_package):
[3.116s]   Policy CMP0144 is not set: find_package uses upper-case <PACKAGENAME>_ROOT
[3.116s]   variables.  Run "cmake --help-policy CMP0144" for policy details.  Use the
[3.116s]   cmake_policy command to set the policy and suppress this warning.
[3.116s] 
[3.116s]   CMake variable FLANN_ROOT is set to:
[3.116s] 
[3.117s]     /usr
[3.117s] 
[3.117s]   For compatibility, find_package is ignoring the variable, but code in a
[3.117s]   .cmake module might still use it.
[3.117s] Call Stack (most recent call first):
[3.117s]   /usr/lib/x86_64-linux-gnu/cmake/pcl/PCLConfig.cmake:261 (find_package)
[3.117s]   /usr/lib/x86_64-linux-gnu/cmake/pcl/PCLConfig.cmake:306 (find_flann)
[3.117s]   /usr/lib/x86_64-linux-gnu/cmake/pcl/PCLConfig.cmake:570 (find_external_library)
[3.117s]   /opt/ros/jazzy/share/pcl_conversions/cmake/ament_cmake_export_dependencies-extras.cmake:21 (find_package)
[3.117s]   /opt/ros/jazzy/share/pcl_conversions/cmake/pcl_conversionsConfig.cmake:41 (include)
[3.117s]   CMakeLists.txt:13 (find_package)
[3.117s] This warning is for project developers.  Use -Wno-dev to suppress it.
[3.118s] [0m
[3.118s] -- Found flann version 1.9.2
[3.394s] -- Found OpenMP_CXX: -fopenmp (found version "4.5") 
[3.394s] -- Found OpenMP: TRUE (found version "4.5") found components: CXX 
[4.521s] -- Checking for module 'libusb-1.0'
[4.534s] --   Found libusb-1.0, version 1.0.27
[4.566s] -- Found libusb: /usr/lib/x86_64-linux-gnu/libusb-1.0.so  
[4.567s] -- OpenNI found (version: 1.5.4.0, include: /usr/include/ni, lib: /usr/lib/libOpenNI.so;libusb::libusb)
[4.618s] -- OpenNI2 found (version: 2.2.0.33, include: /usr/include/openni2, lib: /usr/lib/x86_64-linux-gnu/libOpenNI2.so;libusb::libusb)
[4.621s] -- Could NOT find Pcap (missing: PCAP_LIBRARIES PCAP_INCLUDE_DIRS) 
[4.630s] -- Found ZLIB: /usr/lib/x86_64-linux-gnu/libz.so (found version "1.3")  
[4.642s] -- Found PNG: /usr/lib/x86_64-linux-gnu/libpng.so (found version "1.6.43") 
[4.954s] -- OpenNI found (version: 1.5.4.0, include: /usr/include/ni, lib: /usr/lib/libOpenNI.so;libusb::libusb)
[4.960s] -- OpenNI2 found (version: 2.2.0.33, include: /usr/include/openni2, lib: /usr/lib/x86_64-linux-gnu/libOpenNI2.so;libusb::libusb)
[5.273s] -- Found Qhull version 8.0.2
[5.569s] -- OpenNI found (version: 1.5.4.0, include: /usr/include/ni, lib: /usr/lib/libOpenNI.so;libusb::libusb)
[5.847s] -- Found PCL_COMMON: /usr/lib/x86_64-linux-gnu/libpcl_common.so  
[5.848s] -- Found PCL_KDTREE: /usr/lib/x86_64-linux-gnu/libpcl_kdtree.so  
[5.849s] -- Found PCL_OCTREE: /usr/lib/x86_64-linux-gnu/libpcl_octree.so  
[5.849s] -- Found PCL_SEARCH: /usr/lib/x86_64-linux-gnu/libpcl_search.so  
[5.850s] -- Found PCL_SAMPLE_CONSENSUS: /usr/lib/x86_64-linux-gnu/libpcl_sample_consensus.so  
[5.851s] -- Found PCL_FILTERS: /usr/lib/x86_64-linux-gnu/libpcl_filters.so  
[5.851s] -- Found PCL_2D: /usr/include/pcl-1.14  
[5.851s] -- Found PCL_GEOMETRY: /usr/include/pcl-1.14  
[5.852s] -- Found PCL_IO: /usr/lib/x86_64-linux-gnu/libpcl_io.so  
[5.853s] -- Found PCL_FEATURES: /usr/lib/x86_64-linux-gnu/libpcl_features.so  
[5.853s] -- Found PCL_ML: /usr/lib/x86_64-linux-gnu/libpcl_ml.so  
[5.854s] -- Found PCL_SEGMENTATION: /usr/lib/x86_64-linux-gnu/libpcl_segmentation.so  
[5.855s] -- Found PCL_VISUALIZATION: /usr/lib/x86_64-linux-gnu/libpcl_visualization.so  
[5.855s] -- Found PCL_SURFACE: /usr/lib/x86_64-linux-gnu/libpcl_surface.so  
[5.856s] -- Found PCL_REGISTRATION: /usr/lib/x86_64-linux-gnu/libpcl_registration.so  
[5.857s] -- Found PCL_KEYPOINTS: /usr/lib/x86_64-linux-gnu/libpcl_keypoints.so  
[5.858s] -- Found PCL_TRACKING: /usr/lib/x86_64-linux-gnu/libpcl_tracking.so  
[5.858s] -- Found PCL_RECOGNITION: /usr/lib/x86_64-linux-gnu/libpcl_recognition.so  
[5.859s] -- Found PCL_STEREO: /usr/lib/x86_64-linux-gnu/libpcl_stereo.so  
[5.860s] -- Found PCL_APPS: /usr/lib/x86_64-linux-gnu/libpcl_apps.so  
[5.860s] -- Found PCL_IN_HAND_SCANNER: /usr/include/pcl-1.14  
[5.861s] -- Found PCL_MODELER: /usr/include/pcl-1.14  
[5.861s] -- Found PCL_POINT_CLOUD_EDITOR: /usr/include/pcl-1.14  
[5.862s] -- Found PCL_OUTOFCORE: /usr/lib/x86_64-linux-gnu/libpcl_outofcore.so  
[5.863s] -- Found PCL_PEOPLE: /usr/lib/x86_64-linux-gnu/libpcl_people.so  
[5.864s] [33mCMake Warning (dev) at CMakeLists.txt:14 (find_package):
[5.864s]   Policy CMP0074 is not set: find_package uses <PackageName>_ROOT variables.
[5.864s]   Run "cmake --help-policy CMP0074" for policy details.  Use the cmake_policy
[5.864s]   command to set the policy and suppress this warning.
[5.864s] 
[5.864s]   CMake variable PCL_ROOT is set to:
[5.865s] 
[5.865s]     /usr
[5.865s] 
[5.865s]   For compatibility, CMake is ignoring the variable.
[5.865s] This warning is for project developers.  Use -Wno-dev to suppress it.
[5.865s] [0m
[5.875s] -- Found tf2_ros: 0.36.14 (/opt/ros/jazzy/share/tf2_ros/cmake)
[5.975s] -- Found tf2_eigen: 0.36.14 (/opt/ros/jazzy/share/tf2_eigen/cmake)
[5.986s] -- Found ament_lint_auto: 0.17.3 (/opt/ros/jazzy/share/ament_lint_auto/cmake)
[6.060s] -- Added test 'cppcheck' to perform static code analysis on C / C++ code
[6.060s] -- Configured cppcheck include dirs: 
[6.060s] -- Configured cppcheck exclude dirs and/or files: 
[6.060s] -- Added test 'lint_cmake' to check CMake code style
[6.061s] -- Added test 'uncrustify' to check C / C++ code style
[6.061s] -- Configured uncrustify additional arguments: 
[6.061s] -- Added test 'xmllint' to check XML markup files
[6.062s] -- Configuring done (6.0s)
[6.088s] -- Generating done (0.0s)
[6.092s] -- Build files have been written to: /home/robot_ws/build/ambula_perception
[6.105s] Invoked command in '/home/robot_ws/build/ambula_perception' returned '0': CMAKE_PREFIX_PATH=${CMAKE_PREFIX_PATH}:/opt/ros/jazzy /usr/bin/cmake /home/robot_ws/src/ambula_perception -DCMAKE_INSTALL_PREFIX=/home/robot_ws/install/ambula_perception
[6.105s] Invoking command in '/home/robot_ws/build/ambula_perception': CMAKE_PREFIX_PATH=${CMAKE_PREFIX_PATH}:/opt/ros/jazzy /usr/bin/cmake --build /home/robot_ws/build/ambula_perception -- -j16 -l16
[6.148s] [ 50%] [32mBuilding CXX object CMakeFiles/stair_perception.dir/src/stair_perception.cpp.o[0m
[15.041s] [100%] [32m[1mLinking CXX executable stair_perception[0m
[15.648s] [100%] Built target stair_perception
[15.658s] Invoked command in '/home/robot_ws/build/ambula_perception' returned '0': CMAKE_PREFIX_PATH=${CMAKE_PREFIX_PATH}:/opt/ros/jazzy /usr/bin/cmake --build /home/robot_ws/build/ambula_perception -- -j16 -l16
[15.659s] Invoking command in '/home/robot_ws/build/ambula_perception': CMAKE_PREFIX_PATH=${CMAKE_PREFIX_PATH}:/opt/ros/jazzy /usr/bin/cmake --install /home/robot_ws/build/ambula_perception
[15.665s] -- Install configuration: ""
[15.665s] -- Installing: /home/robot_ws/install/ambula_perception/lib/ambula_perception/stair_perception
[15.668s] -- Set non-toolchain portion of runtime path of "/home/robot_ws/install/ambula_perception/lib/ambula_perception/stair_perception" to ""
[15.668s] -- Installing: /home/robot_ws/install/ambula_perception/share/ament_index/resource_index/package_run_dependencies/ambula_perception
[15.668s] -- Installing: /home/robot_ws/install/ambula_perception/share/ament_index/resource_index/parent_prefix_path/ambula_perception
[15.668s] -- Installing: /home/robot_ws/install/ambula_perception/share/ambula_perception/environment/ament_prefix_path.sh
[15.668s] -- Installing: /home/robot_ws/install/ambula_perception/share/ambula_perception/environment/ament_prefix_path.dsv
[15.668s] -- Installing: /home/robot_ws/install/ambula_perception/share/ambula_perception/environment/path.sh
[15.669s] -- Installing: /home/robot_ws/install/ambula_perception/share/ambula_perception/environment/path.dsv
[15.669s] -- Installing: /home/robot_ws/install/ambula_perception/share/ambula_perception/local_setup.bash
[15.669s] -- Installing: /home/robot_ws/install/ambula_perception/share/ambula_perception/local_setup.sh
[15.669s] -- Installing: /home/robot_ws/install/ambula_perception/share/ambula_perception/local_setup.zsh
[15.669s] -- Installing: /home/robot_ws/install/ambula_perception/share/ambula_perception/local_setup.dsv
[15.669s] -- Installing: /home/robot_ws/install/ambula_perception/share/ambula_perception/package.dsv
[15.669s] -- Installing: /home/robot_ws/install/ambula_perception/share/ament_index/resource_index/packages/ambula_perception
[15.670s] -- Installing: /home/robot_ws/install/ambula_perception/share/ambula_perception/cmake/ambula_perceptionConfig.cmake
[15.670s] -- Installing: /home/robot_ws/install/ambula_perception/share/ambula_perception/cmake/ambula_perceptionConfig-version.cmake
[15.670s] -- Installing: /home/robot_ws/install/ambula_perception/share/ambula_perception/package.xml
[15.670s] Invoked command in '/home/robot_ws/build/ambula_perception' returned '0': CMAKE_PREFIX_PATH=${CMAKE_PREFIX_PATH}:/opt/ros/jazzy /usr/bin/cmake --install /home/robot_ws/build/ambula_perception
