[0.013s] Invoking command in '/home/robot_ws/build/ambula_world': CMAKE_PREFIX_PATH=${CMAKE_PREFIX_PATH}:/opt/ros/jazzy /usr/bin/cmake --build /home/robot_ws/build/ambula_world -- -j16 -l16
[0.052s] Invoked command in '/home/robot_ws/build/ambula_world' returned '0': CMAKE_PREFIX_PATH=${CMAKE_PREFIX_PATH}:/opt/ros/jazzy /usr/bin/cmake --build /home/robot_ws/build/ambula_world -- -j16 -l16
[0.053s] Invoking command in '/home/robot_ws/build/ambula_world': CMAKE_PREFIX_PATH=${CMAKE_PREFIX_PATH}:/opt/ros/jazzy /usr/bin/cmake --install /home/robot_ws/build/ambula_world
[0.062s] -- Install configuration: ""
[0.062s] -- Up-to-date: /home/robot_ws/install/ambula_world/share/ambula_world//models
[0.062s] -- Up-to-date: /home/robot_ws/install/ambula_world/share/ambula_world//models/map1.stl
[0.062s] -- Up-to-date: /home/robot_ws/install/ambula_world/share/ambula_world//models/stair
[0.062s] -- Up-to-date: /home/robot_ws/install/ambula_world/share/ambula_world//models/stair/stair.dae
[0.062s] -- Up-to-date: /home/robot_ws/install/ambula_world/share/ambula_world//models/stair/model.sdf
[0.062s] -- Up-to-date: /home/robot_ws/install/ambula_world/share/ambula_world//models/stair/model.config
[0.062s] -- Up-to-date: /home/robot_ws/install/ambula_world/share/ambula_world//worlds
[0.062s] -- Up-to-date: /home/robot_ws/install/ambula_world/share/ambula_world//worlds/my_world.sdf
[0.062s] -- Up-to-date: /home/robot_ws/install/ambula_world/share/ament_index/resource_index/package_run_dependencies/ambula_world
[0.062s] -- Up-to-date: /home/robot_ws/install/ambula_world/share/ament_index/resource_index/parent_prefix_path/ambula_world
[0.063s] -- Up-to-date: /home/robot_ws/install/ambula_world/share/ambula_world/environment/ament_prefix_path.sh
[0.063s] -- Up-to-date: /home/robot_ws/install/ambula_world/share/ambula_world/environment/ament_prefix_path.dsv
[0.063s] -- Up-to-date: /home/robot_ws/install/ambula_world/share/ambula_world/environment/path.sh
[0.063s] -- Up-to-date: /home/robot_ws/install/ambula_world/share/ambula_world/environment/path.dsv
[0.063s] -- Up-to-date: /home/robot_ws/install/ambula_world/share/ambula_world/local_setup.bash
[0.063s] -- Up-to-date: /home/robot_ws/install/ambula_world/share/ambula_world/local_setup.sh
[0.063s] -- Up-to-date: /home/robot_ws/install/ambula_world/share/ambula_world/local_setup.zsh
[0.063s] -- Up-to-date: /home/robot_ws/install/ambula_world/share/ambula_world/local_setup.dsv
[0.063s] -- Installing: /home/robot_ws/install/ambula_world/share/ambula_world/package.dsv
[0.063s] -- Up-to-date: /home/robot_ws/install/ambula_world/share/ament_index/resource_index/packages/ambula_world
[0.063s] -- Up-to-date: /home/robot_ws/install/ambula_world/share/ambula_world/cmake/ambula_worldConfig.cmake
[0.063s] -- Up-to-date: /home/robot_ws/install/ambula_world/share/ambula_world/cmake/ambula_worldConfig-version.cmake
[0.063s] -- Up-to-date: /home/robot_ws/install/ambula_world/share/ambula_world/package.xml
[0.076s] Invoked command in '/home/robot_ws/build/ambula_world' returned '0': CMAKE_PREFIX_PATH=${CMAKE_PREFIX_PATH}:/opt/ros/jazzy /usr/bin/cmake --install /home/robot_ws/build/ambula_world
