[0.012s] Invoking command in '/home/robot_ws/build/ambula_description': CMAKE_PREFIX_PATH=${CMAKE_PREFIX_PATH}:/opt/ros/jazzy /usr/bin/cmake --build /home/robot_ws/build/ambula_description -- -j16 -l16
[0.033s] -- Found ament_cmake: 2.5.4 (/opt/ros/jazzy/share/ament_cmake/cmake)
[0.175s] -- Found rclcpp: 28.1.10 (/opt/ros/jazzy/share/rclcpp/cmake)
[0.193s] -- Found rosidl_generator_c: 4.6.5 (/opt/ros/jazzy/share/rosidl_generator_c/cmake)
[0.198s] -- Found rosidl_generator_cpp: 4.6.5 (/opt/ros/jazzy/share/rosidl_generator_cpp/cmake)
[0.206s] -- Using all available rosidl_typesupport_c: rosidl_typesupport_fastrtps_c;rosidl_typesupport_introspection_c
[0.215s] -- Using all available rosidl_typesupport_cpp: rosidl_typesupport_fastrtps_cpp;rosidl_typesupport_introspection_cpp
[0.260s] -- Found rmw_implementation_cmake: 7.3.2 (/opt/ros/jazzy/share/rmw_implementation_cmake/cmake)
[0.261s] -- Found rmw_cyclonedds_cpp: 2.2.3 (/opt/ros/jazzy/share/rmw_cyclonedds_cpp/cmake)
[0.276s] -- Using RMW implementation 'rmw_cyclonedds_cpp' as default
[0.317s] -- Found rclcpp_action: 28.1.10 (/opt/ros/jazzy/share/rclcpp_action/cmake)
[0.346s] -- Found ament_lint_auto: 0.17.2 (/opt/ros/jazzy/share/ament_lint_auto/cmake)
[0.411s] -- Added test 'lint_cmake' to check CMake code style
[0.412s] -- Added test 'xmllint' to check XML markup files
[0.413s] -- Configuring done (0.4s)
[0.415s] -- Generating done (0.0s)
[0.417s] -- Build files have been written to: /home/robot_ws/build/ambula_description
[0.436s] Invoked command in '/home/robot_ws/build/ambula_description' returned '0': CMAKE_PREFIX_PATH=${CMAKE_PREFIX_PATH}:/opt/ros/jazzy /usr/bin/cmake --build /home/robot_ws/build/ambula_description -- -j16 -l16
[0.436s] Invoking command in '/home/robot_ws/build/ambula_description': CMAKE_PREFIX_PATH=${CMAKE_PREFIX_PATH}:/opt/ros/jazzy /usr/bin/cmake --install /home/robot_ws/build/ambula_description
[0.441s] -- Install configuration: ""
[0.441s] -- Installing: /home/robot_ws/install/ambula_description/share/ambula_description//config
[0.441s] -- Installing: /home/robot_ws/install/ambula_description/share/ambula_description//config/ambula_control.yaml
[0.441s] -- Installing: /home/robot_ws/install/ambula_description/share/ambula_description//config/gazebo_bridge.yaml
[0.441s] -- Up-to-date: /home/robot_ws/install/ambula_description/share/ambula_description//meshes
[0.441s] -- Up-to-date: /home/robot_ws/install/ambula_description/share/ambula_description//urdf
[0.442s] -- Up-to-date: /home/robot_ws/install/ambula_description/share/ambula_description//urdf/ambula_oa
[0.442s] -- Up-to-date: /home/robot_ws/install/ambula_description/share/ambula_description//urdf/ambula_oa/properties.urdf.xacro
[0.442s] -- Up-to-date: /home/robot_ws/install/ambula_description/share/ambula_description//urdf/ambula_oa/ambula.urdf.xacro
[0.442s] -- Up-to-date: /home/robot_ws/install/ambula_description/share/ambula_description//urdf/ambula_oa/robot
[0.442s] -- Up-to-date: /home/robot_ws/install/ambula_description/share/ambula_description//urdf/ambula_oa/robot/base.urdf.xacro
[0.442s] -- Up-to-date: /home/robot_ws/install/ambula_description/share/ambula_description//urdf/ambula_oa/plugin
[0.442s] -- Up-to-date: /home/robot_ws/install/ambula_description/share/ambula_description//urdf/ambula_oa/plugin/gazebo_control.urdf.xacro
[0.442s] -- Up-to-date: /home/robot_ws/install/ambula_description/share/ambula_description//urdf/ambula_oa/plugin/ros2_control.urdf.xacro
[0.442s] -- Up-to-date: /home/robot_ws/install/ambula_description/share/ambula_description//urdf/ambula_oa/sensor
[0.442s] -- Up-to-date: /home/robot_ws/install/ambula_description/share/ambula_description//urdf/ambula_oa/sensor/depth_camera.urdf.xacro
[0.442s] -- Up-to-date: /home/robot_ws/install/ambula_description/share/ambula_description//urdf/ambula_bot
[0.442s] -- Up-to-date: /home/robot_ws/install/ambula_description/share/ambula_description//urdf/ambula_bot/properties.urdf.xacro
[0.442s] -- Up-to-date: /home/robot_ws/install/ambula_description/share/ambula_description//urdf/ambula_bot/ambula.urdf.xacro
[0.442s] -- Up-to-date: /home/robot_ws/install/ambula_description/share/ambula_description//urdf/ambula_bot/robot
[0.442s] -- Up-to-date: /home/robot_ws/install/ambula_description/share/ambula_description//urdf/ambula_bot/plugin
[0.442s] -- Up-to-date: /home/robot_ws/install/ambula_description/share/ambula_description//urdf/ambula_bot/sensor
[0.442s] -- Up-to-date: /home/robot_ws/install/ambula_description/share/ament_index/resource_index/package_run_dependencies/ambula_description
[0.442s] -- Installing: /home/robot_ws/install/ambula_description/share/ament_index/resource_index/parent_prefix_path/ambula_description
[0.442s] -- Up-to-date: /home/robot_ws/install/ambula_description/share/ambula_description/environment/ament_prefix_path.sh
[0.442s] -- Up-to-date: /home/robot_ws/install/ambula_description/share/ambula_description/environment/ament_prefix_path.dsv
[0.443s] -- Up-to-date: /home/robot_ws/install/ambula_description/share/ambula_description/environment/path.sh
[0.443s] -- Up-to-date: /home/robot_ws/install/ambula_description/share/ambula_description/environment/path.dsv
[0.443s] -- Up-to-date: /home/robot_ws/install/ambula_description/share/ambula_description/local_setup.bash
[0.443s] -- Up-to-date: /home/robot_ws/install/ambula_description/share/ambula_description/local_setup.sh
[0.443s] -- Up-to-date: /home/robot_ws/install/ambula_description/share/ambula_description/local_setup.zsh
[0.443s] -- Up-to-date: /home/robot_ws/install/ambula_description/share/ambula_description/local_setup.dsv
[0.443s] -- Installing: /home/robot_ws/install/ambula_description/share/ambula_description/package.dsv
[0.443s] -- Up-to-date: /home/robot_ws/install/ambula_description/share/ament_index/resource_index/packages/ambula_description
[0.443s] -- Up-to-date: /home/robot_ws/install/ambula_description/share/ambula_description/cmake/ambula_descriptionConfig.cmake
[0.443s] -- Up-to-date: /home/robot_ws/install/ambula_description/share/ambula_description/cmake/ambula_descriptionConfig-version.cmake
[0.443s] -- Up-to-date: /home/robot_ws/install/ambula_description/share/ambula_description/package.xml
[0.443s] Invoked command in '/home/robot_ws/build/ambula_description' returned '0': CMAKE_PREFIX_PATH=${CMAKE_PREFIX_PATH}:/opt/ros/jazzy /usr/bin/cmake --install /home/robot_ws/build/ambula_description
