[0.013s] Invoking command in '/home/robot_ws/build/ambula_state_estimator': CMAKE_PREFIX_PATH=${CMAKE_PREFIX_PATH}:/opt/ros/jazzy /usr/bin/cmake /home/robot_ws/src/ambula_state_estimator -DCMAKE_INSTALL_PREFIX=/home/robot_ws/install/ambula_state_estimator
[0.192s] -- The C compiler identification is GNU 13.3.0
[0.452s] -- The CXX compiler identification is GNU 13.3.0
[0.537s] -- Detecting C compiler ABI info
[1.095s] -- Detecting C compiler ABI info - done
[1.177s] -- Check for working C compiler: /usr/bin/cc - skipped
[1.179s] -- Detecting C compile features
[1.182s] -- Detecting C compile features - done
[1.241s] -- Detecting CXX compiler ABI info
[1.809s] -- Detecting CXX compiler ABI info - done
[1.882s] -- Check for working CXX compiler: /usr/bin/c++ - skipped
[1.882s] -- Detecting CXX compile features
[1.883s] -- Detecting CXX compile features - done
[1.924s] -- Found ament_cmake: 2.5.4 (/opt/ros/jazzy/share/ament_cmake/cmake)
[2.482s] -- Found Python3: /usr/bin/python3 (found version "3.12.3") found components: Interpreter 
[2.642s] -- Found ament_lint_auto: 0.17.3 (/opt/ros/jazzy/share/ament_lint_auto/cmake)
[2.799s] -- Added test 'lint_cmake' to check CMake code style
[2.801s] -- Added test 'xmllint' to check XML markup files
[2.803s] -- Configuring done (2.7s)
[2.807s] -- Generating done (0.0s)
[2.809s] -- Build files have been written to: /home/robot_ws/build/ambula_state_estimator
[2.822s] Invoked command in '/home/robot_ws/build/ambula_state_estimator' returned '0': CMAKE_PREFIX_PATH=${CMAKE_PREFIX_PATH}:/opt/ros/jazzy /usr/bin/cmake /home/robot_ws/src/ambula_state_estimator -DCMAKE_INSTALL_PREFIX=/home/robot_ws/install/ambula_state_estimator
[2.823s] Invoking command in '/home/robot_ws/build/ambula_state_estimator': CMAKE_PREFIX_PATH=${CMAKE_PREFIX_PATH}:/opt/ros/jazzy /usr/bin/cmake --build /home/robot_ws/build/ambula_state_estimator -- -j16 -l16
[2.868s] Invoked command in '/home/robot_ws/build/ambula_state_estimator' returned '0': CMAKE_PREFIX_PATH=${CMAKE_PREFIX_PATH}:/opt/ros/jazzy /usr/bin/cmake --build /home/robot_ws/build/ambula_state_estimator -- -j16 -l16
[2.869s] Invoking command in '/home/robot_ws/build/ambula_state_estimator': CMAKE_PREFIX_PATH=${CMAKE_PREFIX_PATH}:/opt/ros/jazzy /usr/bin/cmake --install /home/robot_ws/build/ambula_state_estimator
[2.877s] -- Install configuration: ""
[2.877s] -- Installing: /home/robot_ws/install/ambula_state_estimator/share/ament_index/resource_index/package_run_dependencies/ambula_state_estimator
[2.877s] -- Installing: /home/robot_ws/install/ambula_state_estimator/share/ament_index/resource_index/parent_prefix_path/ambula_state_estimator
[2.877s] -- Installing: /home/robot_ws/install/ambula_state_estimator/share/ambula_state_estimator/environment/ament_prefix_path.sh
[2.877s] -- Installing: /home/robot_ws/install/ambula_state_estimator/share/ambula_state_estimator/environment/ament_prefix_path.dsv
[2.877s] -- Installing: /home/robot_ws/install/ambula_state_estimator/share/ambula_state_estimator/environment/path.sh
[2.877s] -- Installing: /home/robot_ws/install/ambula_state_estimator/share/ambula_state_estimator/environment/path.dsv
[2.878s] -- Installing: /home/robot_ws/install/ambula_state_estimator/share/ambula_state_estimator/local_setup.bash
[2.878s] -- Installing: /home/robot_ws/install/ambula_state_estimator/share/ambula_state_estimator/local_setup.sh
[2.878s] -- Installing: /home/robot_ws/install/ambula_state_estimator/share/ambula_state_estimator/local_setup.zsh
[2.878s] -- Installing: /home/robot_ws/install/ambula_state_estimator/share/ambula_state_estimator/local_setup.dsv
[2.878s] -- Installing: /home/robot_ws/install/ambula_state_estimator/share/ambula_state_estimator/package.dsv
[2.878s] -- Installing: /home/robot_ws/install/ambula_state_estimator/share/ament_index/resource_index/packages/ambula_state_estimator
[2.878s] -- Installing: /home/robot_ws/install/ambula_state_estimator/share/ambula_state_estimator/cmake/ambula_state_estimatorConfig.cmake
[2.878s] -- Installing: /home/robot_ws/install/ambula_state_estimator/share/ambula_state_estimator/cmake/ambula_state_estimatorConfig-version.cmake
[2.878s] -- Installing: /home/robot_ws/install/ambula_state_estimator/share/ambula_state_estimator/package.xml
[2.879s] Invoked command in '/home/robot_ws/build/ambula_state_estimator' returned '0': CMAKE_PREFIX_PATH=${CMAKE_PREFIX_PATH}:/opt/ros/jazzy /usr/bin/cmake --install /home/robot_ws/build/ambula_state_estimator
