[0.061s] DEBUG:colcon:Command line arguments: ['/usr/bin/colcon', 'build']
[0.061s] DEBUG:colcon:Parsed command line arguments: Namespace(log_base=None, log_level=None, verb_name='build', build_base='build', install_base='install', merge_install=False, symlink_install=False, test_result_base=None, continue_on_error=False, executor='parallel', parallel_workers=16, event_handlers=None, ignore_user_meta=False, metas=['./colcon.meta'], base_paths=['.'], packages_ignore=None, packages_ignore_regex=None, paths=None, packages_up_to=None, packages_up_to_regex=None, packages_above=None, packages_above_and_dependencies=None, packages_above_depth=None, packages_select_by_dep=None, packages_skip_by_dep=None, packages_skip_up_to=None, packages_select_build_failed=False, packages_skip_build_finished=False, packages_select_test_failures=False, packages_skip_test_passed=False, packages_select=None, packages_skip=None, packages_select_regex=None, packages_skip_regex=None, packages_start=None, packages_end=None, cmake_args=None, cmake_target=None, cmake_target_skip_unavailable=False, cmake_clean_cache=False, cmake_clean_first=False, cmake_force_configure=False, ament_cmake_args=None, catkin_cmake_args=None, catkin_skip_building_tests=False, mixin_files=None, mixin=None, verb_parser=<colcon_mixin.mixin.mixin_argument.MixinArgumentDecorator object at 0x7debdd4ac950>, verb_extension=<colcon_core.verb.build.BuildVerb object at 0x7debdd4ac830>, main=<bound method BuildVerb.main of <colcon_core.verb.build.BuildVerb object at 0x7debdd4ac830>>, mixin_verb=('build',))
[0.084s] Level 1:colcon.colcon_core.package_discovery:discover_packages(colcon_meta) check parameters
[0.084s] Level 1:colcon.colcon_core.package_discovery:discover_packages(recursive) check parameters
[0.084s] Level 1:colcon.colcon_core.package_discovery:discover_packages(ignore) check parameters
[0.084s] Level 1:colcon.colcon_core.package_discovery:discover_packages(path) check parameters
[0.084s] Level 1:colcon.colcon_core.package_discovery:discover_packages(colcon_meta) discover
[0.084s] Level 1:colcon.colcon_core.package_discovery:discover_packages(recursive) discover
[0.084s] INFO:colcon.colcon_core.package_discovery:Crawling recursively for packages in '/home/robot_ws'
[0.084s] Level 1:colcon.colcon_core.package_identification:_identify(.) by extensions ['ignore', 'ignore_ament_install']
[0.084s] Level 1:colcon.colcon_core.package_identification:_identify(.) by extension 'ignore'
[0.084s] Level 1:colcon.colcon_core.package_identification:_identify(.) by extension 'ignore_ament_install'
[0.085s] Level 1:colcon.colcon_core.package_identification:_identify(.) by extensions ['colcon_pkg']
[0.085s] Level 1:colcon.colcon_core.package_identification:_identify(.) by extension 'colcon_pkg'
[0.085s] Level 1:colcon.colcon_core.package_identification:_identify(.) by extensions ['colcon_meta']
[0.085s] Level 1:colcon.colcon_core.package_identification:_identify(.) by extension 'colcon_meta'
[0.085s] Level 1:colcon.colcon_core.package_identification:_identify(.) by extensions ['ros']
[0.085s] Level 1:colcon.colcon_core.package_identification:_identify(.) by extension 'ros'
[0.101s] Level 1:colcon.colcon_core.package_identification:_identify(.) by extensions ['cmake', 'python']
[0.101s] Level 1:colcon.colcon_core.package_identification:_identify(.) by extension 'cmake'
[0.101s] Level 1:colcon.colcon_core.package_identification:_identify(.) by extension 'python'
[0.101s] Level 1:colcon.colcon_core.package_identification:_identify(.) by extensions ['python_setup_py']
[0.101s] Level 1:colcon.colcon_core.package_identification:_identify(.) by extension 'python_setup_py'
[0.101s] Level 1:colcon.colcon_core.package_identification:_identify(build) by extensions ['ignore', 'ignore_ament_install']
[0.101s] Level 1:colcon.colcon_core.package_identification:_identify(build) by extension 'ignore'
[0.102s] Level 1:colcon.colcon_core.package_identification:_identify(build) ignored
[0.102s] Level 1:colcon.colcon_core.package_identification:_identify(install) by extensions ['ignore', 'ignore_ament_install']
[0.102s] Level 1:colcon.colcon_core.package_identification:_identify(install) by extension 'ignore'
[0.102s] Level 1:colcon.colcon_core.package_identification:_identify(install) ignored
[0.102s] Level 1:colcon.colcon_core.package_identification:_identify(log) by extensions ['ignore', 'ignore_ament_install']
[0.102s] Level 1:colcon.colcon_core.package_identification:_identify(log) by extension 'ignore'
[0.102s] Level 1:colcon.colcon_core.package_identification:_identify(log) ignored
[0.102s] Level 1:colcon.colcon_core.package_identification:_identify(src) by extensions ['ignore', 'ignore_ament_install']
[0.102s] Level 1:colcon.colcon_core.package_identification:_identify(src) by extension 'ignore'
[0.102s] Level 1:colcon.colcon_core.package_identification:_identify(src) by extension 'ignore_ament_install'
[0.102s] Level 1:colcon.colcon_core.package_identification:_identify(src) by extensions ['colcon_pkg']
[0.102s] Level 1:colcon.colcon_core.package_identification:_identify(src) by extension 'colcon_pkg'
[0.102s] Level 1:colcon.colcon_core.package_identification:_identify(src) by extensions ['colcon_meta']
[0.102s] Level 1:colcon.colcon_core.package_identification:_identify(src) by extension 'colcon_meta'
[0.102s] Level 1:colcon.colcon_core.package_identification:_identify(src) by extensions ['ros']
[0.102s] Level 1:colcon.colcon_core.package_identification:_identify(src) by extension 'ros'
[0.102s] Level 1:colcon.colcon_core.package_identification:_identify(src) by extensions ['cmake', 'python']
[0.102s] Level 1:colcon.colcon_core.package_identification:_identify(src) by extension 'cmake'
[0.102s] Level 1:colcon.colcon_core.package_identification:_identify(src) by extension 'python'
[0.102s] Level 1:colcon.colcon_core.package_identification:_identify(src) by extensions ['python_setup_py']
[0.102s] Level 1:colcon.colcon_core.package_identification:_identify(src) by extension 'python_setup_py'
[0.102s] Level 1:colcon.colcon_core.package_identification:_identify(src/ambula_bringup) by extensions ['ignore', 'ignore_ament_install']
[0.102s] Level 1:colcon.colcon_core.package_identification:_identify(src/ambula_bringup) by extension 'ignore'
[0.102s] Level 1:colcon.colcon_core.package_identification:_identify(src/ambula_bringup) by extension 'ignore_ament_install'
[0.102s] Level 1:colcon.colcon_core.package_identification:_identify(src/ambula_bringup) by extensions ['colcon_pkg']
[0.102s] Level 1:colcon.colcon_core.package_identification:_identify(src/ambula_bringup) by extension 'colcon_pkg'
[0.102s] Level 1:colcon.colcon_core.package_identification:_identify(src/ambula_bringup) by extensions ['colcon_meta']
[0.102s] Level 1:colcon.colcon_core.package_identification:_identify(src/ambula_bringup) by extension 'colcon_meta'
[0.102s] Level 1:colcon.colcon_core.package_identification:_identify(src/ambula_bringup) by extensions ['ros']
[0.102s] Level 1:colcon.colcon_core.package_identification:_identify(src/ambula_bringup) by extension 'ros'
[0.104s] DEBUG:colcon.colcon_core.package_identification:Package 'src/ambula_bringup' with type 'ros.ament_cmake' and name 'ambula_bringup'
[0.104s] Level 1:colcon.colcon_core.package_identification:_identify(src/ambula_hw) by extensions ['ignore', 'ignore_ament_install']
[0.104s] Level 1:colcon.colcon_core.package_identification:_identify(src/ambula_hw) by extension 'ignore'
[0.104s] Level 1:colcon.colcon_core.package_identification:_identify(src/ambula_hw) by extension 'ignore_ament_install'
[0.104s] Level 1:colcon.colcon_core.package_identification:_identify(src/ambula_hw) by extensions ['colcon_pkg']
[0.104s] Level 1:colcon.colcon_core.package_identification:_identify(src/ambula_hw) by extension 'colcon_pkg'
[0.104s] Level 1:colcon.colcon_core.package_identification:_identify(src/ambula_hw) by extensions ['colcon_meta']
[0.104s] Level 1:colcon.colcon_core.package_identification:_identify(src/ambula_hw) by extension 'colcon_meta'
[0.104s] Level 1:colcon.colcon_core.package_identification:_identify(src/ambula_hw) by extensions ['ros']
[0.104s] Level 1:colcon.colcon_core.package_identification:_identify(src/ambula_hw) by extension 'ros'
[0.104s] DEBUG:colcon.colcon_core.package_identification:Package 'src/ambula_hw' with type 'ros.ament_cmake' and name 'ambula_hw'
[0.104s] Level 1:colcon.colcon_core.package_identification:_identify(src/ambula_simulation) by extensions ['ignore', 'ignore_ament_install']
[0.104s] Level 1:colcon.colcon_core.package_identification:_identify(src/ambula_simulation) by extension 'ignore'
[0.104s] Level 1:colcon.colcon_core.package_identification:_identify(src/ambula_simulation) by extension 'ignore_ament_install'
[0.104s] Level 1:colcon.colcon_core.package_identification:_identify(src/ambula_simulation) by extensions ['colcon_pkg']
[0.104s] Level 1:colcon.colcon_core.package_identification:_identify(src/ambula_simulation) by extension 'colcon_pkg'
[0.105s] Level 1:colcon.colcon_core.package_identification:_identify(src/ambula_simulation) by extensions ['colcon_meta']
[0.105s] Level 1:colcon.colcon_core.package_identification:_identify(src/ambula_simulation) by extension 'colcon_meta'
[0.105s] Level 1:colcon.colcon_core.package_identification:_identify(src/ambula_simulation) by extensions ['ros']
[0.105s] Level 1:colcon.colcon_core.package_identification:_identify(src/ambula_simulation) by extension 'ros'
[0.105s] Level 1:colcon.colcon_core.package_identification:_identify(src/ambula_simulation) by extensions ['cmake', 'python']
[0.105s] Level 1:colcon.colcon_core.package_identification:_identify(src/ambula_simulation) by extension 'cmake'
[0.105s] Level 1:colcon.colcon_core.package_identification:_identify(src/ambula_simulation) by extension 'python'
[0.105s] Level 1:colcon.colcon_core.package_identification:_identify(src/ambula_simulation) by extensions ['python_setup_py']
[0.105s] Level 1:colcon.colcon_core.package_identification:_identify(src/ambula_simulation) by extension 'python_setup_py'
[0.105s] Level 1:colcon.colcon_core.package_identification:_identify(src/ambula_simulation/ambula_description) by extensions ['ignore', 'ignore_ament_install']
[0.105s] Level 1:colcon.colcon_core.package_identification:_identify(src/ambula_simulation/ambula_description) by extension 'ignore'
[0.105s] Level 1:colcon.colcon_core.package_identification:_identify(src/ambula_simulation/ambula_description) by extension 'ignore_ament_install'
[0.105s] Level 1:colcon.colcon_core.package_identification:_identify(src/ambula_simulation/ambula_description) by extensions ['colcon_pkg']
[0.105s] Level 1:colcon.colcon_core.package_identification:_identify(src/ambula_simulation/ambula_description) by extension 'colcon_pkg'
[0.105s] Level 1:colcon.colcon_core.package_identification:_identify(src/ambula_simulation/ambula_description) by extensions ['colcon_meta']
[0.105s] Level 1:colcon.colcon_core.package_identification:_identify(src/ambula_simulation/ambula_description) by extension 'colcon_meta'
[0.105s] Level 1:colcon.colcon_core.package_identification:_identify(src/ambula_simulation/ambula_description) by extensions ['ros']
[0.105s] Level 1:colcon.colcon_core.package_identification:_identify(src/ambula_simulation/ambula_description) by extension 'ros'
[0.105s] DEBUG:colcon.colcon_core.package_identification:Package 'src/ambula_simulation/ambula_description' with type 'ros.ament_cmake' and name 'ambula_description'
[0.105s] Level 1:colcon.colcon_core.package_identification:_identify(src/ambula_simulation/ambula_world) by extensions ['ignore', 'ignore_ament_install']
[0.105s] Level 1:colcon.colcon_core.package_identification:_identify(src/ambula_simulation/ambula_world) by extension 'ignore'
[0.105s] Level 1:colcon.colcon_core.package_identification:_identify(src/ambula_simulation/ambula_world) by extension 'ignore_ament_install'
[0.105s] Level 1:colcon.colcon_core.package_identification:_identify(src/ambula_simulation/ambula_world) by extensions ['colcon_pkg']
[0.105s] Level 1:colcon.colcon_core.package_identification:_identify(src/ambula_simulation/ambula_world) by extension 'colcon_pkg'
[0.105s] Level 1:colcon.colcon_core.package_identification:_identify(src/ambula_simulation/ambula_world) by extensions ['colcon_meta']
[0.105s] Level 1:colcon.colcon_core.package_identification:_identify(src/ambula_simulation/ambula_world) by extension 'colcon_meta'
[0.105s] Level 1:colcon.colcon_core.package_identification:_identify(src/ambula_simulation/ambula_world) by extensions ['ros']
[0.105s] Level 1:colcon.colcon_core.package_identification:_identify(src/ambula_simulation/ambula_world) by extension 'ros'
[0.106s] DEBUG:colcon.colcon_core.package_identification:Package 'src/ambula_simulation/ambula_world' with type 'ros.ament_cmake' and name 'ambula_world'
[0.106s] Level 1:colcon.colcon_core.package_discovery:discover_packages(recursive) using defaults
[0.106s] Level 1:colcon.colcon_core.package_discovery:discover_packages(ignore) discover
[0.106s] Level 1:colcon.colcon_core.package_discovery:discover_packages(ignore) using defaults
[0.106s] Level 1:colcon.colcon_core.package_discovery:discover_packages(path) discover
[0.106s] Level 1:colcon.colcon_core.package_discovery:discover_packages(path) using defaults
[0.115s] Level 5:colcon.colcon_core.verb:set package 'ambula_bringup' build argument 'cmake_args' from command line to 'None'
[0.115s] Level 5:colcon.colcon_core.verb:set package 'ambula_bringup' build argument 'cmake_target' from command line to 'None'
[0.115s] Level 5:colcon.colcon_core.verb:set package 'ambula_bringup' build argument 'cmake_target_skip_unavailable' from command line to 'False'
[0.115s] Level 5:colcon.colcon_core.verb:set package 'ambula_bringup' build argument 'cmake_clean_cache' from command line to 'False'
[0.115s] Level 5:colcon.colcon_core.verb:set package 'ambula_bringup' build argument 'cmake_clean_first' from command line to 'False'
[0.115s] Level 5:colcon.colcon_core.verb:set package 'ambula_bringup' build argument 'cmake_force_configure' from command line to 'False'
[0.115s] Level 5:colcon.colcon_core.verb:set package 'ambula_bringup' build argument 'ament_cmake_args' from command line to 'None'
[0.115s] Level 5:colcon.colcon_core.verb:set package 'ambula_bringup' build argument 'catkin_cmake_args' from command line to 'None'
[0.115s] Level 5:colcon.colcon_core.verb:set package 'ambula_bringup' build argument 'catkin_skip_building_tests' from command line to 'False'
[0.116s] DEBUG:colcon.colcon_core.verb:Building package 'ambula_bringup' with the following arguments: {'ament_cmake_args': None, 'build_base': '/home/robot_ws/build/ambula_bringup', 'catkin_cmake_args': None, 'catkin_skip_building_tests': False, 'cmake_args': None, 'cmake_clean_cache': False, 'cmake_clean_first': False, 'cmake_force_configure': False, 'cmake_target': None, 'cmake_target_skip_unavailable': False, 'install_base': '/home/robot_ws/install/ambula_bringup', 'merge_install': False, 'path': '/home/robot_ws/src/ambula_bringup', 'symlink_install': False, 'test_result_base': None}
[0.116s] Level 5:colcon.colcon_core.verb:set package 'ambula_description' build argument 'cmake_args' from command line to 'None'
[0.116s] Level 5:colcon.colcon_core.verb:set package 'ambula_description' build argument 'cmake_target' from command line to 'None'
[0.116s] Level 5:colcon.colcon_core.verb:set package 'ambula_description' build argument 'cmake_target_skip_unavailable' from command line to 'False'
[0.116s] Level 5:colcon.colcon_core.verb:set package 'ambula_description' build argument 'cmake_clean_cache' from command line to 'False'
[0.116s] Level 5:colcon.colcon_core.verb:set package 'ambula_description' build argument 'cmake_clean_first' from command line to 'False'
[0.116s] Level 5:colcon.colcon_core.verb:set package 'ambula_description' build argument 'cmake_force_configure' from command line to 'False'
[0.116s] Level 5:colcon.colcon_core.verb:set package 'ambula_description' build argument 'ament_cmake_args' from command line to 'None'
[0.116s] Level 5:colcon.colcon_core.verb:set package 'ambula_description' build argument 'catkin_cmake_args' from command line to 'None'
[0.116s] Level 5:colcon.colcon_core.verb:set package 'ambula_description' build argument 'catkin_skip_building_tests' from command line to 'False'
[0.116s] DEBUG:colcon.colcon_core.verb:Building package 'ambula_description' with the following arguments: {'ament_cmake_args': None, 'build_base': '/home/robot_ws/build/ambula_description', 'catkin_cmake_args': None, 'catkin_skip_building_tests': False, 'cmake_args': None, 'cmake_clean_cache': False, 'cmake_clean_first': False, 'cmake_force_configure': False, 'cmake_target': None, 'cmake_target_skip_unavailable': False, 'install_base': '/home/robot_ws/install/ambula_description', 'merge_install': False, 'path': '/home/robot_ws/src/ambula_simulation/ambula_description', 'symlink_install': False, 'test_result_base': None}
[0.116s] Level 5:colcon.colcon_core.verb:set package 'ambula_hw' build argument 'cmake_args' from command line to 'None'
[0.116s] Level 5:colcon.colcon_core.verb:set package 'ambula_hw' build argument 'cmake_target' from command line to 'None'
[0.116s] Level 5:colcon.colcon_core.verb:set package 'ambula_hw' build argument 'cmake_target_skip_unavailable' from command line to 'False'
[0.116s] Level 5:colcon.colcon_core.verb:set package 'ambula_hw' build argument 'cmake_clean_cache' from command line to 'False'
[0.116s] Level 5:colcon.colcon_core.verb:set package 'ambula_hw' build argument 'cmake_clean_first' from command line to 'False'
[0.116s] Level 5:colcon.colcon_core.verb:set package 'ambula_hw' build argument 'cmake_force_configure' from command line to 'False'
[0.116s] Level 5:colcon.colcon_core.verb:set package 'ambula_hw' build argument 'ament_cmake_args' from command line to 'None'
[0.116s] Level 5:colcon.colcon_core.verb:set package 'ambula_hw' build argument 'catkin_cmake_args' from command line to 'None'
[0.116s] Level 5:colcon.colcon_core.verb:set package 'ambula_hw' build argument 'catkin_skip_building_tests' from command line to 'False'
[0.116s] DEBUG:colcon.colcon_core.verb:Building package 'ambula_hw' with the following arguments: {'ament_cmake_args': None, 'build_base': '/home/robot_ws/build/ambula_hw', 'catkin_cmake_args': None, 'catkin_skip_building_tests': False, 'cmake_args': None, 'cmake_clean_cache': False, 'cmake_clean_first': False, 'cmake_force_configure': False, 'cmake_target': None, 'cmake_target_skip_unavailable': False, 'install_base': '/home/robot_ws/install/ambula_hw', 'merge_install': False, 'path': '/home/robot_ws/src/ambula_hw', 'symlink_install': False, 'test_result_base': None}
[0.116s] Level 5:colcon.colcon_core.verb:set package 'ambula_world' build argument 'cmake_args' from command line to 'None'
[0.116s] Level 5:colcon.colcon_core.verb:set package 'ambula_world' build argument 'cmake_target' from command line to 'None'
[0.116s] Level 5:colcon.colcon_core.verb:set package 'ambula_world' build argument 'cmake_target_skip_unavailable' from command line to 'False'
[0.116s] Level 5:colcon.colcon_core.verb:set package 'ambula_world' build argument 'cmake_clean_cache' from command line to 'False'
[0.116s] Level 5:colcon.colcon_core.verb:set package 'ambula_world' build argument 'cmake_clean_first' from command line to 'False'
[0.116s] Level 5:colcon.colcon_core.verb:set package 'ambula_world' build argument 'cmake_force_configure' from command line to 'False'
[0.116s] Level 5:colcon.colcon_core.verb:set package 'ambula_world' build argument 'ament_cmake_args' from command line to 'None'
[0.116s] Level 5:colcon.colcon_core.verb:set package 'ambula_world' build argument 'catkin_cmake_args' from command line to 'None'
[0.116s] Level 5:colcon.colcon_core.verb:set package 'ambula_world' build argument 'catkin_skip_building_tests' from command line to 'False'
[0.116s] DEBUG:colcon.colcon_core.verb:Building package 'ambula_world' with the following arguments: {'ament_cmake_args': None, 'build_base': '/home/robot_ws/build/ambula_world', 'catkin_cmake_args': None, 'catkin_skip_building_tests': False, 'cmake_args': None, 'cmake_clean_cache': False, 'cmake_clean_first': False, 'cmake_force_configure': False, 'cmake_target': None, 'cmake_target_skip_unavailable': False, 'install_base': '/home/robot_ws/install/ambula_world', 'merge_install': False, 'path': '/home/robot_ws/src/ambula_simulation/ambula_world', 'symlink_install': False, 'test_result_base': None}
[0.116s] INFO:colcon.colcon_core.executor:Executing jobs using 'parallel' executor
[0.117s] DEBUG:colcon.colcon_parallel_executor.executor.parallel:run_until_complete
[0.117s] INFO:colcon.colcon_ros.task.ament_cmake.build:Building ROS package in '/home/robot_ws/src/ambula_bringup' with build type 'ament_cmake'
[0.117s] INFO:colcon.colcon_cmake.task.cmake.build:Building CMake package in '/home/robot_ws/src/ambula_bringup'
[0.119s] INFO:colcon.colcon_core.plugin_system:Skipping extension 'colcon_core.shell.bat': Not used on non-Windows systems
[0.119s] INFO:colcon.colcon_core.shell:Skip shell extension 'powershell' for command environment: Not usable outside of PowerShell
[0.119s] DEBUG:colcon.colcon_core.shell:Skip shell extension 'dsv' for command environment
[0.122s] INFO:colcon.colcon_ros.task.ament_cmake.build:Building ROS package in '/home/robot_ws/src/ambula_simulation/ambula_description' with build type 'ament_cmake'
[0.122s] INFO:colcon.colcon_cmake.task.cmake.build:Building CMake package in '/home/robot_ws/src/ambula_simulation/ambula_description'
[0.122s] INFO:colcon.colcon_core.shell:Skip shell extension 'powershell' for command environment: Not usable outside of PowerShell
[0.123s] DEBUG:colcon.colcon_core.shell:Skip shell extension 'dsv' for command environment
[0.125s] INFO:colcon.colcon_ros.task.ament_cmake.build:Building ROS package in '/home/robot_ws/src/ambula_hw' with build type 'ament_cmake'
[0.125s] INFO:colcon.colcon_cmake.task.cmake.build:Building CMake package in '/home/robot_ws/src/ambula_hw'
[0.125s] INFO:colcon.colcon_core.shell:Skip shell extension 'powershell' for command environment: Not usable outside of PowerShell
[0.125s] DEBUG:colcon.colcon_core.shell:Skip shell extension 'dsv' for command environment
[0.127s] INFO:colcon.colcon_ros.task.ament_cmake.build:Building ROS package in '/home/robot_ws/src/ambula_simulation/ambula_world' with build type 'ament_cmake'
[0.127s] INFO:colcon.colcon_cmake.task.cmake.build:Building CMake package in '/home/robot_ws/src/ambula_simulation/ambula_world'
[0.127s] INFO:colcon.colcon_core.shell:Skip shell extension 'powershell' for command environment: Not usable outside of PowerShell
[0.127s] DEBUG:colcon.colcon_core.shell:Skip shell extension 'dsv' for command environment
[0.132s] DEBUG:colcon.colcon_core.event_handler.log_command:Invoking command in '/home/robot_ws/build/ambula_bringup': CMAKE_PREFIX_PATH=${CMAKE_PREFIX_PATH}:/opt/ros/jazzy /usr/bin/cmake --build /home/robot_ws/build/ambula_bringup -- -j16 -l16
[0.134s] DEBUG:colcon.colcon_core.event_handler.log_command:Invoking command in '/home/robot_ws/build/ambula_description': CMAKE_PREFIX_PATH=${CMAKE_PREFIX_PATH}:/opt/ros/jazzy /usr/bin/cmake --build /home/robot_ws/build/ambula_description -- -j16 -l16
[0.137s] DEBUG:colcon.colcon_core.event_handler.log_command:Invoking command in '/home/robot_ws/build/ambula_hw': CMAKE_PREFIX_PATH=${CMAKE_PREFIX_PATH}:/opt/ros/jazzy /usr/bin/cmake --build /home/robot_ws/build/ambula_hw -- -j16 -l16
[0.140s] DEBUG:colcon.colcon_core.event_handler.log_command:Invoking command in '/home/robot_ws/build/ambula_world': CMAKE_PREFIX_PATH=${CMAKE_PREFIX_PATH}:/opt/ros/jazzy /usr/bin/cmake --build /home/robot_ws/build/ambula_world -- -j16 -l16
[0.166s] DEBUG:colcon.colcon_core.event_handler.log_command:Invoked command in '/home/robot_ws/build/ambula_bringup' returned '0': CMAKE_PREFIX_PATH=${CMAKE_PREFIX_PATH}:/opt/ros/jazzy /usr/bin/cmake --build /home/robot_ws/build/ambula_bringup -- -j16 -l16
[0.175s] DEBUG:colcon.colcon_core.event_handler.log_command:Invoking command in '/home/robot_ws/build/ambula_bringup': CMAKE_PREFIX_PATH=${CMAKE_PREFIX_PATH}:/opt/ros/jazzy /usr/bin/cmake --install /home/robot_ws/build/ambula_bringup
[0.176s] DEBUG:colcon.colcon_core.event_handler.log_command:Invoked command in '/home/robot_ws/build/ambula_hw' returned '0': CMAKE_PREFIX_PATH=${CMAKE_PREFIX_PATH}:/opt/ros/jazzy /usr/bin/cmake --build /home/robot_ws/build/ambula_hw -- -j16 -l16
[0.177s] DEBUG:colcon.colcon_core.event_handler.log_command:Invoking command in '/home/robot_ws/build/ambula_hw': CMAKE_PREFIX_PATH=${CMAKE_PREFIX_PATH}:/opt/ros/jazzy /usr/bin/cmake --install /home/robot_ws/build/ambula_hw
[0.178s] DEBUG:colcon.colcon_core.event_handler.log_command:Invoked command in '/home/robot_ws/build/ambula_description' returned '0': CMAKE_PREFIX_PATH=${CMAKE_PREFIX_PATH}:/opt/ros/jazzy /usr/bin/cmake --build /home/robot_ws/build/ambula_description -- -j16 -l16
[0.179s] DEBUG:colcon.colcon_core.event_handler.log_command:Invoking command in '/home/robot_ws/build/ambula_description': CMAKE_PREFIX_PATH=${CMAKE_PREFIX_PATH}:/opt/ros/jazzy /usr/bin/cmake --install /home/robot_ws/build/ambula_description
[0.180s] DEBUG:colcon.colcon_core.event_handler.log_command:Invoked command in '/home/robot_ws/build/ambula_world' returned '0': CMAKE_PREFIX_PATH=${CMAKE_PREFIX_PATH}:/opt/ros/jazzy /usr/bin/cmake --build /home/robot_ws/build/ambula_world -- -j16 -l16
[0.182s] DEBUG:colcon.colcon_core.event_handler.log_command:Invoking command in '/home/robot_ws/build/ambula_world': CMAKE_PREFIX_PATH=${CMAKE_PREFIX_PATH}:/opt/ros/jazzy /usr/bin/cmake --install /home/robot_ws/build/ambula_world
[0.184s] Level 1:colcon.colcon_core.environment:create_environment_scripts_only(ambula_bringup)
[0.186s] DEBUG:colcon.colcon_core.event_handler.log_command:Invoked command in '/home/robot_ws/build/ambula_bringup' returned '0': CMAKE_PREFIX_PATH=${CMAKE_PREFIX_PATH}:/opt/ros/jazzy /usr/bin/cmake --install /home/robot_ws/build/ambula_bringup
[0.190s] Level 1:colcon.colcon_core.environment:checking '/home/robot_ws/install/ambula_bringup' for CMake module files
[0.190s] Level 1:colcon.colcon_core.environment:checking '/home/robot_ws/install/ambula_bringup' for CMake config files
[0.190s] Level 1:colcon.colcon_core.shell:create_environment_hook('ambula_bringup', 'cmake_prefix_path')
[0.190s] INFO:colcon.colcon_core.shell:Creating environment hook '/home/robot_ws/install/ambula_bringup/share/ambula_bringup/hook/cmake_prefix_path.ps1'
[0.191s] INFO:colcon.colcon_core.shell:Creating environment descriptor '/home/robot_ws/install/ambula_bringup/share/ambula_bringup/hook/cmake_prefix_path.dsv'
[0.191s] INFO:colcon.colcon_core.shell:Creating environment hook '/home/robot_ws/install/ambula_bringup/share/ambula_bringup/hook/cmake_prefix_path.sh'
[0.192s] Level 1:colcon.colcon_core.environment:checking '/home/robot_ws/install/ambula_bringup/bin'
[0.192s] Level 1:colcon.colcon_core.environment:checking '/home/robot_ws/install/ambula_bringup/lib/pkgconfig/ambula_bringup.pc'
[0.193s] Level 1:colcon.colcon_core.environment:checking '/home/robot_ws/install/ambula_bringup/lib/python3.12/site-packages'
[0.193s] Level 1:colcon.colcon_core.environment:checking '/home/robot_ws/install/ambula_bringup/bin'
[0.193s] INFO:colcon.colcon_core.shell:Creating package script '/home/robot_ws/install/ambula_bringup/share/ambula_bringup/package.ps1'
[0.194s] INFO:colcon.colcon_core.shell:Creating package descriptor '/home/robot_ws/install/ambula_bringup/share/ambula_bringup/package.dsv'
[0.194s] INFO:colcon.colcon_core.shell:Creating package script '/home/robot_ws/install/ambula_bringup/share/ambula_bringup/package.sh'
[0.195s] INFO:colcon.colcon_core.shell:Creating package script '/home/robot_ws/install/ambula_bringup/share/ambula_bringup/package.bash'
[0.195s] INFO:colcon.colcon_core.shell:Creating package script '/home/robot_ws/install/ambula_bringup/share/ambula_bringup/package.zsh'
[0.196s] Level 1:colcon.colcon_core.environment:create_file_with_runtime_dependencies(/home/robot_ws/install/ambula_bringup/share/colcon-core/packages/ambula_bringup)
[0.196s] Level 1:colcon.colcon_core.environment:create_environment_scripts_only(ambula_bringup)
[0.196s] Level 1:colcon.colcon_core.environment:checking '/home/robot_ws/install/ambula_bringup' for CMake module files
[0.196s] Level 1:colcon.colcon_core.environment:checking '/home/robot_ws/install/ambula_bringup' for CMake config files
[0.196s] Level 1:colcon.colcon_core.shell:create_environment_hook('ambula_bringup', 'cmake_prefix_path')
[0.196s] INFO:colcon.colcon_core.shell:Creating environment hook '/home/robot_ws/install/ambula_bringup/share/ambula_bringup/hook/cmake_prefix_path.ps1'
[0.197s] INFO:colcon.colcon_core.shell:Creating environment descriptor '/home/robot_ws/install/ambula_bringup/share/ambula_bringup/hook/cmake_prefix_path.dsv'
[0.197s] INFO:colcon.colcon_core.shell:Creating environment hook '/home/robot_ws/install/ambula_bringup/share/ambula_bringup/hook/cmake_prefix_path.sh'
[0.197s] Level 1:colcon.colcon_core.environment:checking '/home/robot_ws/install/ambula_bringup/bin'
[0.197s] Level 1:colcon.colcon_core.environment:checking '/home/robot_ws/install/ambula_bringup/lib/pkgconfig/ambula_bringup.pc'
[0.197s] Level 1:colcon.colcon_core.environment:checking '/home/robot_ws/install/ambula_bringup/lib/python3.12/site-packages'
[0.198s] Level 1:colcon.colcon_core.environment:checking '/home/robot_ws/install/ambula_bringup/bin'
[0.198s] INFO:colcon.colcon_core.shell:Creating package script '/home/robot_ws/install/ambula_bringup/share/ambula_bringup/package.ps1'
[0.198s] INFO:colcon.colcon_core.shell:Creating package descriptor '/home/robot_ws/install/ambula_bringup/share/ambula_bringup/package.dsv'
[0.198s] INFO:colcon.colcon_core.shell:Creating package script '/home/robot_ws/install/ambula_bringup/share/ambula_bringup/package.sh'
[0.199s] INFO:colcon.colcon_core.shell:Creating package script '/home/robot_ws/install/ambula_bringup/share/ambula_bringup/package.bash'
[0.199s] INFO:colcon.colcon_core.shell:Creating package script '/home/robot_ws/install/ambula_bringup/share/ambula_bringup/package.zsh'
[0.199s] Level 1:colcon.colcon_core.environment:create_file_with_runtime_dependencies(/home/robot_ws/install/ambula_bringup/share/colcon-core/packages/ambula_bringup)
[0.200s] Level 1:colcon.colcon_core.environment:create_environment_scripts_only(ambula_hw)
[0.200s] Level 1:colcon.colcon_core.environment:checking '/home/robot_ws/install/ambula_hw' for CMake module files
[0.201s] DEBUG:colcon.colcon_core.event_handler.log_command:Invoked command in '/home/robot_ws/build/ambula_hw' returned '0': CMAKE_PREFIX_PATH=${CMAKE_PREFIX_PATH}:/opt/ros/jazzy /usr/bin/cmake --install /home/robot_ws/build/ambula_hw
[0.201s] Level 1:colcon.colcon_core.environment:checking '/home/robot_ws/install/ambula_hw' for CMake config files
[0.201s] Level 1:colcon.colcon_core.shell:create_environment_hook('ambula_hw', 'cmake_prefix_path')
[0.201s] INFO:colcon.colcon_core.shell:Creating environment hook '/home/robot_ws/install/ambula_hw/share/ambula_hw/hook/cmake_prefix_path.ps1'
[0.201s] INFO:colcon.colcon_core.shell:Creating environment descriptor '/home/robot_ws/install/ambula_hw/share/ambula_hw/hook/cmake_prefix_path.dsv'
[0.202s] INFO:colcon.colcon_core.shell:Creating environment hook '/home/robot_ws/install/ambula_hw/share/ambula_hw/hook/cmake_prefix_path.sh'
[0.202s] Level 1:colcon.colcon_core.environment:checking '/home/robot_ws/install/ambula_hw/bin'
[0.202s] Level 1:colcon.colcon_core.environment:checking '/home/robot_ws/install/ambula_hw/lib/pkgconfig/ambula_hw.pc'
[0.202s] Level 1:colcon.colcon_core.environment:checking '/home/robot_ws/install/ambula_hw/lib/python3.12/site-packages'
[0.202s] Level 1:colcon.colcon_core.environment:checking '/home/robot_ws/install/ambula_hw/bin'
[0.202s] INFO:colcon.colcon_core.shell:Creating package script '/home/robot_ws/install/ambula_hw/share/ambula_hw/package.ps1'
[0.203s] INFO:colcon.colcon_core.shell:Creating package descriptor '/home/robot_ws/install/ambula_hw/share/ambula_hw/package.dsv'
[0.203s] INFO:colcon.colcon_core.shell:Creating package script '/home/robot_ws/install/ambula_hw/share/ambula_hw/package.sh'
[0.203s] INFO:colcon.colcon_core.shell:Creating package script '/home/robot_ws/install/ambula_hw/share/ambula_hw/package.bash'
[0.203s] INFO:colcon.colcon_core.shell:Creating package script '/home/robot_ws/install/ambula_hw/share/ambula_hw/package.zsh'
[0.203s] Level 1:colcon.colcon_core.environment:create_file_with_runtime_dependencies(/home/robot_ws/install/ambula_hw/share/colcon-core/packages/ambula_hw)
[0.204s] Level 1:colcon.colcon_core.environment:create_environment_scripts_only(ambula_hw)
[0.204s] Level 1:colcon.colcon_core.environment:checking '/home/robot_ws/install/ambula_hw' for CMake module files
[0.204s] Level 1:colcon.colcon_core.environment:checking '/home/robot_ws/install/ambula_hw' for CMake config files
[0.204s] Level 1:colcon.colcon_core.shell:create_environment_hook('ambula_hw', 'cmake_prefix_path')
[0.204s] INFO:colcon.colcon_core.shell:Creating environment hook '/home/robot_ws/install/ambula_hw/share/ambula_hw/hook/cmake_prefix_path.ps1'
[0.204s] INFO:colcon.colcon_core.shell:Creating environment descriptor '/home/robot_ws/install/ambula_hw/share/ambula_hw/hook/cmake_prefix_path.dsv'
[0.205s] INFO:colcon.colcon_core.shell:Creating environment hook '/home/robot_ws/install/ambula_hw/share/ambula_hw/hook/cmake_prefix_path.sh'
[0.205s] Level 1:colcon.colcon_core.environment:checking '/home/robot_ws/install/ambula_hw/bin'
[0.205s] Level 1:colcon.colcon_core.environment:checking '/home/robot_ws/install/ambula_hw/lib/pkgconfig/ambula_hw.pc'
[0.205s] Level 1:colcon.colcon_core.environment:checking '/home/robot_ws/install/ambula_hw/lib/python3.12/site-packages'
[0.205s] Level 1:colcon.colcon_core.environment:checking '/home/robot_ws/install/ambula_hw/bin'
[0.205s] INFO:colcon.colcon_core.shell:Creating package script '/home/robot_ws/install/ambula_hw/share/ambula_hw/package.ps1'
[0.206s] INFO:colcon.colcon_core.shell:Creating package descriptor '/home/robot_ws/install/ambula_hw/share/ambula_hw/package.dsv'
[0.206s] INFO:colcon.colcon_core.shell:Creating package script '/home/robot_ws/install/ambula_hw/share/ambula_hw/package.sh'
[0.206s] INFO:colcon.colcon_core.shell:Creating package script '/home/robot_ws/install/ambula_hw/share/ambula_hw/package.bash'
[0.206s] INFO:colcon.colcon_core.shell:Creating package script '/home/robot_ws/install/ambula_hw/share/ambula_hw/package.zsh'
[0.206s] Level 1:colcon.colcon_core.environment:create_file_with_runtime_dependencies(/home/robot_ws/install/ambula_hw/share/colcon-core/packages/ambula_hw)
[0.207s] Level 1:colcon.colcon_core.environment:create_environment_scripts_only(ambula_description)
[0.207s] Level 1:colcon.colcon_core.environment:checking '/home/robot_ws/install/ambula_description' for CMake module files
[0.207s] DEBUG:colcon.colcon_core.event_handler.log_command:Invoked command in '/home/robot_ws/build/ambula_description' returned '0': CMAKE_PREFIX_PATH=${CMAKE_PREFIX_PATH}:/opt/ros/jazzy /usr/bin/cmake --install /home/robot_ws/build/ambula_description
[0.207s] Level 1:colcon.colcon_core.environment:checking '/home/robot_ws/install/ambula_description' for CMake config files
[0.207s] Level 1:colcon.colcon_core.shell:create_environment_hook('ambula_description', 'cmake_prefix_path')
[0.207s] INFO:colcon.colcon_core.shell:Creating environment hook '/home/robot_ws/install/ambula_description/share/ambula_description/hook/cmake_prefix_path.ps1'
[0.208s] INFO:colcon.colcon_core.shell:Creating environment descriptor '/home/robot_ws/install/ambula_description/share/ambula_description/hook/cmake_prefix_path.dsv'
[0.208s] INFO:colcon.colcon_core.shell:Creating environment hook '/home/robot_ws/install/ambula_description/share/ambula_description/hook/cmake_prefix_path.sh'
[0.208s] Level 1:colcon.colcon_core.environment:checking '/home/robot_ws/install/ambula_description/bin'
[0.208s] Level 1:colcon.colcon_core.environment:checking '/home/robot_ws/install/ambula_description/lib/pkgconfig/ambula_description.pc'
[0.208s] Level 1:colcon.colcon_core.environment:checking '/home/robot_ws/install/ambula_description/lib/python3.12/site-packages'
[0.208s] Level 1:colcon.colcon_core.environment:checking '/home/robot_ws/install/ambula_description/bin'
[0.209s] INFO:colcon.colcon_core.shell:Creating package script '/home/robot_ws/install/ambula_description/share/ambula_description/package.ps1'
[0.209s] INFO:colcon.colcon_core.shell:Creating package descriptor '/home/robot_ws/install/ambula_description/share/ambula_description/package.dsv'
[0.209s] INFO:colcon.colcon_core.shell:Creating package script '/home/robot_ws/install/ambula_description/share/ambula_description/package.sh'
[0.209s] INFO:colcon.colcon_core.shell:Creating package script '/home/robot_ws/install/ambula_description/share/ambula_description/package.bash'
[0.209s] INFO:colcon.colcon_core.shell:Creating package script '/home/robot_ws/install/ambula_description/share/ambula_description/package.zsh'
[0.210s] Level 1:colcon.colcon_core.environment:create_file_with_runtime_dependencies(/home/robot_ws/install/ambula_description/share/colcon-core/packages/ambula_description)
[0.210s] Level 1:colcon.colcon_core.environment:create_environment_scripts_only(ambula_description)
[0.210s] Level 1:colcon.colcon_core.environment:checking '/home/robot_ws/install/ambula_description' for CMake module files
[0.210s] Level 1:colcon.colcon_core.environment:checking '/home/robot_ws/install/ambula_description' for CMake config files
[0.210s] Level 1:colcon.colcon_core.shell:create_environment_hook('ambula_description', 'cmake_prefix_path')
[0.210s] INFO:colcon.colcon_core.shell:Creating environment hook '/home/robot_ws/install/ambula_description/share/ambula_description/hook/cmake_prefix_path.ps1'
[0.210s] INFO:colcon.colcon_core.shell:Creating environment descriptor '/home/robot_ws/install/ambula_description/share/ambula_description/hook/cmake_prefix_path.dsv'
[0.211s] INFO:colcon.colcon_core.shell:Creating environment hook '/home/robot_ws/install/ambula_description/share/ambula_description/hook/cmake_prefix_path.sh'
[0.211s] Level 1:colcon.colcon_core.environment:checking '/home/robot_ws/install/ambula_description/bin'
[0.211s] Level 1:colcon.colcon_core.environment:checking '/home/robot_ws/install/ambula_description/lib/pkgconfig/ambula_description.pc'
[0.211s] Level 1:colcon.colcon_core.environment:checking '/home/robot_ws/install/ambula_description/lib/python3.12/site-packages'
[0.211s] Level 1:colcon.colcon_core.environment:checking '/home/robot_ws/install/ambula_description/bin'
[0.211s] INFO:colcon.colcon_core.shell:Creating package script '/home/robot_ws/install/ambula_description/share/ambula_description/package.ps1'
[0.211s] INFO:colcon.colcon_core.shell:Creating package descriptor '/home/robot_ws/install/ambula_description/share/ambula_description/package.dsv'
[0.212s] INFO:colcon.colcon_core.shell:Creating package script '/home/robot_ws/install/ambula_description/share/ambula_description/package.sh'
[0.212s] INFO:colcon.colcon_core.shell:Creating package script '/home/robot_ws/install/ambula_description/share/ambula_description/package.bash'
[0.212s] INFO:colcon.colcon_core.shell:Creating package script '/home/robot_ws/install/ambula_description/share/ambula_description/package.zsh'
[0.212s] Level 1:colcon.colcon_core.environment:create_file_with_runtime_dependencies(/home/robot_ws/install/ambula_description/share/colcon-core/packages/ambula_description)
[0.212s] Level 1:colcon.colcon_core.environment:create_environment_scripts_only(ambula_world)
[0.213s] Level 1:colcon.colcon_core.environment:checking '/home/robot_ws/install/ambula_world' for CMake module files
[0.213s] Level 1:colcon.colcon_core.environment:checking '/home/robot_ws/install/ambula_world' for CMake config files
[0.213s] DEBUG:colcon.colcon_core.event_handler.log_command:Invoked command in '/home/robot_ws/build/ambula_world' returned '0': CMAKE_PREFIX_PATH=${CMAKE_PREFIX_PATH}:/opt/ros/jazzy /usr/bin/cmake --install /home/robot_ws/build/ambula_world
[0.213s] Level 1:colcon.colcon_core.shell:create_environment_hook('ambula_world', 'cmake_prefix_path')
[0.213s] INFO:colcon.colcon_core.shell:Creating environment hook '/home/robot_ws/install/ambula_world/share/ambula_world/hook/cmake_prefix_path.ps1'
[0.213s] INFO:colcon.colcon_core.shell:Creating environment descriptor '/home/robot_ws/install/ambula_world/share/ambula_world/hook/cmake_prefix_path.dsv'
[0.214s] INFO:colcon.colcon_core.shell:Creating environment hook '/home/robot_ws/install/ambula_world/share/ambula_world/hook/cmake_prefix_path.sh'
[0.214s] Level 1:colcon.colcon_core.environment:checking '/home/robot_ws/install/ambula_world/bin'
[0.214s] Level 1:colcon.colcon_core.environment:checking '/home/robot_ws/install/ambula_world/lib/pkgconfig/ambula_world.pc'
[0.214s] Level 1:colcon.colcon_core.environment:checking '/home/robot_ws/install/ambula_world/lib/python3.12/site-packages'
[0.214s] Level 1:colcon.colcon_core.environment:checking '/home/robot_ws/install/ambula_world/bin'
[0.214s] INFO:colcon.colcon_core.shell:Creating package script '/home/robot_ws/install/ambula_world/share/ambula_world/package.ps1'
[0.214s] INFO:colcon.colcon_core.shell:Creating package descriptor '/home/robot_ws/install/ambula_world/share/ambula_world/package.dsv'
[0.215s] INFO:colcon.colcon_core.shell:Creating package script '/home/robot_ws/install/ambula_world/share/ambula_world/package.sh'
[0.215s] INFO:colcon.colcon_core.shell:Creating package script '/home/robot_ws/install/ambula_world/share/ambula_world/package.bash'
[0.215s] INFO:colcon.colcon_core.shell:Creating package script '/home/robot_ws/install/ambula_world/share/ambula_world/package.zsh'
[0.215s] Level 1:colcon.colcon_core.environment:create_file_with_runtime_dependencies(/home/robot_ws/install/ambula_world/share/colcon-core/packages/ambula_world)
[0.215s] Level 1:colcon.colcon_core.environment:create_environment_scripts_only(ambula_world)
[0.215s] Level 1:colcon.colcon_core.environment:checking '/home/robot_ws/install/ambula_world' for CMake module files
[0.216s] Level 1:colcon.colcon_core.environment:checking '/home/robot_ws/install/ambula_world' for CMake config files
[0.216s] Level 1:colcon.colcon_core.shell:create_environment_hook('ambula_world', 'cmake_prefix_path')
[0.216s] INFO:colcon.colcon_core.shell:Creating environment hook '/home/robot_ws/install/ambula_world/share/ambula_world/hook/cmake_prefix_path.ps1'
[0.216s] INFO:colcon.colcon_core.shell:Creating environment descriptor '/home/robot_ws/install/ambula_world/share/ambula_world/hook/cmake_prefix_path.dsv'
[0.216s] INFO:colcon.colcon_core.shell:Creating environment hook '/home/robot_ws/install/ambula_world/share/ambula_world/hook/cmake_prefix_path.sh'
[0.217s] Level 1:colcon.colcon_core.environment:checking '/home/robot_ws/install/ambula_world/bin'
[0.217s] Level 1:colcon.colcon_core.environment:checking '/home/robot_ws/install/ambula_world/lib/pkgconfig/ambula_world.pc'
[0.217s] Level 1:colcon.colcon_core.environment:checking '/home/robot_ws/install/ambula_world/lib/python3.12/site-packages'
[0.217s] Level 1:colcon.colcon_core.environment:checking '/home/robot_ws/install/ambula_world/bin'
[0.217s] INFO:colcon.colcon_core.shell:Creating package script '/home/robot_ws/install/ambula_world/share/ambula_world/package.ps1'
[0.217s] INFO:colcon.colcon_core.shell:Creating package descriptor '/home/robot_ws/install/ambula_world/share/ambula_world/package.dsv'
[0.218s] INFO:colcon.colcon_core.shell:Creating package script '/home/robot_ws/install/ambula_world/share/ambula_world/package.sh'
[0.218s] INFO:colcon.colcon_core.shell:Creating package script '/home/robot_ws/install/ambula_world/share/ambula_world/package.bash'
[0.218s] INFO:colcon.colcon_core.shell:Creating package script '/home/robot_ws/install/ambula_world/share/ambula_world/package.zsh'
[0.218s] Level 1:colcon.colcon_core.environment:create_file_with_runtime_dependencies(/home/robot_ws/install/ambula_world/share/colcon-core/packages/ambula_world)
[0.218s] DEBUG:colcon.colcon_parallel_executor.executor.parallel:closing loop
[0.218s] DEBUG:colcon.colcon_parallel_executor.executor.parallel:loop closed
[0.219s] DEBUG:colcon.colcon_parallel_executor.executor.parallel:run_until_complete finished with '0'
[0.219s] DEBUG:colcon.colcon_core.event_reactor:joining thread
[0.222s] INFO:colcon.colcon_core.plugin_system:Skipping extension 'colcon_notification.desktop_notification.notify_send': Could not find 'notify-send'
[0.222s] INFO:colcon.colcon_core.plugin_system:Skipping extension 'colcon_notification.desktop_notification.terminal_notifier': Not used on non-Darwin systems
[0.222s] INFO:colcon.colcon_core.plugin_system:Skipping extension 'colcon_notification.desktop_notification.win32': Not used on non-Windows systems
[0.222s] INFO:colcon.colcon_notification.desktop_notification:Sending desktop notification using 'notify2'
[0.224s] DEBUG:colcon.colcon_notification.desktop_notification.notify2:Failed to initialize notify2: org.freedesktop.DBus.Error.Spawn.ExecFailed: /usr/bin/dbus-launch terminated abnormally without any error message
[0.224s] DEBUG:colcon.colcon_core.event_reactor:joined thread
[0.224s] INFO:colcon.colcon_core.shell:Creating prefix script '/home/robot_ws/install/local_setup.ps1'
[0.225s] INFO:colcon.colcon_core.shell:Creating prefix util module '/home/robot_ws/install/_local_setup_util_ps1.py'
[0.225s] INFO:colcon.colcon_core.shell:Creating prefix chain script '/home/robot_ws/install/setup.ps1'
[0.226s] INFO:colcon.colcon_core.shell:Creating prefix script '/home/robot_ws/install/local_setup.sh'
[0.226s] INFO:colcon.colcon_core.shell:Creating prefix util module '/home/robot_ws/install/_local_setup_util_sh.py'
[0.227s] INFO:colcon.colcon_core.shell:Creating prefix chain script '/home/robot_ws/install/setup.sh'
[0.227s] INFO:colcon.colcon_core.shell:Creating prefix script '/home/robot_ws/install/local_setup.bash'
[0.227s] INFO:colcon.colcon_core.shell:Creating prefix chain script '/home/robot_ws/install/setup.bash'
[0.228s] INFO:colcon.colcon_core.shell:Creating prefix script '/home/robot_ws/install/local_setup.zsh'
[0.228s] INFO:colcon.colcon_core.shell:Creating prefix chain script '/home/robot_ws/install/setup.zsh'
