[0.029s] Invoking command in '/home/robot_ws/build/ambula_bringup': CMAKE_PREFIX_PATH=${CMAKE_PREFIX_PATH}:/opt/ros/jazzy /usr/bin/cmake --build /home/robot_ws/build/ambula_bringup -- -j16 -l16
[0.308s] Invoked command in '/home/robot_ws/build/ambula_bringup' returned '0': CMAKE_PREFIX_PATH=${CMAKE_PREFIX_PATH}:/opt/ros/jazzy /usr/bin/cmake --build /home/robot_ws/build/ambula_bringup -- -j16 -l16
[0.314s] Invoking command in '/home/robot_ws/build/ambula_bringup': CMAKE_PREFIX_PATH=${CMAKE_PREFIX_PATH}:/opt/ros/jazzy /usr/bin/cmake --install /home/robot_ws/build/ambula_bringup
[0.373s] -- Install configuration: ""
[0.378s] -- Up-to-date: /home/robot_ws/install/ambula_bringup/share/ambula_bringup//launch
[0.382s] -- Up-to-date: /home/robot_ws/install/ambula_bringup/share/ambula_bringup//launch/simulation_bringup.launch.py
[0.383s] -- Up-to-date: /home/robot_ws/install/ambula_bringup/share/ambula_bringup//launch/description.launch.py
[0.387s] -- Up-to-date: /home/robot_ws/install/ambula_bringup/share/ambula_bringup//launch/summon_ambula.launch.py
[0.388s] -- Up-to-date: /home/robot_ws/install/ambula_bringup/share/ament_index/resource_index/package_run_dependencies/ambula_bringup
[0.389s] -- Up-to-date: /home/robot_ws/install/ambula_bringup/share/ament_index/resource_index/parent_prefix_path/ambula_bringup
[0.389s] -- Up-to-date: /home/robot_ws/install/ambula_bringup/share/ambula_bringup/environment/ament_prefix_path.sh
[0.390s] -- Up-to-date: /home/robot_ws/install/ambula_bringup/share/ambula_bringup/environment/ament_prefix_path.dsv
[0.391s] -- Up-to-date: /home/robot_ws/install/ambula_bringup/share/ambula_bringup/environment/path.sh
[0.391s] -- Up-to-date: /home/robot_ws/install/ambula_bringup/share/ambula_bringup/environment/path.dsv
[0.391s] -- Up-to-date: /home/robot_ws/install/ambula_bringup/share/ambula_bringup/local_setup.bash
[0.391s] -- Up-to-date: /home/robot_ws/install/ambula_bringup/share/ambula_bringup/local_setup.sh
[0.392s] -- Up-to-date: /home/robot_ws/install/ambula_bringup/share/ambula_bringup/local_setup.zsh
[0.393s] -- Up-to-date: /home/robot_ws/install/ambula_bringup/share/ambula_bringup/local_setup.dsv
[0.393s] -- Installing: /home/robot_ws/install/ambula_bringup/share/ambula_bringup/package.dsv
[0.393s] -- Up-to-date: /home/robot_ws/install/ambula_bringup/share/ament_index/resource_index/packages/ambula_bringup
[0.394s] -- Up-to-date: /home/robot_ws/install/ambula_bringup/share/ambula_bringup/cmake/ambula_bringupConfig.cmake
[0.394s] -- Up-to-date: /home/robot_ws/install/ambula_bringup/share/ambula_bringup/cmake/ambula_bringupConfig-version.cmake
[0.395s] -- Up-to-date: /home/robot_ws/install/ambula_bringup/share/ambula_bringup/package.xml
[0.487s] Invoked command in '/home/robot_ws/build/ambula_bringup' returned '0': CMAKE_PREFIX_PATH=${CMAKE_PREFIX_PATH}:/opt/ros/jazzy /usr/bin/cmake --install /home/robot_ws/build/ambula_bringup
