[0.026s] Invoking command in '/home/robot_ws/build/ambula_bringup': CMAKE_PREFIX_PATH=${CMAKE_PREFIX_PATH}:/opt/ros/jazzy /usr/bin/cmake /home/robot_ws/src/ambula_bringup -DCMAKE_INSTALL_PREFIX=/home/robot_ws/install/ambula_bringup
[0.203s] -- The C compiler identification is GNU 13.3.0
[0.466s] -- The CXX compiler identification is GNU 13.3.0
[0.544s] -- Detecting C compiler ABI info
[1.078s] -- Detecting C compiler ABI info - done
[1.157s] -- Check for working C compiler: /usr/bin/cc - skipped
[1.159s] -- Detecting C compile features
[1.161s] -- Detecting C compile features - done
[1.223s] -- Detecting CXX compiler ABI info
[1.759s] -- Detecting CXX compiler ABI info - done
[1.843s] -- Check for working CXX compiler: /usr/bin/c++ - skipped
[1.845s] -- Detecting CXX compile features
[1.848s] -- Detecting CXX compile features - done
[1.888s] -- Found ament_cmake: 2.5.4 (/opt/ros/jazzy/share/ament_cmake/cmake)
[2.487s] -- Found Python3: /usr/bin/python3 (found version "3.12.3") found components: Interpreter 
[2.648s] -- Found rclcpp: 28.1.11 (/opt/ros/jazzy/share/rclcpp/cmake)
[2.707s] -- Found rosidl_generator_c: 4.6.6 (/opt/ros/jazzy/share/rosidl_generator_c/cmake)
[2.725s] -- Found rosidl_generator_cpp: 4.6.6 (/opt/ros/jazzy/share/rosidl_generator_cpp/cmake)
[2.745s] -- Using all available rosidl_typesupport_c: rosidl_typesupport_fastrtps_c;rosidl_typesupport_introspection_c
[2.767s] -- Using all available rosidl_typesupport_cpp: rosidl_typesupport_fastrtps_cpp;rosidl_typesupport_introspection_cpp
[2.860s] -- Found rmw_implementation_cmake: 7.3.2 (/opt/ros/jazzy/share/rmw_implementation_cmake/cmake)
[2.867s] -- Found rmw_cyclonedds_cpp: 2.2.3 (/opt/ros/jazzy/share/rmw_cyclonedds_cpp/cmake)
[2.903s] -- Using RMW implementation 'rmw_cyclonedds_cpp' as default
[3.006s] -- Found rclcpp_action: 28.1.11 (/opt/ros/jazzy/share/rclcpp_action/cmake)
[3.093s] -- Found ament_lint_auto: 0.17.3 (/opt/ros/jazzy/share/ament_lint_auto/cmake)
[3.224s] -- Added test 'flake8' to check Python code syntax and style conventions
[3.224s] -- Configured 'flake8' exclude dirs and/or files: 
[3.224s] -- Added test 'lint_cmake' to check CMake code style
[3.225s] -- Added test 'pep257' to check Python code against some of the docstring style conventions in PEP 257
[3.226s] -- Added test 'xmllint' to check XML markup files
[3.227s] -- Configuring done (3.2s)
[3.231s] -- Generating done (0.0s)
[3.233s] -- Build files have been written to: /home/robot_ws/build/ambula_bringup
[3.239s] Invoked command in '/home/robot_ws/build/ambula_bringup' returned '0': CMAKE_PREFIX_PATH=${CMAKE_PREFIX_PATH}:/opt/ros/jazzy /usr/bin/cmake /home/robot_ws/src/ambula_bringup -DCMAKE_INSTALL_PREFIX=/home/robot_ws/install/ambula_bringup
[3.241s] Invoking command in '/home/robot_ws/build/ambula_bringup': CMAKE_PREFIX_PATH=${CMAKE_PREFIX_PATH}:/opt/ros/jazzy /usr/bin/cmake --build /home/robot_ws/build/ambula_bringup -- -j16 -l16
[3.286s] Invoked command in '/home/robot_ws/build/ambula_bringup' returned '0': CMAKE_PREFIX_PATH=${CMAKE_PREFIX_PATH}:/opt/ros/jazzy /usr/bin/cmake --build /home/robot_ws/build/ambula_bringup -- -j16 -l16
[3.287s] Invoking command in '/home/robot_ws/build/ambula_bringup': CMAKE_PREFIX_PATH=${CMAKE_PREFIX_PATH}:/opt/ros/jazzy /usr/bin/cmake --install /home/robot_ws/build/ambula_bringup
[3.295s] -- Install configuration: ""
[3.296s] -- Installing: /home/robot_ws/install/ambula_bringup/share/ambula_bringup//launch
[3.296s] -- Installing: /home/robot_ws/install/ambula_bringup/share/ambula_bringup//launch/simulation_bringup.launch.py
[3.296s] -- Installing: /home/robot_ws/install/ambula_bringup/share/ambula_bringup//launch/description.launch.py
[3.296s] -- Installing: /home/robot_ws/install/ambula_bringup/share/ambula_bringup//launch/summon_ambula.launch.py
[3.296s] -- Installing: /home/robot_ws/install/ambula_bringup/share/ament_index/resource_index/package_run_dependencies/ambula_bringup
[3.296s] -- Installing: /home/robot_ws/install/ambula_bringup/share/ament_index/resource_index/parent_prefix_path/ambula_bringup
[3.296s] -- Installing: /home/robot_ws/install/ambula_bringup/share/ambula_bringup/environment/ament_prefix_path.sh
[3.296s] -- Installing: /home/robot_ws/install/ambula_bringup/share/ambula_bringup/environment/ament_prefix_path.dsv
[3.297s] -- Installing: /home/robot_ws/install/ambula_bringup/share/ambula_bringup/environment/path.sh
[3.297s] -- Installing: /home/robot_ws/install/ambula_bringup/share/ambula_bringup/environment/path.dsv
[3.297s] -- Installing: /home/robot_ws/install/ambula_bringup/share/ambula_bringup/local_setup.bash
[3.297s] -- Installing: /home/robot_ws/install/ambula_bringup/share/ambula_bringup/local_setup.sh
[3.297s] -- Installing: /home/robot_ws/install/ambula_bringup/share/ambula_bringup/local_setup.zsh
[3.297s] -- Installing: /home/robot_ws/install/ambula_bringup/share/ambula_bringup/local_setup.dsv
[3.297s] -- Installing: /home/robot_ws/install/ambula_bringup/share/ambula_bringup/package.dsv
[3.297s] -- Installing: /home/robot_ws/install/ambula_bringup/share/ament_index/resource_index/packages/ambula_bringup
[3.297s] -- Installing: /home/robot_ws/install/ambula_bringup/share/ambula_bringup/cmake/ambula_bringupConfig.cmake
[3.297s] -- Installing: /home/robot_ws/install/ambula_bringup/share/ambula_bringup/cmake/ambula_bringupConfig-version.cmake
[3.297s] -- Installing: /home/robot_ws/install/ambula_bringup/share/ambula_bringup/package.xml
[3.298s] Invoked command in '/home/robot_ws/build/ambula_bringup' returned '0': CMAKE_PREFIX_PATH=${CMAKE_PREFIX_PATH}:/opt/ros/jazzy /usr/bin/cmake --install /home/robot_ws/build/ambula_bringup
