[0.021s] Invoking command in '/home/robot_ws/build/ambula_description': CMAKE_PREFIX_PATH=${CMAKE_PREFIX_PATH}:/opt/ros/jazzy /usr/bin/cmake /home/robot_ws/src/ambula_simulation/ambula_description -DCMAKE_INSTALL_PREFIX=/home/robot_ws/install/ambula_description
[0.254s] -- The C compiler identification is GNU 13.3.0
[0.589s] -- The CXX compiler identification is GNU 13.3.0
[0.685s] -- Detecting C compiler ABI info
[1.167s] -- Detecting C compiler ABI info - done
[1.250s] -- Check for working C compiler: /usr/bin/cc - skipped
[1.252s] -- Detecting C compile features
[1.256s] -- Detecting C compile features - done
[1.311s] -- Detecting CXX compiler ABI info
[1.880s] -- Detecting CXX compiler ABI info - done
[1.933s] -- Check for working CXX compiler: /usr/bin/c++ - skipped
[1.933s] -- Detecting CXX compile features
[1.935s] -- Detecting CXX compile features - done
[1.960s] -- Found ament_cmake: 2.5.4 (/opt/ros/jazzy/share/ament_cmake/cmake)
[2.487s] -- Found Python3: /usr/bin/python3 (found version "3.12.3") found components: Interpreter 
[2.628s] -- Found rclcpp: 28.1.11 (/opt/ros/jazzy/share/rclcpp/cmake)
[2.710s] -- Found rosidl_generator_c: 4.6.6 (/opt/ros/jazzy/share/rosidl_generator_c/cmake)
[2.741s] -- Found rosidl_generator_cpp: 4.6.6 (/opt/ros/jazzy/share/rosidl_generator_cpp/cmake)
[2.765s] -- Using all available rosidl_typesupport_c: rosidl_typesupport_fastrtps_c;rosidl_typesupport_introspection_c
[2.794s] -- Using all available rosidl_typesupport_cpp: rosidl_typesupport_fastrtps_cpp;rosidl_typesupport_introspection_cpp
[2.884s] -- Found rmw_implementation_cmake: 7.3.2 (/opt/ros/jazzy/share/rmw_implementation_cmake/cmake)
[2.889s] -- Found rmw_cyclonedds_cpp: 2.2.3 (/opt/ros/jazzy/share/rmw_cyclonedds_cpp/cmake)
[2.919s] -- Using RMW implementation 'rmw_cyclonedds_cpp' as default
[2.987s] -- Found rclcpp_action: 28.1.11 (/opt/ros/jazzy/share/rclcpp_action/cmake)
[3.035s] -- Found ament_lint_auto: 0.17.3 (/opt/ros/jazzy/share/ament_lint_auto/cmake)
[3.158s] -- Added test 'lint_cmake' to check CMake code style
[3.162s] -- Added test 'xmllint' to check XML markup files
[3.164s] -- Configuring done (3.1s)
[3.170s] -- Generating done (0.0s)
[3.173s] -- Build files have been written to: /home/robot_ws/build/ambula_description
[3.181s] Invoked command in '/home/robot_ws/build/ambula_description' returned '0': CMAKE_PREFIX_PATH=${CMAKE_PREFIX_PATH}:/opt/ros/jazzy /usr/bin/cmake /home/robot_ws/src/ambula_simulation/ambula_description -DCMAKE_INSTALL_PREFIX=/home/robot_ws/install/ambula_description
[3.182s] Invoking command in '/home/robot_ws/build/ambula_description': CMAKE_PREFIX_PATH=${CMAKE_PREFIX_PATH}:/opt/ros/jazzy /usr/bin/cmake --build /home/robot_ws/build/ambula_description -- -j16 -l16
[3.225s] Invoked command in '/home/robot_ws/build/ambula_description' returned '0': CMAKE_PREFIX_PATH=${CMAKE_PREFIX_PATH}:/opt/ros/jazzy /usr/bin/cmake --build /home/robot_ws/build/ambula_description -- -j16 -l16
[3.226s] Invoking command in '/home/robot_ws/build/ambula_description': CMAKE_PREFIX_PATH=${CMAKE_PREFIX_PATH}:/opt/ros/jazzy /usr/bin/cmake --install /home/robot_ws/build/ambula_description
[3.233s] -- Install configuration: ""
[3.234s] -- Installing: /home/robot_ws/install/ambula_description/share/ambula_description//config
[3.234s] -- Installing: /home/robot_ws/install/ambula_description/share/ambula_description//config/ambula_control.yaml
[3.234s] -- Installing: /home/robot_ws/install/ambula_description/share/ambula_description//config/gazebo_bridge.yaml
[3.235s] -- Installing: /home/robot_ws/install/ambula_description/share/ambula_description//meshes
[3.235s] -- Installing: /home/robot_ws/install/ambula_description/share/ambula_description//urdf
[3.235s] -- Installing: /home/robot_ws/install/ambula_description/share/ambula_description//urdf/ambula_oa
[3.235s] -- Installing: /home/robot_ws/install/ambula_description/share/ambula_description//urdf/ambula_oa/properties.urdf.xacro
[3.235s] -- Installing: /home/robot_ws/install/ambula_description/share/ambula_description//urdf/ambula_oa/ambula.urdf.xacro
[3.235s] -- Installing: /home/robot_ws/install/ambula_description/share/ambula_description//urdf/ambula_oa/robot
[3.236s] -- Installing: /home/robot_ws/install/ambula_description/share/ambula_description//urdf/ambula_oa/robot/base.urdf.xacro
[3.236s] -- Installing: /home/robot_ws/install/ambula_description/share/ambula_description//urdf/ambula_oa/plugin
[3.236s] -- Installing: /home/robot_ws/install/ambula_description/share/ambula_description//urdf/ambula_oa/plugin/gazebo_control.urdf.xacro
[3.236s] -- Installing: /home/robot_ws/install/ambula_description/share/ambula_description//urdf/ambula_oa/plugin/ros2_control.urdf.xacro
[3.236s] -- Installing: /home/robot_ws/install/ambula_description/share/ambula_description//urdf/ambula_oa/plugin/gazebo_position.urdf.xacro
[3.237s] -- Installing: /home/robot_ws/install/ambula_description/share/ambula_description//urdf/ambula_oa/sensor
[3.237s] -- Installing: /home/robot_ws/install/ambula_description/share/ambula_description//urdf/ambula_oa/sensor/imu.urdf.xacro
[3.237s] -- Installing: /home/robot_ws/install/ambula_description/share/ambula_description//urdf/ambula_oa/sensor/depth_camera.urdf.xacro
[3.237s] -- Installing: /home/robot_ws/install/ambula_description/share/ambula_description//urdf/ambula_bot
[3.237s] -- Installing: /home/robot_ws/install/ambula_description/share/ambula_description//urdf/ambula_bot/properties.urdf.xacro
[3.237s] -- Installing: /home/robot_ws/install/ambula_description/share/ambula_description//urdf/ambula_bot/ambula.urdf.xacro
[3.237s] -- Installing: /home/robot_ws/install/ambula_description/share/ambula_description//urdf/ambula_bot/robot
[3.237s] -- Installing: /home/robot_ws/install/ambula_description/share/ambula_description//urdf/ambula_bot/plugin
[3.238s] -- Installing: /home/robot_ws/install/ambula_description/share/ambula_description//urdf/ambula_bot/sensor
[3.238s] -- Installing: /home/robot_ws/install/ambula_description/share/ament_index/resource_index/package_run_dependencies/ambula_description
[3.238s] -- Installing: /home/robot_ws/install/ambula_description/share/ament_index/resource_index/parent_prefix_path/ambula_description
[3.238s] -- Installing: /home/robot_ws/install/ambula_description/share/ambula_description/environment/ament_prefix_path.sh
[3.238s] -- Installing: /home/robot_ws/install/ambula_description/share/ambula_description/environment/ament_prefix_path.dsv
[3.239s] -- Installing: /home/robot_ws/install/ambula_description/share/ambula_description/environment/path.sh
[3.239s] -- Installing: /home/robot_ws/install/ambula_description/share/ambula_description/environment/path.dsv
[3.239s] -- Installing: /home/robot_ws/install/ambula_description/share/ambula_description/local_setup.bash
[3.239s] -- Installing: /home/robot_ws/install/ambula_description/share/ambula_description/local_setup.sh
[3.239s] -- Installing: /home/robot_ws/install/ambula_description/share/ambula_description/local_setup.zsh
[3.239s] -- Installing: /home/robot_ws/install/ambula_description/share/ambula_description/local_setup.dsv
[3.239s] -- Installing: /home/robot_ws/install/ambula_description/share/ambula_description/package.dsv
[3.240s] -- Installing: /home/robot_ws/install/ambula_description/share/ament_index/resource_index/packages/ambula_description
[3.240s] -- Installing: /home/robot_ws/install/ambula_description/share/ambula_description/cmake/ambula_descriptionConfig.cmake
[3.240s] -- Installing: /home/robot_ws/install/ambula_description/share/ambula_description/cmake/ambula_descriptionConfig-version.cmake
[3.240s] -- Installing: /home/robot_ws/install/ambula_description/share/ambula_description/package.xml
[3.243s] Invoked command in '/home/robot_ws/build/ambula_description' returned '0': CMAKE_PREFIX_PATH=${CMAKE_PREFIX_PATH}:/opt/ros/jazzy /usr/bin/cmake --install /home/robot_ws/build/ambula_description
