-- Found ament_cmake: 2.5.4 (/opt/ros/jazzy/share/ament_cmake/cmake)
-- Found rclpy: 7.1.5 (/opt/ros/jazzy/share/rclpy/cmake)
-- Found ament_lint_auto: 0.17.3 (/opt/ros/jazzy/share/ament_lint_auto/cmake)
-- Added test 'flake8' to check Python code syntax and style conventions
-- Configured 'flake8' exclude dirs and/or files: 
-- Added test 'lint_cmake' to check CMake code style
-- Added test 'pep257' to check Python code against some of the docstring style conventions in PEP 257
-- Added test 'xmllint' to check XML markup files
-- Configuring done (0.6s)
-- Generating done (0.0s)
-- Build files have been written to: /home/robot_ws/build/ambula_controller
Built target ament_cmake_python_copy_src
running egg_info
creating src.egg-info
writing src.egg-info/PKG-INFO
writing dependency_links to src.egg-info/dependency_links.txt
writing top-level names to src.egg-info/top_level.txt
writing manifest file 'src.egg-info/SOURCES.txt'
reading manifest file 'src.egg-info/SOURCES.txt'
writing manifest file 'src.egg-info/SOURCES.txt'
Built target ament_cmake_python_build_src_egg
-- Install configuration: ""
-- Installing: /home/robot_ws/install/ambula_controller/share/ambula_controller/environment/pythonpath.sh
-- Installing: /home/robot_ws/install/ambula_controller/share/ambula_controller/environment/pythonpath.dsv
-- Installing: /home/robot_ws/install/ambula_controller/lib/python3.12/site-packages/src-0.0.0-py3.12.egg-info
-- Installing: /home/robot_ws/install/ambula_controller/lib/python3.12/site-packages/src-0.0.0-py3.12.egg-info/dependency_links.txt
-- Installing: /home/robot_ws/install/ambula_controller/lib/python3.12/site-packages/src-0.0.0-py3.12.egg-info/top_level.txt
-- Installing: /home/robot_ws/install/ambula_controller/lib/python3.12/site-packages/src-0.0.0-py3.12.egg-info/SOURCES.txt
-- Installing: /home/robot_ws/install/ambula_controller/lib/python3.12/site-packages/src-0.0.0-py3.12.egg-info/PKG-INFO
-- Installing: /home/robot_ws/install/ambula_controller/lib/python3.12/site-packages/src
-- Installing: /home/robot_ws/install/ambula_controller/lib/python3.12/site-packages/src/__init__.py
-- Installing: /home/robot_ws/install/ambula_controller/lib/python3.12/site-packages/src/joint_motion_controller.py
-- Installing: /home/robot_ws/install/ambula_controller/lib/python3.12/site-packages/src/forward_kinematic.py
Listing '/home/robot_ws/install/ambula_controller/lib/python3.12/site-packages/src'...
Compiling '/home/robot_ws/install/ambula_controller/lib/python3.12/site-packages/src/__init__.py'...
Compiling '/home/robot_ws/install/ambula_controller/lib/python3.12/site-packages/src/forward_kinematic.py'...
Compiling '/home/robot_ws/install/ambula_controller/lib/python3.12/site-packages/src/joint_motion_controller.py'...
-- Installing: /home/robot_ws/install/ambula_controller/share/ambula_controller/src
-- Installing: /home/robot_ws/install/ambula_controller/share/ambula_controller/src/__init__.py
-- Installing: /home/robot_ws/install/ambula_controller/share/ambula_controller/src/joint_motion_controller.py
-- Installing: /home/robot_ws/install/ambula_controller/share/ambula_controller/src/forward_kinematic.py
-- Installing: /home/robot_ws/install/ambula_controller/lib/ambula_controller/forward_kinematic.py
-- Up-to-date: /home/robot_ws/install/ambula_controller/share/ament_index/resource_index/package_run_dependencies/ambula_controller
-- Installing: /home/robot_ws/install/ambula_controller/share/ament_index/resource_index/parent_prefix_path/ambula_controller
-- Up-to-date: /home/robot_ws/install/ambula_controller/share/ambula_controller/environment/ament_prefix_path.sh
-- Up-to-date: /home/robot_ws/install/ambula_controller/share/ambula_controller/environment/ament_prefix_path.dsv
-- Up-to-date: /home/robot_ws/install/ambula_controller/share/ambula_controller/environment/path.sh
-- Up-to-date: /home/robot_ws/install/ambula_controller/share/ambula_controller/environment/path.dsv
-- Up-to-date: /home/robot_ws/install/ambula_controller/share/ambula_controller/local_setup.bash
-- Installing: /home/robot_ws/install/ambula_controller/share/ambula_controller/local_setup.sh
-- Up-to-date: /home/robot_ws/install/ambula_controller/share/ambula_controller/local_setup.zsh
-- Installing: /home/robot_ws/install/ambula_controller/share/ambula_controller/local_setup.dsv
-- Installing: /home/robot_ws/install/ambula_controller/share/ambula_controller/package.dsv
-- Up-to-date: /home/robot_ws/install/ambula_controller/share/ament_index/resource_index/packages/ambula_controller
-- Up-to-date: /home/robot_ws/install/ambula_controller/share/ambula_controller/cmake/ambula_controllerConfig.cmake
-- Up-to-date: /home/robot_ws/install/ambula_controller/share/ambula_controller/cmake/ambula_controllerConfig-version.cmake
-- Up-to-date: /home/robot_ws/install/ambula_controller/share/ambula_controller/package.xml
