[0.026s] Invoking command in '/home/robot_ws/build/ambula_controller': CMAKE_PREFIX_PATH=${CMAKE_PREFIX_PATH}:/opt/ros/jazzy /usr/bin/cmake --build /home/robot_ws/build/ambula_controller -- -j16 -l16
[0.156s] -- Found ament_cmake: 2.5.4 (/opt/ros/jazzy/share/ament_cmake/cmake)
[0.559s] -- Found rclpy: 7.1.5 (/opt/ros/jazzy/share/rclpy/cmake)
[0.623s] -- Found ament_lint_auto: 0.17.3 (/opt/ros/jazzy/share/ament_lint_auto/cmake)
[0.685s] -- Added test 'flake8' to check Python code syntax and style conventions
[0.685s] -- Configured 'flake8' exclude dirs and/or files: 
[0.685s] -- Added test 'lint_cmake' to check CMake code style
[0.686s] -- Added test 'pep257' to check Python code against some of the docstring style conventions in PEP 257
[0.686s] -- Added test 'xmllint' to check XML markup files
[0.686s] -- Configuring done (0.6s)
[0.689s] -- Generating done (0.0s)
[0.690s] -- Build files have been written to: /home/robot_ws/build/ambula_controller
[0.727s] Built target ament_cmake_python_copy_src
[0.869s] running egg_info
[0.870s] creating src.egg-info
[0.882s] writing src.egg-info/PKG-INFO
[0.882s] writing dependency_links to src.egg-info/dependency_links.txt
[0.882s] writing top-level names to src.egg-info/top_level.txt
[0.882s] writing manifest file 'src.egg-info/SOURCES.txt'
[0.917s] reading manifest file 'src.egg-info/SOURCES.txt'
[0.918s] writing manifest file 'src.egg-info/SOURCES.txt'
[0.940s] Built target ament_cmake_python_build_src_egg
[0.948s] Invoked command in '/home/robot_ws/build/ambula_controller' returned '0': CMAKE_PREFIX_PATH=${CMAKE_PREFIX_PATH}:/opt/ros/jazzy /usr/bin/cmake --build /home/robot_ws/build/ambula_controller -- -j16 -l16
[0.949s] Invoking command in '/home/robot_ws/build/ambula_controller': CMAKE_PREFIX_PATH=${CMAKE_PREFIX_PATH}:/opt/ros/jazzy /usr/bin/cmake --install /home/robot_ws/build/ambula_controller
[0.955s] -- Install configuration: ""
[0.955s] -- Installing: /home/robot_ws/install/ambula_controller/share/ambula_controller/environment/pythonpath.sh
[0.956s] -- Installing: /home/robot_ws/install/ambula_controller/share/ambula_controller/environment/pythonpath.dsv
[0.956s] -- Installing: /home/robot_ws/install/ambula_controller/lib/python3.12/site-packages/src-0.0.0-py3.12.egg-info
[0.956s] -- Installing: /home/robot_ws/install/ambula_controller/lib/python3.12/site-packages/src-0.0.0-py3.12.egg-info/dependency_links.txt
[0.956s] -- Installing: /home/robot_ws/install/ambula_controller/lib/python3.12/site-packages/src-0.0.0-py3.12.egg-info/top_level.txt
[0.956s] -- Installing: /home/robot_ws/install/ambula_controller/lib/python3.12/site-packages/src-0.0.0-py3.12.egg-info/SOURCES.txt
[0.956s] -- Installing: /home/robot_ws/install/ambula_controller/lib/python3.12/site-packages/src-0.0.0-py3.12.egg-info/PKG-INFO
[0.956s] -- Installing: /home/robot_ws/install/ambula_controller/lib/python3.12/site-packages/src
[0.956s] -- Installing: /home/robot_ws/install/ambula_controller/lib/python3.12/site-packages/src/__init__.py
[0.956s] -- Installing: /home/robot_ws/install/ambula_controller/lib/python3.12/site-packages/src/joint_motion_controller.py
[0.956s] -- Installing: /home/robot_ws/install/ambula_controller/lib/python3.12/site-packages/src/forward_kinematic.py
[0.981s] Listing '/home/robot_ws/install/ambula_controller/lib/python3.12/site-packages/src'...
[0.981s] Compiling '/home/robot_ws/install/ambula_controller/lib/python3.12/site-packages/src/__init__.py'...
[0.981s] Compiling '/home/robot_ws/install/ambula_controller/lib/python3.12/site-packages/src/forward_kinematic.py'...
[0.981s] Compiling '/home/robot_ws/install/ambula_controller/lib/python3.12/site-packages/src/joint_motion_controller.py'...
[0.985s] -- Installing: /home/robot_ws/install/ambula_controller/share/ambula_controller/src
[0.985s] -- Installing: /home/robot_ws/install/ambula_controller/share/ambula_controller/src/__init__.py
[0.985s] -- Installing: /home/robot_ws/install/ambula_controller/share/ambula_controller/src/joint_motion_controller.py
[0.985s] -- Installing: /home/robot_ws/install/ambula_controller/share/ambula_controller/src/forward_kinematic.py
[0.985s] -- Installing: /home/robot_ws/install/ambula_controller/lib/ambula_controller/forward_kinematic.py
[0.985s] -- Up-to-date: /home/robot_ws/install/ambula_controller/share/ament_index/resource_index/package_run_dependencies/ambula_controller
[0.985s] -- Installing: /home/robot_ws/install/ambula_controller/share/ament_index/resource_index/parent_prefix_path/ambula_controller
[0.985s] -- Up-to-date: /home/robot_ws/install/ambula_controller/share/ambula_controller/environment/ament_prefix_path.sh
[0.985s] -- Up-to-date: /home/robot_ws/install/ambula_controller/share/ambula_controller/environment/ament_prefix_path.dsv
[0.986s] -- Up-to-date: /home/robot_ws/install/ambula_controller/share/ambula_controller/environment/path.sh
[0.986s] -- Up-to-date: /home/robot_ws/install/ambula_controller/share/ambula_controller/environment/path.dsv
[0.986s] -- Up-to-date: /home/robot_ws/install/ambula_controller/share/ambula_controller/local_setup.bash
[0.986s] -- Installing: /home/robot_ws/install/ambula_controller/share/ambula_controller/local_setup.sh
[0.986s] -- Up-to-date: /home/robot_ws/install/ambula_controller/share/ambula_controller/local_setup.zsh
[0.986s] -- Installing: /home/robot_ws/install/ambula_controller/share/ambula_controller/local_setup.dsv
[0.986s] -- Installing: /home/robot_ws/install/ambula_controller/share/ambula_controller/package.dsv
[0.987s] -- Up-to-date: /home/robot_ws/install/ambula_controller/share/ament_index/resource_index/packages/ambula_controller
[0.987s] -- Up-to-date: /home/robot_ws/install/ambula_controller/share/ambula_controller/cmake/ambula_controllerConfig.cmake
[0.987s] -- Up-to-date: /home/robot_ws/install/ambula_controller/share/ambula_controller/cmake/ambula_controllerConfig-version.cmake
[0.987s] -- Up-to-date: /home/robot_ws/install/ambula_controller/share/ambula_controller/package.xml
[0.987s] Invoked command in '/home/robot_ws/build/ambula_controller' returned '0': CMAKE_PREFIX_PATH=${CMAKE_PREFIX_PATH}:/opt/ros/jazzy /usr/bin/cmake --install /home/robot_ws/build/ambula_controller
