[0.024s] Invoking command in '/home/robot_ws/build/ambula_description': CMAKE_PREFIX_PATH=${CMAKE_PREFIX_PATH}:/opt/ros/jazzy /usr/bin/cmake --build /home/robot_ws/build/ambula_description -- -j16 -l16
[0.272s] Invoked command in '/home/robot_ws/build/ambula_description' returned '0': CMAKE_PREFIX_PATH=${CMAKE_PREFIX_PATH}:/opt/ros/jazzy /usr/bin/cmake --build /home/robot_ws/build/ambula_description -- -j16 -l16
[0.316s] Invoking command in '/home/robot_ws/build/ambula_description': CMAKE_PREFIX_PATH=${CMAKE_PREFIX_PATH}:/opt/ros/jazzy /usr/bin/cmake --install /home/robot_ws/build/ambula_description
[0.355s] -- Install configuration: ""
[0.357s] -- Up-to-date: /home/robot_ws/install/ambula_description/share/ambula_description//config
[0.359s] -- Up-to-date: /home/robot_ws/install/ambula_description/share/ambula_description//config/ambula_control.yaml
[0.362s] -- Up-to-date: /home/robot_ws/install/ambula_description/share/ambula_description//config/gazebo_bridge.yaml
[0.363s] -- Up-to-date: /home/robot_ws/install/ambula_description/share/ambula_description//meshes
[0.365s] -- Up-to-date: /home/robot_ws/install/ambula_description/share/ambula_description//urdf
[0.369s] -- Up-to-date: /home/robot_ws/install/ambula_description/share/ambula_description//urdf/ambula_oa
[0.370s] -- Up-to-date: /home/robot_ws/install/ambula_description/share/ambula_description//urdf/ambula_oa/properties.urdf.xacro
[0.370s] -- Up-to-date: /home/robot_ws/install/ambula_description/share/ambula_description//urdf/ambula_oa/ambula.urdf.xacro
[0.371s] -- Up-to-date: /home/robot_ws/install/ambula_description/share/ambula_description//urdf/ambula_oa/robot
[0.371s] -- Up-to-date: /home/robot_ws/install/ambula_description/share/ambula_description//urdf/ambula_oa/robot/base.urdf.xacro
[0.372s] -- Up-to-date: /home/robot_ws/install/ambula_description/share/ambula_description//urdf/ambula_oa/plugin
[0.375s] -- Up-to-date: /home/robot_ws/install/ambula_description/share/ambula_description//urdf/ambula_oa/plugin/gazebo_control.urdf.xacro
[0.376s] -- Up-to-date: /home/robot_ws/install/ambula_description/share/ambula_description//urdf/ambula_oa/plugin/ros2_control.urdf.xacro
[0.380s] -- Up-to-date: /home/robot_ws/install/ambula_description/share/ambula_description//urdf/ambula_oa/plugin/gazebo_position.urdf.xacro
[0.381s] -- Up-to-date: /home/robot_ws/install/ambula_description/share/ambula_description//urdf/ambula_oa/sensor
[0.388s] -- Up-to-date: /home/robot_ws/install/ambula_description/share/ambula_description//urdf/ambula_oa/sensor/imu.urdf.xacro
[0.389s] -- Up-to-date: /home/robot_ws/install/ambula_description/share/ambula_description//urdf/ambula_oa/sensor/depth_camera.urdf.xacro
[0.389s] -- Up-to-date: /home/robot_ws/install/ambula_description/share/ambula_description//urdf/ambula_bot
[0.390s] -- Up-to-date: /home/robot_ws/install/ambula_description/share/ambula_description//urdf/ambula_bot/properties.urdf.xacro
[0.390s] -- Up-to-date: /home/robot_ws/install/ambula_description/share/ambula_description//urdf/ambula_bot/ambula.urdf.xacro
[0.391s] -- Up-to-date: /home/robot_ws/install/ambula_description/share/ambula_description//urdf/ambula_bot/robot
[0.391s] -- Up-to-date: /home/robot_ws/install/ambula_description/share/ambula_description//urdf/ambula_bot/plugin
[0.391s] -- Up-to-date: /home/robot_ws/install/ambula_description/share/ambula_description//urdf/ambula_bot/sensor
[0.393s] -- Up-to-date: /home/robot_ws/install/ambula_description/share/ament_index/resource_index/package_run_dependencies/ambula_description
[0.393s] -- Up-to-date: /home/robot_ws/install/ambula_description/share/ament_index/resource_index/parent_prefix_path/ambula_description
[0.393s] -- Up-to-date: /home/robot_ws/install/ambula_description/share/ambula_description/environment/ament_prefix_path.sh
[0.394s] -- Up-to-date: /home/robot_ws/install/ambula_description/share/ambula_description/environment/ament_prefix_path.dsv
[0.396s] -- Up-to-date: /home/robot_ws/install/ambula_description/share/ambula_description/environment/path.sh
[0.396s] -- Up-to-date: /home/robot_ws/install/ambula_description/share/ambula_description/environment/path.dsv
[0.397s] -- Up-to-date: /home/robot_ws/install/ambula_description/share/ambula_description/local_setup.bash
[0.398s] -- Up-to-date: /home/robot_ws/install/ambula_description/share/ambula_description/local_setup.sh
[0.398s] -- Up-to-date: /home/robot_ws/install/ambula_description/share/ambula_description/local_setup.zsh
[0.399s] -- Up-to-date: /home/robot_ws/install/ambula_description/share/ambula_description/local_setup.dsv
[0.399s] -- Installing: /home/robot_ws/install/ambula_description/share/ambula_description/package.dsv
[0.400s] -- Up-to-date: /home/robot_ws/install/ambula_description/share/ament_index/resource_index/packages/ambula_description
[0.400s] -- Up-to-date: /home/robot_ws/install/ambula_description/share/ambula_description/cmake/ambula_descriptionConfig.cmake
[0.401s] -- Up-to-date: /home/robot_ws/install/ambula_description/share/ambula_description/cmake/ambula_descriptionConfig-version.cmake
[0.402s] -- Up-to-date: /home/robot_ws/install/ambula_description/share/ambula_description/package.xml
[0.469s] Invoked command in '/home/robot_ws/build/ambula_description' returned '0': CMAKE_PREFIX_PATH=${CMAKE_PREFIX_PATH}:/opt/ros/jazzy /usr/bin/cmake --install /home/robot_ws/build/ambula_description
