[0.015s] Invoking command in '/home/robot_ws/build/ambula_description': CMAKE_PREFIX_PATH=${CMAKE_PREFIX_PATH}:/opt/ros/jazzy /usr/bin/cmake --build /home/robot_ws/build/ambula_description -- -j16 -l16
[0.066s] Invoked command in '/home/robot_ws/build/ambula_description' returned '0': CMAKE_PREFIX_PATH=${CMAKE_PREFIX_PATH}:/opt/ros/jazzy /usr/bin/cmake --build /home/robot_ws/build/ambula_description -- -j16 -l16
[0.067s] Invoking command in '/home/robot_ws/build/ambula_description': CMAKE_PREFIX_PATH=${CMAKE_PREFIX_PATH}:/opt/ros/jazzy /usr/bin/cmake --install /home/robot_ws/build/ambula_description
[0.075s] -- Install configuration: ""
[0.076s] -- Up-to-date: /home/robot_ws/install/ambula_description/share/ambula_description//config
[0.076s] -- Up-to-date: /home/robot_ws/install/ambula_description/share/ambula_description//config/ambula_control.yaml
[0.076s] -- Up-to-date: /home/robot_ws/install/ambula_description/share/ambula_description//config/gazebo_bridge.yaml
[0.076s] -- Up-to-date: /home/robot_ws/install/ambula_description/share/ambula_description//meshes
[0.076s] -- Up-to-date: /home/robot_ws/install/ambula_description/share/ambula_description//urdf
[0.076s] -- Up-to-date: /home/robot_ws/install/ambula_description/share/ambula_description//urdf/ambula_oa
[0.076s] -- Up-to-date: /home/robot_ws/install/ambula_description/share/ambula_description//urdf/ambula_oa/properties.urdf.xacro
[0.076s] -- Up-to-date: /home/robot_ws/install/ambula_description/share/ambula_description//urdf/ambula_oa/ambula.urdf.xacro
[0.076s] -- Up-to-date: /home/robot_ws/install/ambula_description/share/ambula_description//urdf/ambula_oa/robot
[0.076s] -- Up-to-date: /home/robot_ws/install/ambula_description/share/ambula_description//urdf/ambula_oa/robot/base.urdf.xacro
[0.076s] -- Up-to-date: /home/robot_ws/install/ambula_description/share/ambula_description//urdf/ambula_oa/plugin
[0.076s] -- Up-to-date: /home/robot_ws/install/ambula_description/share/ambula_description//urdf/ambula_oa/plugin/gazebo_control.urdf.xacro
[0.076s] -- Up-to-date: /home/robot_ws/install/ambula_description/share/ambula_description//urdf/ambula_oa/plugin/ros2_control.urdf.xacro
[0.076s] -- Up-to-date: /home/robot_ws/install/ambula_description/share/ambula_description//urdf/ambula_oa/sensor
[0.076s] -- Up-to-date: /home/robot_ws/install/ambula_description/share/ambula_description//urdf/ambula_oa/sensor/depth_camera.urdf.xacro
[0.076s] -- Up-to-date: /home/robot_ws/install/ambula_description/share/ambula_description//urdf/ambula_bot
[0.076s] -- Up-to-date: /home/robot_ws/install/ambula_description/share/ambula_description//urdf/ambula_bot/properties.urdf.xacro
[0.076s] -- Up-to-date: /home/robot_ws/install/ambula_description/share/ambula_description//urdf/ambula_bot/ambula.urdf.xacro
[0.076s] -- Up-to-date: /home/robot_ws/install/ambula_description/share/ambula_description//urdf/ambula_bot/robot
[0.076s] -- Up-to-date: /home/robot_ws/install/ambula_description/share/ambula_description//urdf/ambula_bot/plugin
[0.076s] -- Up-to-date: /home/robot_ws/install/ambula_description/share/ambula_description//urdf/ambula_bot/sensor
[0.076s] -- Up-to-date: /home/robot_ws/install/ambula_description/share/ament_index/resource_index/package_run_dependencies/ambula_description
[0.076s] -- Up-to-date: /home/robot_ws/install/ambula_description/share/ament_index/resource_index/parent_prefix_path/ambula_description
[0.076s] -- Up-to-date: /home/robot_ws/install/ambula_description/share/ambula_description/environment/ament_prefix_path.sh
[0.076s] -- Up-to-date: /home/robot_ws/install/ambula_description/share/ambula_description/environment/ament_prefix_path.dsv
[0.077s] -- Up-to-date: /home/robot_ws/install/ambula_description/share/ambula_description/environment/path.sh
[0.077s] -- Up-to-date: /home/robot_ws/install/ambula_description/share/ambula_description/environment/path.dsv
[0.077s] -- Up-to-date: /home/robot_ws/install/ambula_description/share/ambula_description/local_setup.bash
[0.077s] -- Up-to-date: /home/robot_ws/install/ambula_description/share/ambula_description/local_setup.sh
[0.078s] -- Up-to-date: /home/robot_ws/install/ambula_description/share/ambula_description/local_setup.zsh
[0.078s] -- Up-to-date: /home/robot_ws/install/ambula_description/share/ambula_description/local_setup.dsv
[0.078s] -- Installing: /home/robot_ws/install/ambula_description/share/ambula_description/package.dsv
[0.078s] -- Up-to-date: /home/robot_ws/install/ambula_description/share/ament_index/resource_index/packages/ambula_description
[0.078s] -- Up-to-date: /home/robot_ws/install/ambula_description/share/ambula_description/cmake/ambula_descriptionConfig.cmake
[0.078s] -- Up-to-date: /home/robot_ws/install/ambula_description/share/ambula_description/cmake/ambula_descriptionConfig-version.cmake
[0.078s] -- Up-to-date: /home/robot_ws/install/ambula_description/share/ambula_description/package.xml
[0.112s] Invoked command in '/home/robot_ws/build/ambula_description' returned '0': CMAKE_PREFIX_PATH=${CMAKE_PREFIX_PATH}:/opt/ros/jazzy /usr/bin/cmake --install /home/robot_ws/build/ambula_description
