[0.030s] Invoking command in '/home/robot_ws/build/ambula_world': CMAKE_PREFIX_PATH=${CMAKE_PREFIX_PATH}:/opt/ros/jazzy /usr/bin/cmake /home/robot_ws/src/ambula_simulation/ambula_world -DCMAKE_INSTALL_PREFIX=/home/robot_ws/install/ambula_world
[0.254s] -- The C compiler identification is GNU 13.3.0
[0.623s] -- The CXX compiler identification is GNU 13.3.0
[0.715s] -- Detecting C compiler ABI info
[1.264s] -- Detecting C compiler ABI info - done
[1.323s] -- Check for working C compiler: /usr/bin/cc - skipped
[1.324s] -- Detecting C compile features
[1.326s] -- Detecting C compile features - done
[1.378s] -- Detecting CXX compiler ABI info
[1.902s] -- Detecting CXX compiler ABI info - done
[1.950s] -- Check for working CXX compiler: /usr/bin/c++ - skipped
[1.953s] -- Detecting CXX compile features
[1.958s] -- Detecting CXX compile features - done
[1.974s] -- Found ament_cmake: 2.5.4 (/opt/ros/jazzy/share/ament_cmake/cmake)
[2.448s] -- Found Python3: /usr/bin/python3 (found version "3.12.3") found components: Interpreter 
[2.575s] -- Found rclcpp: 28.1.11 (/opt/ros/jazzy/share/rclcpp/cmake)
[2.654s] -- Found rosidl_generator_c: 4.6.6 (/opt/ros/jazzy/share/rosidl_generator_c/cmake)
[2.685s] -- Found rosidl_generator_cpp: 4.6.6 (/opt/ros/jazzy/share/rosidl_generator_cpp/cmake)
[2.719s] -- Using all available rosidl_typesupport_c: rosidl_typesupport_fastrtps_c;rosidl_typesupport_introspection_c
[2.755s] -- Using all available rosidl_typesupport_cpp: rosidl_typesupport_fastrtps_cpp;rosidl_typesupport_introspection_cpp
[2.901s] -- Found rmw_implementation_cmake: 7.3.2 (/opt/ros/jazzy/share/rmw_implementation_cmake/cmake)
[2.908s] -- Found rmw_cyclonedds_cpp: 2.2.3 (/opt/ros/jazzy/share/rmw_cyclonedds_cpp/cmake)
[2.941s] -- Using RMW implementation 'rmw_cyclonedds_cpp' as default
[3.010s] -- Found rclcpp_action: 28.1.11 (/opt/ros/jazzy/share/rclcpp_action/cmake)
[3.056s] -- Found ament_lint_auto: 0.17.3 (/opt/ros/jazzy/share/ament_lint_auto/cmake)
[3.159s] -- Added test 'lint_cmake' to check CMake code style
[3.161s] -- Added test 'xmllint' to check XML markup files
[3.162s] -- Configuring done (3.1s)
[3.165s] -- Generating done (0.0s)
[3.167s] -- Build files have been written to: /home/robot_ws/build/ambula_world
[3.173s] Invoked command in '/home/robot_ws/build/ambula_world' returned '0': CMAKE_PREFIX_PATH=${CMAKE_PREFIX_PATH}:/opt/ros/jazzy /usr/bin/cmake /home/robot_ws/src/ambula_simulation/ambula_world -DCMAKE_INSTALL_PREFIX=/home/robot_ws/install/ambula_world
[3.174s] Invoking command in '/home/robot_ws/build/ambula_world': CMAKE_PREFIX_PATH=${CMAKE_PREFIX_PATH}:/opt/ros/jazzy /usr/bin/cmake --build /home/robot_ws/build/ambula_world -- -j16 -l16
[3.214s] Invoked command in '/home/robot_ws/build/ambula_world' returned '0': CMAKE_PREFIX_PATH=${CMAKE_PREFIX_PATH}:/opt/ros/jazzy /usr/bin/cmake --build /home/robot_ws/build/ambula_world -- -j16 -l16
[3.215s] Invoking command in '/home/robot_ws/build/ambula_world': CMAKE_PREFIX_PATH=${CMAKE_PREFIX_PATH}:/opt/ros/jazzy /usr/bin/cmake --install /home/robot_ws/build/ambula_world
[3.222s] -- Install configuration: ""
[3.222s] -- Installing: /home/robot_ws/install/ambula_world/share/ambula_world//models
[3.223s] -- Installing: /home/robot_ws/install/ambula_world/share/ambula_world//models/map1.stl
[3.223s] -- Installing: /home/robot_ws/install/ambula_world/share/ambula_world//models/stair
[3.223s] -- Installing: /home/robot_ws/install/ambula_world/share/ambula_world//models/stair/stair.dae
[3.223s] -- Installing: /home/robot_ws/install/ambula_world/share/ambula_world//models/stair/model.sdf
[3.223s] -- Installing: /home/robot_ws/install/ambula_world/share/ambula_world//models/stair/model.config
[3.224s] -- Installing: /home/robot_ws/install/ambula_world/share/ambula_world//worlds
[3.224s] -- Installing: /home/robot_ws/install/ambula_world/share/ambula_world//worlds/oa_test.sdf
[3.224s] -- Installing: /home/robot_ws/install/ambula_world/share/ambula_world//hooks
[3.224s] -- Installing: /home/robot_ws/install/ambula_world/share/ambula_world//hooks/ambula_world.dsv.in
[3.224s] -- Installing: /home/robot_ws/install/ambula_world/share/ambula_world/environment/ambula_world.dsv
[3.224s] -- Installing: /home/robot_ws/install/ambula_world/share/ament_index/resource_index/package_run_dependencies/ambula_world
[3.225s] -- Installing: /home/robot_ws/install/ambula_world/share/ament_index/resource_index/parent_prefix_path/ambula_world
[3.225s] -- Installing: /home/robot_ws/install/ambula_world/share/ambula_world/environment/ament_prefix_path.sh
[3.225s] -- Installing: /home/robot_ws/install/ambula_world/share/ambula_world/environment/ament_prefix_path.dsv
[3.225s] -- Installing: /home/robot_ws/install/ambula_world/share/ambula_world/environment/path.sh
[3.225s] -- Installing: /home/robot_ws/install/ambula_world/share/ambula_world/environment/path.dsv
[3.226s] -- Installing: /home/robot_ws/install/ambula_world/share/ambula_world/local_setup.bash
[3.226s] -- Installing: /home/robot_ws/install/ambula_world/share/ambula_world/local_setup.sh
[3.226s] -- Installing: /home/robot_ws/install/ambula_world/share/ambula_world/local_setup.zsh
[3.226s] -- Installing: /home/robot_ws/install/ambula_world/share/ambula_world/local_setup.dsv
[3.226s] -- Installing: /home/robot_ws/install/ambula_world/share/ambula_world/package.dsv
[3.226s] -- Installing: /home/robot_ws/install/ambula_world/share/ament_index/resource_index/packages/ambula_world
[3.226s] -- Installing: /home/robot_ws/install/ambula_world/share/ambula_world/cmake/ambula_worldConfig.cmake
[3.227s] -- Installing: /home/robot_ws/install/ambula_world/share/ambula_world/cmake/ambula_worldConfig-version.cmake
[3.227s] -- Installing: /home/robot_ws/install/ambula_world/share/ambula_world/package.xml
[3.239s] Invoked command in '/home/robot_ws/build/ambula_world' returned '0': CMAKE_PREFIX_PATH=${CMAKE_PREFIX_PATH}:/opt/ros/jazzy /usr/bin/cmake --install /home/robot_ws/build/ambula_world
