[0.020s] Invoking command in '/home/robot_ws/build/ambula_hw': CMAKE_PREFIX_PATH=${CMAKE_PREFIX_PATH}:/opt/ros/jazzy /usr/bin/cmake /home/robot_ws/src/ambula_hw -DCMAKE_INSTALL_PREFIX=/home/robot_ws/install/ambula_hw
[0.214s] -- The C compiler identification is GNU 13.3.0
[0.488s] -- The CXX compiler identification is GNU 13.3.0
[0.598s] -- Detecting C compiler ABI info
[1.113s] -- Detecting C compiler ABI info - done
[1.171s] -- Check for working C compiler: /usr/bin/cc - skipped
[1.173s] -- Detecting C compile features
[1.177s] -- Detecting C compile features - done
[1.229s] -- Detecting CXX compiler ABI info
[1.819s] -- Detecting CXX compiler ABI info - done
[1.879s] -- Check for working CXX compiler: /usr/bin/c++ - skipped
[1.881s] -- Detecting CXX compile features
[1.886s] -- Detecting CXX compile features - done
[1.919s] -- Found ament_cmake: 2.5.4 (/opt/ros/jazzy/share/ament_cmake/cmake)
[2.444s] -- Found Python3: /usr/bin/python3 (found version "3.12.3") found components: Interpreter 
[2.581s] -- Found ament_lint_auto: 0.17.3 (/opt/ros/jazzy/share/ament_lint_auto/cmake)
[3.813s] -- Added test 'cppcheck' to perform static code analysis on C / C++ code
[3.813s] -- Configured cppcheck include dirs: 
[3.813s] -- Configured cppcheck exclude dirs and/or files: 
[3.933s] -- Added test 'flake8' to check Python code syntax and style conventions
[3.933s] -- Configured 'flake8' exclude dirs and/or files: 
[4.164s] -- Added test 'lint_cmake' to check CMake code style
[4.283s] -- Added test 'pep257' to check Python code against some of the docstring style conventions in PEP 257
[5.206s] -- Added test 'uncrustify' to check C / C++ code style
[5.206s] -- Configured uncrustify additional arguments: 
[5.327s] -- Added test 'xmllint' to check XML markup files
[5.328s] -- Configuring done (5.3s)
[5.330s] -- Generating done (0.0s)
[5.331s] -- Build files have been written to: /home/robot_ws/build/ambula_hw
[5.335s] Invoked command in '/home/robot_ws/build/ambula_hw' returned '0': CMAKE_PREFIX_PATH=${CMAKE_PREFIX_PATH}:/opt/ros/jazzy /usr/bin/cmake /home/robot_ws/src/ambula_hw -DCMAKE_INSTALL_PREFIX=/home/robot_ws/install/ambula_hw
[5.336s] Invoking command in '/home/robot_ws/build/ambula_hw': CMAKE_PREFIX_PATH=${CMAKE_PREFIX_PATH}:/opt/ros/jazzy /usr/bin/cmake --build /home/robot_ws/build/ambula_hw -- -j16 -l16
[5.374s] Invoked command in '/home/robot_ws/build/ambula_hw' returned '0': CMAKE_PREFIX_PATH=${CMAKE_PREFIX_PATH}:/opt/ros/jazzy /usr/bin/cmake --build /home/robot_ws/build/ambula_hw -- -j16 -l16
[5.374s] Invoking command in '/home/robot_ws/build/ambula_hw': CMAKE_PREFIX_PATH=${CMAKE_PREFIX_PATH}:/opt/ros/jazzy /usr/bin/cmake --install /home/robot_ws/build/ambula_hw
[5.382s] -- Install configuration: ""
[5.382s] -- Installing: /home/robot_ws/install/ambula_hw/share/ament_index/resource_index/package_run_dependencies/ambula_hw
[5.382s] -- Installing: /home/robot_ws/install/ambula_hw/share/ament_index/resource_index/parent_prefix_path/ambula_hw
[5.382s] -- Installing: /home/robot_ws/install/ambula_hw/share/ambula_hw/environment/ament_prefix_path.sh
[5.382s] -- Installing: /home/robot_ws/install/ambula_hw/share/ambula_hw/environment/ament_prefix_path.dsv
[5.382s] -- Installing: /home/robot_ws/install/ambula_hw/share/ambula_hw/environment/path.sh
[5.382s] -- Installing: /home/robot_ws/install/ambula_hw/share/ambula_hw/environment/path.dsv
[5.382s] -- Installing: /home/robot_ws/install/ambula_hw/share/ambula_hw/local_setup.bash
[5.382s] -- Installing: /home/robot_ws/install/ambula_hw/share/ambula_hw/local_setup.sh
[5.382s] -- Installing: /home/robot_ws/install/ambula_hw/share/ambula_hw/local_setup.zsh
[5.382s] -- Installing: /home/robot_ws/install/ambula_hw/share/ambula_hw/local_setup.dsv
[5.382s] -- Installing: /home/robot_ws/install/ambula_hw/share/ambula_hw/package.dsv
[5.382s] -- Installing: /home/robot_ws/install/ambula_hw/share/ament_index/resource_index/packages/ambula_hw
[5.382s] -- Installing: /home/robot_ws/install/ambula_hw/share/ambula_hw/cmake/ambula_hwConfig.cmake
[5.382s] -- Installing: /home/robot_ws/install/ambula_hw/share/ambula_hw/cmake/ambula_hwConfig-version.cmake
[5.382s] -- Installing: /home/robot_ws/install/ambula_hw/share/ambula_hw/package.xml
[5.384s] Invoked command in '/home/robot_ws/build/ambula_hw' returned '0': CMAKE_PREFIX_PATH=${CMAKE_PREFIX_PATH}:/opt/ros/jazzy /usr/bin/cmake --install /home/robot_ws/build/ambula_hw
