[0.023s] Invoking command in '/home/robot_ws/build/ambula_controller': CMAKE_PREFIX_PATH=${CMAKE_PREFIX_PATH}:/opt/ros/jazzy /usr/bin/cmake /home/robot_ws/src/ambula_controller -DCMAKE_INSTALL_PREFIX=/home/robot_ws/install/ambula_controller
[0.247s] -- The C compiler identification is GNU 13.3.0
[0.585s] -- The CXX compiler identification is GNU 13.3.0
[0.694s] -- Detecting C compiler ABI info
[1.222s] -- Detecting C compiler ABI info - done
[1.286s] -- Check for working C compiler: /usr/bin/cc - skipped
[1.287s] -- Detecting C compile features
[1.288s] -- Detecting C compile features - done
[1.340s] -- Detecting CXX compiler ABI info
[1.883s] -- Detecting CXX compiler ABI info - done
[1.954s] -- Check for working CXX compiler: /usr/bin/c++ - skipped
[1.957s] -- Detecting CXX compile features
[1.961s] -- Detecting CXX compile features - done
[1.989s] -- Found ament_cmake: 2.5.4 (/opt/ros/jazzy/share/ament_cmake/cmake)
[2.482s] -- Found Python3: /usr/bin/python3 (found version "3.12.3") found components: Interpreter 
[2.615s] -- Found ament_lint_auto: 0.17.3 (/opt/ros/jazzy/share/ament_lint_auto/cmake)
[2.748s] -- Added test 'flake8' to check Python code syntax and style conventions
[2.748s] -- Configured 'flake8' exclude dirs and/or files: 
[2.749s] -- Added test 'lint_cmake' to check CMake code style
[2.750s] -- Added test 'pep257' to check Python code against some of the docstring style conventions in PEP 257
[2.752s] -- Added test 'xmllint' to check XML markup files
[2.754s] -- Configuring done (2.7s)
[2.758s] -- Generating done (0.0s)
[2.761s] -- Build files have been written to: /home/robot_ws/build/ambula_controller
[2.766s] Invoked command in '/home/robot_ws/build/ambula_controller' returned '0': CMAKE_PREFIX_PATH=${CMAKE_PREFIX_PATH}:/opt/ros/jazzy /usr/bin/cmake /home/robot_ws/src/ambula_controller -DCMAKE_INSTALL_PREFIX=/home/robot_ws/install/ambula_controller
[2.767s] Invoking command in '/home/robot_ws/build/ambula_controller': CMAKE_PREFIX_PATH=${CMAKE_PREFIX_PATH}:/opt/ros/jazzy /usr/bin/cmake --build /home/robot_ws/build/ambula_controller -- -j16 -l16
[2.807s] Invoked command in '/home/robot_ws/build/ambula_controller' returned '0': CMAKE_PREFIX_PATH=${CMAKE_PREFIX_PATH}:/opt/ros/jazzy /usr/bin/cmake --build /home/robot_ws/build/ambula_controller -- -j16 -l16
[2.808s] Invoking command in '/home/robot_ws/build/ambula_controller': CMAKE_PREFIX_PATH=${CMAKE_PREFIX_PATH}:/opt/ros/jazzy /usr/bin/cmake --install /home/robot_ws/build/ambula_controller
[2.818s] -- Install configuration: ""
[2.818s] -- Installing: /home/robot_ws/install/ambula_controller/share/ament_index/resource_index/package_run_dependencies/ambula_controller
[2.818s] -- Installing: /home/robot_ws/install/ambula_controller/share/ament_index/resource_index/parent_prefix_path/ambula_controller
[2.819s] -- Installing: /home/robot_ws/install/ambula_controller/share/ambula_controller/environment/ament_prefix_path.sh
[2.819s] -- Installing: /home/robot_ws/install/ambula_controller/share/ambula_controller/environment/ament_prefix_path.dsv
[2.819s] -- Installing: /home/robot_ws/install/ambula_controller/share/ambula_controller/environment/path.sh
[2.819s] -- Installing: /home/robot_ws/install/ambula_controller/share/ambula_controller/environment/path.dsv
[2.819s] -- Installing: /home/robot_ws/install/ambula_controller/share/ambula_controller/local_setup.bash
[2.819s] -- Installing: /home/robot_ws/install/ambula_controller/share/ambula_controller/local_setup.sh
[2.820s] -- Installing: /home/robot_ws/install/ambula_controller/share/ambula_controller/local_setup.zsh
[2.820s] -- Installing: /home/robot_ws/install/ambula_controller/share/ambula_controller/local_setup.dsv
[2.820s] -- Installing: /home/robot_ws/install/ambula_controller/share/ambula_controller/package.dsv
[2.820s] -- Installing: /home/robot_ws/install/ambula_controller/share/ament_index/resource_index/packages/ambula_controller
[2.820s] -- Installing: /home/robot_ws/install/ambula_controller/share/ambula_controller/cmake/ambula_controllerConfig.cmake
[2.820s] -- Installing: /home/robot_ws/install/ambula_controller/share/ambula_controller/cmake/ambula_controllerConfig-version.cmake
[2.820s] -- Installing: /home/robot_ws/install/ambula_controller/share/ambula_controller/package.xml
[2.822s] Invoked command in '/home/robot_ws/build/ambula_controller' returned '0': CMAKE_PREFIX_PATH=${CMAKE_PREFIX_PATH}:/opt/ros/jazzy /usr/bin/cmake --install /home/robot_ws/build/ambula_controller
