[0.029s] Invoking command in '/home/robot_ws/build/ambula_bringup': CMAKE_PREFIX_PATH=${CMAKE_PREFIX_PATH}:/opt/ros/jazzy /usr/bin/cmake --build /home/robot_ws/build/ambula_bringup -- -j16 -l16
[0.343s] Invoked command in '/home/robot_ws/build/ambula_bringup' returned '0': CMAKE_PREFIX_PATH=${CMAKE_PREFIX_PATH}:/opt/ros/jazzy /usr/bin/cmake --build /home/robot_ws/build/ambula_bringup -- -j16 -l16
[0.344s] Invoking command in '/home/robot_ws/build/ambula_bringup': CMAKE_PREFIX_PATH=${CMAKE_PREFIX_PATH}:/opt/ros/jazzy /usr/bin/cmake --install /home/robot_ws/build/ambula_bringup
[0.449s] -- Install configuration: ""
[0.449s] -- Up-to-date: /home/robot_ws/install/ambula_bringup/share/ambula_bringup//launch
[0.449s] -- Up-to-date: /home/robot_ws/install/ambula_bringup/share/ambula_bringup//launch/simulation_bringup.launch.py
[0.449s] -- Up-to-date: /home/robot_ws/install/ambula_bringup/share/ambula_bringup//launch/description.launch.py
[0.449s] -- Up-to-date: /home/robot_ws/install/ambula_bringup/share/ambula_bringup//launch/summon_ambula.launch.py
[0.449s] -- Up-to-date: /home/robot_ws/install/ambula_bringup/share/ament_index/resource_index/package_run_dependencies/ambula_bringup
[0.449s] -- Up-to-date: /home/robot_ws/install/ambula_bringup/share/ament_index/resource_index/parent_prefix_path/ambula_bringup
[0.450s] -- Up-to-date: /home/robot_ws/install/ambula_bringup/share/ambula_bringup/environment/ament_prefix_path.sh
[0.450s] -- Up-to-date: /home/robot_ws/install/ambula_bringup/share/ambula_bringup/environment/ament_prefix_path.dsv
[0.450s] -- Up-to-date: /home/robot_ws/install/ambula_bringup/share/ambula_bringup/environment/path.sh
[0.451s] -- Up-to-date: /home/robot_ws/install/ambula_bringup/share/ambula_bringup/environment/path.dsv
[0.451s] -- Up-to-date: /home/robot_ws/install/ambula_bringup/share/ambula_bringup/local_setup.bash
[0.453s] -- Up-to-date: /home/robot_ws/install/ambula_bringup/share/ambula_bringup/local_setup.sh
[0.455s] -- Up-to-date: /home/robot_ws/install/ambula_bringup/share/ambula_bringup/local_setup.zsh
[0.461s] -- Up-to-date: /home/robot_ws/install/ambula_bringup/share/ambula_bringup/local_setup.dsv
[0.462s] -- Installing: /home/robot_ws/install/ambula_bringup/share/ambula_bringup/package.dsv
[0.463s] -- Up-to-date: /home/robot_ws/install/ambula_bringup/share/ament_index/resource_index/packages/ambula_bringup
[0.467s] -- Up-to-date: /home/robot_ws/install/ambula_bringup/share/ambula_bringup/cmake/ambula_bringupConfig.cmake
[0.468s] -- Up-to-date: /home/robot_ws/install/ambula_bringup/share/ambula_bringup/cmake/ambula_bringupConfig-version.cmake
[0.469s] -- Up-to-date: /home/robot_ws/install/ambula_bringup/share/ambula_bringup/package.xml
[0.504s] Invoked command in '/home/robot_ws/build/ambula_bringup' returned '0': CMAKE_PREFIX_PATH=${CMAKE_PREFIX_PATH}:/opt/ros/jazzy /usr/bin/cmake --install /home/robot_ws/build/ambula_bringup
